Starting Q|R
version:   v1.0-208-g2886d5-dirty  
Running refinement
   input {
     xray_data {
       file_name = None
       labels = None
       high_resolution = None
       low_resolution = None
       outliers_rejection = True
       french_wilson_scale = True
       french_wilson {
         max_bins = 60
         min_bin_size = 40
       }
       sigma_fobs_rejection_criterion = None
       sigma_iobs_rejection_criterion = None
       ignore_all_zeros = True
       force_anomalous_flag_to_be_equal_to = None
       convert_to_non_anomalous_if_ratio_pairs_lone_less_than_threshold = 0.5
       r_free_flags {
         file_name = None
         label = None
         test_flag_value = None
         ignore_r_free_flags = False
         disable_suitability_test = False
         ignore_pdb_hexdigest = False
         generate = False
         fraction = 0.1
         max_free = 2000
         lattice_symmetry_max_delta = 5
         use_lattice_symmetry = True
         use_dataman_shells = False
         n_shells = 20
       }
     }
     pdb {
       file_name = None
     }
     monomers {
       file_name = None
     }
     maps {
       map_file_name = None
       d_min = None
       map_coefficients_file_name = None
       map_coefficients_label = None
     }
     sequence = None
     scattering_table = wk1995 it1992 *n_gaussian neutron electron
     wavelength = None
     energy = None
     twin_law = Auto
   }
   max_atoms = 15000
   debug = False
   cluster {
     fast_interaction = True
     charge_cutoff = 8.0
     clustering = false
     charge_embedding = False
     two_buffers = False
     maxnum_residues_in_cluster = 15
     select_within_radius = 10
     clustering_method = gnc *bcc
     altloc_method = average *subtract
     g_scan = 10 15 20
     g_mode = None
     save_clusters = True
     bond_with_altloc = True
     re_calculate_rmsd_tolerance = 0.5
   }
   restraints = cctbx *qm
   expansion = False
   quantum {
     engine_name = mopac ani *torchani terachem turbomole pyscf orca gaussian \
                   xtb
     basis = Auto
     charge = None
     method = Auto
     memory = None
     nproc = None
     qm_addon = gcp dftd3 gcp-d3
     qm_addon_method = None
   }
   refine {
     dry_run = False
     sf_algorithm = *direct fft
     refinement_target_name = *ml ls_wunit_k1
     mode = *opt refine gtest
     number_of_macro_cycles = 1
     number_of_weight_search_cycles = 50
     number_of_refine_cycles = 5
     number_of_micro_cycles = 100
     data_weight = None
     choose_best_use_r_work = False
     skip_weight_search = False
     adjust_restraints_weight_scale_value = 2
     max_iterations_weight = 50
     max_iterations_refine = 50
     use_ase_lbfgs = False
     line_search = True
     stpmax = 0.2
     gradient_only = true
     update_all_scales = True
     refine_sites = True
     refine_adp = False
     restraints_weight_scale = 1.0
     shake_sites = False
     use_convergence_test = True
     max_bond_rmsd = 0.03
     max_r_work_r_free_gap = 5.0
     r_tolerance = 0.001
     rmsd_tolerance = 0.01
     opt_log = False
     pre_opt = False
     pre_opt_stpmax = 0.1
     pre_opt_iter = 10
     pre_opt_switch = 2
     pre_opt_gconv = 3000
     minimizer = *lbfgs lbfgsb
   }
   parallel {
     method = *multiprocessing slurm pbs sge lsf threading
     nproc = None
     qsub_command = None
   }
   output_file_name_prefix = None
   output_folder_name = "pdb"
   rst_file = None
   dump_gradients = None

Setting QM defaults
  Setting QM method to HF
  Setting QM basis to 6-31g


***********************************************************
restart info will be stored in /home/yanting/work/aniserver_1_qr/ani_qr_test/cctbx_lbfgs/qr-ani-test/qr-ani/lbfgs/0.3/pdb/0.rst.pickle
***********************************************************

start: bond:  0.016 angle:   1.35 clash:   0.0 rota:  0.00 rama: f: 100.00 o:   0.00 Z:  -2.29 cb:   0.00
cycle:   0 max_shift: 0.443448 LBFGS: function start/end, n_calls: -1746119.248558 -1746176.688630 101
cycle:   1 max_shift: 0.177839 LBFGS: function start/end, n_calls: -1746176.688630 -1746178.858572 101
cycle:   2 max_shift: 0.096370 LBFGS: function start/end, n_calls: -1746178.858572 -1746179.814879 101
cycle:   3 max_shift: 0.051861 LBFGS: function start/end, n_calls: -1746179.814879 -1746180.208727 101
cycle:   4 max_shift: 0.030299 LBFGS: function start/end, n_calls: -1746180.208727 -1746180.472115 101
cycle:   5 max_shift: 0.016045 LBFGS: function start/end, n_calls: -1746180.472115 -1746180.570110 101
cycle:   6 max_shift: 0.012563 LBFGS: function start/end, n_calls: -1746180.570110 -1746180.668254 101
cycle:   7 max_shift: 0.017850 LBFGS: function start/end, n_calls: -1746180.668254 -1746180.753382 101
cycle:   8 max_shift: 0.009469 LBFGS: function start/end, n_calls: -1746180.753382 -1746180.834695 101
cycle:   9 max_shift: 0.007982 LBFGS: function start/end, n_calls: -1746180.834695 -1746180.878979 101
cycle:  10 max_shift: 0.005199 LBFGS: function start/end, n_calls: -1746180.878979 -1746180.913539 101
cycle:  11 max_shift: 0.010135 LBFGS: function start/end, n_calls: -1746180.913539 -1746180.961115 101
cycle:  12 max_shift: 0.009969 LBFGS: function start/end, n_calls: -1746180.961115 -1746181.015199 101
cycle:  13 max_shift: 0.007034 LBFGS: function start/end, n_calls: -1746181.015199 -1746181.056117 101
cycle:  14 max_shift: 0.005443 LBFGS: function start/end, n_calls: -1746181.056117 -1746181.096063 101
cycle:  15 max_shift: 0.005126 LBFGS: function start/end, n_calls: -1746181.096063 -1746181.117607 101
cycle:  16 max_shift: 0.010753 LBFGS: function start/end, n_calls: -1746181.117607 -1746181.109827 101
cycle:  17 max_shift: 0.007024 LBFGS: function start/end, n_calls: -1746181.109827 -1746181.215676 101
cycle:  18 max_shift: 0.007766 LBFGS: function start/end, n_calls: -1746181.215676 -1746181.243055 101
cycle:  19 max_shift: 0.003686 LBFGS: function start/end, n_calls: -1746181.243055 -1746181.271780 101
cycle:  20 max_shift: 0.008068 LBFGS: function start/end, n_calls: -1746181.271780 -1746181.293324 101
cycle:  21 max_shift: 0.014166 LBFGS: function start/end, n_calls: -1746181.293324 -1746181.287863 101
cycle:  22 max_shift: 0.006225 LBFGS: function start/end, n_calls: -1746181.287863 -1746181.409346 101
cycle:  23 max_shift: 0.004096 LBFGS: function start/end, n_calls: -1746181.409346 -1746181.428272 101
cycle:  24 max_shift: 0.005782 LBFGS: function start/end, n_calls: -1746181.428272 -1746181.455277 101
cycle:  25 max_shift: 0.004340 LBFGS: function start/end, n_calls: -1746181.455277 -1746181.480785 101
cycle:  26 max_shift: 0.003504 LBFGS: function start/end, n_calls: -1746181.480785 -1746181.498364 101
cycle:  27 max_shift: 0.002061 LBFGS: function start/end, n_calls: -1746181.498364 -1746181.510857 101
cycle:  28 max_shift: 0.004387 LBFGS: function start/end, n_calls: -1746181.510857 -1746181.524172 101
cycle:  29 max_shift: 0.002965 LBFGS: function start/end, n_calls: -1746181.524172 -1746181.545192 101
cycle:  30 max_shift: 0.003367 LBFGS: function start/end, n_calls: -1746181.545192 -1746181.556114 101
cycle:  31 max_shift: 0.003275 LBFGS: function start/end, n_calls: -1746181.556114 -1746181.575937 101
cycle:  32 max_shift: 0.002810 LBFGS: function start/end, n_calls: -1746181.575937 -1746181.587382 101
cycle:  33 max_shift: 0.002330 LBFGS: function start/end, n_calls: -1746181.587382 -1746181.600398 101
cycle:  34 max_shift: 0.002515 LBFGS: function start/end, n_calls: -1746181.600398 -1746181.608552 101
cycle:  35 max_shift: 0.004323 LBFGS: function start/end, n_calls: -1746181.608552 -1746181.630694 101
cycle:  36 max_shift: 0.002481 LBFGS: function start/end, n_calls: -1746181.630694 -1746181.642588 101
cycle:  37 max_shift: 0.002899 LBFGS: function start/end, n_calls: -1746181.642588 -1746181.656951 101
cycle:  38 max_shift: 0.002456 LBFGS: function start/end, n_calls: -1746181.656951 -1746181.666825 101
cycle:  39 max_shift: 0.001806 LBFGS: function start/end, n_calls: -1746181.666825 -1746181.678345 101
cycle:  40 max_shift: 0.002220 LBFGS: function start/end, n_calls: -1746181.678345 -1746181.690763 101
cycle:  41 max_shift: 0.002380 LBFGS: function start/end, n_calls: -1746181.690763 -1746181.699216 101
cycle:  42 max_shift: 0.002065 LBFGS: function start/end, n_calls: -1746181.699216 -1746181.703928 101
cycle:  43 max_shift: 0.002228 LBFGS: function start/end, n_calls: -1746181.703928 -1746181.707818 101
cycle:  44 max_shift: 0.002298 LBFGS: function start/end, n_calls: -1746181.707818 -1746181.732803 101
cycle:  45 max_shift: 0.001846 LBFGS: function start/end, n_calls: -1746181.732803 -1746181.736917 101
cycle:  46 max_shift: 0.002091 LBFGS: function start/end, n_calls: -1746181.736917 -1746181.748288 101
cycle:  47 max_shift: 0.001494 LBFGS: function start/end, n_calls: -1746181.748288 -1746181.753748 101
cycle:  48 max_shift: 0.003827 LBFGS: function start/end, n_calls: -1746181.753748 -1746181.750233 101
cycle:  49 max_shift: 0.002596 LBFGS: function start/end, n_calls: -1746181.750233 -1746181.785765 101
cycle:  50 max_shift: 0.002206 LBFGS: function start/end, n_calls: -1746181.785765 -1746181.796686 101
cycle:  51 max_shift: 0.002433 LBFGS: function start/end, n_calls: -1746181.796686 -1746181.810077 101
cycle:  52 max_shift: 0.001608 LBFGS: function start/end, n_calls: -1746181.810077 -1746181.816884 101
cycle:  53 max_shift: 0.001778 LBFGS: function start/end, n_calls: -1746181.816884 -1746181.821971 101
cycle:  54 max_shift: 0.001517 LBFGS: function start/end, n_calls: -1746181.821971 -1746181.833341 101
cycle:  55 max_shift: 0.001777 LBFGS: function start/end, n_calls: -1746181.833341 -1746181.841495 101
cycle:  56 max_shift: 0.001186 LBFGS: function start/end, n_calls: -1746181.841495 -1746181.849125 101
cycle:  57 max_shift: 0.001361 LBFGS: function start/end, n_calls: -1746181.849125 -1746181.851668 101
cycle:  58 max_shift: 0.002673 LBFGS: function start/end, n_calls: -1746181.851668 -1746181.850696 101
cycle:  59 max_shift: 0.002106 LBFGS: function start/end, n_calls: -1746181.850696 -1746181.875680 101
cycle:  60 max_shift: 0.001568 LBFGS: function start/end, n_calls: -1746181.875680 -1746181.885555 101
cycle:  61 max_shift: 0.001390 LBFGS: function start/end, n_calls: -1746181.885555 -1746181.892512 101
cycle:  62 max_shift: 0.001367 LBFGS: function start/end, n_calls: -1746181.892512 -1746181.898646 101
cycle:  63 max_shift: 0.001490 LBFGS: function start/end, n_calls: -1746181.898646 -1746181.905303 101
cycle:  64 max_shift: 0.003243 LBFGS: function start/end, n_calls: -1746181.905303 -1746181.913382 101
cycle:  65 max_shift: 0.001530 LBFGS: function start/end, n_calls: -1746181.913382 -1746181.925052 101
cycle:  66 max_shift: 0.001501 LBFGS: function start/end, n_calls: -1746181.925052 -1746181.925725 101
cycle:  67 max_shift: 0.001592 LBFGS: function start/end, n_calls: -1746181.925725 -1746181.935150 101
cycle:  68 max_shift: 0.001605 LBFGS: function start/end, n_calls: -1746181.935150 -1746181.950710 101
cycle:  69 max_shift: 0.001278 LBFGS: function start/end, n_calls: -1746181.950710 -1746181.953852 101
cycle:  70 max_shift: 0.001481 LBFGS: function start/end, n_calls: -1746181.953852 -1746181.959686 101
cycle:  71 max_shift: 0.001255 LBFGS: function start/end, n_calls: -1746181.959686 -1746181.970832 101
cycle:  72 max_shift: 0.001014 LBFGS: function start/end, n_calls: -1746181.970832 -1746181.973077 101
cycle:  73 max_shift: 0.001658 LBFGS: function start/end, n_calls: -1746181.973077 -1746181.982203 101
cycle:  74 max_shift: 0.001659 LBFGS: function start/end, n_calls: -1746181.982203 -1746181.989683 101
cycle:  75 max_shift: 0.001295 LBFGS: function start/end, n_calls: -1746181.989683 -1746181.995817 101
cycle:  76 max_shift: 0.001294 LBFGS: function start/end, n_calls: -1746181.995817 -1746181.999557 101
cycle:  77 max_shift: 0.001397 LBFGS: function start/end, n_calls: -1746181.999557 -1746182.005991 101
cycle:  78 max_shift: 0.001512 LBFGS: function start/end, n_calls: -1746182.005991 -1746182.013247 101
cycle:  79 max_shift: 0.001192 LBFGS: function start/end, n_calls: -1746182.013247 -1746182.023345 101
cycle:  80 max_shift: 0.004749 LBFGS: function start/end, n_calls: -1746182.023345 -1746182.008983 101
cycle:  81 max_shift: 0.002693 LBFGS: function start/end, n_calls: -1746182.008983 -1746182.061197 101
cycle:  82 max_shift: 0.001636 LBFGS: function start/end, n_calls: -1746182.061197 -1746182.063441 101
cycle:  83 max_shift: 0.001443 LBFGS: function start/end, n_calls: -1746182.063441 -1746182.067106 101
cycle:  84 max_shift: 0.001289 LBFGS: function start/end, n_calls: -1746182.067106 -1746182.074886 101
cycle:  85 max_shift: 0.001234 LBFGS: function start/end, n_calls: -1746182.074886 -1746182.075709 101
cycle:  86 max_shift: 0.001512 LBFGS: function start/end, n_calls: -1746182.075709 -1746182.093812 101
cycle:  87 max_shift: 0.001003 LBFGS: function start/end, n_calls: -1746182.093812 -1746182.093438 101
cycle:  88 max_shift: 0.001345 LBFGS: function start/end, n_calls: -1746182.093438 -1746182.102863 101
cycle:  89 max_shift: 0.001812 LBFGS: function start/end, n_calls: -1746182.102863 -1746182.108473 101
cycle:  90 max_shift: 0.001210 LBFGS: function start/end, n_calls: -1746182.108473 -1746182.117151 101
cycle:  91 max_shift: 0.001067 LBFGS: function start/end, n_calls: -1746182.117151 -1746182.121714 101
cycle:  92 max_shift: 0.001084 LBFGS: function start/end, n_calls: -1746182.121714 -1746182.129344 101
cycle:  93 max_shift: 0.001473 LBFGS: function start/end, n_calls: -1746182.129344 -1746182.130541 101
cycle:  94 max_shift: 0.001525 LBFGS: function start/end, n_calls: -1746182.130541 -1746182.141986 101
cycle:  95 max_shift: 0.001208 LBFGS: function start/end, n_calls: -1746182.141986 -1746182.146250 101
cycle:  96 max_shift: 0.017106 LBFGS: function start/end, n_calls: -1746182.146250 -1746180.206557 101
cycle:  97 max_shift: 0.014593 LBFGS: function start/end, n_calls: -1746180.206557 -1746182.180735 101
cycle:  98 max_shift: 0.001959 LBFGS: function start/end, n_calls: -1746182.180735 -1746182.191432 101
cycle:  99 max_shift: 0.001287 LBFGS: function start/end, n_calls: -1746182.191432 -1746182.202429 101
final: bond:  0.008 angle:   0.94 clash:   0.0 rota:  0.00 rama: f: 100.00 o:   0.00 Z:   4.34 cb:   0.00
See 0_refined.pdb in pdb folder.
Time: 956.7248
