Starting Q|R
version:   v1.0-208-g2886d5-dirty  
Running refinement
   input {
     xray_data {
       file_name = None
       labels = None
       high_resolution = None
       low_resolution = None
       outliers_rejection = True
       french_wilson_scale = True
       french_wilson {
         max_bins = 60
         min_bin_size = 40
       }
       sigma_fobs_rejection_criterion = None
       sigma_iobs_rejection_criterion = None
       ignore_all_zeros = True
       force_anomalous_flag_to_be_equal_to = None
       convert_to_non_anomalous_if_ratio_pairs_lone_less_than_threshold = 0.5
       r_free_flags {
         file_name = None
         label = None
         test_flag_value = None
         ignore_r_free_flags = False
         disable_suitability_test = False
         ignore_pdb_hexdigest = False
         generate = False
         fraction = 0.1
         max_free = 2000
         lattice_symmetry_max_delta = 5
         use_lattice_symmetry = True
         use_dataman_shells = False
         n_shells = 20
       }
     }
     pdb {
       file_name = None
     }
     monomers {
       file_name = None
     }
     maps {
       map_file_name = None
       d_min = None
       map_coefficients_file_name = None
       map_coefficients_label = None
     }
     sequence = None
     scattering_table = wk1995 it1992 *n_gaussian neutron electron
     wavelength = None
     energy = None
     twin_law = Auto
   }
   max_atoms = 15000
   debug = False
   cluster {
     fast_interaction = True
     charge_cutoff = 8.0
     clustering = false
     charge_embedding = False
     two_buffers = False
     maxnum_residues_in_cluster = 15
     select_within_radius = 10
     clustering_method = gnc *bcc
     altloc_method = average *subtract
     g_scan = 10 15 20
     g_mode = None
     save_clusters = True
     bond_with_altloc = True
     re_calculate_rmsd_tolerance = 0.5
   }
   restraints = cctbx *qm
   expansion = False
   quantum {
     engine_name = mopac ani *torchani terachem turbomole pyscf orca gaussian \
                   xtb
     basis = Auto
     charge = None
     method = Auto
     memory = None
     nproc = None
     qm_addon = gcp dftd3 gcp-d3
     qm_addon_method = None
   }
   refine {
     dry_run = False
     sf_algorithm = *direct fft
     refinement_target_name = *ml ls_wunit_k1
     mode = *opt refine gtest
     number_of_macro_cycles = 1
     number_of_weight_search_cycles = 50
     number_of_refine_cycles = 5
     number_of_micro_cycles = 100
     data_weight = None
     choose_best_use_r_work = False
     skip_weight_search = False
     adjust_restraints_weight_scale_value = 2
     max_iterations_weight = 50
     max_iterations_refine = 50
     use_ase_lbfgs = False
     line_search = True
     stpmax = 0.2
     gradient_only = true
     update_all_scales = True
     refine_sites = True
     refine_adp = False
     restraints_weight_scale = 1.0
     shake_sites = False
     use_convergence_test = True
     max_bond_rmsd = 0.03
     max_r_work_r_free_gap = 5.0
     r_tolerance = 0.001
     rmsd_tolerance = 0.01
     opt_log = False
     pre_opt = False
     pre_opt_stpmax = 0.1
     pre_opt_iter = 10
     pre_opt_switch = 2
     pre_opt_gconv = 3000
     minimizer = *lbfgs lbfgsb
   }
   parallel {
     method = *multiprocessing slurm pbs sge lsf threading
     nproc = None
     qsub_command = None
   }
   output_file_name_prefix = None
   output_folder_name = "pdb"
   rst_file = None
   dump_gradients = None

Setting QM defaults
  Setting QM method to HF
  Setting QM basis to 6-31g


***********************************************************
restart info will be stored in /home/yanting/work/aniserver_1_qr/ani_qr_test/cctbx_lbfgs/qr-ani-test/qr-ani/lbfgs/0.3/pdb/3.rst.pickle
***********************************************************

start: bond:  0.016 angle:   1.78 clash:   0.0 rota:  0.00 rama: f: 100.00 o:   0.00 Z:  -3.10 cb:   0.00
cycle:   0 max_shift: 0.557248 LBFGS: function start/end, n_calls: -1746100.651260 -1746174.913134 101
cycle:   1 max_shift: 0.303831 LBFGS: function start/end, n_calls: -1746174.913134 -1746179.147693 101
cycle:   2 max_shift: 0.112819 LBFGS: function start/end, n_calls: -1746179.147693 -1746180.406436 101
cycle:   3 max_shift: 0.062756 LBFGS: function start/end, n_calls: -1746180.406436 -1746180.931417 101
cycle:   4 max_shift: 0.035747 LBFGS: function start/end, n_calls: -1746180.931417 -1746181.241334 101
cycle:   5 max_shift: 0.026476 LBFGS: function start/end, n_calls: -1746181.241334 -1746181.423784 101
cycle:   6 max_shift: 0.010064 LBFGS: function start/end, n_calls: -1746181.423784 -1746181.530231 101
cycle:   7 max_shift: 0.003769 LBFGS: function start/end, n_calls: -1746181.530231 -1746181.560602 101
cycle:   8 max_shift: 0.007010 LBFGS: function start/end, n_calls: -1746181.560602 -1746181.603316 101
cycle:   9 max_shift: 0.004962 LBFGS: function start/end, n_calls: -1746181.603316 -1746181.640120 101
cycle:  10 max_shift: 0.004144 LBFGS: function start/end, n_calls: -1746181.640120 -1746181.665479 101
cycle:  11 max_shift: 0.003592 LBFGS: function start/end, n_calls: -1746181.665479 -1746181.690837 101
cycle:  12 max_shift: 0.003260 LBFGS: function start/end, n_calls: -1746181.690837 -1746181.709763 101
cycle:  13 max_shift: 0.003066 LBFGS: function start/end, n_calls: -1746181.709763 -1746181.729287 101
cycle:  14 max_shift: 0.004299 LBFGS: function start/end, n_calls: -1746181.729287 -1746181.751953 101
cycle:  15 max_shift: 0.009883 LBFGS: function start/end, n_calls: -1746181.751953 -1746181.750831 101
cycle:  16 max_shift: 0.004680 LBFGS: function start/end, n_calls: -1746181.750831 -1746181.831546 101
cycle:  17 max_shift: 0.003266 LBFGS: function start/end, n_calls: -1746181.831546 -1746181.846955 101
cycle:  18 max_shift: 0.003371 LBFGS: function start/end, n_calls: -1746181.846955 -1746181.860271 101
cycle:  19 max_shift: 0.002871 LBFGS: function start/end, n_calls: -1746181.860271 -1746181.878074 101
cycle:  20 max_shift: 0.003354 LBFGS: function start/end, n_calls: -1746181.878074 -1746181.894382 101
cycle:  21 max_shift: 0.003748 LBFGS: function start/end, n_calls: -1746181.894382 -1746181.914130 101
cycle:  22 max_shift: 0.024285 LBFGS: function start/end, n_calls: -1746181.914130 -1746172.870585 101
cycle:  23 max_shift: 0.025456 LBFGS: function start/end, n_calls: -1746172.870585 -1746181.870369 101
cycle:  24 max_shift: 0.004500 LBFGS: function start/end, n_calls: -1746181.870369 -1746181.889819 101
cycle:  25 max_shift: 0.002640 LBFGS: function start/end, n_calls: -1746181.889819 -1746181.908071 101
cycle:  26 max_shift: 0.005743 LBFGS: function start/end, n_calls: -1746181.908071 -1746181.662860 101
cycle:  27 max_shift: 0.011896 LBFGS: function start/end, n_calls: -1746181.662860 -1746181.945099 101
cycle:  28 max_shift: 0.007898 LBFGS: function start/end, n_calls: -1746181.945099 -1746181.994022 101
cycle:  29 max_shift: 0.002863 LBFGS: function start/end, n_calls: -1746181.994022 -1746182.013097 101
cycle:  30 max_shift: 0.003095 LBFGS: function start/end, n_calls: -1746182.013097 -1746182.018109 101
cycle:  31 max_shift: 0.022474 LBFGS: function start/end, n_calls: -1746182.018109 -1746181.998211 101
cycle:  32 max_shift: 0.013909 LBFGS: function start/end, n_calls: -1746181.998211 -1746182.083189 101
cycle:  33 max_shift: 0.004309 LBFGS: function start/end, n_calls: -1746182.083189 -1746182.100918 101
cycle:  34 max_shift: 0.002984 LBFGS: function start/end, n_calls: -1746182.100918 -1746182.111466 101
cycle:  35 max_shift: 0.002483 LBFGS: function start/end, n_calls: -1746182.111466 -1746182.127773 101
cycle:  36 max_shift: 0.002379 LBFGS: function start/end, n_calls: -1746182.127773 -1746182.130541 101
cycle:  37 max_shift: 0.002746 LBFGS: function start/end, n_calls: -1746182.130541 -1746182.144230 101
cycle:  38 max_shift: 0.002119 LBFGS: function start/end, n_calls: -1746182.144230 -1746182.157396 101
cycle:  39 max_shift: 0.003231 LBFGS: function start/end, n_calls: -1746182.157396 -1746182.148569 101
cycle:  40 max_shift: 0.002860 LBFGS: function start/end, n_calls: -1746182.148569 -1746182.179015 101
cycle:  41 max_shift: 0.006170 LBFGS: function start/end, n_calls: -1746182.179015 -1746181.742976 101
cycle:  42 max_shift: 0.006740 LBFGS: function start/end, n_calls: -1746181.742976 -1746182.187916 101
cycle:  43 max_shift: 0.002161 LBFGS: function start/end, n_calls: -1746182.187916 -1746182.202279 101
cycle:  44 max_shift: 0.001821 LBFGS: function start/end, n_calls: -1746182.202279 -1746182.208189 101
cycle:  45 max_shift: 0.002158 LBFGS: function start/end, n_calls: -1746182.208189 -1746182.218661 101
cycle:  46 max_shift: 0.002222 LBFGS: function start/end, n_calls: -1746182.218661 -1746182.232126 101
cycle:  47 max_shift: 0.001884 LBFGS: function start/end, n_calls: -1746182.232126 -1746182.231154 101
cycle:  48 max_shift: 0.001990 LBFGS: function start/end, n_calls: -1746182.231154 -1746182.242300 101
cycle:  49 max_shift: 0.002092 LBFGS: function start/end, n_calls: -1746182.242300 -1746182.249705 101
cycle:  50 max_shift: 0.002601 LBFGS: function start/end, n_calls: -1746182.249705 -1746182.261674 101
cycle:  51 max_shift: 0.001648 LBFGS: function start/end, n_calls: -1746182.261674 -1746182.266013 101
cycle:  52 max_shift: 0.001855 LBFGS: function start/end, n_calls: -1746182.266013 -1746182.272446 101
cycle:  53 max_shift: 0.001894 LBFGS: function start/end, n_calls: -1746182.272446 -1746182.278879 101
cycle:  54 max_shift: 0.002236 LBFGS: function start/end, n_calls: -1746182.278879 -1746182.285387 101
cycle:  55 max_shift: 0.002802 LBFGS: function start/end, n_calls: -1746182.285387 -1746182.297805 101
cycle:  56 max_shift: 0.001966 LBFGS: function start/end, n_calls: -1746182.297805 -1746182.301994 101
cycle:  57 max_shift: 0.003505 LBFGS: function start/end, n_calls: -1746182.301994 -1746182.315459 101
cycle:  58 max_shift: 0.002188 LBFGS: function start/end, n_calls: -1746182.315459 -1746182.324959 101
cycle:  59 max_shift: 0.001655 LBFGS: function start/end, n_calls: -1746182.324959 -1746182.328101 101
cycle:  60 max_shift: 0.002004 LBFGS: function start/end, n_calls: -1746182.328101 -1746182.336479 101
cycle:  61 max_shift: 0.002791 LBFGS: function start/end, n_calls: -1746182.336479 -1746182.222701 101
cycle:  62 max_shift: 0.004452 LBFGS: function start/end, n_calls: -1746182.222701 -1746182.340144 101
cycle:  63 max_shift: 0.002413 LBFGS: function start/end, n_calls: -1746182.340144 -1746182.354058 101
cycle:  64 max_shift: 0.001886 LBFGS: function start/end, n_calls: -1746182.354058 -1746182.362287 101
cycle:  65 max_shift: 0.001308 LBFGS: function start/end, n_calls: -1746182.362287 -1746182.365354 101
cycle:  66 max_shift: 0.001556 LBFGS: function start/end, n_calls: -1746182.365354 -1746182.371488 101
cycle:  67 max_shift: 0.001365 LBFGS: function start/end, n_calls: -1746182.371488 -1746182.374555 101
cycle:  68 max_shift: 0.001971 LBFGS: function start/end, n_calls: -1746182.374555 -1746182.377846 101
cycle:  69 max_shift: 0.001821 LBFGS: function start/end, n_calls: -1746182.377846 -1746182.387720 101
cycle:  70 max_shift: 0.001601 LBFGS: function start/end, n_calls: -1746182.387720 -1746182.391236 101
cycle:  71 max_shift: 0.001752 LBFGS: function start/end, n_calls: -1746182.391236 -1746182.398418 101
cycle:  72 max_shift: 0.001536 LBFGS: function start/end, n_calls: -1746182.398418 -1746182.403504 101
cycle:  73 max_shift: 0.001743 LBFGS: function start/end, n_calls: -1746182.403504 -1746182.410461 101
cycle:  74 max_shift: 0.001903 LBFGS: function start/end, n_calls: -1746182.410461 -1746182.412930 101
cycle:  75 max_shift: 0.002268 LBFGS: function start/end, n_calls: -1746182.412930 -1746182.422355 101
cycle:  76 max_shift: 0.002500 LBFGS: function start/end, n_calls: -1746182.422355 -1746182.430284 101
cycle:  77 max_shift: 0.001940 LBFGS: function start/end, n_calls: -1746182.430284 -1746182.435371 101
cycle:  78 max_shift: 0.001981 LBFGS: function start/end, n_calls: -1746182.435371 -1746182.444647 101
cycle:  79 max_shift: 0.002484 LBFGS: function start/end, n_calls: -1746182.444647 -1746182.450557 101
cycle:  80 max_shift: 0.004711 LBFGS: function start/end, n_calls: -1746182.450557 -1746182.458785 101
cycle:  81 max_shift: 0.002732 LBFGS: function start/end, n_calls: -1746182.458785 -1746182.475467 101
cycle:  82 max_shift: 0.002172 LBFGS: function start/end, n_calls: -1746182.475467 -1746182.482199 101
cycle:  83 max_shift: 0.001617 LBFGS: function start/end, n_calls: -1746182.482199 -1746182.489829 101
cycle:  84 max_shift: 0.001632 LBFGS: function start/end, n_calls: -1746182.489829 -1746182.493794 101
cycle:  85 max_shift: 0.001810 LBFGS: function start/end, n_calls: -1746182.493794 -1746182.499105 101
cycle:  86 max_shift: 0.001811 LBFGS: function start/end, n_calls: -1746182.499105 -1746182.501499 101
cycle:  87 max_shift: 0.001988 LBFGS: function start/end, n_calls: -1746182.501499 -1746182.507932 101
cycle:  88 max_shift: 0.002081 LBFGS: function start/end, n_calls: -1746182.507932 -1746182.519452 101
cycle:  89 max_shift: 0.002962 LBFGS: function start/end, n_calls: -1746182.519452 -1746182.527381 101
cycle:  90 max_shift: 0.001557 LBFGS: function start/end, n_calls: -1746182.527381 -1746182.532692 101
cycle:  91 max_shift: 0.001603 LBFGS: function start/end, n_calls: -1746182.532692 -1746182.538527 101
cycle:  92 max_shift: 0.001321 LBFGS: function start/end, n_calls: -1746182.538527 -1746182.540023 101
cycle:  93 max_shift: 0.001588 LBFGS: function start/end, n_calls: -1746182.540023 -1746182.546157 101
cycle:  94 max_shift: 0.001196 LBFGS: function start/end, n_calls: -1746182.546157 -1746182.554311 101
cycle:  95 max_shift: 0.002002 LBFGS: function start/end, n_calls: -1746182.554311 -1746182.548551 101
cycle:  96 max_shift: 0.002552 LBFGS: function start/end, n_calls: -1746182.548551 -1746182.558949 101
cycle:  97 max_shift: 0.002302 LBFGS: function start/end, n_calls: -1746182.558949 -1746182.567028 101
cycle:  98 max_shift: 0.001835 LBFGS: function start/end, n_calls: -1746182.567028 -1746182.576902 101
cycle:  99 max_shift: 0.001694 LBFGS: function start/end, n_calls: -1746182.576902 -1746182.583186 101
final: bond:  0.008 angle:   0.95 clash:   0.0 rota:  0.00 rama: f: 100.00 o:   0.00 Z:   0.11 cb:   0.00
See 3_refined.pdb in pdb folder.
Time: 943.8593
