Starting Q|R
version:   v1.0-208-g2886d5-dirty  
Running refinement
   input {
     xray_data {
       file_name = None
       labels = None
       high_resolution = None
       low_resolution = None
       outliers_rejection = True
       french_wilson_scale = True
       french_wilson {
         max_bins = 60
         min_bin_size = 40
       }
       sigma_fobs_rejection_criterion = None
       sigma_iobs_rejection_criterion = None
       ignore_all_zeros = True
       force_anomalous_flag_to_be_equal_to = None
       convert_to_non_anomalous_if_ratio_pairs_lone_less_than_threshold = 0.5
       r_free_flags {
         file_name = None
         label = None
         test_flag_value = None
         ignore_r_free_flags = False
         disable_suitability_test = False
         ignore_pdb_hexdigest = False
         generate = False
         fraction = 0.1
         max_free = 2000
         lattice_symmetry_max_delta = 5
         use_lattice_symmetry = True
         use_dataman_shells = False
         n_shells = 20
       }
     }
     pdb {
       file_name = None
     }
     monomers {
       file_name = None
     }
     maps {
       map_file_name = None
       d_min = None
       map_coefficients_file_name = None
       map_coefficients_label = None
     }
     sequence = None
     scattering_table = wk1995 it1992 *n_gaussian neutron electron
     wavelength = None
     energy = None
     twin_law = Auto
   }
   max_atoms = 15000
   debug = False
   cluster {
     fast_interaction = True
     charge_cutoff = 8.0
     clustering = false
     charge_embedding = False
     two_buffers = False
     maxnum_residues_in_cluster = 15
     select_within_radius = 10
     clustering_method = gnc *bcc
     altloc_method = average *subtract
     g_scan = 10 15 20
     g_mode = None
     save_clusters = True
     bond_with_altloc = True
     re_calculate_rmsd_tolerance = 0.5
   }
   restraints = cctbx *qm
   expansion = False
   quantum {
     engine_name = mopac ani *torchani terachem turbomole pyscf orca gaussian \
                   xtb
     basis = Auto
     charge = None
     method = Auto
     memory = None
     nproc = None
     qm_addon = gcp dftd3 gcp-d3
     qm_addon_method = None
   }
   refine {
     dry_run = False
     sf_algorithm = *direct fft
     refinement_target_name = *ml ls_wunit_k1
     mode = *opt refine gtest
     number_of_macro_cycles = 1
     number_of_weight_search_cycles = 50
     number_of_refine_cycles = 5
     number_of_micro_cycles = 100
     data_weight = None
     choose_best_use_r_work = False
     skip_weight_search = False
     adjust_restraints_weight_scale_value = 2
     max_iterations_weight = 50
     max_iterations_refine = 50
     use_ase_lbfgs = False
     line_search = True
     stpmax = 0.2
     gradient_only = true
     update_all_scales = True
     refine_sites = True
     refine_adp = False
     restraints_weight_scale = 1.0
     shake_sites = False
     use_convergence_test = True
     max_bond_rmsd = 0.03
     max_r_work_r_free_gap = 5.0
     r_tolerance = 0.001
     rmsd_tolerance = 0.01
     opt_log = False
     pre_opt = False
     pre_opt_stpmax = 0.1
     pre_opt_iter = 10
     pre_opt_switch = 2
     pre_opt_gconv = 3000
     minimizer = *lbfgs lbfgsb
   }
   parallel {
     method = *multiprocessing slurm pbs sge lsf threading
     nproc = None
     qsub_command = None
   }
   output_file_name_prefix = None
   output_folder_name = "pdb"
   rst_file = None
   dump_gradients = None

Setting QM defaults
  Setting QM method to HF
  Setting QM basis to 6-31g


***********************************************************
restart info will be stored in /home/yanting/work/aniserver_1_qr/ani_qr_test/cctbx_lbfgs/qr-ani-test/qr-ani/lbfgs/0.3/pdb/4.rst.pickle
***********************************************************

start: bond:  0.016 angle:   1.33 clash:   0.0 rota:  0.00 rama: f:  90.91 o:   0.00 Z:  -2.46 cb:   0.00
cycle:   0 max_shift: 0.571337 LBFGS: function start/end, n_calls: -1746111.889059 -1746177.223859 101
cycle:   1 max_shift: 0.134755 LBFGS: function start/end, n_calls: -1746177.223859 -1746179.173651 101
cycle:   2 max_shift: 0.044244 LBFGS: function start/end, n_calls: -1746179.173651 -1746179.745460 101
cycle:   3 max_shift: 0.048129 LBFGS: function start/end, n_calls: -1746179.745460 -1746180.104823 101
cycle:   4 max_shift: 0.026318 LBFGS: function start/end, n_calls: -1746180.104823 -1746180.354073 101
cycle:   5 max_shift: 0.060173 LBFGS: function start/end, n_calls: -1746180.354073 -1746180.650001 101
cycle:   6 max_shift: 0.024620 LBFGS: function start/end, n_calls: -1746180.650001 -1746180.902393 101
cycle:   7 max_shift: 0.005880 LBFGS: function start/end, n_calls: -1746180.902393 -1746180.948697 101
cycle:   8 max_shift: 0.004098 LBFGS: function start/end, n_calls: -1746180.948697 -1746180.981238 101
cycle:   9 max_shift: 0.006997 LBFGS: function start/end, n_calls: -1746180.981238 -1746181.018266 101
cycle:  10 max_shift: 0.004053 LBFGS: function start/end, n_calls: -1746181.018266 -1746181.057539 101
cycle:  11 max_shift: 0.003631 LBFGS: function start/end, n_calls: -1746181.057539 -1746181.083272 101
cycle:  12 max_shift: 0.004092 LBFGS: function start/end, n_calls: -1746181.083272 -1746181.108107 101
cycle:  13 max_shift: 0.003485 LBFGS: function start/end, n_calls: -1746181.108107 -1746181.136159 101
cycle:  14 max_shift: 0.003275 LBFGS: function start/end, n_calls: -1746181.136159 -1746181.162191 101
cycle:  15 max_shift: 0.002836 LBFGS: function start/end, n_calls: -1746181.162191 -1746181.182837 101
cycle:  16 max_shift: 0.003150 LBFGS: function start/end, n_calls: -1746181.182837 -1746181.200491 101
cycle:  17 max_shift: 0.004760 LBFGS: function start/end, n_calls: -1746181.200491 -1746181.232582 101
cycle:  18 max_shift: 0.003070 LBFGS: function start/end, n_calls: -1746181.232582 -1746181.256894 101
cycle:  19 max_shift: 0.002616 LBFGS: function start/end, n_calls: -1746181.256894 -1746181.274847 101
cycle:  20 max_shift: 0.003177 LBFGS: function start/end, n_calls: -1746181.274847 -1746181.296316 101
cycle:  21 max_shift: 0.004069 LBFGS: function start/end, n_calls: -1746181.296316 -1746181.326986 101
cycle:  22 max_shift: 0.003310 LBFGS: function start/end, n_calls: -1746181.326986 -1746181.347483 101
cycle:  23 max_shift: 0.002720 LBFGS: function start/end, n_calls: -1746181.347483 -1746181.362219 101
cycle:  24 max_shift: 0.002758 LBFGS: function start/end, n_calls: -1746181.362219 -1746181.381519 101
cycle:  25 max_shift: 0.003399 LBFGS: function start/end, n_calls: -1746181.381519 -1746181.402389 101
cycle:  26 max_shift: 0.002717 LBFGS: function start/end, n_calls: -1746181.402389 -1746181.421166 101
cycle:  27 max_shift: 0.003436 LBFGS: function start/end, n_calls: -1746181.421166 -1746181.437024 101
cycle:  28 max_shift: 0.002608 LBFGS: function start/end, n_calls: -1746181.437024 -1746181.452958 101
cycle:  29 max_shift: 0.004753 LBFGS: function start/end, n_calls: -1746181.452958 -1746181.480261 101
cycle:  30 max_shift: 0.003094 LBFGS: function start/end, n_calls: -1746181.480261 -1746181.497167 101
cycle:  31 max_shift: 0.003133 LBFGS: function start/end, n_calls: -1746181.497167 -1746181.510782 101
cycle:  32 max_shift: 0.002297 LBFGS: function start/end, n_calls: -1746181.510782 -1746181.528062 101
cycle:  33 max_shift: 0.003649 LBFGS: function start/end, n_calls: -1746181.528062 -1746181.543771 101
cycle:  34 max_shift: 0.003486 LBFGS: function start/end, n_calls: -1746181.543771 -1746181.561799 101
cycle:  35 max_shift: 0.003262 LBFGS: function start/end, n_calls: -1746181.561799 -1746181.580500 101
cycle:  36 max_shift: 0.007458 LBFGS: function start/end, n_calls: -1746181.580500 -1746181.614013 101
cycle:  37 max_shift: 0.003306 LBFGS: function start/end, n_calls: -1746181.614013 -1746181.632714 101
cycle:  38 max_shift: 0.003530 LBFGS: function start/end, n_calls: -1746181.632714 -1746181.650667 101
cycle:  39 max_shift: 0.003338 LBFGS: function start/end, n_calls: -1746181.650667 -1746181.663534 101
cycle:  40 max_shift: 0.002375 LBFGS: function start/end, n_calls: -1746181.663534 -1746181.674605 101
cycle:  41 max_shift: 0.003163 LBFGS: function start/end, n_calls: -1746181.674605 -1746181.688593 101
cycle:  42 max_shift: 0.005014 LBFGS: function start/end, n_calls: -1746181.688593 -1746181.712606 101
cycle:  43 max_shift: 0.003965 LBFGS: function start/end, n_calls: -1746181.712606 -1746181.731457 101
cycle:  44 max_shift: 0.004926 LBFGS: function start/end, n_calls: -1746181.731457 -1746181.747914 101
cycle:  45 max_shift: 0.004839 LBFGS: function start/end, n_calls: -1746181.747914 -1746181.769757 101
cycle:  46 max_shift: 0.006131 LBFGS: function start/end, n_calls: -1746181.769757 -1746181.794293 101
cycle:  47 max_shift: 0.003890 LBFGS: function start/end, n_calls: -1746181.794293 -1746181.813069 101
cycle:  48 max_shift: 0.004210 LBFGS: function start/end, n_calls: -1746181.813069 -1746181.836183 101
cycle:  49 max_shift: 0.004487 LBFGS: function start/end, n_calls: -1746181.836183 -1746181.854735 101
cycle:  50 max_shift: 0.003150 LBFGS: function start/end, n_calls: -1746181.854735 -1746181.862216 101
cycle:  51 max_shift: 0.002482 LBFGS: function start/end, n_calls: -1746181.862216 -1746181.872688 101
cycle:  52 max_shift: 0.005689 LBFGS: function start/end, n_calls: -1746181.872688 -1746181.882862 101
cycle:  53 max_shift: 0.004591 LBFGS: function start/end, n_calls: -1746181.882862 -1746181.916823 101
cycle:  54 max_shift: 0.003794 LBFGS: function start/end, n_calls: -1746181.916823 -1746181.929540 101
cycle:  55 max_shift: 0.003247 LBFGS: function start/end, n_calls: -1746181.929540 -1746181.943678 101
cycle:  56 max_shift: 0.002318 LBFGS: function start/end, n_calls: -1746181.943678 -1746181.952879 101
cycle:  57 max_shift: 0.002728 LBFGS: function start/end, n_calls: -1746181.952879 -1746181.961856 101
cycle:  58 max_shift: 0.003179 LBFGS: function start/end, n_calls: -1746181.961856 -1746181.973525 101
cycle:  59 max_shift: 0.003075 LBFGS: function start/end, n_calls: -1746181.973525 -1746181.984297 101
cycle:  60 max_shift: 0.002540 LBFGS: function start/end, n_calls: -1746181.984297 -1746181.994396 101
cycle:  61 max_shift: 0.002720 LBFGS: function start/end, n_calls: -1746181.994396 -1746182.005392 101
cycle:  62 max_shift: 0.003304 LBFGS: function start/end, n_calls: -1746182.005392 -1746182.013022 101
cycle:  63 max_shift: 0.008304 LBFGS: function start/end, n_calls: -1746182.013022 -1746182.040251 101
cycle:  64 max_shift: 0.004335 LBFGS: function start/end, n_calls: -1746182.040251 -1746181.858700 101
cycle:  65 max_shift: 0.007895 LBFGS: function start/end, n_calls: -1746181.858700 -1746182.084536 101
cycle:  66 max_shift: 0.005933 LBFGS: function start/end, n_calls: -1746182.084536 -1746182.106828 101
cycle:  67 max_shift: 0.003017 LBFGS: function start/end, n_calls: -1746182.106828 -1746182.114982 101
cycle:  68 max_shift: 0.002469 LBFGS: function start/end, n_calls: -1746182.114982 -1746182.127324 101
cycle:  69 max_shift: 0.002824 LBFGS: function start/end, n_calls: -1746182.127324 -1746182.136825 101
cycle:  70 max_shift: 0.003052 LBFGS: function start/end, n_calls: -1746182.136825 -1746182.145203 101
cycle:  71 max_shift: 0.002253 LBFGS: function start/end, n_calls: -1746182.145203 -1746182.155675 101
cycle:  72 max_shift: 0.002259 LBFGS: function start/end, n_calls: -1746182.155675 -1746182.160538 101
cycle:  73 max_shift: 0.003338 LBFGS: function start/end, n_calls: -1746182.160538 -1746182.144754 101
cycle:  74 max_shift: 0.004184 LBFGS: function start/end, n_calls: -1746182.144754 -1746182.181483 101
cycle:  75 max_shift: 0.003163 LBFGS: function start/end, n_calls: -1746182.181483 -1746182.190759 101
cycle:  76 max_shift: 0.003228 LBFGS: function start/end, n_calls: -1746182.190759 -1746182.209535 101
cycle:  77 max_shift: 0.002134 LBFGS: function start/end, n_calls: -1746182.209535 -1746182.216492 101
cycle:  78 max_shift: 0.001981 LBFGS: function start/end, n_calls: -1746182.216492 -1746182.223374 101
cycle:  79 max_shift: 0.001944 LBFGS: function start/end, n_calls: -1746182.223374 -1746182.223000 101
cycle:  80 max_shift: 0.002768 LBFGS: function start/end, n_calls: -1746182.223000 -1746182.233921 101
cycle:  81 max_shift: 0.002535 LBFGS: function start/end, n_calls: -1746182.233921 -1746182.239607 101
cycle:  82 max_shift: 0.004690 LBFGS: function start/end, n_calls: -1746182.239607 -1746182.231528 101
cycle:  83 max_shift: 0.004688 LBFGS: function start/end, n_calls: -1746182.231528 -1746182.276261 101
cycle:  84 max_shift: 0.002817 LBFGS: function start/end, n_calls: -1746182.276261 -1746182.281647 101
cycle:  85 max_shift: 0.002833 LBFGS: function start/end, n_calls: -1746182.281647 -1746182.295486 101
cycle:  86 max_shift: 0.002639 LBFGS: function start/end, n_calls: -1746182.295486 -1746182.298328 101
cycle:  87 max_shift: 0.003471 LBFGS: function start/end, n_calls: -1746182.298328 -1746182.313140 101
cycle:  88 max_shift: 0.002275 LBFGS: function start/end, n_calls: -1746182.313140 -1746182.324361 101
cycle:  89 max_shift: 0.002641 LBFGS: function start/end, n_calls: -1746182.324361 -1746182.329896 101
cycle:  90 max_shift: 0.002874 LBFGS: function start/end, n_calls: -1746182.329896 -1746182.340144 101
cycle:  91 max_shift: 0.004015 LBFGS: function start/end, n_calls: -1746182.340144 -1746182.352637 101
cycle:  92 max_shift: 0.003135 LBFGS: function start/end, n_calls: -1746182.352637 -1746182.361239 101
cycle:  93 max_shift: 0.002578 LBFGS: function start/end, n_calls: -1746182.361239 -1746182.371039 101
cycle:  94 max_shift: 0.002204 LBFGS: function start/end, n_calls: -1746182.371039 -1746182.376574 101
cycle:  95 max_shift: 0.002786 LBFGS: function start/end, n_calls: -1746182.376574 -1746182.386150 101
cycle:  96 max_shift: 0.007802 LBFGS: function start/end, n_calls: -1746182.386150 -1746182.410835 101
cycle:  97 max_shift: 0.003821 LBFGS: function start/end, n_calls: -1746182.410835 -1746182.421009 101
cycle:  98 max_shift: 0.003019 LBFGS: function start/end, n_calls: -1746182.421009 -1746182.432454 101
cycle:  99 max_shift: 0.002834 LBFGS: function start/end, n_calls: -1746182.432454 -1746182.439411 101
final: bond:  0.008 angle:   0.89 clash:   0.0 rota:  0.00 rama: f: 100.00 o:   0.00 Z:   3.33 cb:   0.00
See 4_refined.pdb in pdb folder.
Time: 935.9152
