Starting Q|R
version:   v1.0-208-g2886d5-dirty  
Running refinement
   input {
     xray_data {
       file_name = None
       labels = None
       high_resolution = None
       low_resolution = None
       outliers_rejection = True
       french_wilson_scale = True
       french_wilson {
         max_bins = 60
         min_bin_size = 40
       }
       sigma_fobs_rejection_criterion = None
       sigma_iobs_rejection_criterion = None
       ignore_all_zeros = True
       force_anomalous_flag_to_be_equal_to = None
       convert_to_non_anomalous_if_ratio_pairs_lone_less_than_threshold = 0.5
       r_free_flags {
         file_name = None
         label = None
         test_flag_value = None
         ignore_r_free_flags = False
         disable_suitability_test = False
         ignore_pdb_hexdigest = False
         generate = False
         fraction = 0.1
         max_free = 2000
         lattice_symmetry_max_delta = 5
         use_lattice_symmetry = True
         use_dataman_shells = False
         n_shells = 20
       }
     }
     pdb {
       file_name = None
     }
     monomers {
       file_name = None
     }
     maps {
       map_file_name = None
       d_min = None
       map_coefficients_file_name = None
       map_coefficients_label = None
     }
     sequence = None
     scattering_table = wk1995 it1992 *n_gaussian neutron electron
     wavelength = None
     energy = None
     twin_law = Auto
   }
   max_atoms = 15000
   debug = False
   cluster {
     fast_interaction = True
     charge_cutoff = 8.0
     clustering = false
     charge_embedding = False
     two_buffers = False
     maxnum_residues_in_cluster = 15
     select_within_radius = 10
     clustering_method = gnc *bcc
     altloc_method = average *subtract
     g_scan = 10 15 20
     g_mode = None
     save_clusters = True
     bond_with_altloc = True
     re_calculate_rmsd_tolerance = 0.5
   }
   restraints = cctbx *qm
   expansion = False
   quantum {
     engine_name = mopac ani *torchani terachem turbomole pyscf orca gaussian \
                   xtb
     basis = Auto
     charge = None
     method = Auto
     memory = None
     nproc = None
     qm_addon = gcp dftd3 gcp-d3
     qm_addon_method = None
   }
   refine {
     dry_run = False
     sf_algorithm = *direct fft
     refinement_target_name = *ml ls_wunit_k1
     mode = *opt refine gtest
     number_of_macro_cycles = 1
     number_of_weight_search_cycles = 50
     number_of_refine_cycles = 5
     number_of_micro_cycles = 100
     data_weight = None
     choose_best_use_r_work = False
     skip_weight_search = False
     adjust_restraints_weight_scale_value = 2
     max_iterations_weight = 50
     max_iterations_refine = 50
     use_ase_lbfgs = False
     line_search = True
     stpmax = 0.2
     gradient_only = true
     update_all_scales = True
     refine_sites = True
     refine_adp = False
     restraints_weight_scale = 1.0
     shake_sites = False
     use_convergence_test = True
     max_bond_rmsd = 0.03
     max_r_work_r_free_gap = 5.0
     r_tolerance = 0.001
     rmsd_tolerance = 0.01
     opt_log = False
     pre_opt = False
     pre_opt_stpmax = 0.1
     pre_opt_iter = 10
     pre_opt_switch = 2
     pre_opt_gconv = 3000
     minimizer = *lbfgs lbfgsb
   }
   parallel {
     method = *multiprocessing slurm pbs sge lsf threading
     nproc = None
     qsub_command = None
   }
   output_file_name_prefix = None
   output_folder_name = "pdb"
   rst_file = None
   dump_gradients = None

Setting QM defaults
  Setting QM method to HF
  Setting QM basis to 6-31g


***********************************************************
restart info will be stored in /home/yanting/work/aniserver_1_qr/ani_qr_test/cctbx_lbfgs/qr-ani-test/qr-ani/lbfgs/0.3/pdb/8.rst.pickle
***********************************************************

start: bond:  0.016 angle:   1.39 clash:   0.0 rota:  0.00 rama: f: 100.00 o:   0.00 Z:   1.09 cb:   0.00
cycle:   0 max_shift: 0.315072 LBFGS: function start/end, n_calls: -1746128.717968 -1746177.713757 100
cycle:   1 max_shift: 0.116188 LBFGS: function start/end, n_calls: -1746177.713757 -1746179.274637 101
cycle:   2 max_shift: 0.068601 LBFGS: function start/end, n_calls: -1746179.274637 -1746179.937185 101
cycle:   3 max_shift: 0.051767 LBFGS: function start/end, n_calls: -1746179.937185 -1746180.300363 101
cycle:   4 max_shift: 0.030813 LBFGS: function start/end, n_calls: -1746180.300363 -1746180.531959 101
cycle:   5 max_shift: 0.021675 LBFGS: function start/end, n_calls: -1746180.531959 -1746180.671321 101
cycle:   6 max_shift: 0.007236 LBFGS: function start/end, n_calls: -1746180.671321 -1746180.725405 101
cycle:   7 max_shift: 0.009235 LBFGS: function start/end, n_calls: -1746180.725405 -1746180.775300 101
cycle:   8 max_shift: 0.012649 LBFGS: function start/end, n_calls: -1746180.775300 -1746180.843522 101
cycle:   9 max_shift: 0.007643 LBFGS: function start/end, n_calls: -1746180.843522 -1746180.898877 101
cycle:  10 max_shift: 0.018195 LBFGS: function start/end, n_calls: -1746180.898877 -1746180.986848 101
cycle:  11 max_shift: 0.006014 LBFGS: function start/end, n_calls: -1746180.986848 -1746181.039062 101
cycle:  12 max_shift: 0.010028 LBFGS: function start/end, n_calls: -1746181.039062 -1746181.086488 101
cycle:  13 max_shift: 0.004811 LBFGS: function start/end, n_calls: -1746181.086488 -1746181.119178 101
cycle:  14 max_shift: 0.008180 LBFGS: function start/end, n_calls: -1746181.119178 -1746181.154261 101
cycle:  15 max_shift: 0.005222 LBFGS: function start/end, n_calls: -1746181.154261 -1746181.193609 101
cycle:  16 max_shift: 0.003485 LBFGS: function start/end, n_calls: -1746181.193609 -1746181.207597 101
cycle:  17 max_shift: 0.003695 LBFGS: function start/end, n_calls: -1746181.207597 -1746181.234228 101
cycle:  18 max_shift: 0.004374 LBFGS: function start/end, n_calls: -1746181.234228 -1746181.257343 101
cycle:  19 max_shift: 0.003199 LBFGS: function start/end, n_calls: -1746181.257343 -1746181.272977 101
cycle:  20 max_shift: 0.006188 LBFGS: function start/end, n_calls: -1746181.272977 -1746181.299982 101
cycle:  21 max_shift: 0.004684 LBFGS: function start/end, n_calls: -1746181.299982 -1746181.326088 101
cycle:  22 max_shift: 0.003733 LBFGS: function start/end, n_calls: -1746181.326088 -1746181.344565 101
cycle:  23 max_shift: 0.012693 LBFGS: function start/end, n_calls: -1746181.344565 -1746181.123741 101
cycle:  24 max_shift: 0.009834 LBFGS: function start/end, n_calls: -1746181.123741 -1746181.429469 101
cycle:  25 max_shift: 0.002749 LBFGS: function start/end, n_calls: -1746181.429469 -1746181.454977 101
cycle:  26 max_shift: 0.003818 LBFGS: function start/end, n_calls: -1746181.454977 -1746181.473753 101
cycle:  27 max_shift: 0.003395 LBFGS: function start/end, n_calls: -1746181.473753 -1746181.495896 101
cycle:  28 max_shift: 0.001892 LBFGS: function start/end, n_calls: -1746181.495896 -1746181.509660 101
cycle:  29 max_shift: 0.002402 LBFGS: function start/end, n_calls: -1746181.509660 -1746181.513026 101
cycle:  30 max_shift: 0.002391 LBFGS: function start/end, n_calls: -1746181.513026 -1746181.534570 101
cycle:  31 max_shift: 0.002748 LBFGS: function start/end, n_calls: -1746181.534570 -1746181.543696 101
cycle:  32 max_shift: 0.003392 LBFGS: function start/end, n_calls: -1746181.543696 -1746181.561200 101
cycle:  33 max_shift: 0.002341 LBFGS: function start/end, n_calls: -1746181.561200 -1746181.582894 101
cycle:  34 max_shift: 0.003001 LBFGS: function start/end, n_calls: -1746181.582894 -1746181.590000 101
cycle:  35 max_shift: 0.002344 LBFGS: function start/end, n_calls: -1746181.590000 -1746181.605709 101
cycle:  36 max_shift: 0.001503 LBFGS: function start/end, n_calls: -1746181.605709 -1746181.610572 101
cycle:  37 max_shift: 0.002182 LBFGS: function start/end, n_calls: -1746181.610572 -1746181.622989 101
cycle:  38 max_shift: 0.003034 LBFGS: function start/end, n_calls: -1746181.622989 -1746181.640868 101
cycle:  39 max_shift: 0.001656 LBFGS: function start/end, n_calls: -1746181.640868 -1746181.649321 101
cycle:  40 max_shift: 0.002922 LBFGS: function start/end, n_calls: -1746181.649321 -1746181.665479 101
cycle:  41 max_shift: 0.002939 LBFGS: function start/end, n_calls: -1746181.665479 -1746181.670116 101
cycle:  42 max_shift: 0.002731 LBFGS: function start/end, n_calls: -1746181.670116 -1746181.693156 101
cycle:  43 max_shift: 0.002086 LBFGS: function start/end, n_calls: -1746181.693156 -1746181.703105 101
cycle:  44 max_shift: 0.002222 LBFGS: function start/end, n_calls: -1746181.703105 -1746181.710810 101
cycle:  45 max_shift: 0.002249 LBFGS: function start/end, n_calls: -1746181.710810 -1746181.728390 101
cycle:  46 max_shift: 0.002113 LBFGS: function start/end, n_calls: -1746181.728390 -1746181.742378 101
cycle:  47 max_shift: 0.002302 LBFGS: function start/end, n_calls: -1746181.742378 -1746181.745221 101
cycle:  48 max_shift: 0.002018 LBFGS: function start/end, n_calls: -1746181.745221 -1746181.763922 101
cycle:  49 max_shift: 0.001780 LBFGS: function start/end, n_calls: -1746181.763922 -1746181.768410 101
cycle:  50 max_shift: 0.002249 LBFGS: function start/end, n_calls: -1746181.768410 -1746181.784194 101
cycle:  51 max_shift: 0.002359 LBFGS: function start/end, n_calls: -1746181.784194 -1746181.794442 101
cycle:  52 max_shift: 0.002400 LBFGS: function start/end, n_calls: -1746181.794442 -1746181.806635 101
cycle:  53 max_shift: 0.001975 LBFGS: function start/end, n_calls: -1746181.806635 -1746181.818679 101
cycle:  54 max_shift: 0.001850 LBFGS: function start/end, n_calls: -1746181.818679 -1746181.829002 101
cycle:  55 max_shift: 0.001816 LBFGS: function start/end, n_calls: -1746181.829002 -1746181.837455 101
cycle:  56 max_shift: 0.019328 LBFGS: function start/end, n_calls: -1746181.837455 -1746180.896259 101
cycle:  57 max_shift: 0.017687 LBFGS: function start/end, n_calls: -1746180.896259 -1746181.831471 101
cycle:  58 max_shift: 0.003008 LBFGS: function start/end, n_calls: -1746181.831471 -1746181.857802 101
cycle:  59 max_shift: 0.001784 LBFGS: function start/end, n_calls: -1746181.857802 -1746181.863861 101
cycle:  60 max_shift: 0.008017 LBFGS: function start/end, n_calls: -1746181.863861 -1746181.896925 101
cycle:  61 max_shift: 0.002384 LBFGS: function start/end, n_calls: -1746181.896925 -1746181.914579 101
cycle:  62 max_shift: 0.002153 LBFGS: function start/end, n_calls: -1746181.914579 -1746181.926398 101
cycle:  63 max_shift: 0.001630 LBFGS: function start/end, n_calls: -1746181.926398 -1746181.938517 101
cycle:  64 max_shift: 0.001520 LBFGS: function start/end, n_calls: -1746181.938517 -1746181.943753 101
cycle:  65 max_shift: 0.002021 LBFGS: function start/end, n_calls: -1746181.943753 -1746181.951757 101
cycle:  66 max_shift: 0.001577 LBFGS: function start/end, n_calls: -1746181.951757 -1746181.962679 101
cycle:  67 max_shift: 0.001173 LBFGS: function start/end, n_calls: -1746181.962679 -1746181.967541 101
cycle:  68 max_shift: 0.001803 LBFGS: function start/end, n_calls: -1746181.967541 -1746181.978388 101
cycle:  69 max_shift: 0.002160 LBFGS: function start/end, n_calls: -1746181.978388 -1746181.986990 101
cycle:  70 max_shift: 0.001774 LBFGS: function start/end, n_calls: -1746181.986990 -1746181.997089 101
cycle:  71 max_shift: 0.002044 LBFGS: function start/end, n_calls: -1746181.997089 -1746182.007113 101
cycle:  72 max_shift: 0.001487 LBFGS: function start/end, n_calls: -1746182.007113 -1746182.014070 101
cycle:  73 max_shift: 0.001662 LBFGS: function start/end, n_calls: -1746182.014070 -1746182.026038 101
cycle:  74 max_shift: 0.002047 LBFGS: function start/end, n_calls: -1746182.026038 -1746182.033669 101
cycle:  75 max_shift: 0.001498 LBFGS: function start/end, n_calls: -1746182.033669 -1746182.038606 101
cycle:  76 max_shift: 0.001849 LBFGS: function start/end, n_calls: -1746182.038606 -1746182.048555 101
cycle:  77 max_shift: 0.001592 LBFGS: function start/end, n_calls: -1746182.048555 -1746182.055138 101
cycle:  78 max_shift: 0.001800 LBFGS: function start/end, n_calls: -1746182.055138 -1746182.064638 101
cycle:  79 max_shift: 0.001571 LBFGS: function start/end, n_calls: -1746182.064638 -1746182.075933 101
cycle:  80 max_shift: 0.001372 LBFGS: function start/end, n_calls: -1746182.075933 -1746182.079898 101
cycle:  81 max_shift: 0.001684 LBFGS: function start/end, n_calls: -1746182.079898 -1746182.089847 101
cycle:  82 max_shift: 0.005725 LBFGS: function start/end, n_calls: -1746182.089847 -1746182.079748 101
cycle:  83 max_shift: 0.002853 LBFGS: function start/end, n_calls: -1746182.079748 -1746182.100769 101
cycle:  84 max_shift: 0.001610 LBFGS: function start/end, n_calls: -1746182.100769 -1746182.108025 101
cycle:  85 max_shift: 0.001293 LBFGS: function start/end, n_calls: -1746182.108025 -1746182.119619 101
cycle:  86 max_shift: 0.001203 LBFGS: function start/end, n_calls: -1746182.119619 -1746182.124407 101
cycle:  87 max_shift: 0.001513 LBFGS: function start/end, n_calls: -1746182.124407 -1746182.134580 101
cycle:  88 max_shift: 0.001756 LBFGS: function start/end, n_calls: -1746182.134580 -1746182.141537 101
cycle:  89 max_shift: 0.001174 LBFGS: function start/end, n_calls: -1746182.141537 -1746182.143482 101
cycle:  90 max_shift: 0.001241 LBFGS: function start/end, n_calls: -1746182.143482 -1746182.157321 101
cycle:  91 max_shift: 0.001029 LBFGS: function start/end, n_calls: -1746182.157321 -1746182.161735 101
cycle:  92 max_shift: 0.000995 LBFGS: function start/end, n_calls: -1746182.161735 -1746182.163754 101
cycle:  93 max_shift: 0.001194 LBFGS: function start/end, n_calls: -1746182.163754 -1746182.169514 101
cycle:  94 max_shift: 0.001244 LBFGS: function start/end, n_calls: -1746182.169514 -1746182.176396 101
cycle:  95 max_shift: 0.001071 LBFGS: function start/end, n_calls: -1746182.176396 -1746182.182381 101
cycle:  96 max_shift: 0.001420 LBFGS: function start/end, n_calls: -1746182.182381 -1746182.186570 101
cycle:  97 max_shift: 0.001496 LBFGS: function start/end, n_calls: -1746182.186570 -1746182.183503 101
cycle:  98 max_shift: 0.001594 LBFGS: function start/end, n_calls: -1746182.183503 -1746182.204523 101
cycle:  99 max_shift: 0.001582 LBFGS: function start/end, n_calls: -1746182.204523 -1746182.211854 101
final: bond:  0.008 angle:   0.88 clash:   0.0 rota:  0.00 rama: f: 100.00 o:   0.00 Z:   2.07 cb:   0.00
See 8_refined.pdb in pdb folder.
Time: 919.5598
