Starting Q|R
version:   v1.0-208-g2886d5-dirty  
Running refinement
   input {
     xray_data {
       file_name = None
       labels = None
       high_resolution = None
       low_resolution = None
       outliers_rejection = True
       french_wilson_scale = True
       french_wilson {
         max_bins = 60
         min_bin_size = 40
       }
       sigma_fobs_rejection_criterion = None
       sigma_iobs_rejection_criterion = None
       ignore_all_zeros = True
       force_anomalous_flag_to_be_equal_to = None
       convert_to_non_anomalous_if_ratio_pairs_lone_less_than_threshold = 0.5
       r_free_flags {
         file_name = None
         label = None
         test_flag_value = None
         ignore_r_free_flags = False
         disable_suitability_test = False
         ignore_pdb_hexdigest = False
         generate = False
         fraction = 0.1
         max_free = 2000
         lattice_symmetry_max_delta = 5
         use_lattice_symmetry = True
         use_dataman_shells = False
         n_shells = 20
       }
     }
     pdb {
       file_name = None
     }
     monomers {
       file_name = None
     }
     maps {
       map_file_name = None
       d_min = None
       map_coefficients_file_name = None
       map_coefficients_label = None
     }
     sequence = None
     scattering_table = wk1995 it1992 *n_gaussian neutron electron
     wavelength = None
     energy = None
     twin_law = Auto
   }
   max_atoms = 15000
   debug = False
   cluster {
     fast_interaction = True
     charge_cutoff = 8.0
     clustering = false
     charge_embedding = False
     two_buffers = False
     maxnum_residues_in_cluster = 15
     select_within_radius = 10
     clustering_method = gnc *bcc
     altloc_method = average *subtract
     g_scan = 10 15 20
     g_mode = None
     save_clusters = True
     bond_with_altloc = True
     re_calculate_rmsd_tolerance = 0.5
   }
   restraints = *cctbx qm
   expansion = False
   quantum {
     engine_name = *mopac ani torchani terachem turbomole pyscf orca gaussian \
                   xtb
     basis = Auto
     charge = None
     method = Auto
     memory = None
     nproc = None
     qm_addon = gcp dftd3 gcp-d3
     qm_addon_method = None
   }
   refine {
     dry_run = False
     sf_algorithm = *direct fft
     refinement_target_name = *ml ls_wunit_k1
     mode = *opt refine gtest
     number_of_macro_cycles = 1
     number_of_weight_search_cycles = 50
     number_of_refine_cycles = 5
     number_of_micro_cycles = 100
     data_weight = None
     choose_best_use_r_work = False
     skip_weight_search = False
     adjust_restraints_weight_scale_value = 2
     max_iterations_weight = 50
     max_iterations_refine = 50
     use_ase_lbfgs = False
     line_search = True
     stpmax = 0.2
     gradient_only = False
     update_all_scales = True
     refine_sites = True
     refine_adp = False
     restraints_weight_scale = 1.0
     shake_sites = False
     use_convergence_test = True
     max_bond_rmsd = 0.03
     max_r_work_r_free_gap = 5.0
     r_tolerance = 0.001
     rmsd_tolerance = 0.01
     opt_log = False
     pre_opt = False
     pre_opt_stpmax = 0.1
     pre_opt_iter = 10
     pre_opt_switch = 2
     pre_opt_gconv = 3000
     minimizer = lbfgs *lbfgsb
   }
   parallel {
     method = *multiprocessing slurm pbs sge lsf threading
     nproc = None
     qsub_command = None
   }
   output_file_name_prefix = None
   output_folder_name = "pdb"
   rst_file = None
   dump_gradients = None

Setting QM defaults
  Setting QM method to PM7


***********************************************************
restart info will be stored in /home/yanting/work/aniserver_1_qr/ani_qr_test/cctbx_lbfgs/qr-ani-test/qr-cctbx/lbfgs_b/0.3/pdb/0.rst.pickle
***********************************************************

start: bond:  0.016 angle:   1.35 clash:   0.0 rota:  0.00 rama: f: 100.00 o:   0.00 Z:  -2.29 cb:   0.00
cycle:   0 max_shift: 0.240301 LBFGS-B: function start/end, n_calls: 341.881822274 49.8282906248 52
cycle:   1 max_shift: 0.150386 LBFGS-B: function start/end, n_calls: 49.8282906248 45.5088241506 52
cycle:   2 max_shift: 0.054284 LBFGS-B: function start/end, n_calls: 45.5088241506 44.3244173814 52
cycle:   3 max_shift: 0.056279 LBFGS-B: function start/end, n_calls: 44.3244173814 43.6505158618 52
cycle:   4 max_shift: 0.066678 LBFGS-B: function start/end, n_calls: 43.6505158618 43.1394781009 52
cycle:   5 max_shift: 0.045297 LBFGS-B: function start/end, n_calls: 43.1394781009 42.7077495876 52
cycle:   6 max_shift: 0.043997 LBFGS-B: function start/end, n_calls: 42.7077495876 42.4136787823 51
cycle:   7 max_shift: 0.032293 LBFGS-B: function start/end, n_calls: 42.4136787823 42.167410775 51
cycle:   8 max_shift: 0.044099 LBFGS-B: function start/end, n_calls: 42.167410775 41.9513857186 51
cycle:   9 max_shift: 0.022808 LBFGS-B: function start/end, n_calls: 41.9513857186 41.7749131192 51
cycle:  10 max_shift: 0.038703 LBFGS-B: function start/end, n_calls: 41.7749131192 41.6154918936 52
cycle:  11 max_shift: 0.015886 LBFGS-B: function start/end, n_calls: 41.6154918936 41.4802986348 51
cycle:  12 max_shift: 0.038063 LBFGS-B: function start/end, n_calls: 41.4802986348 41.343015918 52
cycle:  13 max_shift: 0.012734 LBFGS-B: function start/end, n_calls: 41.343015918 41.226188684 52
cycle:  14 max_shift: 0.050499 LBFGS-B: function start/end, n_calls: 41.226188684 41.0871406034 52
cycle:  15 max_shift: 0.013539 LBFGS-B: function start/end, n_calls: 41.0871406034 40.9375400391 51
cycle:  16 max_shift: 0.038681 LBFGS-B: function start/end, n_calls: 40.9375400391 40.8076401262 52
cycle:  17 max_shift: 0.012092 LBFGS-B: function start/end, n_calls: 40.8076401262 40.6999429322 51
cycle:  18 max_shift: 0.022372 LBFGS-B: function start/end, n_calls: 40.6999429322 40.6276773492 52
cycle:  19 max_shift: 0.010871 LBFGS-B: function start/end, n_calls: 40.6276773492 40.5462664539 51
cycle:  20 max_shift: 0.018898 LBFGS-B: function start/end, n_calls: 40.5462664539 40.4841057082 52
cycle:  21 max_shift: 0.010143 LBFGS-B: function start/end, n_calls: 40.4841057082 40.4228830506 52
cycle:  22 max_shift: 0.009079 LBFGS-B: function start/end, n_calls: 40.4228830506 40.3895154498 51
cycle:  23 max_shift: 0.007599 LBFGS-B: function start/end, n_calls: 40.3895154498 40.3568190245 51
cycle:  24 max_shift: 0.008463 LBFGS-B: function start/end, n_calls: 40.3568190245 40.3258548377 51
cycle:  25 max_shift: 0.007343 LBFGS-B: function start/end, n_calls: 40.3258548377 40.2978011391 51
cycle:  26 max_shift: 0.006738 LBFGS-B: function start/end, n_calls: 40.2978011391 40.2712194008 51
cycle:  27 max_shift: 0.010994 LBFGS-B: function start/end, n_calls: 40.2712194008 40.2424751152 52
cycle:  28 max_shift: 0.006312 LBFGS-B: function start/end, n_calls: 40.2424751152 40.2149310482 52
cycle:  29 max_shift: 0.016157 LBFGS-B: function start/end, n_calls: 40.2149310482 40.1754657193 51
cycle:  30 max_shift: 0.012210 LBFGS-B: function start/end, n_calls: 40.1754657193 40.1278739758 52
cycle:  31 max_shift: 0.009597 LBFGS-B: function start/end, n_calls: 40.1278739758 40.0970384234 52
cycle:  32 max_shift: 0.007028 LBFGS-B: function start/end, n_calls: 40.0970384234 40.0769030975 52
cycle:  33 max_shift: 0.006324 LBFGS-B: function start/end, n_calls: 40.0769030975 40.05810718 51
cycle:  34 max_shift: 0.008993 LBFGS-B: function start/end, n_calls: 40.05810718 40.037972275 51
cycle:  35 max_shift: 0.005460 LBFGS-B: function start/end, n_calls: 40.037972275 40.0189877932 51
cycle:  36 max_shift: 0.008276 LBFGS-B: function start/end, n_calls: 40.0189877932 39.9994297977 51
cycle:  37 max_shift: 0.005555 LBFGS-B: function start/end, n_calls: 39.9994297977 39.9830504704 51
cycle:  38 max_shift: 0.007120 LBFGS-B: function start/end, n_calls: 39.9830504704 39.9659036355 52
cycle:  39 max_shift: 0.005938 LBFGS-B: function start/end, n_calls: 39.9659036355 39.9506940354 51
cycle:  40 max_shift: 0.006994 LBFGS-B: function start/end, n_calls: 39.9506940354 39.9352570599 52
cycle:  41 max_shift: 0.005997 LBFGS-B: function start/end, n_calls: 39.9352570599 39.9214461999 52
cycle:  42 max_shift: 0.008644 LBFGS-B: function start/end, n_calls: 39.9214461999 39.9043709327 52
cycle:  43 max_shift: 0.005070 LBFGS-B: function start/end, n_calls: 39.9043709327 39.8883118006 52
cycle:  44 max_shift: 0.012177 LBFGS-B: function start/end, n_calls: 39.8883118006 39.8682581519 52
cycle:  45 max_shift: 0.004959 LBFGS-B: function start/end, n_calls: 39.8682581519 39.8494290402 52
cycle:  46 max_shift: 0.019088 LBFGS-B: function start/end, n_calls: 39.8494290402 39.8258389693 52
cycle:  47 max_shift: 0.005812 LBFGS-B: function start/end, n_calls: 39.8258389693 39.8008458069 51
cycle:  48 max_shift: 0.019806 LBFGS-B: function start/end, n_calls: 39.8008458069 39.7739460667 52
cycle:  49 max_shift: 0.004905 LBFGS-B: function start/end, n_calls: 39.7739460667 39.7568634449 52
cycle:  50 max_shift: 0.013586 LBFGS-B: function start/end, n_calls: 39.7568634449 39.7421447679 52
cycle:  51 max_shift: 0.004656 LBFGS-B: function start/end, n_calls: 39.7421447679 39.7299048353 52
cycle:  52 max_shift: 0.005124 LBFGS-B: function start/end, n_calls: 39.7299048353 39.7237701636 51
cycle:  53 max_shift: 0.004429 LBFGS-B: function start/end, n_calls: 39.7237701636 39.7176572254 51
cycle:  54 max_shift: 0.004598 LBFGS-B: function start/end, n_calls: 39.7176572254 39.711915783 52
cycle:  55 max_shift: 0.003269 LBFGS-B: function start/end, n_calls: 39.711915783 39.7065307001 52
cycle:  56 max_shift: 0.004880 LBFGS-B: function start/end, n_calls: 39.7065307001 39.7008927944 51
cycle:  57 max_shift: 0.002989 LBFGS-B: function start/end, n_calls: 39.7008927944 39.6957698379 51
cycle:  58 max_shift: 0.005251 LBFGS-B: function start/end, n_calls: 39.6957698379 39.6902159973 51
cycle:  59 max_shift: 0.003089 LBFGS-B: function start/end, n_calls: 39.6902159973 39.6852668367 51
cycle:  60 max_shift: 0.012579 LBFGS-B: function start/end, n_calls: 39.6852668367 39.6752773656 52
cycle:  61 max_shift: 0.003099 LBFGS-B: function start/end, n_calls: 39.6752773656 39.6656628219 51
cycle:  62 max_shift: 0.008985 LBFGS-B: function start/end, n_calls: 39.6656628219 39.657876673 51
cycle:  63 max_shift: 0.002856 LBFGS-B: function start/end, n_calls: 39.657876673 39.6521729164 52
cycle:  64 max_shift: 0.005465 LBFGS-B: function start/end, n_calls: 39.6521729164 39.6474441756 51
cycle:  65 max_shift: 0.002797 LBFGS-B: function start/end, n_calls: 39.6474441756 39.643419973 52
cycle:  66 max_shift: 0.002852 LBFGS-B: function start/end, n_calls: 39.643419973 39.6406017231 52
cycle:  67 max_shift: 0.004211 LBFGS-B: function start/end, n_calls: 39.6406017231 39.6374548803 51
cycle:  68 max_shift: 0.002714 LBFGS-B: function start/end, n_calls: 39.6374548803 39.6341987426 51
cycle:  69 max_shift: 0.005096 LBFGS-B: function start/end, n_calls: 39.6341987426 39.6306232087 52
cycle:  70 max_shift: 0.002579 LBFGS-B: function start/end, n_calls: 39.6306232087 39.6276297445 52
cycle:  71 max_shift: 0.004609 LBFGS-B: function start/end, n_calls: 39.6276297445 39.6245710415 52
cycle:  72 max_shift: 0.002456 LBFGS-B: function start/end, n_calls: 39.6245710415 39.6216618466 52
cycle:  73 max_shift: 0.004573 LBFGS-B: function start/end, n_calls: 39.6216618466 39.6189257342 51
cycle:  74 max_shift: 0.002465 LBFGS-B: function start/end, n_calls: 39.6189257342 39.6161957119 51
cycle:  75 max_shift: 0.003712 LBFGS-B: function start/end, n_calls: 39.6161957119 39.6139444101 51
cycle:  76 max_shift: 0.002871 LBFGS-B: function start/end, n_calls: 39.6139444101 39.6112583936 52
cycle:  77 max_shift: 0.004216 LBFGS-B: function start/end, n_calls: 39.6112583936 39.6082967682 52
cycle:  78 max_shift: 0.002145 LBFGS-B: function start/end, n_calls: 39.6082967682 39.6061446075 51
cycle:  79 max_shift: 0.006364 LBFGS-B: function start/end, n_calls: 39.6061446075 39.6028749292 51
cycle:  80 max_shift: 0.001836 LBFGS-B: function start/end, n_calls: 39.6028749292 39.6000114814 51
cycle:  81 max_shift: 0.007842 LBFGS-B: function start/end, n_calls: 39.6000114814 39.5964984403 52
cycle:  82 max_shift: 0.001796 LBFGS-B: function start/end, n_calls: 39.5964984403 39.5933283546 52
cycle:  83 max_shift: 0.008571 LBFGS-B: function start/end, n_calls: 39.5933283546 39.5898425323 52
cycle:  84 max_shift: 0.001992 LBFGS-B: function start/end, n_calls: 39.5898425323 39.5867857159 51
cycle:  85 max_shift: 0.008092 LBFGS-B: function start/end, n_calls: 39.5867857159 39.5842101694 52
cycle:  86 max_shift: 0.002172 LBFGS-B: function start/end, n_calls: 39.5842101694 39.5811215943 52
cycle:  87 max_shift: 0.004747 LBFGS-B: function start/end, n_calls: 39.5811215943 39.5792761337 51
cycle:  88 max_shift: 0.001828 LBFGS-B: function start/end, n_calls: 39.5792761337 39.5776695146 51
cycle:  89 max_shift: 0.003161 LBFGS-B: function start/end, n_calls: 39.5776695146 39.5764599169 51
cycle:  90 max_shift: 0.005045 LBFGS-B: function start/end, n_calls: 39.5764599169 39.5745266282 51
cycle:  91 max_shift: 0.001271 LBFGS-B: function start/end, n_calls: 39.5745266282 39.5723980609 51
cycle:  92 max_shift: 0.002077 LBFGS-B: function start/end, n_calls: 39.5723980609 39.5714229072 51
cycle:  93 max_shift: 0.001453 LBFGS-B: function start/end, n_calls: 39.5714229072 39.5705093351 51
cycle:  94 max_shift: 0.001835 LBFGS-B: function start/end, n_calls: 39.5705093351 39.5696569636 51
cycle:  95 max_shift: 0.001608 LBFGS-B: function start/end, n_calls: 39.5696569636 39.5687430213 51
cycle:  96 max_shift: 0.002295 LBFGS-B: function start/end, n_calls: 39.5687430213 39.5677625387 52
cycle:  97 max_shift: 0.001188 LBFGS-B: function start/end, n_calls: 39.5677625387 39.566851228 52
cycle:  98 max_shift: 0.002360 LBFGS-B: function start/end, n_calls: 39.566851228 39.5658163252 52
cycle:  99 max_shift: 0.001459 LBFGS-B: function start/end, n_calls: 39.5658163252 39.5650431299 52
final: bond:  0.000 angle:   0.28 clash:   0.0 rota:  0.00 rama: f: 100.00 o:   0.00 Z:   1.81 cb:   0.00
See 0_refined.pdb in pdb folder.
Time: 5.0579
