Starting Q|R
version:   v1.0-208-g2886d5-dirty  
Running refinement
   input {
     xray_data {
       file_name = None
       labels = None
       high_resolution = None
       low_resolution = None
       outliers_rejection = True
       french_wilson_scale = True
       french_wilson {
         max_bins = 60
         min_bin_size = 40
       }
       sigma_fobs_rejection_criterion = None
       sigma_iobs_rejection_criterion = None
       ignore_all_zeros = True
       force_anomalous_flag_to_be_equal_to = None
       convert_to_non_anomalous_if_ratio_pairs_lone_less_than_threshold = 0.5
       r_free_flags {
         file_name = None
         label = None
         test_flag_value = None
         ignore_r_free_flags = False
         disable_suitability_test = False
         ignore_pdb_hexdigest = False
         generate = False
         fraction = 0.1
         max_free = 2000
         lattice_symmetry_max_delta = 5
         use_lattice_symmetry = True
         use_dataman_shells = False
         n_shells = 20
       }
     }
     pdb {
       file_name = None
     }
     monomers {
       file_name = None
     }
     maps {
       map_file_name = None
       d_min = None
       map_coefficients_file_name = None
       map_coefficients_label = None
     }
     sequence = None
     scattering_table = wk1995 it1992 *n_gaussian neutron electron
     wavelength = None
     energy = None
     twin_law = Auto
   }
   max_atoms = 15000
   debug = False
   cluster {
     fast_interaction = True
     charge_cutoff = 8.0
     clustering = false
     charge_embedding = False
     two_buffers = False
     maxnum_residues_in_cluster = 15
     select_within_radius = 10
     clustering_method = gnc *bcc
     altloc_method = average *subtract
     g_scan = 10 15 20
     g_mode = None
     save_clusters = True
     bond_with_altloc = True
     re_calculate_rmsd_tolerance = 0.5
   }
   restraints = *cctbx qm
   expansion = False
   quantum {
     engine_name = *mopac ani torchani terachem turbomole pyscf orca gaussian \
                   xtb
     basis = Auto
     charge = None
     method = Auto
     memory = None
     nproc = None
     qm_addon = gcp dftd3 gcp-d3
     qm_addon_method = None
   }
   refine {
     dry_run = False
     sf_algorithm = *direct fft
     refinement_target_name = *ml ls_wunit_k1
     mode = *opt refine gtest
     number_of_macro_cycles = 1
     number_of_weight_search_cycles = 50
     number_of_refine_cycles = 5
     number_of_micro_cycles = 100
     data_weight = None
     choose_best_use_r_work = False
     skip_weight_search = False
     adjust_restraints_weight_scale_value = 2
     max_iterations_weight = 50
     max_iterations_refine = 50
     use_ase_lbfgs = False
     line_search = True
     stpmax = 0.2
     gradient_only = False
     update_all_scales = True
     refine_sites = True
     refine_adp = False
     restraints_weight_scale = 1.0
     shake_sites = False
     use_convergence_test = True
     max_bond_rmsd = 0.03
     max_r_work_r_free_gap = 5.0
     r_tolerance = 0.001
     rmsd_tolerance = 0.01
     opt_log = False
     pre_opt = False
     pre_opt_stpmax = 0.1
     pre_opt_iter = 10
     pre_opt_switch = 2
     pre_opt_gconv = 3000
     minimizer = lbfgs *lbfgsb
   }
   parallel {
     method = *multiprocessing slurm pbs sge lsf threading
     nproc = None
     qsub_command = None
   }
   output_file_name_prefix = None
   output_folder_name = "pdb"
   rst_file = None
   dump_gradients = None

Setting QM defaults
  Setting QM method to PM7


***********************************************************
restart info will be stored in /home/yanting/work/aniserver_1_qr/ani_qr_test/cctbx_lbfgs/qr-ani-test/qr-cctbx/lbfgs_b/0.3/pdb/1.rst.pickle
***********************************************************

start: bond:  0.013 angle:   1.43 clash:  11.0 rota:  0.00 rama: f:  90.91 o:   0.00 Z:  -4.19 cb:   0.00
cycle:   0 max_shift: 0.201802 LBFGS-B: function start/end, n_calls: 257.286591246 56.1355227806 51
cycle:   1 max_shift: 0.212819 LBFGS-B: function start/end, n_calls: 56.1355227806 48.1625202541 51
cycle:   2 max_shift: 0.064986 LBFGS-B: function start/end, n_calls: 48.1625202541 45.965672877 52
cycle:   3 max_shift: 0.139663 LBFGS-B: function start/end, n_calls: 45.965672877 44.6212473309 51
cycle:   4 max_shift: 0.044542 LBFGS-B: function start/end, n_calls: 44.6212473309 43.6895269544 52
cycle:   5 max_shift: 0.114054 LBFGS-B: function start/end, n_calls: 43.6895269544 43.0354551061 52
cycle:   6 max_shift: 0.031828 LBFGS-B: function start/end, n_calls: 43.0354551061 42.5215875714 51
cycle:   7 max_shift: 0.223343 LBFGS-B: function start/end, n_calls: 42.5215875714 41.6528983014 52
cycle:   8 max_shift: 0.023724 LBFGS-B: function start/end, n_calls: 41.6528983014 41.1592410757 52
cycle:   9 max_shift: 0.037911 LBFGS-B: function start/end, n_calls: 41.1592410757 41.0203697001 51
cycle:  10 max_shift: 0.017952 LBFGS-B: function start/end, n_calls: 41.0203697001 40.8940780582 52
cycle:  11 max_shift: 0.028402 LBFGS-B: function start/end, n_calls: 40.8940780582 40.8088139331 52
cycle:  12 max_shift: 0.015818 LBFGS-B: function start/end, n_calls: 40.8088139331 40.7313426658 52
cycle:  13 max_shift: 0.030533 LBFGS-B: function start/end, n_calls: 40.7313426658 40.6485372361 52
cycle:  14 max_shift: 0.013062 LBFGS-B: function start/end, n_calls: 40.6485372361 40.5642506171 51
cycle:  15 max_shift: 0.021836 LBFGS-B: function start/end, n_calls: 40.5642506171 40.4913268505 52
cycle:  16 max_shift: 0.017414 LBFGS-B: function start/end, n_calls: 40.4913268505 40.4344272767 52
cycle:  17 max_shift: 0.013424 LBFGS-B: function start/end, n_calls: 40.4344272767 40.3936118406 51
cycle:  18 max_shift: 0.018858 LBFGS-B: function start/end, n_calls: 40.3936118406 40.3481395089 52
cycle:  19 max_shift: 0.011351 LBFGS-B: function start/end, n_calls: 40.3481395089 40.3075664131 51
cycle:  20 max_shift: 0.029412 LBFGS-B: function start/end, n_calls: 40.3075664131 40.2514298669 52
cycle:  21 max_shift: 0.010319 LBFGS-B: function start/end, n_calls: 40.2514298669 40.1931793366 52
cycle:  22 max_shift: 0.022896 LBFGS-B: function start/end, n_calls: 40.1931793366 40.1514925677 51
cycle:  23 max_shift: 0.011578 LBFGS-B: function start/end, n_calls: 40.1514925677 40.1144884376 52
cycle:  24 max_shift: 0.013360 LBFGS-B: function start/end, n_calls: 40.1144884376 40.0899737584 52
cycle:  25 max_shift: 0.009526 LBFGS-B: function start/end, n_calls: 40.0899737584 40.0659842453 51
cycle:  26 max_shift: 0.011697 LBFGS-B: function start/end, n_calls: 40.0659842453 40.0436176943 51
cycle:  27 max_shift: 0.009194 LBFGS-B: function start/end, n_calls: 40.0436176943 40.0247055586 52
cycle:  28 max_shift: 0.016591 LBFGS-B: function start/end, n_calls: 40.0247055586 39.9979495839 51
cycle:  29 max_shift: 0.009035 LBFGS-B: function start/end, n_calls: 39.9979495839 39.9745179281 51
cycle:  30 max_shift: 0.009703 LBFGS-B: function start/end, n_calls: 39.9745179281 39.9578383352 51
cycle:  31 max_shift: 0.009868 LBFGS-B: function start/end, n_calls: 39.9578383352 39.9406606164 52
cycle:  32 max_shift: 0.009730 LBFGS-B: function start/end, n_calls: 39.9406606164 39.9251747006 51
cycle:  33 max_shift: 0.008743 LBFGS-B: function start/end, n_calls: 39.9251747006 39.9090790893 52
cycle:  34 max_shift: 0.007725 LBFGS-B: function start/end, n_calls: 39.9090790893 39.8946943029 51
cycle:  35 max_shift: 0.009714 LBFGS-B: function start/end, n_calls: 39.8946943029 39.8799795461 52
cycle:  36 max_shift: 0.009808 LBFGS-B: function start/end, n_calls: 39.8799795461 39.8650302471 52
cycle:  37 max_shift: 0.006550 LBFGS-B: function start/end, n_calls: 39.8650302471 39.8523220001 52
cycle:  38 max_shift: 0.011613 LBFGS-B: function start/end, n_calls: 39.8523220001 39.8376161051 52
cycle:  39 max_shift: 0.005828 LBFGS-B: function start/end, n_calls: 39.8376161051 39.8242885833 52
cycle:  40 max_shift: 0.015218 LBFGS-B: function start/end, n_calls: 39.8242885833 39.8078931496 51
cycle:  41 max_shift: 0.006794 LBFGS-B: function start/end, n_calls: 39.8078931496 39.7921048731 52
cycle:  42 max_shift: 0.012970 LBFGS-B: function start/end, n_calls: 39.7921048731 39.780093821 52
cycle:  43 max_shift: 0.005850 LBFGS-B: function start/end, n_calls: 39.780093821 39.7664689327 52
cycle:  44 max_shift: 0.011666 LBFGS-B: function start/end, n_calls: 39.7664689327 39.7552166731 51
cycle:  45 max_shift: 0.005791 LBFGS-B: function start/end, n_calls: 39.7552166731 39.7440041517 52
cycle:  46 max_shift: 0.010090 LBFGS-B: function start/end, n_calls: 39.7440041517 39.7344293979 51
cycle:  47 max_shift: 0.004928 LBFGS-B: function start/end, n_calls: 39.7344293979 39.725109298 52
cycle:  48 max_shift: 0.013385 LBFGS-B: function start/end, n_calls: 39.725109298 39.7136336116 52
cycle:  49 max_shift: 0.005633 LBFGS-B: function start/end, n_calls: 39.7136336116 39.7025280973 52
cycle:  50 max_shift: 0.007957 LBFGS-B: function start/end, n_calls: 39.7025280973 39.6959719634 51
cycle:  51 max_shift: 0.004278 LBFGS-B: function start/end, n_calls: 39.6959719634 39.6895034896 52
cycle:  52 max_shift: 0.009178 LBFGS-B: function start/end, n_calls: 39.6895034896 39.6822249298 51
cycle:  53 max_shift: 0.004406 LBFGS-B: function start/end, n_calls: 39.6822249298 39.6756353889 51
cycle:  54 max_shift: 0.007944 LBFGS-B: function start/end, n_calls: 39.6756353889 39.669160362 52
cycle:  55 max_shift: 0.003818 LBFGS-B: function start/end, n_calls: 39.669160362 39.6641439505 52
cycle:  56 max_shift: 0.035394 LBFGS-B: function start/end, n_calls: 39.6641439505 39.6454264005 52
cycle:  57 max_shift: 0.006753 LBFGS-B: function start/end, n_calls: 39.6454264005 39.6261342031 51
cycle:  58 max_shift: 0.034723 LBFGS-B: function start/end, n_calls: 39.6261342031 39.6110644434 52
cycle:  59 max_shift: 0.004774 LBFGS-B: function start/end, n_calls: 39.6110644434 39.597160503 52
cycle:  60 max_shift: 0.011235 LBFGS-B: function start/end, n_calls: 39.597160503 39.5929384008 52
cycle:  61 max_shift: 0.003804 LBFGS-B: function start/end, n_calls: 39.5929384008 39.5891077086 52
cycle:  62 max_shift: 0.002168 LBFGS-B: function start/end, n_calls: 39.5891077086 39.5876322601 51
cycle:  63 max_shift: 0.003487 LBFGS-B: function start/end, n_calls: 39.5876322601 39.5859825884 52
cycle:  64 max_shift: 0.002370 LBFGS-B: function start/end, n_calls: 39.5859825884 39.584116411 52
cycle:  65 max_shift: 0.002408 LBFGS-B: function start/end, n_calls: 39.584116411 39.5825695743 51
cycle:  66 max_shift: 0.002806 LBFGS-B: function start/end, n_calls: 39.5825695743 39.5810689232 51
cycle:  67 max_shift: 0.003966 LBFGS-B: function start/end, n_calls: 39.5810689232 39.5790671646 52
cycle:  68 max_shift: 0.001879 LBFGS-B: function start/end, n_calls: 39.5790671646 39.57750027 52
cycle:  69 max_shift: 0.002258 LBFGS-B: function start/end, n_calls: 39.57750027 39.5762682651 51
cycle:  70 max_shift: 0.001827 LBFGS-B: function start/end, n_calls: 39.5762682651 39.5752250995 51
cycle:  71 max_shift: 0.003792 LBFGS-B: function start/end, n_calls: 39.5752250995 39.5739268924 52
cycle:  72 max_shift: 0.001711 LBFGS-B: function start/end, n_calls: 39.5739268924 39.5723421533 51
cycle:  73 max_shift: 0.004008 LBFGS-B: function start/end, n_calls: 39.5723421533 39.5710134916 51
cycle:  74 max_shift: 0.001555 LBFGS-B: function start/end, n_calls: 39.5710134916 39.5694745752 51
cycle:  75 max_shift: 0.009134 LBFGS-B: function start/end, n_calls: 39.5694745752 39.5668961109 52
cycle:  76 max_shift: 0.001564 LBFGS-B: function start/end, n_calls: 39.5668961109 39.5643405805 52
cycle:  77 max_shift: 0.017199 LBFGS-B: function start/end, n_calls: 39.5643405805 39.5603744727 51
cycle:  78 max_shift: 0.002108 LBFGS-B: function start/end, n_calls: 39.5603744727 39.556123242 52
cycle:  79 max_shift: 0.010588 LBFGS-B: function start/end, n_calls: 39.556123242 39.553887152 51
cycle:  80 max_shift: 0.001674 LBFGS-B: function start/end, n_calls: 39.553887152 39.5517223562 51
cycle:  81 max_shift: 0.005797 LBFGS-B: function start/end, n_calls: 39.5517223562 39.550451629 51
cycle:  82 max_shift: 0.001751 LBFGS-B: function start/end, n_calls: 39.550451629 39.5493083922 52
cycle:  83 max_shift: 0.001968 LBFGS-B: function start/end, n_calls: 39.5493083922 39.5487035234 51
cycle:  84 max_shift: 0.001299 LBFGS-B: function start/end, n_calls: 39.5487035234 39.5482403683 51
cycle:  85 max_shift: 0.003551 LBFGS-B: function start/end, n_calls: 39.5482403683 39.5475330222 52
cycle:  86 max_shift: 0.001285 LBFGS-B: function start/end, n_calls: 39.5475330222 39.5468363385 52
cycle:  87 max_shift: 0.002530 LBFGS-B: function start/end, n_calls: 39.5468363385 39.5464030271 52
cycle:  88 max_shift: 0.001183 LBFGS-B: function start/end, n_calls: 39.5464030271 39.5458500485 51
cycle:  89 max_shift: 0.002213 LBFGS-B: function start/end, n_calls: 39.5458500485 39.5453816728 51
cycle:  90 max_shift: 0.001354 LBFGS-B: function start/end, n_calls: 39.5453816728 39.5449288211 52
cycle:  91 max_shift: 0.001314 LBFGS-B: function start/end, n_calls: 39.5449288211 39.5446111422 51
cycle:  92 max_shift: 0.003653 LBFGS-B: function start/end, n_calls: 39.5446111422 39.5440484268 52
cycle:  93 max_shift: 0.000995 LBFGS-B: function start/end, n_calls: 39.5440484268 39.5434503176 52
cycle:  94 max_shift: 0.010295 LBFGS-B: function start/end, n_calls: 39.5434503176 39.5419674697 52
cycle:  95 max_shift: 0.001026 LBFGS-B: function start/end, n_calls: 39.5419674697 39.5407213317 52
cycle:  96 max_shift: 0.004525 LBFGS-B: function start/end, n_calls: 39.5407213317 39.5400887806 52
cycle:  97 max_shift: 0.000855 LBFGS-B: function start/end, n_calls: 39.5400887806 39.5395813577 51
cycle:  98 max_shift: 0.004969 LBFGS-B: function start/end, n_calls: 39.5395813577 39.5389141012 52
cycle:  99 max_shift: 0.001011 LBFGS-B: function start/end, n_calls: 39.5389141012 39.5383938627 51
final: bond:  0.000 angle:   0.26 clash:   0.0 rota:  0.00 rama: f: 100.00 o:   0.00 Z:   1.72 cb:   0.00
See 1_refined.pdb in pdb folder.
Time: 5.1036
