Starting Q|R
version:   v1.0-208-g2886d5-dirty  
Running refinement
   input {
     xray_data {
       file_name = None
       labels = None
       high_resolution = None
       low_resolution = None
       outliers_rejection = True
       french_wilson_scale = True
       french_wilson {
         max_bins = 60
         min_bin_size = 40
       }
       sigma_fobs_rejection_criterion = None
       sigma_iobs_rejection_criterion = None
       ignore_all_zeros = True
       force_anomalous_flag_to_be_equal_to = None
       convert_to_non_anomalous_if_ratio_pairs_lone_less_than_threshold = 0.5
       r_free_flags {
         file_name = None
         label = None
         test_flag_value = None
         ignore_r_free_flags = False
         disable_suitability_test = False
         ignore_pdb_hexdigest = False
         generate = False
         fraction = 0.1
         max_free = 2000
         lattice_symmetry_max_delta = 5
         use_lattice_symmetry = True
         use_dataman_shells = False
         n_shells = 20
       }
     }
     pdb {
       file_name = None
     }
     monomers {
       file_name = None
     }
     maps {
       map_file_name = None
       d_min = None
       map_coefficients_file_name = None
       map_coefficients_label = None
     }
     sequence = None
     scattering_table = wk1995 it1992 *n_gaussian neutron electron
     wavelength = None
     energy = None
     twin_law = Auto
   }
   max_atoms = 15000
   debug = False
   cluster {
     fast_interaction = True
     charge_cutoff = 8.0
     clustering = false
     charge_embedding = False
     two_buffers = False
     maxnum_residues_in_cluster = 15
     select_within_radius = 10
     clustering_method = gnc *bcc
     altloc_method = average *subtract
     g_scan = 10 15 20
     g_mode = None
     save_clusters = True
     bond_with_altloc = True
     re_calculate_rmsd_tolerance = 0.5
   }
   restraints = *cctbx qm
   expansion = False
   quantum {
     engine_name = *mopac ani torchani terachem turbomole pyscf orca gaussian \
                   xtb
     basis = Auto
     charge = None
     method = Auto
     memory = None
     nproc = None
     qm_addon = gcp dftd3 gcp-d3
     qm_addon_method = None
   }
   refine {
     dry_run = False
     sf_algorithm = *direct fft
     refinement_target_name = *ml ls_wunit_k1
     mode = *opt refine gtest
     number_of_macro_cycles = 1
     number_of_weight_search_cycles = 50
     number_of_refine_cycles = 5
     number_of_micro_cycles = 100
     data_weight = None
     choose_best_use_r_work = False
     skip_weight_search = False
     adjust_restraints_weight_scale_value = 2
     max_iterations_weight = 50
     max_iterations_refine = 50
     use_ase_lbfgs = False
     line_search = True
     stpmax = 0.2
     gradient_only = False
     update_all_scales = True
     refine_sites = True
     refine_adp = False
     restraints_weight_scale = 1.0
     shake_sites = False
     use_convergence_test = True
     max_bond_rmsd = 0.03
     max_r_work_r_free_gap = 5.0
     r_tolerance = 0.001
     rmsd_tolerance = 0.01
     opt_log = False
     pre_opt = False
     pre_opt_stpmax = 0.1
     pre_opt_iter = 10
     pre_opt_switch = 2
     pre_opt_gconv = 3000
     minimizer = lbfgs *lbfgsb
   }
   parallel {
     method = *multiprocessing slurm pbs sge lsf threading
     nproc = None
     qsub_command = None
   }
   output_file_name_prefix = None
   output_folder_name = "pdb"
   rst_file = None
   dump_gradients = None

Setting QM defaults
  Setting QM method to PM7


***********************************************************
restart info will be stored in /home/yanting/work/aniserver_1_qr/ani_qr_test/cctbx_lbfgs/qr-ani-test/qr-cctbx/lbfgs_b/0.3/pdb/2.rst.pickle
***********************************************************

start: bond:  0.015 angle:   1.53 clash:  11.0 rota:  0.00 rama: f:  90.91 o:   0.00 Z:  -4.63 cb:   0.00
cycle:   0 max_shift: 0.268194 LBFGS-B: function start/end, n_calls: 324.323754557 58.7918054952 52
cycle:   1 max_shift: 0.211911 LBFGS-B: function start/end, n_calls: 58.7918054952 48.6466627104 52
cycle:   2 max_shift: 0.128498 LBFGS-B: function start/end, n_calls: 48.6466627104 45.3381577275 52
cycle:   3 max_shift: 0.048855 LBFGS-B: function start/end, n_calls: 45.3381577275 43.8281551718 51
cycle:   4 max_shift: 0.115583 LBFGS-B: function start/end, n_calls: 43.8281551718 42.8229581203 51
cycle:   5 max_shift: 0.036236 LBFGS-B: function start/end, n_calls: 42.8229581203 42.0900868012 51
cycle:   6 max_shift: 0.090611 LBFGS-B: function start/end, n_calls: 42.0900868012 41.5799233529 52
cycle:   7 max_shift: 0.025119 LBFGS-B: function start/end, n_calls: 41.5799233529 41.2040175684 52
cycle:   8 max_shift: 0.080743 LBFGS-B: function start/end, n_calls: 41.2040175684 40.89180908 52
cycle:   9 max_shift: 0.020740 LBFGS-B: function start/end, n_calls: 40.89180908 40.685189032 51
cycle:  10 max_shift: 0.035636 LBFGS-B: function start/end, n_calls: 40.685189032 40.5734116846 52
cycle:  11 max_shift: 0.013706 LBFGS-B: function start/end, n_calls: 40.5734116846 40.4668580228 52
cycle:  12 max_shift: 0.025648 LBFGS-B: function start/end, n_calls: 40.4668580228 40.3884530009 52
cycle:  13 max_shift: 0.013072 LBFGS-B: function start/end, n_calls: 40.3884530009 40.3209604846 52
cycle:  14 max_shift: 0.018523 LBFGS-B: function start/end, n_calls: 40.3209604846 40.2657781539 52
cycle:  15 max_shift: 0.009722 LBFGS-B: function start/end, n_calls: 40.2657781539 40.2189442453 52
cycle:  16 max_shift: 0.031932 LBFGS-B: function start/end, n_calls: 40.2189442453 40.1454792251 52
cycle:  17 max_shift: 0.009052 LBFGS-B: function start/end, n_calls: 40.1454792251 40.0789907979 51
cycle:  18 max_shift: 0.023078 LBFGS-B: function start/end, n_calls: 40.0789907979 40.0358092362 52
cycle:  19 max_shift: 0.008753 LBFGS-B: function start/end, n_calls: 40.0358092362 39.9923072341 53
cycle:  20 max_shift: 0.027470 LBFGS-B: function start/end, n_calls: 39.9923072341 39.9472725247 52
cycle:  21 max_shift: 0.008356 LBFGS-B: function start/end, n_calls: 39.9472725247 39.9046014555 52
cycle:  22 max_shift: 0.033252 LBFGS-B: function start/end, n_calls: 39.9046014555 39.8443170982 52
cycle:  23 max_shift: 0.006762 LBFGS-B: function start/end, n_calls: 39.8443170982 39.8008130083 51
cycle:  24 max_shift: 0.027349 LBFGS-B: function start/end, n_calls: 39.8008130083 39.7700144749 52
cycle:  25 max_shift: 0.005765 LBFGS-B: function start/end, n_calls: 39.7700144749 39.7406331841 51
cycle:  26 max_shift: 0.010516 LBFGS-B: function start/end, n_calls: 39.7406331841 39.7253696111 52
cycle:  27 max_shift: 0.003739 LBFGS-B: function start/end, n_calls: 39.7253696111 39.7159230606 51
cycle:  28 max_shift: 0.009945 LBFGS-B: function start/end, n_calls: 39.7159230606 39.7058329024 52
cycle:  29 max_shift: 0.004274 LBFGS-B: function start/end, n_calls: 39.7058329024 39.6971681346 51
cycle:  30 max_shift: 0.007184 LBFGS-B: function start/end, n_calls: 39.6971681346 39.6887794403 52
cycle:  31 max_shift: 0.003753 LBFGS-B: function start/end, n_calls: 39.6887794403 39.6818171915 52
cycle:  32 max_shift: 0.005188 LBFGS-B: function start/end, n_calls: 39.6818171915 39.6758575553 51
cycle:  33 max_shift: 0.003319 LBFGS-B: function start/end, n_calls: 39.6758575553 39.6705945423 51
cycle:  34 max_shift: 0.004559 LBFGS-B: function start/end, n_calls: 39.6705945423 39.6653253635 51
cycle:  35 max_shift: 0.004534 LBFGS-B: function start/end, n_calls: 39.6653253635 39.6588227794 52
cycle:  36 max_shift: 0.003732 LBFGS-B: function start/end, n_calls: 39.6588227794 39.6538729519 52
cycle:  37 max_shift: 0.004083 LBFGS-B: function start/end, n_calls: 39.6538729519 39.6492489781 52
cycle:  38 max_shift: 0.003561 LBFGS-B: function start/end, n_calls: 39.6492489781 39.6444443361 52
cycle:  39 max_shift: 0.007086 LBFGS-B: function start/end, n_calls: 39.6444443361 39.6369094453 52
cycle:  40 max_shift: 0.003327 LBFGS-B: function start/end, n_calls: 39.6369094453 39.6306853179 51
cycle:  41 max_shift: 0.004664 LBFGS-B: function start/end, n_calls: 39.6306853179 39.6261902732 51
cycle:  42 max_shift: 0.003339 LBFGS-B: function start/end, n_calls: 39.6261902732 39.6216847411 51
cycle:  43 max_shift: 0.003394 LBFGS-B: function start/end, n_calls: 39.6216847411 39.6180355982 52
cycle:  44 max_shift: 0.002458 LBFGS-B: function start/end, n_calls: 39.6180355982 39.6150267421 51
cycle:  45 max_shift: 0.004145 LBFGS-B: function start/end, n_calls: 39.6150267421 39.6113329406 52
cycle:  46 max_shift: 0.002236 LBFGS-B: function start/end, n_calls: 39.6113329406 39.6074690253 52
cycle:  47 max_shift: 0.006361 LBFGS-B: function start/end, n_calls: 39.6074690253 39.6035608414 52
cycle:  48 max_shift: 0.003193 LBFGS-B: function start/end, n_calls: 39.6035608414 39.5987357892 52
cycle:  49 max_shift: 0.006506 LBFGS-B: function start/end, n_calls: 39.5987357892 39.5945857485 51
cycle:  50 max_shift: 0.002644 LBFGS-B: function start/end, n_calls: 39.5945857485 39.5903105677 52
cycle:  51 max_shift: 0.008145 LBFGS-B: function start/end, n_calls: 39.5903105677 39.5858292569 51
cycle:  52 max_shift: 0.002764 LBFGS-B: function start/end, n_calls: 39.5858292569 39.5810633995 51
cycle:  53 max_shift: 0.014626 LBFGS-B: function start/end, n_calls: 39.5810633995 39.5733256838 52
cycle:  54 max_shift: 0.001928 LBFGS-B: function start/end, n_calls: 39.5733256838 39.5674469894 52
cycle:  55 max_shift: 0.009427 LBFGS-B: function start/end, n_calls: 39.5674469894 39.5642578931 51
cycle:  56 max_shift: 0.001877 LBFGS-B: function start/end, n_calls: 39.5642578931 39.5601548471 51
cycle:  57 max_shift: 0.006642 LBFGS-B: function start/end, n_calls: 39.5601548471 39.5575555042 51
cycle:  58 max_shift: 0.001920 LBFGS-B: function start/end, n_calls: 39.5575555042 39.5551719693 51
cycle:  59 max_shift: 0.007296 LBFGS-B: function start/end, n_calls: 39.5551719693 39.5525797927 52
cycle:  60 max_shift: 0.001754 LBFGS-B: function start/end, n_calls: 39.5525797927 39.5504337019 51
cycle:  61 max_shift: 0.003509 LBFGS-B: function start/end, n_calls: 39.5504337019 39.5488331193 52
cycle:  62 max_shift: 0.001485 LBFGS-B: function start/end, n_calls: 39.5488331193 39.5477547858 52
cycle:  63 max_shift: 0.005564 LBFGS-B: function start/end, n_calls: 39.5477547858 39.5460458091 52
cycle:  64 max_shift: 0.001310 LBFGS-B: function start/end, n_calls: 39.5460458091 39.5446827706 51
cycle:  65 max_shift: 0.002172 LBFGS-B: function start/end, n_calls: 39.5446827706 39.5439153821 52
cycle:  66 max_shift: 0.001296 LBFGS-B: function start/end, n_calls: 39.5439153821 39.543164709 51
cycle:  67 max_shift: 0.002223 LBFGS-B: function start/end, n_calls: 39.543164709 39.5424122014 52
cycle:  68 max_shift: 0.001375 LBFGS-B: function start/end, n_calls: 39.5424122014 39.5416042011 52
cycle:  69 max_shift: 0.001978 LBFGS-B: function start/end, n_calls: 39.5416042011 39.5409521482 51
cycle:  70 max_shift: 0.001218 LBFGS-B: function start/end, n_calls: 39.5409521482 39.5403101079 52
cycle:  71 max_shift: 0.001782 LBFGS-B: function start/end, n_calls: 39.5403101079 39.5397401526 52
cycle:  72 max_shift: 0.001142 LBFGS-B: function start/end, n_calls: 39.5397401526 39.5391385187 52
cycle:  73 max_shift: 0.001494 LBFGS-B: function start/end, n_calls: 39.5391385187 39.5386304637 51
cycle:  74 max_shift: 0.001598 LBFGS-B: function start/end, n_calls: 39.5386304637 39.5380589732 52
cycle:  75 max_shift: 0.001192 LBFGS-B: function start/end, n_calls: 39.5380589732 39.5375311377 52
cycle:  76 max_shift: 0.001681 LBFGS-B: function start/end, n_calls: 39.5375311377 39.5370573798 52
cycle:  77 max_shift: 0.001094 LBFGS-B: function start/end, n_calls: 39.5370573798 39.5365605199 52
cycle:  78 max_shift: 0.002237 LBFGS-B: function start/end, n_calls: 39.5365605199 39.5359983446 51
cycle:  79 max_shift: 0.001385 LBFGS-B: function start/end, n_calls: 39.5359983446 39.5354901834 51
cycle:  80 max_shift: 0.002169 LBFGS-B: function start/end, n_calls: 39.5354901834 39.5350167286 51
cycle:  81 max_shift: 0.001198 LBFGS-B: function start/end, n_calls: 39.5350167286 39.5344861136 52
cycle:  82 max_shift: 0.002483 LBFGS-B: function start/end, n_calls: 39.5344861136 39.5339695338 52
cycle:  83 max_shift: 0.001210 LBFGS-B: function start/end, n_calls: 39.5339695338 39.5334390517 51
cycle:  84 max_shift: 0.002908 LBFGS-B: function start/end, n_calls: 39.5334390517 39.5328734331 52
cycle:  85 max_shift: 0.001000 LBFGS-B: function start/end, n_calls: 39.5328734331 39.5323250742 51
cycle:  86 max_shift: 0.005320 LBFGS-B: function start/end, n_calls: 39.5323250742 39.5315639242 52
cycle:  87 max_shift: 0.001399 LBFGS-B: function start/end, n_calls: 39.5315639242 39.5305715931 52
cycle:  88 max_shift: 0.004419 LBFGS-B: function start/end, n_calls: 39.5305715931 39.5298832592 51
cycle:  89 max_shift: 0.001119 LBFGS-B: function start/end, n_calls: 39.5298832592 39.5292404878 51
cycle:  90 max_shift: 0.011334 LBFGS-B: function start/end, n_calls: 39.5292404878 39.5277980617 52
cycle:  91 max_shift: 0.001609 LBFGS-B: function start/end, n_calls: 39.5277980617 39.5263870418 51
cycle:  92 max_shift: 0.004416 LBFGS-B: function start/end, n_calls: 39.5263870418 39.5258560549 52
cycle:  93 max_shift: 0.000739 LBFGS-B: function start/end, n_calls: 39.5258560549 39.5253907836 52
cycle:  94 max_shift: 0.004009 LBFGS-B: function start/end, n_calls: 39.5253907836 39.5250825444 51
cycle:  95 max_shift: 0.000772 LBFGS-B: function start/end, n_calls: 39.5250825444 39.5245673772 51
cycle:  96 max_shift: 0.001262 LBFGS-B: function start/end, n_calls: 39.5245673772 39.5243847258 51
cycle:  97 max_shift: 0.000477 LBFGS-B: function start/end, n_calls: 39.5243847258 39.5242453381 51
Convergence reached. Stopping now.
final: bond:  0.000 angle:   0.26 clash:   0.0 rota:  0.00 rama: f: 100.00 o:   0.00 Z:   1.18 cb:   0.00
See 2_refined.pdb in pdb folder.
Time: 5.1484
