Starting Q|R
version:   v1.0-208-g2886d5-dirty  
Running refinement
   input {
     xray_data {
       file_name = None
       labels = None
       high_resolution = None
       low_resolution = None
       outliers_rejection = True
       french_wilson_scale = True
       french_wilson {
         max_bins = 60
         min_bin_size = 40
       }
       sigma_fobs_rejection_criterion = None
       sigma_iobs_rejection_criterion = None
       ignore_all_zeros = True
       force_anomalous_flag_to_be_equal_to = None
       convert_to_non_anomalous_if_ratio_pairs_lone_less_than_threshold = 0.5
       r_free_flags {
         file_name = None
         label = None
         test_flag_value = None
         ignore_r_free_flags = False
         disable_suitability_test = False
         ignore_pdb_hexdigest = False
         generate = False
         fraction = 0.1
         max_free = 2000
         lattice_symmetry_max_delta = 5
         use_lattice_symmetry = True
         use_dataman_shells = False
         n_shells = 20
       }
     }
     pdb {
       file_name = None
     }
     monomers {
       file_name = None
     }
     maps {
       map_file_name = None
       d_min = None
       map_coefficients_file_name = None
       map_coefficients_label = None
     }
     sequence = None
     scattering_table = wk1995 it1992 *n_gaussian neutron electron
     wavelength = None
     energy = None
     twin_law = Auto
   }
   max_atoms = 15000
   debug = False
   cluster {
     fast_interaction = True
     charge_cutoff = 8.0
     clustering = false
     charge_embedding = False
     two_buffers = False
     maxnum_residues_in_cluster = 15
     select_within_radius = 10
     clustering_method = gnc *bcc
     altloc_method = average *subtract
     g_scan = 10 15 20
     g_mode = None
     save_clusters = True
     bond_with_altloc = True
     re_calculate_rmsd_tolerance = 0.5
   }
   restraints = *cctbx qm
   expansion = False
   quantum {
     engine_name = *mopac ani torchani terachem turbomole pyscf orca gaussian \
                   xtb
     basis = Auto
     charge = None
     method = Auto
     memory = None
     nproc = None
     qm_addon = gcp dftd3 gcp-d3
     qm_addon_method = None
   }
   refine {
     dry_run = False
     sf_algorithm = *direct fft
     refinement_target_name = *ml ls_wunit_k1
     mode = *opt refine gtest
     number_of_macro_cycles = 1
     number_of_weight_search_cycles = 50
     number_of_refine_cycles = 5
     number_of_micro_cycles = 100
     data_weight = None
     choose_best_use_r_work = False
     skip_weight_search = False
     adjust_restraints_weight_scale_value = 2
     max_iterations_weight = 50
     max_iterations_refine = 50
     use_ase_lbfgs = False
     line_search = True
     stpmax = 0.2
     gradient_only = False
     update_all_scales = True
     refine_sites = True
     refine_adp = False
     restraints_weight_scale = 1.0
     shake_sites = False
     use_convergence_test = True
     max_bond_rmsd = 0.03
     max_r_work_r_free_gap = 5.0
     r_tolerance = 0.001
     rmsd_tolerance = 0.01
     opt_log = False
     pre_opt = False
     pre_opt_stpmax = 0.1
     pre_opt_iter = 10
     pre_opt_switch = 2
     pre_opt_gconv = 3000
     minimizer = lbfgs *lbfgsb
   }
   parallel {
     method = *multiprocessing slurm pbs sge lsf threading
     nproc = None
     qsub_command = None
   }
   output_file_name_prefix = None
   output_folder_name = "pdb"
   rst_file = None
   dump_gradients = None

Setting QM defaults
  Setting QM method to PM7


***********************************************************
restart info will be stored in /home/yanting/work/aniserver_1_qr/ani_qr_test/cctbx_lbfgs/qr-ani-test/qr-cctbx/lbfgs_b/0.3/pdb/3.rst.pickle
***********************************************************

start: bond:  0.016 angle:   1.78 clash:   0.0 rota:  0.00 rama: f: 100.00 o:   0.00 Z:  -3.10 cb:   0.00
cycle:   0 max_shift: 0.201926 LBFGS-B: function start/end, n_calls: 339.879426504 55.5138513696 52
cycle:   1 max_shift: 0.199332 LBFGS-B: function start/end, n_calls: 55.5138513696 49.5329271974 52
cycle:   2 max_shift: 0.060996 LBFGS-B: function start/end, n_calls: 49.5329271974 47.9169415715 51
cycle:   3 max_shift: 0.081713 LBFGS-B: function start/end, n_calls: 47.9169415715 47.1217702876 52
cycle:   4 max_shift: 0.023491 LBFGS-B: function start/end, n_calls: 47.1217702876 46.593882323 51
cycle:   5 max_shift: 0.183180 LBFGS-B: function start/end, n_calls: 46.593882323 45.5837289044 52
cycle:   6 max_shift: 0.022027 LBFGS-B: function start/end, n_calls: 45.5837289044 45.1682208444 52
cycle:   7 max_shift: 0.076689 LBFGS-B: function start/end, n_calls: 45.1682208444 44.9027853897 52
cycle:   8 max_shift: 0.016487 LBFGS-B: function start/end, n_calls: 44.9027853897 44.6614268408 52
cycle:   9 max_shift: 0.074022 LBFGS-B: function start/end, n_calls: 44.6614268408 44.455927383 51
cycle:  10 max_shift: 0.014951 LBFGS-B: function start/end, n_calls: 44.455927383 44.2666238766 52
cycle:  11 max_shift: 0.036213 LBFGS-B: function start/end, n_calls: 44.2666238766 44.1594546531 52
cycle:  12 max_shift: 0.011954 LBFGS-B: function start/end, n_calls: 44.1594546531 44.064013167 51
cycle:  13 max_shift: 0.059449 LBFGS-B: function start/end, n_calls: 44.064013167 43.9470213145 52
cycle:  14 max_shift: 0.012347 LBFGS-B: function start/end, n_calls: 43.9470213145 43.8014587028 52
cycle:  15 max_shift: 0.033247 LBFGS-B: function start/end, n_calls: 43.8014587028 43.7301697566 51
cycle:  16 max_shift: 0.015224 LBFGS-B: function start/end, n_calls: 43.7301697566 43.6496937379 51
cycle:  17 max_shift: 0.036873 LBFGS-B: function start/end, n_calls: 43.6496937379 43.570359973 52
cycle:  18 max_shift: 0.019541 LBFGS-B: function start/end, n_calls: 43.570359973 43.4928817212 52
cycle:  19 max_shift: 0.026140 LBFGS-B: function start/end, n_calls: 43.4928817212 43.430504177 51
cycle:  20 max_shift: 0.030144 LBFGS-B: function start/end, n_calls: 43.430504177 43.3507825749 52
cycle:  21 max_shift: 0.025322 LBFGS-B: function start/end, n_calls: 43.3507825749 43.2792526481 52
cycle:  22 max_shift: 0.027972 LBFGS-B: function start/end, n_calls: 43.2792526481 43.2053722156 51
cycle:  23 max_shift: 0.040336 LBFGS-B: function start/end, n_calls: 43.2053722156 43.1182504744 52
cycle:  24 max_shift: 0.029042 LBFGS-B: function start/end, n_calls: 43.1182504744 43.0204984833 52
cycle:  25 max_shift: 0.049733 LBFGS-B: function start/end, n_calls: 43.0204984833 42.9163400165 52
cycle:  26 max_shift: 0.035078 LBFGS-B: function start/end, n_calls: 42.9163400165 42.7939580444 52
cycle:  27 max_shift: 0.050581 LBFGS-B: function start/end, n_calls: 42.7939580444 42.673058409 52
cycle:  28 max_shift: 0.038360 LBFGS-B: function start/end, n_calls: 42.673058409 42.5218052134 52
cycle:  29 max_shift: 0.136553 LBFGS-B: function start/end, n_calls: 42.5218052134 42.2671637754 52
cycle:  30 max_shift: 0.036428 LBFGS-B: function start/end, n_calls: 42.2671637754 41.9098727866 52
cycle:  31 max_shift: 0.170319 LBFGS-B: function start/end, n_calls: 41.9098727866 41.5256236773 52
cycle:  32 max_shift: 0.032993 LBFGS-B: function start/end, n_calls: 41.5256236773 41.1271860905 52
cycle:  33 max_shift: 0.135629 LBFGS-B: function start/end, n_calls: 41.1271860905 40.8031110052 52
cycle:  34 max_shift: 0.025356 LBFGS-B: function start/end, n_calls: 40.8031110052 40.5533340342 52
cycle:  35 max_shift: 0.098148 LBFGS-B: function start/end, n_calls: 40.5533340342 40.369200722 52
cycle:  36 max_shift: 0.017134 LBFGS-B: function start/end, n_calls: 40.369200722 40.2147590737 52
cycle:  37 max_shift: 0.091933 LBFGS-B: function start/end, n_calls: 40.2147590737 40.096982214 52
cycle:  38 max_shift: 0.010621 LBFGS-B: function start/end, n_calls: 40.096982214 40.0091869295 51
cycle:  39 max_shift: 0.042329 LBFGS-B: function start/end, n_calls: 40.0091869295 39.9643454249 52
cycle:  40 max_shift: 0.006743 LBFGS-B: function start/end, n_calls: 39.9643454249 39.9273542694 51
cycle:  41 max_shift: 0.034015 LBFGS-B: function start/end, n_calls: 39.9273542694 39.8837511597 51
cycle:  42 max_shift: 0.004625 LBFGS-B: function start/end, n_calls: 39.8837511597 39.8596939779 52
cycle:  43 max_shift: 0.010330 LBFGS-B: function start/end, n_calls: 39.8596939779 39.8439495332 52
cycle:  44 max_shift: 0.004837 LBFGS-B: function start/end, n_calls: 39.8439495332 39.8284683919 51
cycle:  45 max_shift: 0.007067 LBFGS-B: function start/end, n_calls: 39.8284683919 39.8150140801 52
cycle:  46 max_shift: 0.004222 LBFGS-B: function start/end, n_calls: 39.8150140801 39.8023618324 52
cycle:  47 max_shift: 0.007645 LBFGS-B: function start/end, n_calls: 39.8023618324 39.7903664191 52
cycle:  48 max_shift: 0.003876 LBFGS-B: function start/end, n_calls: 39.7903664191 39.7774642645 52
cycle:  49 max_shift: 0.013452 LBFGS-B: function start/end, n_calls: 39.7774642645 39.7579607908 52
cycle:  50 max_shift: 0.003621 LBFGS-B: function start/end, n_calls: 39.7579607908 39.7416335855 52
cycle:  51 max_shift: 0.004599 LBFGS-B: function start/end, n_calls: 39.7416335855 39.7336725159 51
cycle:  52 max_shift: 0.003300 LBFGS-B: function start/end, n_calls: 39.7336725159 39.7266115611 52
cycle:  53 max_shift: 0.005329 LBFGS-B: function start/end, n_calls: 39.7266115611 39.7183569526 52
cycle:  54 max_shift: 0.003031 LBFGS-B: function start/end, n_calls: 39.7183569526 39.7105415398 51
cycle:  55 max_shift: 0.007859 LBFGS-B: function start/end, n_calls: 39.7105415398 39.701119073 52
cycle:  56 max_shift: 0.003501 LBFGS-B: function start/end, n_calls: 39.701119073 39.6915832511 51
cycle:  57 max_shift: 0.015811 LBFGS-B: function start/end, n_calls: 39.6915832511 39.676418355 52
cycle:  58 max_shift: 0.003649 LBFGS-B: function start/end, n_calls: 39.676418355 39.6616840848 52
cycle:  59 max_shift: 0.008296 LBFGS-B: function start/end, n_calls: 39.6616840848 39.6536799379 51
cycle:  60 max_shift: 0.003272 LBFGS-B: function start/end, n_calls: 39.6536799379 39.6462724259 51
cycle:  61 max_shift: 0.004700 LBFGS-B: function start/end, n_calls: 39.6462724259 39.6412795786 52
cycle:  62 max_shift: 0.003540 LBFGS-B: function start/end, n_calls: 39.6412795786 39.6360967475 52
cycle:  63 max_shift: 0.003143 LBFGS-B: function start/end, n_calls: 39.6360967475 39.6319825367 51
cycle:  64 max_shift: 0.003345 LBFGS-B: function start/end, n_calls: 39.6319825367 39.6280264436 52
cycle:  65 max_shift: 0.002880 LBFGS-B: function start/end, n_calls: 39.6280264436 39.6243371091 51
cycle:  66 max_shift: 0.002357 LBFGS-B: function start/end, n_calls: 39.6243371091 39.6214435067 52
cycle:  67 max_shift: 0.002499 LBFGS-B: function start/end, n_calls: 39.6214435067 39.6183349682 51
cycle:  68 max_shift: 0.002137 LBFGS-B: function start/end, n_calls: 39.6183349682 39.6153419851 52
cycle:  69 max_shift: 0.003170 LBFGS-B: function start/end, n_calls: 39.6153419851 39.6126325966 52
cycle:  70 max_shift: 0.003197 LBFGS-B: function start/end, n_calls: 39.6126325966 39.6088091634 52
cycle:  71 max_shift: 0.002671 LBFGS-B: function start/end, n_calls: 39.6088091634 39.6055196704 52
cycle:  72 max_shift: 0.002030 LBFGS-B: function start/end, n_calls: 39.6055196704 39.6029658307 52
cycle:  73 max_shift: 0.004122 LBFGS-B: function start/end, n_calls: 39.6029658307 39.5999182944 51
cycle:  74 max_shift: 0.001884 LBFGS-B: function start/end, n_calls: 39.5999182944 39.596831015 52
cycle:  75 max_shift: 0.003123 LBFGS-B: function start/end, n_calls: 39.596831015 39.59435369 51
cycle:  76 max_shift: 0.001962 LBFGS-B: function start/end, n_calls: 39.59435369 39.5919691102 51
cycle:  77 max_shift: 0.002968 LBFGS-B: function start/end, n_calls: 39.5919691102 39.5895448977 52
cycle:  78 max_shift: 0.001602 LBFGS-B: function start/end, n_calls: 39.5895448977 39.587476473 51
cycle:  79 max_shift: 0.002823 LBFGS-B: function start/end, n_calls: 39.587476473 39.5852762438 52
cycle:  80 max_shift: 0.001838 LBFGS-B: function start/end, n_calls: 39.5852762438 39.583166933 51
cycle:  81 max_shift: 0.002519 LBFGS-B: function start/end, n_calls: 39.583166933 39.5813004627 52
cycle:  82 max_shift: 0.001706 LBFGS-B: function start/end, n_calls: 39.5813004627 39.5794989363 51
cycle:  83 max_shift: 0.002703 LBFGS-B: function start/end, n_calls: 39.5794989363 39.5775334379 52
cycle:  84 max_shift: 0.001524 LBFGS-B: function start/end, n_calls: 39.5775334379 39.5758716726 52
cycle:  85 max_shift: 0.002912 LBFGS-B: function start/end, n_calls: 39.5758716726 39.5740064793 51
cycle:  86 max_shift: 0.005319 LBFGS-B: function start/end, n_calls: 39.5740064793 39.5709214592 51
cycle:  87 max_shift: 0.002408 LBFGS-B: function start/end, n_calls: 39.5709214592 39.5682385922 51
cycle:  88 max_shift: 0.008910 LBFGS-B: function start/end, n_calls: 39.5682385922 39.5649520427 52
cycle:  89 max_shift: 0.002432 LBFGS-B: function start/end, n_calls: 39.5649520427 39.5609868238 51
cycle:  90 max_shift: 0.011263 LBFGS-B: function start/end, n_calls: 39.5609868238 39.5569243914 51
cycle:  91 max_shift: 0.002355 LBFGS-B: function start/end, n_calls: 39.5569243914 39.5532087563 52
cycle:  92 max_shift: 0.004198 LBFGS-B: function start/end, n_calls: 39.5532087563 39.5515606885 51
cycle:  93 max_shift: 0.001283 LBFGS-B: function start/end, n_calls: 39.5515606885 39.5502378363 52
cycle:  94 max_shift: 0.002995 LBFGS-B: function start/end, n_calls: 39.5502378363 39.5491440365 52
cycle:  95 max_shift: 0.001267 LBFGS-B: function start/end, n_calls: 39.5491440365 39.5481125048 52
cycle:  96 max_shift: 0.003587 LBFGS-B: function start/end, n_calls: 39.5481125048 39.5468791584 52
cycle:  97 max_shift: 0.001273 LBFGS-B: function start/end, n_calls: 39.5468791584 39.5457950605 52
cycle:  98 max_shift: 0.004079 LBFGS-B: function start/end, n_calls: 39.5457950605 39.5445166027 52
cycle:  99 max_shift: 0.001233 LBFGS-B: function start/end, n_calls: 39.5445166027 39.5434331933 52
final: bond:  0.000 angle:   0.28 clash:   0.0 rota:  0.00 rama: f: 100.00 o:   0.00 Z:   3.06 cb:   0.00
See 3_refined.pdb in pdb folder.
Time: 4.9343
