Starting Q|R
version:   v1.0-208-g2886d5-dirty  
Running refinement
   input {
     xray_data {
       file_name = None
       labels = None
       high_resolution = None
       low_resolution = None
       outliers_rejection = True
       french_wilson_scale = True
       french_wilson {
         max_bins = 60
         min_bin_size = 40
       }
       sigma_fobs_rejection_criterion = None
       sigma_iobs_rejection_criterion = None
       ignore_all_zeros = True
       force_anomalous_flag_to_be_equal_to = None
       convert_to_non_anomalous_if_ratio_pairs_lone_less_than_threshold = 0.5
       r_free_flags {
         file_name = None
         label = None
         test_flag_value = None
         ignore_r_free_flags = False
         disable_suitability_test = False
         ignore_pdb_hexdigest = False
         generate = False
         fraction = 0.1
         max_free = 2000
         lattice_symmetry_max_delta = 5
         use_lattice_symmetry = True
         use_dataman_shells = False
         n_shells = 20
       }
     }
     pdb {
       file_name = None
     }
     monomers {
       file_name = None
     }
     maps {
       map_file_name = None
       d_min = None
       map_coefficients_file_name = None
       map_coefficients_label = None
     }
     sequence = None
     scattering_table = wk1995 it1992 *n_gaussian neutron electron
     wavelength = None
     energy = None
     twin_law = Auto
   }
   max_atoms = 15000
   debug = False
   cluster {
     fast_interaction = True
     charge_cutoff = 8.0
     clustering = false
     charge_embedding = False
     two_buffers = False
     maxnum_residues_in_cluster = 15
     select_within_radius = 10
     clustering_method = gnc *bcc
     altloc_method = average *subtract
     g_scan = 10 15 20
     g_mode = None
     save_clusters = True
     bond_with_altloc = True
     re_calculate_rmsd_tolerance = 0.5
   }
   restraints = *cctbx qm
   expansion = False
   quantum {
     engine_name = *mopac ani torchani terachem turbomole pyscf orca gaussian \
                   xtb
     basis = Auto
     charge = None
     method = Auto
     memory = None
     nproc = None
     qm_addon = gcp dftd3 gcp-d3
     qm_addon_method = None
   }
   refine {
     dry_run = False
     sf_algorithm = *direct fft
     refinement_target_name = *ml ls_wunit_k1
     mode = *opt refine gtest
     number_of_macro_cycles = 1
     number_of_weight_search_cycles = 50
     number_of_refine_cycles = 5
     number_of_micro_cycles = 100
     data_weight = None
     choose_best_use_r_work = False
     skip_weight_search = False
     adjust_restraints_weight_scale_value = 2
     max_iterations_weight = 50
     max_iterations_refine = 50
     use_ase_lbfgs = False
     line_search = True
     stpmax = 0.2
     gradient_only = False
     update_all_scales = True
     refine_sites = True
     refine_adp = False
     restraints_weight_scale = 1.0
     shake_sites = False
     use_convergence_test = True
     max_bond_rmsd = 0.03
     max_r_work_r_free_gap = 5.0
     r_tolerance = 0.001
     rmsd_tolerance = 0.01
     opt_log = False
     pre_opt = False
     pre_opt_stpmax = 0.1
     pre_opt_iter = 10
     pre_opt_switch = 2
     pre_opt_gconv = 3000
     minimizer = lbfgs *lbfgsb
   }
   parallel {
     method = *multiprocessing slurm pbs sge lsf threading
     nproc = None
     qsub_command = None
   }
   output_file_name_prefix = None
   output_folder_name = "pdb"
   rst_file = None
   dump_gradients = None

Setting QM defaults
  Setting QM method to PM7


***********************************************************
restart info will be stored in /home/yanting/work/aniserver_1_qr/ani_qr_test/cctbx_lbfgs/qr-ani-test/qr-cctbx/lbfgs_b/0.3/pdb/4.rst.pickle
***********************************************************

start: bond:  0.016 angle:   1.33 clash:   0.0 rota:  0.00 rama: f:  90.91 o:   0.00 Z:  -2.46 cb:   0.00
cycle:   0 max_shift: 0.191109 LBFGS-B: function start/end, n_calls: 287.484609007 51.6399513064 52
cycle:   1 max_shift: 0.225603 LBFGS-B: function start/end, n_calls: 51.6399513064 45.587482905 52
cycle:   2 max_shift: 0.087755 LBFGS-B: function start/end, n_calls: 45.587482905 44.0783037984 51
cycle:   3 max_shift: 0.039138 LBFGS-B: function start/end, n_calls: 44.0783037984 43.3544734707 51
cycle:   4 max_shift: 0.053374 LBFGS-B: function start/end, n_calls: 43.3544734707 42.7777632513 52
cycle:   5 max_shift: 0.033067 LBFGS-B: function start/end, n_calls: 42.7777632513 42.4002546886 51
cycle:   6 max_shift: 0.043611 LBFGS-B: function start/end, n_calls: 42.4002546886 42.1011670932 51
cycle:   7 max_shift: 0.026153 LBFGS-B: function start/end, n_calls: 42.1011670932 41.8552152575 52
cycle:   8 max_shift: 0.043152 LBFGS-B: function start/end, n_calls: 41.8552152575 41.6597108352 52
cycle:   9 max_shift: 0.017434 LBFGS-B: function start/end, n_calls: 41.6597108352 41.4847246322 52
cycle:  10 max_shift: 0.031961 LBFGS-B: function start/end, n_calls: 41.4847246322 41.3450055366 52
cycle:  11 max_shift: 0.013404 LBFGS-B: function start/end, n_calls: 41.3450055366 41.2290164069 52
cycle:  12 max_shift: 0.019352 LBFGS-B: function start/end, n_calls: 41.2290164069 41.1385253741 51
cycle:  13 max_shift: 0.011347 LBFGS-B: function start/end, n_calls: 41.1385253741 41.0542167422 52
cycle:  14 max_shift: 0.018767 LBFGS-B: function start/end, n_calls: 41.0542167422 40.977759941 51
cycle:  15 max_shift: 0.009675 LBFGS-B: function start/end, n_calls: 40.977759941 40.9013913231 51
cycle:  16 max_shift: 0.026627 LBFGS-B: function start/end, n_calls: 40.9013913231 40.7968769628 52
cycle:  17 max_shift: 0.010356 LBFGS-B: function start/end, n_calls: 40.7968769628 40.7100593124 52
cycle:  18 max_shift: 0.016600 LBFGS-B: function start/end, n_calls: 40.7100593124 40.6464856461 51
cycle:  19 max_shift: 0.008465 LBFGS-B: function start/end, n_calls: 40.6464856461 40.5890414844 51
cycle:  20 max_shift: 0.015670 LBFGS-B: function start/end, n_calls: 40.5890414844 40.5266098789 52
cycle:  21 max_shift: 0.008826 LBFGS-B: function start/end, n_calls: 40.5266098789 40.4752361043 52
cycle:  22 max_shift: 0.012405 LBFGS-B: function start/end, n_calls: 40.4752361043 40.4308646283 52
cycle:  23 max_shift: 0.007636 LBFGS-B: function start/end, n_calls: 40.4308646283 40.3873443804 51
cycle:  24 max_shift: 0.011894 LBFGS-B: function start/end, n_calls: 40.3873443804 40.351986422 51
cycle:  25 max_shift: 0.008876 LBFGS-B: function start/end, n_calls: 40.351986422 40.3108577668 52
cycle:  26 max_shift: 0.007821 LBFGS-B: function start/end, n_calls: 40.3108577668 40.2835159429 51
cycle:  27 max_shift: 0.009402 LBFGS-B: function start/end, n_calls: 40.2835159429 40.2509207062 52
cycle:  28 max_shift: 0.008781 LBFGS-B: function start/end, n_calls: 40.2509207062 40.2193383396 51
cycle:  29 max_shift: 0.012759 LBFGS-B: function start/end, n_calls: 40.2193383396 40.1856172685 52
cycle:  30 max_shift: 0.006391 LBFGS-B: function start/end, n_calls: 40.1856172685 40.1549076237 51
cycle:  31 max_shift: 0.011035 LBFGS-B: function start/end, n_calls: 40.1549076237 40.1299718919 52
cycle:  32 max_shift: 0.006134 LBFGS-B: function start/end, n_calls: 40.1299718919 40.104013332 51
cycle:  33 max_shift: 0.010915 LBFGS-B: function start/end, n_calls: 40.104013332 40.0788824346 52
cycle:  34 max_shift: 0.006139 LBFGS-B: function start/end, n_calls: 40.0788824346 40.0568162109 51
cycle:  35 max_shift: 0.008477 LBFGS-B: function start/end, n_calls: 40.0568162109 40.0370690574 52
cycle:  36 max_shift: 0.005747 LBFGS-B: function start/end, n_calls: 40.0370690574 40.0192238568 51
cycle:  37 max_shift: 0.017012 LBFGS-B: function start/end, n_calls: 40.0192238568 39.9944056661 52
cycle:  38 max_shift: 0.005887 LBFGS-B: function start/end, n_calls: 39.9944056661 39.9625478336 52
cycle:  39 max_shift: 0.018514 LBFGS-B: function start/end, n_calls: 39.9625478336 39.9344388205 51
cycle:  40 max_shift: 0.006764 LBFGS-B: function start/end, n_calls: 39.9344388205 39.9065399721 51
cycle:  41 max_shift: 0.014318 LBFGS-B: function start/end, n_calls: 39.9065399721 39.8870173172 52
cycle:  42 max_shift: 0.007025 LBFGS-B: function start/end, n_calls: 39.8870173172 39.863641598 52
cycle:  43 max_shift: 0.005313 LBFGS-B: function start/end, n_calls: 39.863641598 39.8496806195 52
cycle:  44 max_shift: 0.004565 LBFGS-B: function start/end, n_calls: 39.8496806195 39.8389365918 51
cycle:  45 max_shift: 0.004895 LBFGS-B: function start/end, n_calls: 39.8389365918 39.8295354361 51
cycle:  46 max_shift: 0.005128 LBFGS-B: function start/end, n_calls: 39.8295354361 39.8188662553 51
cycle:  47 max_shift: 0.005024 LBFGS-B: function start/end, n_calls: 39.8188662553 39.8084368351 52
cycle:  48 max_shift: 0.004340 LBFGS-B: function start/end, n_calls: 39.8084368351 39.7997226533 51
cycle:  49 max_shift: 0.004700 LBFGS-B: function start/end, n_calls: 39.7997226533 39.7908998486 51
cycle:  50 max_shift: 0.005097 LBFGS-B: function start/end, n_calls: 39.7908998486 39.7813035896 51
cycle:  51 max_shift: 0.004118 LBFGS-B: function start/end, n_calls: 39.7813035896 39.77268544 51
cycle:  52 max_shift: 0.004775 LBFGS-B: function start/end, n_calls: 39.77268544 39.7643864156 52
cycle:  53 max_shift: 0.004050 LBFGS-B: function start/end, n_calls: 39.7643864156 39.7567890059 52
cycle:  54 max_shift: 0.003907 LBFGS-B: function start/end, n_calls: 39.7567890059 39.749562953 52
cycle:  55 max_shift: 0.006179 LBFGS-B: function start/end, n_calls: 39.749562953 39.7409001589 51
cycle:  56 max_shift: 0.004259 LBFGS-B: function start/end, n_calls: 39.7409001589 39.7327379322 52
cycle:  57 max_shift: 0.004312 LBFGS-B: function start/end, n_calls: 39.7327379322 39.7259043711 52
cycle:  58 max_shift: 0.003831 LBFGS-B: function start/end, n_calls: 39.7259043711 39.7189724456 52
cycle:  59 max_shift: 0.003833 LBFGS-B: function start/end, n_calls: 39.7189724456 39.7131058837 51
cycle:  60 max_shift: 0.004468 LBFGS-B: function start/end, n_calls: 39.7131058837 39.7066712566 52
cycle:  61 max_shift: 0.003407 LBFGS-B: function start/end, n_calls: 39.7066712566 39.7004016744 52
cycle:  62 max_shift: 0.004402 LBFGS-B: function start/end, n_calls: 39.7004016744 39.6945842578 51
cycle:  63 max_shift: 0.003142 LBFGS-B: function start/end, n_calls: 39.6945842578 39.6885042729 52
cycle:  64 max_shift: 0.004516 LBFGS-B: function start/end, n_calls: 39.6885042729 39.6832130478 51
cycle:  65 max_shift: 0.003239 LBFGS-B: function start/end, n_calls: 39.6832130478 39.6775213735 51
cycle:  66 max_shift: 0.003851 LBFGS-B: function start/end, n_calls: 39.6775213735 39.6728525507 52
cycle:  67 max_shift: 0.003193 LBFGS-B: function start/end, n_calls: 39.6728525507 39.6678358745 51
cycle:  68 max_shift: 0.004733 LBFGS-B: function start/end, n_calls: 39.6678358745 39.6624141318 51
cycle:  69 max_shift: 0.003710 LBFGS-B: function start/end, n_calls: 39.6624141318 39.6570499757 51
cycle:  70 max_shift: 0.003180 LBFGS-B: function start/end, n_calls: 39.6570499757 39.6527936611 52
cycle:  71 max_shift: 0.003102 LBFGS-B: function start/end, n_calls: 39.6527936611 39.6489336702 52
cycle:  72 max_shift: 0.003275 LBFGS-B: function start/end, n_calls: 39.6489336702 39.645109891 51
cycle:  73 max_shift: 0.002595 LBFGS-B: function start/end, n_calls: 39.645109891 39.6415966772 51
cycle:  74 max_shift: 0.005057 LBFGS-B: function start/end, n_calls: 39.6415966772 39.6368644748 52
cycle:  75 max_shift: 0.002427 LBFGS-B: function start/end, n_calls: 39.6368644748 39.6325651332 52
cycle:  76 max_shift: 0.003695 LBFGS-B: function start/end, n_calls: 39.6325651332 39.6294451676 52
cycle:  77 max_shift: 0.002212 LBFGS-B: function start/end, n_calls: 39.6294451676 39.6258647271 51
cycle:  78 max_shift: 0.003582 LBFGS-B: function start/end, n_calls: 39.6258647271 39.6227564835 51
cycle:  79 max_shift: 0.002310 LBFGS-B: function start/end, n_calls: 39.6227564835 39.6194544225 51
cycle:  80 max_shift: 0.002617 LBFGS-B: function start/end, n_calls: 39.6194544225 39.6168343829 51
cycle:  81 max_shift: 0.003809 LBFGS-B: function start/end, n_calls: 39.6168343829 39.6133758262 52
cycle:  82 max_shift: 0.002362 LBFGS-B: function start/end, n_calls: 39.6133758262 39.6105222267 52
cycle:  83 max_shift: 0.004752 LBFGS-B: function start/end, n_calls: 39.6105222267 39.6074684932 52
cycle:  84 max_shift: 0.002313 LBFGS-B: function start/end, n_calls: 39.6074684932 39.6042295533 51
cycle:  85 max_shift: 0.004421 LBFGS-B: function start/end, n_calls: 39.6042295533 39.6011958652 52
cycle:  86 max_shift: 0.002308 LBFGS-B: function start/end, n_calls: 39.6011958652 39.5984088713 52
cycle:  87 max_shift: 0.003989 LBFGS-B: function start/end, n_calls: 39.5984088713 39.5958690095 52
cycle:  88 max_shift: 0.002220 LBFGS-B: function start/end, n_calls: 39.5958690095 39.5931972174 52
cycle:  89 max_shift: 0.006174 LBFGS-B: function start/end, n_calls: 39.5931972174 39.5900639644 52
cycle:  90 max_shift: 0.001968 LBFGS-B: function start/end, n_calls: 39.5900639644 39.5867061628 53
cycle:  91 max_shift: 0.013074 LBFGS-B: function start/end, n_calls: 39.5867061628 39.5813248695 51
cycle:  92 max_shift: 0.002862 LBFGS-B: function start/end, n_calls: 39.5813248695 39.5750390835 53
cycle:  93 max_shift: 0.005772 LBFGS-B: function start/end, n_calls: 39.5750390835 39.5723539521 52
cycle:  94 max_shift: 0.001890 LBFGS-B: function start/end, n_calls: 39.5723539521 39.5700609377 52
cycle:  95 max_shift: 0.006401 LBFGS-B: function start/end, n_calls: 39.5700609377 39.5672707318 51
cycle:  96 max_shift: 0.001907 LBFGS-B: function start/end, n_calls: 39.5672707318 39.5649163904 52
cycle:  97 max_shift: 0.003279 LBFGS-B: function start/end, n_calls: 39.5649163904 39.5632697675 51
cycle:  98 max_shift: 0.001555 LBFGS-B: function start/end, n_calls: 39.5632697675 39.5621186005 51
cycle:  99 max_shift: 0.003391 LBFGS-B: function start/end, n_calls: 39.5621186005 39.5607584591 52
final: bond:  0.000 angle:   0.28 clash:   0.0 rota:  0.00 rama: f: 100.00 o:   0.00 Z:   2.33 cb:   0.00
See 4_refined.pdb in pdb folder.
Time: 5.2157
