Starting Q|R
version:   v1.0-208-g2886d5-dirty  
Running refinement
   input {
     xray_data {
       file_name = None
       labels = None
       high_resolution = None
       low_resolution = None
       outliers_rejection = True
       french_wilson_scale = True
       french_wilson {
         max_bins = 60
         min_bin_size = 40
       }
       sigma_fobs_rejection_criterion = None
       sigma_iobs_rejection_criterion = None
       ignore_all_zeros = True
       force_anomalous_flag_to_be_equal_to = None
       convert_to_non_anomalous_if_ratio_pairs_lone_less_than_threshold = 0.5
       r_free_flags {
         file_name = None
         label = None
         test_flag_value = None
         ignore_r_free_flags = False
         disable_suitability_test = False
         ignore_pdb_hexdigest = False
         generate = False
         fraction = 0.1
         max_free = 2000
         lattice_symmetry_max_delta = 5
         use_lattice_symmetry = True
         use_dataman_shells = False
         n_shells = 20
       }
     }
     pdb {
       file_name = None
     }
     monomers {
       file_name = None
     }
     maps {
       map_file_name = None
       d_min = None
       map_coefficients_file_name = None
       map_coefficients_label = None
     }
     sequence = None
     scattering_table = wk1995 it1992 *n_gaussian neutron electron
     wavelength = None
     energy = None
     twin_law = Auto
   }
   max_atoms = 15000
   debug = False
   cluster {
     fast_interaction = True
     charge_cutoff = 8.0
     clustering = false
     charge_embedding = False
     two_buffers = False
     maxnum_residues_in_cluster = 15
     select_within_radius = 10
     clustering_method = gnc *bcc
     altloc_method = average *subtract
     g_scan = 10 15 20
     g_mode = None
     save_clusters = True
     bond_with_altloc = True
     re_calculate_rmsd_tolerance = 0.5
   }
   restraints = *cctbx qm
   expansion = False
   quantum {
     engine_name = *mopac ani torchani terachem turbomole pyscf orca gaussian \
                   xtb
     basis = Auto
     charge = None
     method = Auto
     memory = None
     nproc = None
     qm_addon = gcp dftd3 gcp-d3
     qm_addon_method = None
   }
   refine {
     dry_run = False
     sf_algorithm = *direct fft
     refinement_target_name = *ml ls_wunit_k1
     mode = *opt refine gtest
     number_of_macro_cycles = 1
     number_of_weight_search_cycles = 50
     number_of_refine_cycles = 5
     number_of_micro_cycles = 100
     data_weight = None
     choose_best_use_r_work = False
     skip_weight_search = False
     adjust_restraints_weight_scale_value = 2
     max_iterations_weight = 50
     max_iterations_refine = 50
     use_ase_lbfgs = False
     line_search = True
     stpmax = 0.2
     gradient_only = False
     update_all_scales = True
     refine_sites = True
     refine_adp = False
     restraints_weight_scale = 1.0
     shake_sites = False
     use_convergence_test = True
     max_bond_rmsd = 0.03
     max_r_work_r_free_gap = 5.0
     r_tolerance = 0.001
     rmsd_tolerance = 0.01
     opt_log = False
     pre_opt = False
     pre_opt_stpmax = 0.1
     pre_opt_iter = 10
     pre_opt_switch = 2
     pre_opt_gconv = 3000
     minimizer = lbfgs *lbfgsb
   }
   parallel {
     method = *multiprocessing slurm pbs sge lsf threading
     nproc = None
     qsub_command = None
   }
   output_file_name_prefix = None
   output_folder_name = "pdb"
   rst_file = None
   dump_gradients = None

Setting QM defaults
  Setting QM method to PM7


***********************************************************
restart info will be stored in /home/yanting/work/aniserver_1_qr/ani_qr_test/cctbx_lbfgs/qr-ani-test/qr-cctbx/lbfgs_b/0.3/pdb/7.rst.pickle
***********************************************************

start: bond:  0.012 angle:   1.37 clash:   0.0 rota:  0.00 rama: f: 100.00 o:   0.00 Z:  -3.37 cb:   0.00
cycle:   0 max_shift: 0.169243 LBFGS-B: function start/end, n_calls: 275.054125398 51.8194628512 51
cycle:   1 max_shift: 0.193615 LBFGS-B: function start/end, n_calls: 51.8194628512 45.1429357452 52
cycle:   2 max_shift: 0.075343 LBFGS-B: function start/end, n_calls: 45.1429357452 43.6560181552 52
cycle:   3 max_shift: 0.045386 LBFGS-B: function start/end, n_calls: 43.6560181552 42.9697632039 51
cycle:   4 max_shift: 0.079884 LBFGS-B: function start/end, n_calls: 42.9697632039 42.4148793618 52
cycle:   5 max_shift: 0.027920 LBFGS-B: function start/end, n_calls: 42.4148793618 41.903434531 51
cycle:   6 max_shift: 0.051404 LBFGS-B: function start/end, n_calls: 41.903434531 41.574577877 51
cycle:   7 max_shift: 0.022890 LBFGS-B: function start/end, n_calls: 41.574577877 41.3407197779 52
cycle:   8 max_shift: 0.036680 LBFGS-B: function start/end, n_calls: 41.3407197779 41.1589384375 52
cycle:   9 max_shift: 0.019245 LBFGS-B: function start/end, n_calls: 41.1589384375 40.9944782687 51
cycle:  10 max_shift: 0.022340 LBFGS-B: function start/end, n_calls: 40.9944782687 40.8775746694 51
cycle:  11 max_shift: 0.015055 LBFGS-B: function start/end, n_calls: 40.8775746694 40.7672128714 52
cycle:  12 max_shift: 0.013695 LBFGS-B: function start/end, n_calls: 40.7672128714 40.6850305574 51
cycle:  13 max_shift: 0.016913 LBFGS-B: function start/end, n_calls: 40.6850305574 40.5977217626 51
cycle:  14 max_shift: 0.013384 LBFGS-B: function start/end, n_calls: 40.5977217626 40.5212190018 52
cycle:  15 max_shift: 0.018913 LBFGS-B: function start/end, n_calls: 40.5212190018 40.4456306812 51
cycle:  16 max_shift: 0.014863 LBFGS-B: function start/end, n_calls: 40.4456306812 40.3685520935 52
cycle:  17 max_shift: 0.013376 LBFGS-B: function start/end, n_calls: 40.3685520935 40.3186218938 52
cycle:  18 max_shift: 0.011715 LBFGS-B: function start/end, n_calls: 40.3186218938 40.2593600473 52
cycle:  19 max_shift: 0.013598 LBFGS-B: function start/end, n_calls: 40.2593600473 40.2087198472 52
cycle:  20 max_shift: 0.010641 LBFGS-B: function start/end, n_calls: 40.2087198472 40.1672972298 51
cycle:  21 max_shift: 0.012712 LBFGS-B: function start/end, n_calls: 40.1672972298 40.1284504235 52
cycle:  22 max_shift: 0.009631 LBFGS-B: function start/end, n_calls: 40.1284504235 40.0978343744 51
cycle:  23 max_shift: 0.016927 LBFGS-B: function start/end, n_calls: 40.0978343744 40.0575854571 52
cycle:  24 max_shift: 0.009079 LBFGS-B: function start/end, n_calls: 40.0575854571 40.0206585738 52
cycle:  25 max_shift: 0.015618 LBFGS-B: function start/end, n_calls: 40.0206585738 39.9906578377 51
cycle:  26 max_shift: 0.006446 LBFGS-B: function start/end, n_calls: 39.9906578377 39.9571907861 51
cycle:  27 max_shift: 0.015135 LBFGS-B: function start/end, n_calls: 39.9571907861 39.9301122893 51
cycle:  28 max_shift: 0.008807 LBFGS-B: function start/end, n_calls: 39.9301122893 39.9028453111 51
cycle:  29 max_shift: 0.026191 LBFGS-B: function start/end, n_calls: 39.9028453111 39.8600292237 52
cycle:  30 max_shift: 0.007099 LBFGS-B: function start/end, n_calls: 39.8600292237 39.8266743509 52
cycle:  31 max_shift: 0.027776 LBFGS-B: function start/end, n_calls: 39.8266743509 39.7848252492 51
cycle:  32 max_shift: 0.007869 LBFGS-B: function start/end, n_calls: 39.7848252492 39.7551743701 52
cycle:  33 max_shift: 0.028030 LBFGS-B: function start/end, n_calls: 39.7551743701 39.7260623381 52
cycle:  34 max_shift: 0.008318 LBFGS-B: function start/end, n_calls: 39.7260623381 39.6989412734 52
cycle:  35 max_shift: 0.011059 LBFGS-B: function start/end, n_calls: 39.6989412734 39.688930105 52
cycle:  36 max_shift: 0.005821 LBFGS-B: function start/end, n_calls: 39.688930105 39.6797494762 51
cycle:  37 max_shift: 0.005292 LBFGS-B: function start/end, n_calls: 39.6797494762 39.6733274684 52
cycle:  38 max_shift: 0.004163 LBFGS-B: function start/end, n_calls: 39.6733274684 39.6674774266 51
cycle:  39 max_shift: 0.004177 LBFGS-B: function start/end, n_calls: 39.6674774266 39.662428709 51
cycle:  40 max_shift: 0.004820 LBFGS-B: function start/end, n_calls: 39.662428709 39.6568370529 52
cycle:  41 max_shift: 0.003334 LBFGS-B: function start/end, n_calls: 39.6568370529 39.6524642839 52
cycle:  42 max_shift: 0.004218 LBFGS-B: function start/end, n_calls: 39.6524642839 39.6482409111 52
cycle:  43 max_shift: 0.003060 LBFGS-B: function start/end, n_calls: 39.6482409111 39.6444708818 51
cycle:  44 max_shift: 0.004619 LBFGS-B: function start/end, n_calls: 39.6444708818 39.6400787146 52
cycle:  45 max_shift: 0.003019 LBFGS-B: function start/end, n_calls: 39.6400787146 39.6361610359 51
cycle:  46 max_shift: 0.004288 LBFGS-B: function start/end, n_calls: 39.6361610359 39.6325406113 51
cycle:  47 max_shift: 0.002863 LBFGS-B: function start/end, n_calls: 39.6325406113 39.6289943452 52
cycle:  48 max_shift: 0.004569 LBFGS-B: function start/end, n_calls: 39.6289943452 39.6255127395 52
cycle:  49 max_shift: 0.003216 LBFGS-B: function start/end, n_calls: 39.6255127395 39.6215757177 52
cycle:  50 max_shift: 0.004049 LBFGS-B: function start/end, n_calls: 39.6215757177 39.6180729772 52
cycle:  51 max_shift: 0.002997 LBFGS-B: function start/end, n_calls: 39.6180729772 39.6146881076 52
cycle:  52 max_shift: 0.003741 LBFGS-B: function start/end, n_calls: 39.6146881076 39.6120008851 51
cycle:  53 max_shift: 0.002991 LBFGS-B: function start/end, n_calls: 39.6120008851 39.6092797586 51
cycle:  54 max_shift: 0.003401 LBFGS-B: function start/end, n_calls: 39.6092797586 39.6068114907 51
cycle:  55 max_shift: 0.002497 LBFGS-B: function start/end, n_calls: 39.6068114907 39.6044907187 51
cycle:  56 max_shift: 0.003054 LBFGS-B: function start/end, n_calls: 39.6044907187 39.6022365424 51
cycle:  57 max_shift: 0.002546 LBFGS-B: function start/end, n_calls: 39.6022365424 39.5999614116 51
cycle:  58 max_shift: 0.002766 LBFGS-B: function start/end, n_calls: 39.5999614116 39.5978300382 52
cycle:  59 max_shift: 0.003363 LBFGS-B: function start/end, n_calls: 39.5978300382 39.5952833552 51
cycle:  60 max_shift: 0.002988 LBFGS-B: function start/end, n_calls: 39.5952833552 39.5925380676 52
cycle:  61 max_shift: 0.005883 LBFGS-B: function start/end, n_calls: 39.5925380676 39.5881824272 52
cycle:  62 max_shift: 0.002633 LBFGS-B: function start/end, n_calls: 39.5881824272 39.5847537268 51
cycle:  63 max_shift: 0.011833 LBFGS-B: function start/end, n_calls: 39.5847537268 39.5791002769 52
cycle:  64 max_shift: 0.004434 LBFGS-B: function start/end, n_calls: 39.5791002769 39.5716033209 51
cycle:  65 max_shift: 0.009272 LBFGS-B: function start/end, n_calls: 39.5716033209 39.5659776331 52
cycle:  66 max_shift: 0.002353 LBFGS-B: function start/end, n_calls: 39.5659776331 39.5628428137 51
cycle:  67 max_shift: 0.003529 LBFGS-B: function start/end, n_calls: 39.5628428137 39.5612100039 51
cycle:  68 max_shift: 0.002955 LBFGS-B: function start/end, n_calls: 39.5612100039 39.5595826989 51
cycle:  69 max_shift: 0.001406 LBFGS-B: function start/end, n_calls: 39.5595826989 39.5587282845 52
cycle:  70 max_shift: 0.002339 LBFGS-B: function start/end, n_calls: 39.5587282845 39.5578289594 52
cycle:  71 max_shift: 0.001406 LBFGS-B: function start/end, n_calls: 39.5578289594 39.5570779207 52
cycle:  72 max_shift: 0.004802 LBFGS-B: function start/end, n_calls: 39.5570779207 39.5551558499 52
cycle:  73 max_shift: 0.001198 LBFGS-B: function start/end, n_calls: 39.5551558499 39.5536010117 52
cycle:  74 max_shift: 0.002846 LBFGS-B: function start/end, n_calls: 39.5536010117 39.5525753575 51
cycle:  75 max_shift: 0.001600 LBFGS-B: function start/end, n_calls: 39.5525753575 39.5515898201 52
cycle:  76 max_shift: 0.002391 LBFGS-B: function start/end, n_calls: 39.5515898201 39.5508222974 51
cycle:  77 max_shift: 0.001486 LBFGS-B: function start/end, n_calls: 39.5508222974 39.5500130557 52
cycle:  78 max_shift: 0.002165 LBFGS-B: function start/end, n_calls: 39.5500130557 39.5492424429 52
cycle:  79 max_shift: 0.001437 LBFGS-B: function start/end, n_calls: 39.5492424429 39.5484387081 52
cycle:  80 max_shift: 0.001751 LBFGS-B: function start/end, n_calls: 39.5484387081 39.5478663724 51
cycle:  81 max_shift: 0.001886 LBFGS-B: function start/end, n_calls: 39.5478663724 39.5471272143 52
cycle:  82 max_shift: 0.001554 LBFGS-B: function start/end, n_calls: 39.5471272143 39.5464751357 52
cycle:  83 max_shift: 0.003396 LBFGS-B: function start/end, n_calls: 39.5464751357 39.5454315468 52
cycle:  84 max_shift: 0.001894 LBFGS-B: function start/end, n_calls: 39.5454315468 39.5444428161 52
cycle:  85 max_shift: 0.002758 LBFGS-B: function start/end, n_calls: 39.5444428161 39.543605063 51
cycle:  86 max_shift: 0.001521 LBFGS-B: function start/end, n_calls: 39.543605063 39.5428920216 51
cycle:  87 max_shift: 0.002424 LBFGS-B: function start/end, n_calls: 39.5428920216 39.5422176254 52
cycle:  88 max_shift: 0.001818 LBFGS-B: function start/end, n_calls: 39.5422176254 39.541543876 51
cycle:  89 max_shift: 0.002085 LBFGS-B: function start/end, n_calls: 39.541543876 39.5409699677 51
cycle:  90 max_shift: 0.001392 LBFGS-B: function start/end, n_calls: 39.5409699677 39.5404122661 51
cycle:  91 max_shift: 0.003377 LBFGS-B: function start/end, n_calls: 39.5404122661 39.5396813692 51
cycle:  92 max_shift: 0.001790 LBFGS-B: function start/end, n_calls: 39.5396813692 39.5388793039 52
cycle:  93 max_shift: 0.003673 LBFGS-B: function start/end, n_calls: 39.5388793039 39.5380538104 51
cycle:  94 max_shift: 0.001652 LBFGS-B: function start/end, n_calls: 39.5380538104 39.5373809016 53
cycle:  95 max_shift: 0.001030 LBFGS-B: function start/end, n_calls: 39.5373809016 39.5370727365 51
cycle:  96 max_shift: 0.001269 LBFGS-B: function start/end, n_calls: 39.5370727365 39.5368191505 51
cycle:  97 max_shift: 0.001014 LBFGS-B: function start/end, n_calls: 39.5368191505 39.5365598605 51
cycle:  98 max_shift: 0.001108 LBFGS-B: function start/end, n_calls: 39.5365598605 39.5362941694 52
cycle:  99 max_shift: 0.001556 LBFGS-B: function start/end, n_calls: 39.5362941694 39.5359622656 52
final: bond:  0.000 angle:   0.27 clash:   0.0 rota:  0.00 rama: f: 100.00 o:   0.00 Z:   1.31 cb:   0.00
See 7_refined.pdb in pdb folder.
Time: 5.1585
