Starting Q|R
version:   v1.0-208-g2886d5-dirty  
Running refinement
   input {
     xray_data {
       file_name = None
       labels = None
       high_resolution = None
       low_resolution = None
       outliers_rejection = True
       french_wilson_scale = True
       french_wilson {
         max_bins = 60
         min_bin_size = 40
       }
       sigma_fobs_rejection_criterion = None
       sigma_iobs_rejection_criterion = None
       ignore_all_zeros = True
       force_anomalous_flag_to_be_equal_to = None
       convert_to_non_anomalous_if_ratio_pairs_lone_less_than_threshold = 0.5
       r_free_flags {
         file_name = None
         label = None
         test_flag_value = None
         ignore_r_free_flags = False
         disable_suitability_test = False
         ignore_pdb_hexdigest = False
         generate = False
         fraction = 0.1
         max_free = 2000
         lattice_symmetry_max_delta = 5
         use_lattice_symmetry = True
         use_dataman_shells = False
         n_shells = 20
       }
     }
     pdb {
       file_name = None
     }
     monomers {
       file_name = None
     }
     maps {
       map_file_name = None
       d_min = None
       map_coefficients_file_name = None
       map_coefficients_label = None
     }
     sequence = None
     scattering_table = wk1995 it1992 *n_gaussian neutron electron
     wavelength = None
     energy = None
     twin_law = Auto
   }
   max_atoms = 15000
   debug = False
   cluster {
     fast_interaction = True
     charge_cutoff = 8.0
     clustering = false
     charge_embedding = False
     two_buffers = False
     maxnum_residues_in_cluster = 15
     select_within_radius = 10
     clustering_method = gnc *bcc
     altloc_method = average *subtract
     g_scan = 10 15 20
     g_mode = None
     save_clusters = True
     bond_with_altloc = True
     re_calculate_rmsd_tolerance = 0.5
   }
   restraints = *cctbx qm
   expansion = False
   quantum {
     engine_name = *mopac ani torchani terachem turbomole pyscf orca gaussian \
                   xtb
     basis = Auto
     charge = None
     method = Auto
     memory = None
     nproc = None
     qm_addon = gcp dftd3 gcp-d3
     qm_addon_method = None
   }
   refine {
     dry_run = False
     sf_algorithm = *direct fft
     refinement_target_name = *ml ls_wunit_k1
     mode = *opt refine gtest
     number_of_macro_cycles = 1
     number_of_weight_search_cycles = 50
     number_of_refine_cycles = 5
     number_of_micro_cycles = 100
     data_weight = None
     choose_best_use_r_work = False
     skip_weight_search = False
     adjust_restraints_weight_scale_value = 2
     max_iterations_weight = 50
     max_iterations_refine = 50
     use_ase_lbfgs = False
     line_search = True
     stpmax = 0.2
     gradient_only = False
     update_all_scales = True
     refine_sites = True
     refine_adp = False
     restraints_weight_scale = 1.0
     shake_sites = False
     use_convergence_test = True
     max_bond_rmsd = 0.03
     max_r_work_r_free_gap = 5.0
     r_tolerance = 0.001
     rmsd_tolerance = 0.01
     opt_log = False
     pre_opt = False
     pre_opt_stpmax = 0.1
     pre_opt_iter = 10
     pre_opt_switch = 2
     pre_opt_gconv = 3000
     minimizer = lbfgs *lbfgsb
   }
   parallel {
     method = *multiprocessing slurm pbs sge lsf threading
     nproc = None
     qsub_command = None
   }
   output_file_name_prefix = None
   output_folder_name = "pdb"
   rst_file = None
   dump_gradients = None

Setting QM defaults
  Setting QM method to PM7


***********************************************************
restart info will be stored in /home/yanting/work/aniserver_1_qr/ani_qr_test/cctbx_lbfgs/qr-ani-test/qr-cctbx/lbfgs_b/0.3/pdb/9.rst.pickle
***********************************************************

start: bond:  0.013 angle:   1.18 clash:   0.0 rota:  0.00 rama: f: 100.00 o:   0.00 Z:  -5.32 cb:   0.00
cycle:   0 max_shift: 0.204676 LBFGS-B: function start/end, n_calls: 250.182149337 55.0841863356 52
cycle:   1 max_shift: 0.200279 LBFGS-B: function start/end, n_calls: 55.0841863356 47.1872305265 52
cycle:   2 max_shift: 0.086020 LBFGS-B: function start/end, n_calls: 47.1872305265 44.9950182072 52
cycle:   3 max_shift: 0.079345 LBFGS-B: function start/end, n_calls: 44.9950182072 43.9527242504 52
cycle:   4 max_shift: 0.046027 LBFGS-B: function start/end, n_calls: 43.9527242504 43.2059668345 52
cycle:   5 max_shift: 0.090706 LBFGS-B: function start/end, n_calls: 43.2059668345 42.6577937816 52
cycle:   6 max_shift: 0.041273 LBFGS-B: function start/end, n_calls: 42.6577937816 42.199458434 52
cycle:   7 max_shift: 0.046628 LBFGS-B: function start/end, n_calls: 42.199458434 41.9282282544 51
cycle:   8 max_shift: 0.060948 LBFGS-B: function start/end, n_calls: 41.9282282544 41.6411645665 51
cycle:   9 max_shift: 0.029369 LBFGS-B: function start/end, n_calls: 41.6411645665 41.4084034569 52
cycle:  10 max_shift: 0.088399 LBFGS-B: function start/end, n_calls: 41.4084034569 41.1368537405 52
cycle:  11 max_shift: 0.015723 LBFGS-B: function start/end, n_calls: 41.1368537405 40.9308041296 51
cycle:  12 max_shift: 0.059169 LBFGS-B: function start/end, n_calls: 40.9308041296 40.7897807109 51
cycle:  13 max_shift: 0.012235 LBFGS-B: function start/end, n_calls: 40.7897807109 40.6507208454 52
cycle:  14 max_shift: 0.041173 LBFGS-B: function start/end, n_calls: 40.6507208454 40.5452251562 51
cycle:  15 max_shift: 0.008417 LBFGS-B: function start/end, n_calls: 40.5452251562 40.4566334954 52
cycle:  16 max_shift: 0.026450 LBFGS-B: function start/end, n_calls: 40.4566334954 40.3809717164 51
cycle:  17 max_shift: 0.007629 LBFGS-B: function start/end, n_calls: 40.3809717164 40.3122253785 51
cycle:  18 max_shift: 0.019331 LBFGS-B: function start/end, n_calls: 40.3122253785 40.2467137468 51
cycle:  19 max_shift: 0.010698 LBFGS-B: function start/end, n_calls: 40.2467137468 40.1977709617 52
cycle:  20 max_shift: 0.011531 LBFGS-B: function start/end, n_calls: 40.1977709617 40.1566208428 52
cycle:  21 max_shift: 0.006373 LBFGS-B: function start/end, n_calls: 40.1566208428 40.1213829097 51
cycle:  22 max_shift: 0.010694 LBFGS-B: function start/end, n_calls: 40.1213829097 40.0865648771 51
cycle:  23 max_shift: 0.007920 LBFGS-B: function start/end, n_calls: 40.0865648771 40.0577200871 52
cycle:  24 max_shift: 0.008696 LBFGS-B: function start/end, n_calls: 40.0577200871 40.0317052207 52
cycle:  25 max_shift: 0.005643 LBFGS-B: function start/end, n_calls: 40.0317052207 40.0094669327 51
cycle:  26 max_shift: 0.011049 LBFGS-B: function start/end, n_calls: 40.0094669327 39.9834476572 51
cycle:  27 max_shift: 0.005153 LBFGS-B: function start/end, n_calls: 39.9834476572 39.9587726775 51
cycle:  28 max_shift: 0.025658 LBFGS-B: function start/end, n_calls: 39.9587726775 39.9155104269 52
cycle:  29 max_shift: 0.005271 LBFGS-B: function start/end, n_calls: 39.9155104269 39.8697214623 51
cycle:  30 max_shift: 0.016444 LBFGS-B: function start/end, n_calls: 39.8697214623 39.8424310682 51
cycle:  31 max_shift: 0.006261 LBFGS-B: function start/end, n_calls: 39.8424310682 39.81437219 52
cycle:  32 max_shift: 0.007649 LBFGS-B: function start/end, n_calls: 39.81437219 39.8001302984 51
cycle:  33 max_shift: 0.005018 LBFGS-B: function start/end, n_calls: 39.8001302984 39.7855463219 51
cycle:  34 max_shift: 0.007979 LBFGS-B: function start/end, n_calls: 39.7855463219 39.7710932593 52
cycle:  35 max_shift: 0.003667 LBFGS-B: function start/end, n_calls: 39.7710932593 39.7583822379 51
cycle:  36 max_shift: 0.013859 LBFGS-B: function start/end, n_calls: 39.7583822379 39.7381313565 51
cycle:  37 max_shift: 0.004251 LBFGS-B: function start/end, n_calls: 39.7381313565 39.7206373901 52
cycle:  38 max_shift: 0.012980 LBFGS-B: function start/end, n_calls: 39.7206373901 39.7049693582 51
cycle:  39 max_shift: 0.004471 LBFGS-B: function start/end, n_calls: 39.7049693582 39.6882644013 52
cycle:  40 max_shift: 0.010556 LBFGS-B: function start/end, n_calls: 39.6882644013 39.6760677098 52
cycle:  41 max_shift: 0.003918 LBFGS-B: function start/end, n_calls: 39.6760677098 39.6642417834 52
cycle:  42 max_shift: 0.011715 LBFGS-B: function start/end, n_calls: 39.6642417834 39.6523219995 52
cycle:  43 max_shift: 0.003390 LBFGS-B: function start/end, n_calls: 39.6523219995 39.6403835859 51
cycle:  44 max_shift: 0.016112 LBFGS-B: function start/end, n_calls: 39.6403835859 39.6253795658 51
cycle:  45 max_shift: 0.002401 LBFGS-B: function start/end, n_calls: 39.6253795658 39.6127576894 51
cycle:  46 max_shift: 0.004629 LBFGS-B: function start/end, n_calls: 39.6127576894 39.6083435317 51
cycle:  47 max_shift: 0.002837 LBFGS-B: function start/end, n_calls: 39.6083435317 39.6042540668 52
cycle:  48 max_shift: 0.005328 LBFGS-B: function start/end, n_calls: 39.6042540668 39.6000012672 52
cycle:  49 max_shift: 0.002361 LBFGS-B: function start/end, n_calls: 39.6000012672 39.5955529249 52
cycle:  50 max_shift: 0.007475 LBFGS-B: function start/end, n_calls: 39.5955529249 39.5902563268 51
cycle:  51 max_shift: 0.002703 LBFGS-B: function start/end, n_calls: 39.5902563268 39.5848581388 51
cycle:  52 max_shift: 0.005467 LBFGS-B: function start/end, n_calls: 39.5848581388 39.5810955176 52
cycle:  53 max_shift: 0.002605 LBFGS-B: function start/end, n_calls: 39.5810955176 39.5770703825 52
cycle:  54 max_shift: 0.009856 LBFGS-B: function start/end, n_calls: 39.5770703825 39.570454615 51
cycle:  55 max_shift: 0.002597 LBFGS-B: function start/end, n_calls: 39.570454615 39.5653908613 52
cycle:  56 max_shift: 0.045327 LBFGS-B: function start/end, n_calls: 39.5653908613 39.5407560651 52
cycle:  57 max_shift: 0.004454 LBFGS-B: function start/end, n_calls: 39.5407560651 39.5312329937 52
cycle:  58 max_shift: 0.002616 LBFGS-B: function start/end, n_calls: 39.5312329937 39.5300627352 51
cycle:  59 max_shift: 0.001426 LBFGS-B: function start/end, n_calls: 39.5300627352 39.5297036306 51
cycle:  60 max_shift: 0.001942 LBFGS-B: function start/end, n_calls: 39.5297036306 39.5292657341 52
cycle:  61 max_shift: 0.001088 LBFGS-B: function start/end, n_calls: 39.5292657341 39.5289099815 51
cycle:  62 max_shift: 0.002326 LBFGS-B: function start/end, n_calls: 39.5289099815 39.5284608735 52
cycle:  63 max_shift: 0.000993 LBFGS-B: function start/end, n_calls: 39.5284608735 39.528015461 51
cycle:  64 max_shift: 0.002474 LBFGS-B: function start/end, n_calls: 39.528015461 39.5275880292 52
cycle:  65 max_shift: 0.001056 LBFGS-B: function start/end, n_calls: 39.5275880292 39.5271485498 51
cycle:  66 max_shift: 0.002317 LBFGS-B: function start/end, n_calls: 39.5271485498 39.5267272953 52
cycle:  67 max_shift: 0.000922 LBFGS-B: function start/end, n_calls: 39.5267272953 39.5263923361 51
cycle:  68 max_shift: 0.001793 LBFGS-B: function start/end, n_calls: 39.5263923361 39.5260994179 51
cycle:  69 max_shift: 0.001389 LBFGS-B: function start/end, n_calls: 39.5260994179 39.5257404241 52
cycle:  70 max_shift: 0.001466 LBFGS-B: function start/end, n_calls: 39.5257404241 39.5254676156 52
cycle:  71 max_shift: 0.001011 LBFGS-B: function start/end, n_calls: 39.5254676156 39.5252213191 51
cycle:  72 max_shift: 0.001195 LBFGS-B: function start/end, n_calls: 39.5252213191 39.5250047414 51
cycle:  73 max_shift: 0.000838 LBFGS-B: function start/end, n_calls: 39.5250047414 39.5248013769 51
Convergence reached. Stopping now.
final: bond:  0.000 angle:   0.27 clash:   0.0 rota:  0.00 rama: f: 100.00 o:   0.00 Z:   2.43 cb:   0.00
See 9_refined.pdb in pdb folder.
Time: 4.8437
