Starting Q|R
version:   v1.0-208-g2886d5-dirty  
Running refinement
   input {
     xray_data {
       file_name = None
       labels = None
       high_resolution = None
       low_resolution = None
       outliers_rejection = True
       french_wilson_scale = True
       french_wilson {
         max_bins = 60
         min_bin_size = 40
       }
       sigma_fobs_rejection_criterion = None
       sigma_iobs_rejection_criterion = None
       ignore_all_zeros = True
       force_anomalous_flag_to_be_equal_to = None
       convert_to_non_anomalous_if_ratio_pairs_lone_less_than_threshold = 0.5
       r_free_flags {
         file_name = None
         label = None
         test_flag_value = None
         ignore_r_free_flags = False
         disable_suitability_test = False
         ignore_pdb_hexdigest = False
         generate = False
         fraction = 0.1
         max_free = 2000
         lattice_symmetry_max_delta = 5
         use_lattice_symmetry = True
         use_dataman_shells = False
         n_shells = 20
       }
     }
     pdb {
       file_name = None
     }
     monomers {
       file_name = None
     }
     maps {
       map_file_name = None
       d_min = None
       map_coefficients_file_name = None
       map_coefficients_label = None
     }
     sequence = None
     scattering_table = wk1995 it1992 *n_gaussian neutron electron
     wavelength = None
     energy = None
     twin_law = Auto
   }
   max_atoms = 15000
   debug = False
   cluster {
     fast_interaction = True
     charge_cutoff = 8.0
     clustering = false
     charge_embedding = False
     two_buffers = False
     maxnum_residues_in_cluster = 15
     select_within_radius = 10
     clustering_method = gnc *bcc
     altloc_method = average *subtract
     g_scan = 10 15 20
     g_mode = None
     save_clusters = True
     bond_with_altloc = True
     re_calculate_rmsd_tolerance = 0.5
   }
   restraints = *cctbx qm
   expansion = False
   quantum {
     engine_name = *mopac ani torchani terachem turbomole pyscf orca gaussian \
                   xtb
     basis = Auto
     charge = None
     method = Auto
     memory = None
     nproc = None
     qm_addon = gcp dftd3 gcp-d3
     qm_addon_method = None
   }
   refine {
     dry_run = False
     sf_algorithm = *direct fft
     refinement_target_name = *ml ls_wunit_k1
     mode = *opt refine gtest
     number_of_macro_cycles = 1
     number_of_weight_search_cycles = 50
     number_of_refine_cycles = 5
     number_of_micro_cycles = 100
     data_weight = None
     choose_best_use_r_work = False
     skip_weight_search = False
     adjust_restraints_weight_scale_value = 2
     max_iterations_weight = 50
     max_iterations_refine = 50
     use_ase_lbfgs = False
     line_search = True
     stpmax = 0.2
     gradient_only = true
     update_all_scales = True
     refine_sites = True
     refine_adp = False
     restraints_weight_scale = 1.0
     shake_sites = False
     use_convergence_test = True
     max_bond_rmsd = 0.03
     max_r_work_r_free_gap = 5.0
     r_tolerance = 0.001
     rmsd_tolerance = 0.01
     opt_log = False
     pre_opt = False
     pre_opt_stpmax = 0.1
     pre_opt_iter = 10
     pre_opt_switch = 2
     pre_opt_gconv = 3000
     minimizer = *lbfgs lbfgsb
   }
   parallel {
     method = *multiprocessing slurm pbs sge lsf threading
     nproc = None
     qsub_command = None
   }
   output_file_name_prefix = None
   output_folder_name = "pdb"
   rst_file = None
   dump_gradients = None

Setting QM defaults
  Setting QM method to PM7


***********************************************************
restart info will be stored in /home/yanting/work/aniserver_1_qr/ani_qr_test/cctbx_lbfgs/qr-ani-test/qr-cctbx/lbfgs/0.3/pdb/0.rst.pickle
***********************************************************

start: bond:  0.016 angle:   1.35 clash:   0.0 rota:  0.00 rama: f: 100.00 o:   0.00 Z:  -2.29 cb:   0.00
cycle:   0 max_shift: 0.232355 LBFGS: function start/end, n_calls: 341.881822 48.001428 52
cycle:   1 max_shift: 0.108180 LBFGS: function start/end, n_calls: 48.001428 44.782224 52
cycle:   2 max_shift: 0.061148 LBFGS: function start/end, n_calls: 44.782224 43.868479 53
cycle:   3 max_shift: 0.100574 LBFGS: function start/end, n_calls: 43.868479 43.133247 52
cycle:   4 max_shift: 0.040562 LBFGS: function start/end, n_calls: 43.133247 42.654067 52
cycle:   5 max_shift: 0.249228 LBFGS: function start/end, n_calls: 42.654067 41.829918 53
cycle:   6 max_shift: 0.026960 LBFGS: function start/end, n_calls: 41.829918 41.351304 52
cycle:   7 max_shift: 0.113289 LBFGS: function start/end, n_calls: 41.351304 40.965038 52
cycle:   8 max_shift: 0.019871 LBFGS: function start/end, n_calls: 40.965038 40.703464 53
cycle:   9 max_shift: 0.046400 LBFGS: function start/end, n_calls: 40.703464 40.571447 53
cycle:  10 max_shift: 0.016422 LBFGS: function start/end, n_calls: 40.571447 40.481332 53
cycle:  11 max_shift: 0.045268 LBFGS: function start/end, n_calls: 40.481332 40.334846 52
cycle:  12 max_shift: 0.013236 LBFGS: function start/end, n_calls: 40.334846 40.248608 52
cycle:  13 max_shift: 0.021355 LBFGS: function start/end, n_calls: 40.248608 40.183090 52
cycle:  14 max_shift: 0.009422 LBFGS: function start/end, n_calls: 40.183090 40.135948 52
cycle:  15 max_shift: 0.012968 LBFGS: function start/end, n_calls: 40.135948 40.097639 52
cycle:  16 max_shift: 0.014693 LBFGS: function start/end, n_calls: 40.097639 40.056653 52
cycle:  17 max_shift: 0.008368 LBFGS: function start/end, n_calls: 40.056653 40.021976 52
cycle:  18 max_shift: 0.024581 LBFGS: function start/end, n_calls: 40.021976 39.968256 52
cycle:  19 max_shift: 0.009149 LBFGS: function start/end, n_calls: 39.968256 39.937210 53
cycle:  20 max_shift: 0.015312 LBFGS: function start/end, n_calls: 39.937210 39.903199 52
cycle:  21 max_shift: 0.018770 LBFGS: function start/end, n_calls: 39.903199 39.867544 52
cycle:  22 max_shift: 0.007831 LBFGS: function start/end, n_calls: 39.867544 39.840050 52
cycle:  23 max_shift: 0.015592 LBFGS: function start/end, n_calls: 39.840050 39.815471 52
cycle:  24 max_shift: 0.006804 LBFGS: function start/end, n_calls: 39.815471 39.794436 52
cycle:  25 max_shift: 0.008704 LBFGS: function start/end, n_calls: 39.794436 39.777492 52
cycle:  26 max_shift: 0.014629 LBFGS: function start/end, n_calls: 39.777492 39.756661 52
cycle:  27 max_shift: 0.005591 LBFGS: function start/end, n_calls: 39.756661 39.741765 52
cycle:  28 max_shift: 0.009673 LBFGS: function start/end, n_calls: 39.741765 39.729817 52
cycle:  29 max_shift: 0.005327 LBFGS: function start/end, n_calls: 39.729817 39.719393 52
cycle:  30 max_shift: 0.008925 LBFGS: function start/end, n_calls: 39.719393 39.708740 52
cycle:  31 max_shift: 0.008653 LBFGS: function start/end, n_calls: 39.708740 39.696136 52
cycle:  32 max_shift: 0.009034 LBFGS: function start/end, n_calls: 39.696136 39.683126 52
cycle:  33 max_shift: 0.035419 LBFGS: function start/end, n_calls: 39.683126 39.655549 52
cycle:  34 max_shift: 0.006699 LBFGS: function start/end, n_calls: 39.655549 39.633905 52
cycle:  35 max_shift: 0.028128 LBFGS: function start/end, n_calls: 39.633905 39.619106 52
cycle:  36 max_shift: 0.005264 LBFGS: function start/end, n_calls: 39.619106 39.604898 52
cycle:  37 max_shift: 0.026994 LBFGS: function start/end, n_calls: 39.604898 39.592308 52
cycle:  38 max_shift: 0.003560 LBFGS: function start/end, n_calls: 39.592308 39.583101 53
cycle:  39 max_shift: 0.019239 LBFGS: function start/end, n_calls: 39.583101 39.576100 52
cycle:  40 max_shift: 0.003012 LBFGS: function start/end, n_calls: 39.576100 39.570654 52
cycle:  41 max_shift: 0.007877 LBFGS: function start/end, n_calls: 39.570654 39.568211 52
cycle:  42 max_shift: 0.002724 LBFGS: function start/end, n_calls: 39.568211 39.565331 52
cycle:  43 max_shift: 0.006077 LBFGS: function start/end, n_calls: 39.565331 39.563625 52
cycle:  44 max_shift: 0.003694 LBFGS: function start/end, n_calls: 39.563625 39.561422 52
cycle:  45 max_shift: 0.002415 LBFGS: function start/end, n_calls: 39.561422 39.560026 52
cycle:  46 max_shift: 0.002925 LBFGS: function start/end, n_calls: 39.560026 39.558932 52
cycle:  47 max_shift: 0.002255 LBFGS: function start/end, n_calls: 39.558932 39.557859 52
cycle:  48 max_shift: 0.008416 LBFGS: function start/end, n_calls: 39.557859 39.555220 52
cycle:  49 max_shift: 0.001854 LBFGS: function start/end, n_calls: 39.555220 39.553721 52
cycle:  50 max_shift: 0.001528 LBFGS: function start/end, n_calls: 39.553721 39.553128 53
cycle:  51 max_shift: 0.004341 LBFGS: function start/end, n_calls: 39.553128 39.551878 52
cycle:  52 max_shift: 0.004657 LBFGS: function start/end, n_calls: 39.551878 39.550507 52
cycle:  53 max_shift: 0.003500 LBFGS: function start/end, n_calls: 39.550507 39.549183 52
cycle:  54 max_shift: 0.001447 LBFGS: function start/end, n_calls: 39.549183 39.548451 52
cycle:  55 max_shift: 0.002171 LBFGS: function start/end, n_calls: 39.548451 39.547956 53
cycle:  56 max_shift: 0.001530 LBFGS: function start/end, n_calls: 39.547956 39.547351 52
cycle:  57 max_shift: 0.003213 LBFGS: function start/end, n_calls: 39.547351 39.546655 52
cycle:  58 max_shift: 0.001264 LBFGS: function start/end, n_calls: 39.546655 39.546094 52
cycle:  59 max_shift: 0.004300 LBFGS: function start/end, n_calls: 39.546094 39.545402 52
cycle:  60 max_shift: 0.001465 LBFGS: function start/end, n_calls: 39.545402 39.544662 52
cycle:  61 max_shift: 0.005365 LBFGS: function start/end, n_calls: 39.544662 39.543880 52
cycle:  62 max_shift: 0.002387 LBFGS: function start/end, n_calls: 39.543880 39.542960 52
cycle:  63 max_shift: 0.002070 LBFGS: function start/end, n_calls: 39.542960 39.542494 52
cycle:  64 max_shift: 0.001100 LBFGS: function start/end, n_calls: 39.542494 39.542122 52
cycle:  65 max_shift: 0.002768 LBFGS: function start/end, n_calls: 39.542122 39.541743 52
cycle:  66 max_shift: 0.001014 LBFGS: function start/end, n_calls: 39.541743 39.541338 53
cycle:  67 max_shift: 0.006765 LBFGS: function start/end, n_calls: 39.541338 39.540593 52
cycle:  68 max_shift: 0.001365 LBFGS: function start/end, n_calls: 39.540593 39.539736 52
cycle:  69 max_shift: 0.014143 LBFGS: function start/end, n_calls: 39.539736 39.538213 52
cycle:  70 max_shift: 0.001471 LBFGS: function start/end, n_calls: 39.538213 39.536942 52
cycle:  71 max_shift: 0.004645 LBFGS: function start/end, n_calls: 39.536942 39.536565 52
cycle:  72 max_shift: 0.001189 LBFGS: function start/end, n_calls: 39.536565 39.536101 52
cycle:  73 max_shift: 0.001346 LBFGS: function start/end, n_calls: 39.536101 39.535952 52
cycle:  74 max_shift: 0.000841 LBFGS: function start/end, n_calls: 39.535952 39.535810 52
cycle:  75 max_shift: 0.001793 LBFGS: function start/end, n_calls: 39.535810 39.535645 52
cycle:  76 max_shift: 0.000810 LBFGS: function start/end, n_calls: 39.535645 39.535466 52
cycle:  77 max_shift: 0.002145 LBFGS: function start/end, n_calls: 39.535466 39.535297 52
cycle:  78 max_shift: 0.000818 LBFGS: function start/end, n_calls: 39.535297 39.535089 52
Convergence reached. Stopping now.
final: bond:  0.000 angle:   0.26 clash:   0.0 rota:  0.00 rama: f: 100.00 o:   0.00 Z:   1.48 cb:   0.00
See 0_refined.pdb in pdb folder.
Time: 4.6870
