Starting Q|R
version:   v1.0-208-g2886d5-dirty  
Running refinement
   input {
     xray_data {
       file_name = None
       labels = None
       high_resolution = None
       low_resolution = None
       outliers_rejection = True
       french_wilson_scale = True
       french_wilson {
         max_bins = 60
         min_bin_size = 40
       }
       sigma_fobs_rejection_criterion = None
       sigma_iobs_rejection_criterion = None
       ignore_all_zeros = True
       force_anomalous_flag_to_be_equal_to = None
       convert_to_non_anomalous_if_ratio_pairs_lone_less_than_threshold = 0.5
       r_free_flags {
         file_name = None
         label = None
         test_flag_value = None
         ignore_r_free_flags = False
         disable_suitability_test = False
         ignore_pdb_hexdigest = False
         generate = False
         fraction = 0.1
         max_free = 2000
         lattice_symmetry_max_delta = 5
         use_lattice_symmetry = True
         use_dataman_shells = False
         n_shells = 20
       }
     }
     pdb {
       file_name = None
     }
     monomers {
       file_name = None
     }
     maps {
       map_file_name = None
       d_min = None
       map_coefficients_file_name = None
       map_coefficients_label = None
     }
     sequence = None
     scattering_table = wk1995 it1992 *n_gaussian neutron electron
     wavelength = None
     energy = None
     twin_law = Auto
   }
   max_atoms = 15000
   debug = False
   cluster {
     fast_interaction = True
     charge_cutoff = 8.0
     clustering = false
     charge_embedding = False
     two_buffers = False
     maxnum_residues_in_cluster = 15
     select_within_radius = 10
     clustering_method = gnc *bcc
     altloc_method = average *subtract
     g_scan = 10 15 20
     g_mode = None
     save_clusters = True
     bond_with_altloc = True
     re_calculate_rmsd_tolerance = 0.5
   }
   restraints = *cctbx qm
   expansion = False
   quantum {
     engine_name = *mopac ani torchani terachem turbomole pyscf orca gaussian \
                   xtb
     basis = Auto
     charge = None
     method = Auto
     memory = None
     nproc = None
     qm_addon = gcp dftd3 gcp-d3
     qm_addon_method = None
   }
   refine {
     dry_run = False
     sf_algorithm = *direct fft
     refinement_target_name = *ml ls_wunit_k1
     mode = *opt refine gtest
     number_of_macro_cycles = 1
     number_of_weight_search_cycles = 50
     number_of_refine_cycles = 5
     number_of_micro_cycles = 100
     data_weight = None
     choose_best_use_r_work = False
     skip_weight_search = False
     adjust_restraints_weight_scale_value = 2
     max_iterations_weight = 50
     max_iterations_refine = 50
     use_ase_lbfgs = False
     line_search = True
     stpmax = 0.2
     gradient_only = true
     update_all_scales = True
     refine_sites = True
     refine_adp = False
     restraints_weight_scale = 1.0
     shake_sites = False
     use_convergence_test = True
     max_bond_rmsd = 0.03
     max_r_work_r_free_gap = 5.0
     r_tolerance = 0.001
     rmsd_tolerance = 0.01
     opt_log = False
     pre_opt = False
     pre_opt_stpmax = 0.1
     pre_opt_iter = 10
     pre_opt_switch = 2
     pre_opt_gconv = 3000
     minimizer = *lbfgs lbfgsb
   }
   parallel {
     method = *multiprocessing slurm pbs sge lsf threading
     nproc = None
     qsub_command = None
   }
   output_file_name_prefix = None
   output_folder_name = "pdb"
   rst_file = None
   dump_gradients = None

Setting QM defaults
  Setting QM method to PM7


***********************************************************
restart info will be stored in /home/yanting/work/aniserver_1_qr/ani_qr_test/cctbx_lbfgs/qr-ani-test/qr-cctbx/lbfgs/0.3/pdb/1.rst.pickle
***********************************************************

start: bond:  0.013 angle:   1.43 clash:  11.0 rota:  0.00 rama: f:  90.91 o:   0.00 Z:  -4.19 cb:   0.00
cycle:   0 max_shift: 0.218818 LBFGS: function start/end, n_calls: 257.286591 53.793976 52
cycle:   1 max_shift: 0.158801 LBFGS: function start/end, n_calls: 53.793976 47.748847 52
cycle:   2 max_shift: 0.140978 LBFGS: function start/end, n_calls: 47.748847 45.423518 52
cycle:   3 max_shift: 0.118025 LBFGS: function start/end, n_calls: 45.423518 44.137099 52
cycle:   4 max_shift: 0.074337 LBFGS: function start/end, n_calls: 44.137099 43.292427 52
cycle:   5 max_shift: 0.038329 LBFGS: function start/end, n_calls: 43.292427 42.946860 53
cycle:   6 max_shift: 0.100065 LBFGS: function start/end, n_calls: 42.946860 42.414418 53
cycle:   7 max_shift: 0.027897 LBFGS: function start/end, n_calls: 42.414418 42.039326 52
cycle:   8 max_shift: 0.186938 LBFGS: function start/end, n_calls: 42.039326 41.235122 52
cycle:   9 max_shift: 0.016646 LBFGS: function start/end, n_calls: 41.235122 40.897591 52
cycle:  10 max_shift: 0.068927 LBFGS: function start/end, n_calls: 40.897591 40.627250 52
cycle:  11 max_shift: 0.011537 LBFGS: function start/end, n_calls: 40.627250 40.490892 52
cycle:  12 max_shift: 0.036350 LBFGS: function start/end, n_calls: 40.490892 40.395283 53
cycle:  13 max_shift: 0.013848 LBFGS: function start/end, n_calls: 40.395283 40.309472 52
cycle:  14 max_shift: 0.033672 LBFGS: function start/end, n_calls: 40.309472 40.213394 52
cycle:  15 max_shift: 0.009820 LBFGS: function start/end, n_calls: 40.213394 40.149714 52
cycle:  16 max_shift: 0.038930 LBFGS: function start/end, n_calls: 40.149714 40.054666 52
cycle:  17 max_shift: 0.012370 LBFGS: function start/end, n_calls: 40.054666 39.994770 52
cycle:  18 max_shift: 0.030421 LBFGS: function start/end, n_calls: 39.994770 39.938583 52
cycle:  19 max_shift: 0.008407 LBFGS: function start/end, n_calls: 39.938583 39.896439 52
cycle:  20 max_shift: 0.025135 LBFGS: function start/end, n_calls: 39.896439 39.854048 52
cycle:  21 max_shift: 0.009965 LBFGS: function start/end, n_calls: 39.854048 39.826084 52
cycle:  22 max_shift: 0.018403 LBFGS: function start/end, n_calls: 39.826084 39.798682 52
cycle:  23 max_shift: 0.006059 LBFGS: function start/end, n_calls: 39.798682 39.779019 52
cycle:  24 max_shift: 0.018430 LBFGS: function start/end, n_calls: 39.779019 39.755640 52
cycle:  25 max_shift: 0.006974 LBFGS: function start/end, n_calls: 39.755640 39.739170 52
cycle:  26 max_shift: 0.014245 LBFGS: function start/end, n_calls: 39.739170 39.722591 52
cycle:  27 max_shift: 0.007933 LBFGS: function start/end, n_calls: 39.722591 39.708002 52
cycle:  28 max_shift: 0.004422 LBFGS: function start/end, n_calls: 39.708002 39.699427 53
cycle:  29 max_shift: 0.009650 LBFGS: function start/end, n_calls: 39.699427 39.689067 52
cycle:  30 max_shift: 0.010008 LBFGS: function start/end, n_calls: 39.689067 39.677970 52
cycle:  31 max_shift: 0.004568 LBFGS: function start/end, n_calls: 39.677970 39.668912 52
cycle:  32 max_shift: 0.046230 LBFGS: function start/end, n_calls: 39.668912 39.636728 52
cycle:  33 max_shift: 0.007000 LBFGS: function start/end, n_calls: 39.636728 39.618106 52
cycle:  34 max_shift: 0.014736 LBFGS: function start/end, n_calls: 39.618106 39.610784 52
cycle:  35 max_shift: 0.004066 LBFGS: function start/end, n_calls: 39.610784 39.603830 52
cycle:  36 max_shift: 0.014734 LBFGS: function start/end, n_calls: 39.603830 39.597411 52
cycle:  37 max_shift: 0.003732 LBFGS: function start/end, n_calls: 39.597411 39.591386 52
cycle:  38 max_shift: 0.019946 LBFGS: function start/end, n_calls: 39.591386 39.585141 54
cycle:  39 max_shift: 0.004313 LBFGS: function start/end, n_calls: 39.585141 39.577633 52
cycle:  40 max_shift: 0.019524 LBFGS: function start/end, n_calls: 39.577633 39.572903 52
cycle:  41 max_shift: 0.004076 LBFGS: function start/end, n_calls: 39.572903 39.566028 52
cycle:  42 max_shift: 0.016464 LBFGS: function start/end, n_calls: 39.566028 39.562017 52
cycle:  43 max_shift: 0.006679 LBFGS: function start/end, n_calls: 39.562017 39.556702 52
cycle:  44 max_shift: 0.001948 LBFGS: function start/end, n_calls: 39.556702 39.554885 52
cycle:  45 max_shift: 0.004414 LBFGS: function start/end, n_calls: 39.554885 39.553667 52
cycle:  46 max_shift: 0.001836 LBFGS: function start/end, n_calls: 39.553667 39.552533 52
cycle:  47 max_shift: 0.004985 LBFGS: function start/end, n_calls: 39.552533 39.551249 52
cycle:  48 max_shift: 0.001579 LBFGS: function start/end, n_calls: 39.551249 39.550219 53
cycle:  49 max_shift: 0.003667 LBFGS: function start/end, n_calls: 39.550219 39.549393 52
cycle:  50 max_shift: 0.001749 LBFGS: function start/end, n_calls: 39.549393 39.548387 52
cycle:  51 max_shift: 0.070319 LBFGS: function start/end, n_calls: 39.548387 39.536691 52
cycle:  52 max_shift: 0.003763 LBFGS: function start/end, n_calls: 39.536691 39.532223 52
cycle:  53 max_shift: 0.001826 LBFGS: function start/end, n_calls: 39.532223 39.532096 53
cycle:  54 max_shift: 0.000811 LBFGS: function start/end, n_calls: 39.532096 39.531947 53
cycle:  55 max_shift: 0.001810 LBFGS: function start/end, n_calls: 39.531947 39.531828 53
cycle:  56 max_shift: 0.003566 LBFGS: function start/end, n_calls: 39.531828 39.531478 52
cycle:  57 max_shift: 0.000902 LBFGS: function start/end, n_calls: 39.531478 39.531233 52
cycle:  58 max_shift: 0.002134 LBFGS: function start/end, n_calls: 39.531233 39.531090 52
cycle:  59 max_shift: 0.000738 LBFGS: function start/end, n_calls: 39.531090 39.530937 53
Convergence reached. Stopping now.
final: bond:  0.000 angle:   0.26 clash:   0.0 rota:  0.00 rama: f: 100.00 o:   0.00 Z:   1.26 cb:   0.00
See 1_refined.pdb in pdb folder.
Time: 4.4658
