Starting Q|R
version:   v1.0-208-g2886d5-dirty  
Running refinement
   input {
     xray_data {
       file_name = None
       labels = None
       high_resolution = None
       low_resolution = None
       outliers_rejection = True
       french_wilson_scale = True
       french_wilson {
         max_bins = 60
         min_bin_size = 40
       }
       sigma_fobs_rejection_criterion = None
       sigma_iobs_rejection_criterion = None
       ignore_all_zeros = True
       force_anomalous_flag_to_be_equal_to = None
       convert_to_non_anomalous_if_ratio_pairs_lone_less_than_threshold = 0.5
       r_free_flags {
         file_name = None
         label = None
         test_flag_value = None
         ignore_r_free_flags = False
         disable_suitability_test = False
         ignore_pdb_hexdigest = False
         generate = False
         fraction = 0.1
         max_free = 2000
         lattice_symmetry_max_delta = 5
         use_lattice_symmetry = True
         use_dataman_shells = False
         n_shells = 20
       }
     }
     pdb {
       file_name = None
     }
     monomers {
       file_name = None
     }
     maps {
       map_file_name = None
       d_min = None
       map_coefficients_file_name = None
       map_coefficients_label = None
     }
     sequence = None
     scattering_table = wk1995 it1992 *n_gaussian neutron electron
     wavelength = None
     energy = None
     twin_law = Auto
   }
   max_atoms = 15000
   debug = False
   cluster {
     fast_interaction = True
     charge_cutoff = 8.0
     clustering = false
     charge_embedding = False
     two_buffers = False
     maxnum_residues_in_cluster = 15
     select_within_radius = 10
     clustering_method = gnc *bcc
     altloc_method = average *subtract
     g_scan = 10 15 20
     g_mode = None
     save_clusters = True
     bond_with_altloc = True
     re_calculate_rmsd_tolerance = 0.5
   }
   restraints = *cctbx qm
   expansion = False
   quantum {
     engine_name = *mopac ani torchani terachem turbomole pyscf orca gaussian \
                   xtb
     basis = Auto
     charge = None
     method = Auto
     memory = None
     nproc = None
     qm_addon = gcp dftd3 gcp-d3
     qm_addon_method = None
   }
   refine {
     dry_run = False
     sf_algorithm = *direct fft
     refinement_target_name = *ml ls_wunit_k1
     mode = *opt refine gtest
     number_of_macro_cycles = 1
     number_of_weight_search_cycles = 50
     number_of_refine_cycles = 5
     number_of_micro_cycles = 100
     data_weight = None
     choose_best_use_r_work = False
     skip_weight_search = False
     adjust_restraints_weight_scale_value = 2
     max_iterations_weight = 50
     max_iterations_refine = 50
     use_ase_lbfgs = False
     line_search = True
     stpmax = 0.2
     gradient_only = true
     update_all_scales = True
     refine_sites = True
     refine_adp = False
     restraints_weight_scale = 1.0
     shake_sites = False
     use_convergence_test = True
     max_bond_rmsd = 0.03
     max_r_work_r_free_gap = 5.0
     r_tolerance = 0.001
     rmsd_tolerance = 0.01
     opt_log = False
     pre_opt = False
     pre_opt_stpmax = 0.1
     pre_opt_iter = 10
     pre_opt_switch = 2
     pre_opt_gconv = 3000
     minimizer = *lbfgs lbfgsb
   }
   parallel {
     method = *multiprocessing slurm pbs sge lsf threading
     nproc = None
     qsub_command = None
   }
   output_file_name_prefix = None
   output_folder_name = "pdb"
   rst_file = None
   dump_gradients = None

Setting QM defaults
  Setting QM method to PM7


***********************************************************
restart info will be stored in /home/yanting/work/aniserver_1_qr/ani_qr_test/cctbx_lbfgs/qr-ani-test/qr-cctbx/lbfgs/0.3/pdb/5.rst.pickle
***********************************************************

start: bond:  0.014 angle:   1.31 clash:   0.0 rota:  0.00 rama: f: 100.00 o:   0.00 Z:   1.82 cb:   0.00
cycle:   0 max_shift: 0.231468 LBFGS: function start/end, n_calls: 262.707930 52.082776 52
cycle:   1 max_shift: 0.182551 LBFGS: function start/end, n_calls: 52.082776 47.850776 52
cycle:   2 max_shift: 0.109575 LBFGS: function start/end, n_calls: 47.850776 45.196365 52
cycle:   3 max_shift: 0.098293 LBFGS: function start/end, n_calls: 45.196365 43.838756 52
cycle:   4 max_shift: 0.054940 LBFGS: function start/end, n_calls: 43.838756 43.145628 52
cycle:   5 max_shift: 0.071070 LBFGS: function start/end, n_calls: 43.145628 42.734032 53
cycle:   6 max_shift: 0.059241 LBFGS: function start/end, n_calls: 42.734032 42.259364 52
cycle:   7 max_shift: 0.025467 LBFGS: function start/end, n_calls: 42.259364 41.977731 52
cycle:   8 max_shift: 0.067031 LBFGS: function start/end, n_calls: 41.977731 41.622935 52
cycle:   9 max_shift: 0.024665 LBFGS: function start/end, n_calls: 41.622935 41.395865 52
cycle:  10 max_shift: 0.031214 LBFGS: function start/end, n_calls: 41.395865 41.266085 52
cycle:  11 max_shift: 0.028466 LBFGS: function start/end, n_calls: 41.266085 41.131862 53
cycle:  12 max_shift: 0.033722 LBFGS: function start/end, n_calls: 41.131862 41.008823 52
cycle:  13 max_shift: 0.022029 LBFGS: function start/end, n_calls: 41.008823 40.903269 52
cycle:  14 max_shift: 0.035034 LBFGS: function start/end, n_calls: 40.903269 40.763521 52
cycle:  15 max_shift: 0.036817 LBFGS: function start/end, n_calls: 40.763521 40.631048 52
cycle:  16 max_shift: 0.029934 LBFGS: function start/end, n_calls: 40.631048 40.518145 52
cycle:  17 max_shift: 0.021544 LBFGS: function start/end, n_calls: 40.518145 40.432752 52
cycle:  18 max_shift: 0.018264 LBFGS: function start/end, n_calls: 40.432752 40.372881 53
cycle:  19 max_shift: 0.022827 LBFGS: function start/end, n_calls: 40.372881 40.292339 52
cycle:  20 max_shift: 0.040299 LBFGS: function start/end, n_calls: 40.292339 40.190148 52
cycle:  21 max_shift: 0.010596 LBFGS: function start/end, n_calls: 40.190148 40.111484 52
cycle:  22 max_shift: 0.062529 LBFGS: function start/end, n_calls: 40.111484 39.973065 52
cycle:  23 max_shift: 0.009428 LBFGS: function start/end, n_calls: 39.973065 39.899865 52
cycle:  24 max_shift: 0.042749 LBFGS: function start/end, n_calls: 39.899865 39.835208 52
cycle:  25 max_shift: 0.009287 LBFGS: function start/end, n_calls: 39.835208 39.779760 52
cycle:  26 max_shift: 0.025875 LBFGS: function start/end, n_calls: 39.779760 39.748527 52
cycle:  27 max_shift: 0.008032 LBFGS: function start/end, n_calls: 39.748527 39.715338 52
cycle:  28 max_shift: 0.035135 LBFGS: function start/end, n_calls: 39.715338 39.674636 52
cycle:  29 max_shift: 0.007680 LBFGS: function start/end, n_calls: 39.674636 39.644053 52
cycle:  30 max_shift: 0.044068 LBFGS: function start/end, n_calls: 39.644053 39.610240 52
cycle:  31 max_shift: 0.007529 LBFGS: function start/end, n_calls: 39.610240 39.581740 52
cycle:  32 max_shift: 0.015747 LBFGS: function start/end, n_calls: 39.581740 39.573384 52
cycle:  33 max_shift: 0.006088 LBFGS: function start/end, n_calls: 39.573384 39.565913 52
cycle:  34 max_shift: 0.012522 LBFGS: function start/end, n_calls: 39.565913 39.560749 52
cycle:  35 max_shift: 0.003116 LBFGS: function start/end, n_calls: 39.560749 39.556420 52
cycle:  36 max_shift: 0.003611 LBFGS: function start/end, n_calls: 39.556420 39.554529 52
cycle:  37 max_shift: 0.001783 LBFGS: function start/end, n_calls: 39.554529 39.552944 52
cycle:  38 max_shift: 0.005287 LBFGS: function start/end, n_calls: 39.552944 39.550914 53
cycle:  39 max_shift: 0.002225 LBFGS: function start/end, n_calls: 39.550914 39.548781 52
cycle:  40 max_shift: 0.004179 LBFGS: function start/end, n_calls: 39.548781 39.547173 52
cycle:  41 max_shift: 0.001764 LBFGS: function start/end, n_calls: 39.547173 39.545605 52
cycle:  42 max_shift: 0.003634 LBFGS: function start/end, n_calls: 39.545605 39.544050 52
cycle:  43 max_shift: 0.001454 LBFGS: function start/end, n_calls: 39.544050 39.543016 52
cycle:  44 max_shift: 0.002664 LBFGS: function start/end, n_calls: 39.543016 39.542081 52
cycle:  45 max_shift: 0.001331 LBFGS: function start/end, n_calls: 39.542081 39.541093 52
cycle:  46 max_shift: 0.004366 LBFGS: function start/end, n_calls: 39.541093 39.539829 52
cycle:  47 max_shift: 0.001569 LBFGS: function start/end, n_calls: 39.539829 39.538676 52
cycle:  48 max_shift: 0.006712 LBFGS: function start/end, n_calls: 39.538676 39.537203 52
cycle:  49 max_shift: 0.002545 LBFGS: function start/end, n_calls: 39.537203 39.535421 52
cycle:  50 max_shift: 0.001500 LBFGS: function start/end, n_calls: 39.535421 39.534778 52
cycle:  51 max_shift: 0.002764 LBFGS: function start/end, n_calls: 39.534778 39.534088 52
cycle:  52 max_shift: 0.001204 LBFGS: function start/end, n_calls: 39.534088 39.533399 52
cycle:  53 max_shift: 0.003295 LBFGS: function start/end, n_calls: 39.533399 39.532663 52
cycle:  54 max_shift: 0.001168 LBFGS: function start/end, n_calls: 39.532663 39.532003 52
cycle:  55 max_shift: 0.002010 LBFGS: function start/end, n_calls: 39.532003 39.531581 52
cycle:  56 max_shift: 0.001318 LBFGS: function start/end, n_calls: 39.531581 39.531144 52
cycle:  57 max_shift: 0.001447 LBFGS: function start/end, n_calls: 39.531144 39.530799 52
cycle:  58 max_shift: 0.007310 LBFGS: function start/end, n_calls: 39.530799 39.529594 52
cycle:  59 max_shift: 0.001239 LBFGS: function start/end, n_calls: 39.529594 39.528543 52
cycle:  60 max_shift: 0.004227 LBFGS: function start/end, n_calls: 39.528543 39.527988 52
cycle:  61 max_shift: 0.001109 LBFGS: function start/end, n_calls: 39.527988 39.527410 52
cycle:  62 max_shift: 0.003151 LBFGS: function start/end, n_calls: 39.527410 39.527026 52
cycle:  63 max_shift: 0.001315 LBFGS: function start/end, n_calls: 39.527026 39.526567 52
cycle:  64 max_shift: 0.000790 LBFGS: function start/end, n_calls: 39.526567 39.526396 52
cycle:  65 max_shift: 0.000723 LBFGS: function start/end, n_calls: 39.526396 39.526251 52
cycle:  66 max_shift: 0.000925 LBFGS: function start/end, n_calls: 39.526251 39.526091 52
Convergence reached. Stopping now.
final: bond:  0.000 angle:   0.26 clash:   0.0 rota:  0.00 rama: f: 100.00 o:   0.00 Z:   1.71 cb:   0.00
See 5_refined.pdb in pdb folder.
Time: 4.8340
