Starting Q|R
version:   v1.0-208-g2886d5-dirty  
Running refinement
   input {
     xray_data {
       file_name = None
       labels = None
       high_resolution = None
       low_resolution = None
       outliers_rejection = True
       french_wilson_scale = True
       french_wilson {
         max_bins = 60
         min_bin_size = 40
       }
       sigma_fobs_rejection_criterion = None
       sigma_iobs_rejection_criterion = None
       ignore_all_zeros = True
       force_anomalous_flag_to_be_equal_to = None
       convert_to_non_anomalous_if_ratio_pairs_lone_less_than_threshold = 0.5
       r_free_flags {
         file_name = None
         label = None
         test_flag_value = None
         ignore_r_free_flags = False
         disable_suitability_test = False
         ignore_pdb_hexdigest = False
         generate = False
         fraction = 0.1
         max_free = 2000
         lattice_symmetry_max_delta = 5
         use_lattice_symmetry = True
         use_dataman_shells = False
         n_shells = 20
       }
     }
     pdb {
       file_name = None
     }
     monomers {
       file_name = None
     }
     maps {
       map_file_name = None
       d_min = None
       map_coefficients_file_name = None
       map_coefficients_label = None
     }
     sequence = None
     scattering_table = wk1995 it1992 *n_gaussian neutron electron
     wavelength = None
     energy = None
     twin_law = Auto
   }
   max_atoms = 15000
   debug = False
   cluster {
     fast_interaction = True
     charge_cutoff = 8.0
     clustering = false
     charge_embedding = False
     two_buffers = False
     maxnum_residues_in_cluster = 15
     select_within_radius = 10
     clustering_method = gnc *bcc
     altloc_method = average *subtract
     g_scan = 10 15 20
     g_mode = None
     save_clusters = True
     bond_with_altloc = True
     re_calculate_rmsd_tolerance = 0.5
   }
   restraints = *cctbx qm
   expansion = False
   quantum {
     engine_name = *mopac ani torchani terachem turbomole pyscf orca gaussian \
                   xtb
     basis = Auto
     charge = None
     method = Auto
     memory = None
     nproc = None
     qm_addon = gcp dftd3 gcp-d3
     qm_addon_method = None
   }
   refine {
     dry_run = False
     sf_algorithm = *direct fft
     refinement_target_name = *ml ls_wunit_k1
     mode = *opt refine gtest
     number_of_macro_cycles = 1
     number_of_weight_search_cycles = 50
     number_of_refine_cycles = 5
     number_of_micro_cycles = 100
     data_weight = None
     choose_best_use_r_work = False
     skip_weight_search = False
     adjust_restraints_weight_scale_value = 2
     max_iterations_weight = 50
     max_iterations_refine = 50
     use_ase_lbfgs = False
     line_search = True
     stpmax = 0.2
     gradient_only = true
     update_all_scales = True
     refine_sites = True
     refine_adp = False
     restraints_weight_scale = 1.0
     shake_sites = False
     use_convergence_test = True
     max_bond_rmsd = 0.03
     max_r_work_r_free_gap = 5.0
     r_tolerance = 0.001
     rmsd_tolerance = 0.01
     opt_log = False
     pre_opt = False
     pre_opt_stpmax = 0.1
     pre_opt_iter = 10
     pre_opt_switch = 2
     pre_opt_gconv = 3000
     minimizer = *lbfgs lbfgsb
   }
   parallel {
     method = *multiprocessing slurm pbs sge lsf threading
     nproc = None
     qsub_command = None
   }
   output_file_name_prefix = None
   output_folder_name = "pdb"
   rst_file = None
   dump_gradients = None

Setting QM defaults
  Setting QM method to PM7


***********************************************************
restart info will be stored in /home/yanting/work/aniserver_1_qr/ani_qr_test/cctbx_lbfgs/qr-ani-test/qr-cctbx/lbfgs/0.3/pdb/6.rst.pickle
***********************************************************

start: bond:  0.013 angle:   1.23 clash:   0.0 rota:  0.00 rama: f: 100.00 o:   0.00 Z:  -3.20 cb:   0.00
cycle:   0 max_shift: 0.179780 LBFGS: function start/end, n_calls: 261.428324 47.969736 52
cycle:   1 max_shift: 0.121012 LBFGS: function start/end, n_calls: 47.969736 44.803606 52
cycle:   2 max_shift: 0.070728 LBFGS: function start/end, n_calls: 44.803606 43.634764 52
cycle:   3 max_shift: 0.057316 LBFGS: function start/end, n_calls: 43.634764 43.020066 52
cycle:   4 max_shift: 0.212505 LBFGS: function start/end, n_calls: 43.020066 42.181240 52
cycle:   5 max_shift: 0.051081 LBFGS: function start/end, n_calls: 42.181240 41.514081 52
cycle:   6 max_shift: 0.245964 LBFGS: function start/end, n_calls: 41.514081 40.879029 52
cycle:   7 max_shift: 0.023354 LBFGS: function start/end, n_calls: 40.879029 40.629612 52
cycle:   8 max_shift: 0.102675 LBFGS: function start/end, n_calls: 40.629612 40.331626 53
cycle:   9 max_shift: 0.016931 LBFGS: function start/end, n_calls: 40.331626 40.195627 53
cycle:  10 max_shift: 0.041307 LBFGS: function start/end, n_calls: 40.195627 40.085182 52
cycle:  11 max_shift: 0.028709 LBFGS: function start/end, n_calls: 40.085182 40.017925 52
cycle:  12 max_shift: 0.013496 LBFGS: function start/end, n_calls: 40.017925 39.978601 52
cycle:  13 max_shift: 0.016343 LBFGS: function start/end, n_calls: 39.978601 39.945450 53
cycle:  14 max_shift: 0.008690 LBFGS: function start/end, n_calls: 39.945450 39.914799 52
cycle:  15 max_shift: 0.026458 LBFGS: function start/end, n_calls: 39.914799 39.863605 52
cycle:  16 max_shift: 0.006763 LBFGS: function start/end, n_calls: 39.863605 39.833152 52
cycle:  17 max_shift: 0.010172 LBFGS: function start/end, n_calls: 39.833152 39.814366 52
cycle:  18 max_shift: 0.007462 LBFGS: function start/end, n_calls: 39.814366 39.794940 52
cycle:  19 max_shift: 0.010840 LBFGS: function start/end, n_calls: 39.794940 39.775303 52
cycle:  20 max_shift: 0.007944 LBFGS: function start/end, n_calls: 39.775303 39.756381 52
cycle:  21 max_shift: 0.009932 LBFGS: function start/end, n_calls: 39.756381 39.740124 52
cycle:  22 max_shift: 0.006795 LBFGS: function start/end, n_calls: 39.740124 39.725424 52
cycle:  23 max_shift: 0.030693 LBFGS: function start/end, n_calls: 39.725424 39.694284 52
cycle:  24 max_shift: 0.009534 LBFGS: function start/end, n_calls: 39.694284 39.666472 52
cycle:  25 max_shift: 0.014964 LBFGS: function start/end, n_calls: 39.666472 39.653612 52
cycle:  26 max_shift: 0.005742 LBFGS: function start/end, n_calls: 39.653612 39.641549 52
cycle:  27 max_shift: 0.018069 LBFGS: function start/end, n_calls: 39.641549 39.628106 52
cycle:  28 max_shift: 0.005045 LBFGS: function start/end, n_calls: 39.628106 39.616146 52
cycle:  29 max_shift: 0.064669 LBFGS: function start/end, n_calls: 39.616146 39.579212 52
cycle:  30 max_shift: 0.006256 LBFGS: function start/end, n_calls: 39.579212 39.559988 54
cycle:  31 max_shift: 0.006455 LBFGS: function start/end, n_calls: 39.559988 39.557878 54
cycle:  32 max_shift: 0.002351 LBFGS: function start/end, n_calls: 39.557878 39.555552 52
cycle:  33 max_shift: 0.003706 LBFGS: function start/end, n_calls: 39.555552 39.554262 52
cycle:  34 max_shift: 0.002769 LBFGS: function start/end, n_calls: 39.554262 39.552589 52
cycle:  35 max_shift: 0.002971 LBFGS: function start/end, n_calls: 39.552589 39.551235 52
cycle:  36 max_shift: 0.001979 LBFGS: function start/end, n_calls: 39.551235 39.550183 53
cycle:  37 max_shift: 0.003055 LBFGS: function start/end, n_calls: 39.550183 39.549086 52
cycle:  38 max_shift: 0.003785 LBFGS: function start/end, n_calls: 39.549086 39.547593 52
cycle:  39 max_shift: 0.001718 LBFGS: function start/end, n_calls: 39.547593 39.546430 52
cycle:  40 max_shift: 0.002870 LBFGS: function start/end, n_calls: 39.546430 39.545608 52
cycle:  41 max_shift: 0.001517 LBFGS: function start/end, n_calls: 39.545608 39.544683 52
cycle:  42 max_shift: 0.005945 LBFGS: function start/end, n_calls: 39.544683 39.543162 52
cycle:  43 max_shift: 0.001585 LBFGS: function start/end, n_calls: 39.543162 39.541921 52
cycle:  44 max_shift: 0.007934 LBFGS: function start/end, n_calls: 39.541921 39.540268 52
cycle:  45 max_shift: 0.001676 LBFGS: function start/end, n_calls: 39.540268 39.538840 53
cycle:  46 max_shift: 0.007592 LBFGS: function start/end, n_calls: 39.538840 39.537419 52
cycle:  47 max_shift: 0.001494 LBFGS: function start/end, n_calls: 39.537419 39.536213 52
cycle:  48 max_shift: 0.020465 LBFGS: function start/end, n_calls: 39.536213 39.533241 52
cycle:  49 max_shift: 0.002074 LBFGS: function start/end, n_calls: 39.533241 39.530751 52
cycle:  50 max_shift: 0.035902 LBFGS: function start/end, n_calls: 39.530751 39.527238 52
cycle:  51 max_shift: 0.001640 LBFGS: function start/end, n_calls: 39.527238 39.524658 52
cycle:  52 max_shift: 0.001109 LBFGS: function start/end, n_calls: 39.524658 39.524586 52
cycle:  53 max_shift: 0.000540 LBFGS: function start/end, n_calls: 39.524586 39.524497 54
cycle:  54 max_shift: 0.000843 LBFGS: function start/end, n_calls: 39.524497 39.524430 52
cycle:  55 max_shift: 0.000585 LBFGS: function start/end, n_calls: 39.524430 39.524350 52
Convergence reached. Stopping now.
final: bond:  0.000 angle:   0.26 clash:   0.0 rota:  0.00 rama: f: 100.00 o:   0.00 Z:   1.29 cb:   0.00
See 6_refined.pdb in pdb folder.
Time: 4.6657
