Starting Q|R
version:   v1.0-208-g2886d5-dirty  
Running refinement
   input {
     xray_data {
       file_name = None
       labels = None
       high_resolution = None
       low_resolution = None
       outliers_rejection = True
       french_wilson_scale = True
       french_wilson {
         max_bins = 60
         min_bin_size = 40
       }
       sigma_fobs_rejection_criterion = None
       sigma_iobs_rejection_criterion = None
       ignore_all_zeros = True
       force_anomalous_flag_to_be_equal_to = None
       convert_to_non_anomalous_if_ratio_pairs_lone_less_than_threshold = 0.5
       r_free_flags {
         file_name = None
         label = None
         test_flag_value = None
         ignore_r_free_flags = False
         disable_suitability_test = False
         ignore_pdb_hexdigest = False
         generate = False
         fraction = 0.1
         max_free = 2000
         lattice_symmetry_max_delta = 5
         use_lattice_symmetry = True
         use_dataman_shells = False
         n_shells = 20
       }
     }
     pdb {
       file_name = None
     }
     monomers {
       file_name = None
     }
     maps {
       map_file_name = None
       d_min = None
       map_coefficients_file_name = None
       map_coefficients_label = None
     }
     sequence = None
     scattering_table = wk1995 it1992 *n_gaussian neutron electron
     wavelength = None
     energy = None
     twin_law = Auto
   }
   max_atoms = 15000
   debug = False
   cluster {
     fast_interaction = True
     charge_cutoff = 8.0
     clustering = false
     charge_embedding = False
     two_buffers = False
     maxnum_residues_in_cluster = 15
     select_within_radius = 10
     clustering_method = gnc *bcc
     altloc_method = average *subtract
     g_scan = 10 15 20
     g_mode = None
     save_clusters = True
     bond_with_altloc = True
     re_calculate_rmsd_tolerance = 0.5
   }
   restraints = *cctbx qm
   expansion = False
   quantum {
     engine_name = *mopac ani torchani terachem turbomole pyscf orca gaussian \
                   xtb
     basis = Auto
     charge = None
     method = Auto
     memory = None
     nproc = None
     qm_addon = gcp dftd3 gcp-d3
     qm_addon_method = None
   }
   refine {
     dry_run = False
     sf_algorithm = *direct fft
     refinement_target_name = *ml ls_wunit_k1
     mode = *opt refine gtest
     number_of_macro_cycles = 1
     number_of_weight_search_cycles = 50
     number_of_refine_cycles = 5
     number_of_micro_cycles = 100
     data_weight = None
     choose_best_use_r_work = False
     skip_weight_search = False
     adjust_restraints_weight_scale_value = 2
     max_iterations_weight = 50
     max_iterations_refine = 50
     use_ase_lbfgs = False
     line_search = True
     stpmax = 0.2
     gradient_only = true
     update_all_scales = True
     refine_sites = True
     refine_adp = False
     restraints_weight_scale = 1.0
     shake_sites = False
     use_convergence_test = True
     max_bond_rmsd = 0.03
     max_r_work_r_free_gap = 5.0
     r_tolerance = 0.001
     rmsd_tolerance = 0.01
     opt_log = False
     pre_opt = False
     pre_opt_stpmax = 0.1
     pre_opt_iter = 10
     pre_opt_switch = 2
     pre_opt_gconv = 3000
     minimizer = *lbfgs lbfgsb
   }
   parallel {
     method = *multiprocessing slurm pbs sge lsf threading
     nproc = None
     qsub_command = None
   }
   output_file_name_prefix = None
   output_folder_name = "pdb"
   rst_file = None
   dump_gradients = None

Setting QM defaults
  Setting QM method to PM7


***********************************************************
restart info will be stored in /home/yanting/work/aniserver_1_qr/ani_qr_test/cctbx_lbfgs/qr-ani-test/qr-cctbx/lbfgs/0.3/pdb/8.rst.pickle
***********************************************************

start: bond:  0.016 angle:   1.39 clash:   0.0 rota:  0.00 rama: f: 100.00 o:   0.00 Z:   1.09 cb:   0.00
cycle:   0 max_shift: 0.206462 LBFGS: function start/end, n_calls: 284.748306 49.268251 52
cycle:   1 max_shift: 0.112427 LBFGS: function start/end, n_calls: 49.268251 46.569781 53
cycle:   2 max_shift: 0.051714 LBFGS: function start/end, n_calls: 46.569781 45.628915 52
cycle:   3 max_shift: 0.161434 LBFGS: function start/end, n_calls: 45.628915 44.275382 53
cycle:   4 max_shift: 0.046731 LBFGS: function start/end, n_calls: 44.275382 43.466715 52
cycle:   5 max_shift: 0.249420 LBFGS: function start/end, n_calls: 43.466715 42.317212 52
cycle:   6 max_shift: 0.029006 LBFGS: function start/end, n_calls: 42.317212 41.816322 52
cycle:   7 max_shift: 0.044177 LBFGS: function start/end, n_calls: 41.816322 41.622894 52
cycle:   8 max_shift: 0.024958 LBFGS: function start/end, n_calls: 41.622894 41.456290 52
cycle:   9 max_shift: 0.015805 LBFGS: function start/end, n_calls: 41.456290 41.364793 52
cycle:  10 max_shift: 0.054215 LBFGS: function start/end, n_calls: 41.364793 41.136271 52
cycle:  11 max_shift: 0.013392 LBFGS: function start/end, n_calls: 41.136271 40.968075 52
cycle:  12 max_shift: 0.013879 LBFGS: function start/end, n_calls: 40.968075 40.894321 52
cycle:  13 max_shift: 0.061288 LBFGS: function start/end, n_calls: 40.894321 40.710294 52
cycle:  14 max_shift: 0.017616 LBFGS: function start/end, n_calls: 40.710294 40.572573 52
cycle:  15 max_shift: 0.211689 LBFGS: function start/end, n_calls: 40.572573 40.256534 52
cycle:  16 max_shift: 0.014178 LBFGS: function start/end, n_calls: 40.256534 40.034497 52
cycle:  17 max_shift: 0.009157 LBFGS: function start/end, n_calls: 40.034497 40.004061 52
cycle:  18 max_shift: 0.058673 LBFGS: function start/end, n_calls: 40.004061 39.964052 52
cycle:  19 max_shift: 0.007763 LBFGS: function start/end, n_calls: 39.964052 39.927876 53
cycle:  20 max_shift: 0.066793 LBFGS: function start/end, n_calls: 39.927876 39.885110 52
cycle:  21 max_shift: 0.008148 LBFGS: function start/end, n_calls: 39.885110 39.851065 52
cycle:  22 max_shift: 0.067853 LBFGS: function start/end, n_calls: 39.851065 39.812874 52
cycle:  23 max_shift: 0.007149 LBFGS: function start/end, n_calls: 39.812874 39.781028 52
cycle:  24 max_shift: 0.063477 LBFGS: function start/end, n_calls: 39.781028 39.748443 52
cycle:  25 max_shift: 0.007686 LBFGS: function start/end, n_calls: 39.748443 39.726070 52
cycle:  26 max_shift: 0.035488 LBFGS: function start/end, n_calls: 39.726070 39.709734 52
cycle:  27 max_shift: 0.005578 LBFGS: function start/end, n_calls: 39.709734 39.695408 52
cycle:  28 max_shift: 0.037794 LBFGS: function start/end, n_calls: 39.695408 39.679171 52
cycle:  29 max_shift: 0.008267 LBFGS: function start/end, n_calls: 39.679171 39.666106 52
cycle:  30 max_shift: 0.022161 LBFGS: function start/end, n_calls: 39.666106 39.654957 52
cycle:  31 max_shift: 0.010174 LBFGS: function start/end, n_calls: 39.654957 39.646545 52
cycle:  32 max_shift: 0.013533 LBFGS: function start/end, n_calls: 39.646545 39.639432 52
cycle:  33 max_shift: 0.011966 LBFGS: function start/end, n_calls: 39.639432 39.632844 52
cycle:  34 max_shift: 0.007883 LBFGS: function start/end, n_calls: 39.632844 39.627497 52
cycle:  35 max_shift: 0.011762 LBFGS: function start/end, n_calls: 39.627497 39.622300 52
cycle:  36 max_shift: 0.006181 LBFGS: function start/end, n_calls: 39.622300 39.618031 52
cycle:  37 max_shift: 0.008350 LBFGS: function start/end, n_calls: 39.618031 39.614383 52
cycle:  38 max_shift: 0.008533 LBFGS: function start/end, n_calls: 39.614383 39.610143 52
cycle:  39 max_shift: 0.016635 LBFGS: function start/end, n_calls: 39.610143 39.604708 52
cycle:  40 max_shift: 0.003674 LBFGS: function start/end, n_calls: 39.604708 39.600148 52
cycle:  41 max_shift: 0.030841 LBFGS: function start/end, n_calls: 39.600148 39.593379 52
cycle:  42 max_shift: 0.004257 LBFGS: function start/end, n_calls: 39.593379 39.586464 52
cycle:  43 max_shift: 0.016500 LBFGS: function start/end, n_calls: 39.586464 39.582799 52
cycle:  44 max_shift: 0.002988 LBFGS: function start/end, n_calls: 39.582799 39.579492 53
cycle:  45 max_shift: 0.018300 LBFGS: function start/end, n_calls: 39.579492 39.575635 52
cycle:  46 max_shift: 0.002668 LBFGS: function start/end, n_calls: 39.575635 39.572639 52
cycle:  47 max_shift: 0.010601 LBFGS: function start/end, n_calls: 39.572639 39.570765 52
cycle:  48 max_shift: 0.004267 LBFGS: function start/end, n_calls: 39.570765 39.568388 52
cycle:  49 max_shift: 0.007559 LBFGS: function start/end, n_calls: 39.568388 39.566788 52
cycle:  50 max_shift: 0.002963 LBFGS: function start/end, n_calls: 39.566788 39.565195 52
cycle:  51 max_shift: 0.007456 LBFGS: function start/end, n_calls: 39.565195 39.563831 52
cycle:  52 max_shift: 0.002174 LBFGS: function start/end, n_calls: 39.563831 39.562498 53
cycle:  53 max_shift: 0.004192 LBFGS: function start/end, n_calls: 39.562498 39.561674 52
cycle:  54 max_shift: 0.007819 LBFGS: function start/end, n_calls: 39.561674 39.560117 52
cycle:  55 max_shift: 0.002924 LBFGS: function start/end, n_calls: 39.560117 39.558769 52
cycle:  56 max_shift: 0.003652 LBFGS: function start/end, n_calls: 39.558769 39.557966 52
cycle:  57 max_shift: 0.003922 LBFGS: function start/end, n_calls: 39.557966 39.557098 52
cycle:  58 max_shift: 0.003152 LBFGS: function start/end, n_calls: 39.557098 39.556262 52
cycle:  59 max_shift: 0.002372 LBFGS: function start/end, n_calls: 39.556262 39.555588 52
cycle:  60 max_shift: 0.004855 LBFGS: function start/end, n_calls: 39.555588 39.554712 52
cycle:  61 max_shift: 0.007202 LBFGS: function start/end, n_calls: 39.554712 39.553510 52
cycle:  62 max_shift: 0.001261 LBFGS: function start/end, n_calls: 39.553510 39.552576 52
cycle:  63 max_shift: 0.011374 LBFGS: function start/end, n_calls: 39.552576 39.551328 52
cycle:  64 max_shift: 0.001773 LBFGS: function start/end, n_calls: 39.551328 39.550030 52
cycle:  65 max_shift: 0.008924 LBFGS: function start/end, n_calls: 39.550030 39.549085 52
cycle:  66 max_shift: 0.001374 LBFGS: function start/end, n_calls: 39.549085 39.548109 52
cycle:  67 max_shift: 0.024327 LBFGS: function start/end, n_calls: 39.548109 39.546022 52
cycle:  68 max_shift: 0.001809 LBFGS: function start/end, n_calls: 39.546022 39.543883 52
cycle:  69 max_shift: 0.006054 LBFGS: function start/end, n_calls: 39.543883 39.543389 52
cycle:  70 max_shift: 0.001415 LBFGS: function start/end, n_calls: 39.543389 39.542809 52
cycle:  71 max_shift: 0.006919 LBFGS: function start/end, n_calls: 39.542809 39.542232 52
cycle:  72 max_shift: 0.001092 LBFGS: function start/end, n_calls: 39.542232 39.541659 52
cycle:  73 max_shift: 0.003628 LBFGS: function start/end, n_calls: 39.541659 39.541352 52
cycle:  74 max_shift: 0.001188 LBFGS: function start/end, n_calls: 39.541352 39.541027 52
cycle:  75 max_shift: 0.005212 LBFGS: function start/end, n_calls: 39.541027 39.540605 52
cycle:  76 max_shift: 0.000912 LBFGS: function start/end, n_calls: 39.540605 39.540219 52
cycle:  77 max_shift: 0.011768 LBFGS: function start/end, n_calls: 39.540219 39.539464 52
cycle:  78 max_shift: 0.001070 LBFGS: function start/end, n_calls: 39.539464 39.538655 52
cycle:  79 max_shift: 0.005960 LBFGS: function start/end, n_calls: 39.538655 39.538291 52
cycle:  80 max_shift: 0.001105 LBFGS: function start/end, n_calls: 39.538291 39.537895 52
cycle:  81 max_shift: 0.004400 LBFGS: function start/end, n_calls: 39.537895 39.537606 52
cycle:  82 max_shift: 0.001178 LBFGS: function start/end, n_calls: 39.537606 39.537281 52
cycle:  83 max_shift: 0.001086 LBFGS: function start/end, n_calls: 39.537281 39.537172 52
cycle:  84 max_shift: 0.000914 LBFGS: function start/end, n_calls: 39.537172 39.537071 52
cycle:  85 max_shift: 0.000737 LBFGS: function start/end, n_calls: 39.537071 39.536982 52
Convergence reached. Stopping now.
final: bond:  0.000 angle:   0.26 clash:   0.0 rota:  0.00 rama: f: 100.00 o:   0.00 Z:   2.33 cb:   0.00
See 8_refined.pdb in pdb folder.
Time: 4.9392
