Starting Q|R
version:   v1.0-208-g2886d5-dirty  
Running refinement
   input {
     xray_data {
       file_name = None
       labels = None
       high_resolution = None
       low_resolution = None
       outliers_rejection = True
       french_wilson_scale = True
       french_wilson {
         max_bins = 60
         min_bin_size = 40
       }
       sigma_fobs_rejection_criterion = None
       sigma_iobs_rejection_criterion = None
       ignore_all_zeros = True
       force_anomalous_flag_to_be_equal_to = None
       convert_to_non_anomalous_if_ratio_pairs_lone_less_than_threshold = 0.5
       r_free_flags {
         file_name = None
         label = None
         test_flag_value = None
         ignore_r_free_flags = False
         disable_suitability_test = False
         ignore_pdb_hexdigest = False
         generate = False
         fraction = 0.1
         max_free = 2000
         lattice_symmetry_max_delta = 5
         use_lattice_symmetry = True
         use_dataman_shells = False
         n_shells = 20
       }
     }
     pdb {
       file_name = None
     }
     monomers {
       file_name = None
     }
     maps {
       map_file_name = None
       d_min = None
       map_coefficients_file_name = None
       map_coefficients_label = None
     }
     sequence = None
     scattering_table = wk1995 it1992 *n_gaussian neutron electron
     wavelength = None
     energy = None
     twin_law = Auto
   }
   max_atoms = 15000
   debug = False
   cluster {
     fast_interaction = True
     charge_cutoff = 8.0
     clustering = false
     charge_embedding = False
     two_buffers = False
     maxnum_residues_in_cluster = 15
     select_within_radius = 10
     clustering_method = gnc *bcc
     altloc_method = average *subtract
     g_scan = 10 15 20
     g_mode = None
     save_clusters = True
     bond_with_altloc = True
     re_calculate_rmsd_tolerance = 0.5
   }
   restraints = *cctbx qm
   expansion = False
   quantum {
     engine_name = *mopac ani torchani terachem turbomole pyscf orca gaussian \
                   xtb
     basis = Auto
     charge = None
     method = Auto
     memory = None
     nproc = None
     qm_addon = gcp dftd3 gcp-d3
     qm_addon_method = None
   }
   refine {
     dry_run = False
     sf_algorithm = *direct fft
     refinement_target_name = *ml ls_wunit_k1
     mode = *opt refine gtest
     number_of_macro_cycles = 1
     number_of_weight_search_cycles = 50
     number_of_refine_cycles = 5
     number_of_micro_cycles = 100
     data_weight = None
     choose_best_use_r_work = False
     skip_weight_search = False
     adjust_restraints_weight_scale_value = 2
     max_iterations_weight = 50
     max_iterations_refine = 50
     use_ase_lbfgs = False
     line_search = True
     stpmax = 0.2
     gradient_only = true
     update_all_scales = True
     refine_sites = True
     refine_adp = False
     restraints_weight_scale = 1.0
     shake_sites = False
     use_convergence_test = True
     max_bond_rmsd = 0.03
     max_r_work_r_free_gap = 5.0
     r_tolerance = 0.001
     rmsd_tolerance = 0.01
     opt_log = False
     pre_opt = False
     pre_opt_stpmax = 0.1
     pre_opt_iter = 10
     pre_opt_switch = 2
     pre_opt_gconv = 3000
     minimizer = *lbfgs lbfgsb
   }
   parallel {
     method = *multiprocessing slurm pbs sge lsf threading
     nproc = None
     qsub_command = None
   }
   output_file_name_prefix = None
   output_folder_name = "pdb"
   rst_file = None
   dump_gradients = None

Setting QM defaults
  Setting QM method to PM7


***********************************************************
restart info will be stored in /home/yanting/work/aniserver_1_qr/ani_qr_test/cctbx_lbfgs/qr-ani-test/qr-cctbx/lbfgs/0.3/pdb/9.rst.pickle
***********************************************************

start: bond:  0.013 angle:   1.18 clash:   0.0 rota:  0.00 rama: f: 100.00 o:   0.00 Z:  -5.32 cb:   0.00
cycle:   0 max_shift: 0.240834 LBFGS: function start/end, n_calls: 250.182149 52.875651 52
cycle:   1 max_shift: 0.128074 LBFGS: function start/end, n_calls: 52.875651 47.900100 52
cycle:   2 max_shift: 0.088952 LBFGS: function start/end, n_calls: 47.900100 44.986699 52
cycle:   3 max_shift: 0.063782 LBFGS: function start/end, n_calls: 44.986699 43.895030 52
cycle:   4 max_shift: 0.212710 LBFGS: function start/end, n_calls: 43.895030 42.551671 52
cycle:   5 max_shift: 0.043093 LBFGS: function start/end, n_calls: 42.551671 41.759406 52
cycle:   6 max_shift: 0.134456 LBFGS: function start/end, n_calls: 41.759406 41.309283 52
cycle:   7 max_shift: 0.021229 LBFGS: function start/end, n_calls: 41.309283 41.024536 53
cycle:   8 max_shift: 0.087317 LBFGS: function start/end, n_calls: 41.024536 40.805702 52
cycle:   9 max_shift: 0.017767 LBFGS: function start/end, n_calls: 40.805702 40.623899 52
cycle:  10 max_shift: 0.092190 LBFGS: function start/end, n_calls: 40.623899 40.352720 52
cycle:  11 max_shift: 0.011869 LBFGS: function start/end, n_calls: 40.352720 40.236949 52
cycle:  12 max_shift: 0.035754 LBFGS: function start/end, n_calls: 40.236949 40.153517 52
cycle:  13 max_shift: 0.011137 LBFGS: function start/end, n_calls: 40.153517 40.077857 53
cycle:  14 max_shift: 0.082005 LBFGS: function start/end, n_calls: 40.077857 39.904624 52
cycle:  15 max_shift: 0.007318 LBFGS: function start/end, n_calls: 39.904624 39.816579 52
cycle:  16 max_shift: 0.016936 LBFGS: function start/end, n_calls: 39.816579 39.787863 53
cycle:  17 max_shift: 0.011334 LBFGS: function start/end, n_calls: 39.787863 39.752617 52
cycle:  18 max_shift: 0.008220 LBFGS: function start/end, n_calls: 39.752617 39.733457 52
cycle:  19 max_shift: 0.007719 LBFGS: function start/end, n_calls: 39.733457 39.717149 52
cycle:  20 max_shift: 0.012463 LBFGS: function start/end, n_calls: 39.717149 39.698115 52
cycle:  21 max_shift: 0.008164 LBFGS: function start/end, n_calls: 39.698115 39.679169 52
cycle:  22 max_shift: 0.010088 LBFGS: function start/end, n_calls: 39.679169 39.666277 52
cycle:  23 max_shift: 0.007384 LBFGS: function start/end, n_calls: 39.666277 39.650934 52
cycle:  24 max_shift: 0.006592 LBFGS: function start/end, n_calls: 39.650934 39.641242 52
cycle:  25 max_shift: 0.006904 LBFGS: function start/end, n_calls: 39.641242 39.632304 52
cycle:  26 max_shift: 0.003611 LBFGS: function start/end, n_calls: 39.632304 39.627145 54
cycle:  27 max_shift: 0.006823 LBFGS: function start/end, n_calls: 39.627145 39.621379 52
cycle:  28 max_shift: 0.003370 LBFGS: function start/end, n_calls: 39.621379 39.614765 52
cycle:  29 max_shift: 0.006546 LBFGS: function start/end, n_calls: 39.614765 39.609275 52
cycle:  30 max_shift: 0.003928 LBFGS: function start/end, n_calls: 39.609275 39.602708 52
cycle:  31 max_shift: 0.004738 LBFGS: function start/end, n_calls: 39.602708 39.597231 53
cycle:  32 max_shift: 0.003981 LBFGS: function start/end, n_calls: 39.597231 39.591763 52
cycle:  33 max_shift: 0.003936 LBFGS: function start/end, n_calls: 39.591763 39.587541 52
cycle:  34 max_shift: 0.002954 LBFGS: function start/end, n_calls: 39.587541 39.583960 52
cycle:  35 max_shift: 0.006932 LBFGS: function start/end, n_calls: 39.583960 39.578882 52
cycle:  36 max_shift: 0.003047 LBFGS: function start/end, n_calls: 39.578882 39.573906 52
cycle:  37 max_shift: 0.043417 LBFGS: function start/end, n_calls: 39.573906 39.552219 52
cycle:  38 max_shift: 0.005563 LBFGS: function start/end, n_calls: 39.552219 39.541112 52
cycle:  39 max_shift: 0.006032 LBFGS: function start/end, n_calls: 39.541112 39.539963 52
cycle:  40 max_shift: 0.002069 LBFGS: function start/end, n_calls: 39.539963 39.538654 52
cycle:  41 max_shift: 0.001621 LBFGS: function start/end, n_calls: 39.538654 39.538127 53
cycle:  42 max_shift: 0.002884 LBFGS: function start/end, n_calls: 39.538127 39.537368 52
cycle:  43 max_shift: 0.001761 LBFGS: function start/end, n_calls: 39.537368 39.536744 52
cycle:  44 max_shift: 0.001566 LBFGS: function start/end, n_calls: 39.536744 39.536330 53
cycle:  45 max_shift: 0.002129 LBFGS: function start/end, n_calls: 39.536330 39.535794 52
cycle:  46 max_shift: 0.002303 LBFGS: function start/end, n_calls: 39.535794 39.535294 52
cycle:  47 max_shift: 0.002103 LBFGS: function start/end, n_calls: 39.535294 39.534719 52
cycle:  48 max_shift: 0.001556 LBFGS: function start/end, n_calls: 39.534719 39.534344 52
cycle:  49 max_shift: 0.003076 LBFGS: function start/end, n_calls: 39.534344 39.533897 52
cycle:  50 max_shift: 0.001019 LBFGS: function start/end, n_calls: 39.533897 39.533404 52
cycle:  51 max_shift: 0.004551 LBFGS: function start/end, n_calls: 39.533404 39.532742 52
cycle:  52 max_shift: 0.000954 LBFGS: function start/end, n_calls: 39.532742 39.532199 52
cycle:  53 max_shift: 0.002476 LBFGS: function start/end, n_calls: 39.532199 39.531856 53
cycle:  54 max_shift: 0.000809 LBFGS: function start/end, n_calls: 39.531856 39.531509 53
cycle:  55 max_shift: 0.002077 LBFGS: function start/end, n_calls: 39.531509 39.531251 53
cycle:  56 max_shift: 0.000861 LBFGS: function start/end, n_calls: 39.531251 39.530964 52
Convergence reached. Stopping now.
final: bond:  0.000 angle:   0.27 clash:   0.0 rota:  0.00 rama: f: 100.00 o:   0.00 Z:   2.36 cb:   0.00
See 9_refined.pdb in pdb folder.
Time: 4.6957
