Starting Q|R
version:   v1.0-208-g2886d5-dirty  
Running refinement
   input {
     xray_data {
       file_name = None
       labels = None
       high_resolution = None
       low_resolution = None
       outliers_rejection = True
       french_wilson_scale = True
       french_wilson {
         max_bins = 60
         min_bin_size = 40
       }
       sigma_fobs_rejection_criterion = None
       sigma_iobs_rejection_criterion = None
       ignore_all_zeros = True
       force_anomalous_flag_to_be_equal_to = None
       convert_to_non_anomalous_if_ratio_pairs_lone_less_than_threshold = 0.5
       r_free_flags {
         file_name = None
         label = None
         test_flag_value = None
         ignore_r_free_flags = False
         disable_suitability_test = False
         ignore_pdb_hexdigest = False
         generate = False
         fraction = 0.1
         max_free = 2000
         lattice_symmetry_max_delta = 5
         use_lattice_symmetry = True
         use_dataman_shells = False
         n_shells = 20
       }
     }
     pdb {
       file_name = None
     }
     monomers {
       file_name = None
     }
     maps {
       map_file_name = None
       d_min = None
       map_coefficients_file_name = None
       map_coefficients_label = None
     }
     sequence = None
     scattering_table = wk1995 it1992 *n_gaussian neutron electron
     wavelength = None
     energy = None
     twin_law = Auto
   }
   max_atoms = 15000
   debug = False
   cluster {
     fast_interaction = True
     charge_cutoff = 8.0
     clustering = false
     charge_embedding = False
     two_buffers = False
     maxnum_residues_in_cluster = 15
     select_within_radius = 10
     clustering_method = gnc *bcc
     altloc_method = average *subtract
     g_scan = 10 15 20
     g_mode = None
     save_clusters = True
     bond_with_altloc = True
     re_calculate_rmsd_tolerance = 0.5
   }
   restraints = *cctbx qm
   expansion = False
   quantum {
     engine_name = *mopac ani torchani terachem turbomole pyscf orca gaussian \
                   xtb
     basis = Auto
     charge = None
     method = Auto
     memory = None
     nproc = None
     qm_addon = gcp dftd3 gcp-d3
     qm_addon_method = None
   }
   refine {
     dry_run = False
     sf_algorithm = *direct fft
     refinement_target_name = *ml ls_wunit_k1
     mode = *opt refine gtest
     number_of_macro_cycles = 1
     number_of_weight_search_cycles = 50
     number_of_refine_cycles = 5
     number_of_micro_cycles = 100
     data_weight = None
     choose_best_use_r_work = False
     skip_weight_search = False
     adjust_restraints_weight_scale_value = 2
     max_iterations_weight = 50
     max_iterations_refine = 50
     use_ase_lbfgs = False
     line_search = True
     stpmax = 0.2
     gradient_only = true
     update_all_scales = True
     refine_sites = True
     refine_adp = False
     restraints_weight_scale = 1.0
     shake_sites = False
     use_convergence_test = True
     max_bond_rmsd = 0.03
     max_r_work_r_free_gap = 5.0
     r_tolerance = 0.001
     rmsd_tolerance = 0.01
     opt_log = False
     pre_opt = False
     pre_opt_stpmax = 0.1
     pre_opt_iter = 10
     pre_opt_switch = 2
     pre_opt_gconv = 3000
     minimizer = *lbfgs lbfgsb
   }
   parallel {
     method = *multiprocessing slurm pbs sge lsf threading
     nproc = None
     qsub_command = None
   }
   output_file_name_prefix = None
   output_folder_name = "pdb"
   rst_file = None
   dump_gradients = None

Setting QM defaults
  Setting QM method to PM7


***********************************************************
restart info will be stored in /home/yanting/work/aniserver_1_qr/ani_qr_test/cctbx_lbfgs/qr-ani-test/qr-cctbx/lbfgs/0.6/pdb/0.rst.pickle
***********************************************************

start: bond:  0.014 angle:   1.78 clash:   0.0 rota:  0.00 rama: f: 100.00 o:   0.00 Z:  -1.42 cb:   0.00
cycle:   0 max_shift: 0.168479 LBFGS: function start/end, n_calls: 290.637535 54.499530 52
cycle:   1 max_shift: 0.132734 LBFGS: function start/end, n_calls: 54.499530 51.322382 54
cycle:   2 max_shift: 0.043655 LBFGS: function start/end, n_calls: 51.322382 49.891732 52
cycle:   3 max_shift: 0.242539 LBFGS: function start/end, n_calls: 49.891732 47.586925 52
cycle:   4 max_shift: 0.036030 LBFGS: function start/end, n_calls: 47.586925 46.406455 53
cycle:   5 max_shift: 0.175850 LBFGS: function start/end, n_calls: 46.406455 45.201799 52
cycle:   6 max_shift: 0.035069 LBFGS: function start/end, n_calls: 45.201799 44.460357 52
cycle:   7 max_shift: 0.133764 LBFGS: function start/end, n_calls: 44.460357 43.630513 52
cycle:   8 max_shift: 0.042014 LBFGS: function start/end, n_calls: 43.630513 43.088306 52
cycle:   9 max_shift: 0.091156 LBFGS: function start/end, n_calls: 43.088306 42.579669 52
cycle:  10 max_shift: 0.032737 LBFGS: function start/end, n_calls: 42.579669 42.236903 52
cycle:  11 max_shift: 0.061929 LBFGS: function start/end, n_calls: 42.236903 41.969788 52
cycle:  12 max_shift: 0.023116 LBFGS: function start/end, n_calls: 41.969788 41.730937 52
cycle:  13 max_shift: 0.153267 LBFGS: function start/end, n_calls: 41.730937 41.072620 52
cycle:  14 max_shift: 0.019879 LBFGS: function start/end, n_calls: 41.072620 40.696375 52
cycle:  15 max_shift: 0.021582 LBFGS: function start/end, n_calls: 40.696375 40.587289 52
cycle:  16 max_shift: 0.021195 LBFGS: function start/end, n_calls: 40.587289 40.505655 52
cycle:  17 max_shift: 0.015415 LBFGS: function start/end, n_calls: 40.505655 40.422239 52
cycle:  18 max_shift: 0.009619 LBFGS: function start/end, n_calls: 40.422239 40.377535 53
cycle:  19 max_shift: 0.039344 LBFGS: function start/end, n_calls: 40.377535 40.257078 52
cycle:  20 max_shift: 0.010868 LBFGS: function start/end, n_calls: 40.257078 40.178998 52
cycle:  21 max_shift: 0.062084 LBFGS: function start/end, n_calls: 40.178998 40.025779 52
cycle:  22 max_shift: 0.010873 LBFGS: function start/end, n_calls: 40.025779 39.936508 52
cycle:  23 max_shift: 0.016175 LBFGS: function start/end, n_calls: 39.936508 39.910506 53
cycle:  24 max_shift: 0.009259 LBFGS: function start/end, n_calls: 39.910506 39.882349 52
cycle:  25 max_shift: 0.030128 LBFGS: function start/end, n_calls: 39.882349 39.828508 52
cycle:  26 max_shift: 0.005269 LBFGS: function start/end, n_calls: 39.828508 39.798819 52
cycle:  27 max_shift: 0.020661 LBFGS: function start/end, n_calls: 39.798819 39.770473 52
cycle:  28 max_shift: 0.006208 LBFGS: function start/end, n_calls: 39.770473 39.748195 52
cycle:  29 max_shift: 0.011248 LBFGS: function start/end, n_calls: 39.748195 39.733174 52
cycle:  30 max_shift: 0.005611 LBFGS: function start/end, n_calls: 39.733174 39.719941 52
cycle:  31 max_shift: 0.006228 LBFGS: function start/end, n_calls: 39.719941 39.711837 53
cycle:  32 max_shift: 0.010497 LBFGS: function start/end, n_calls: 39.711837 39.698924 52
cycle:  33 max_shift: 0.008500 LBFGS: function start/end, n_calls: 39.698924 39.683578 52
cycle:  34 max_shift: 0.004469 LBFGS: function start/end, n_calls: 39.683578 39.674480 52
cycle:  35 max_shift: 0.010141 LBFGS: function start/end, n_calls: 39.674480 39.664430 52
cycle:  36 max_shift: 0.005254 LBFGS: function start/end, n_calls: 39.664430 39.654780 52
cycle:  37 max_shift: 0.006724 LBFGS: function start/end, n_calls: 39.654780 39.646869 52
cycle:  38 max_shift: 0.004853 LBFGS: function start/end, n_calls: 39.646869 39.640756 52
cycle:  39 max_shift: 0.004637 LBFGS: function start/end, n_calls: 39.640756 39.635526 52
cycle:  40 max_shift: 0.005534 LBFGS: function start/end, n_calls: 39.635526 39.630282 52
cycle:  41 max_shift: 0.003124 LBFGS: function start/end, n_calls: 39.630282 39.626480 53
cycle:  42 max_shift: 0.006020 LBFGS: function start/end, n_calls: 39.626480 39.622358 52
cycle:  43 max_shift: 0.002781 LBFGS: function start/end, n_calls: 39.622358 39.618582 53
cycle:  44 max_shift: 0.007725 LBFGS: function start/end, n_calls: 39.618582 39.614246 52
cycle:  45 max_shift: 0.002742 LBFGS: function start/end, n_calls: 39.614246 39.609873 52
cycle:  46 max_shift: 0.005857 LBFGS: function start/end, n_calls: 39.609873 39.606455 52
cycle:  47 max_shift: 0.002370 LBFGS: function start/end, n_calls: 39.606455 39.603504 52
cycle:  48 max_shift: 0.005344 LBFGS: function start/end, n_calls: 39.603504 39.600805 52
cycle:  49 max_shift: 0.004640 LBFGS: function start/end, n_calls: 39.600805 39.596960 52
cycle:  50 max_shift: 0.003961 LBFGS: function start/end, n_calls: 39.596960 39.593856 52
cycle:  51 max_shift: 0.002262 LBFGS: function start/end, n_calls: 39.593856 39.591799 52
cycle:  52 max_shift: 0.005395 LBFGS: function start/end, n_calls: 39.591799 39.589489 52
cycle:  53 max_shift: 0.002297 LBFGS: function start/end, n_calls: 39.589489 39.587296 52
cycle:  54 max_shift: 0.010193 LBFGS: function start/end, n_calls: 39.587296 39.584071 52
cycle:  55 max_shift: 0.002823 LBFGS: function start/end, n_calls: 39.584071 39.580576 52
cycle:  56 max_shift: 0.046342 LBFGS: function start/end, n_calls: 39.580576 39.568676 52
cycle:  57 max_shift: 0.002269 LBFGS: function start/end, n_calls: 39.568676 39.560389 52
cycle:  58 max_shift: 0.012688 LBFGS: function start/end, n_calls: 39.560389 39.558548 52
cycle:  59 max_shift: 0.001722 LBFGS: function start/end, n_calls: 39.558548 39.556828 52
cycle:  60 max_shift: 0.003572 LBFGS: function start/end, n_calls: 39.556828 39.556324 52
cycle:  61 max_shift: 0.000904 LBFGS: function start/end, n_calls: 39.556324 39.555814 53
cycle:  62 max_shift: 0.004328 LBFGS: function start/end, n_calls: 39.555814 39.555269 52
cycle:  63 max_shift: 0.000904 LBFGS: function start/end, n_calls: 39.555269 39.554676 53
cycle:  64 max_shift: 0.003486 LBFGS: function start/end, n_calls: 39.554676 39.554216 52
cycle:  65 max_shift: 0.000920 LBFGS: function start/end, n_calls: 39.554216 39.553763 52
Convergence reached. Stopping now.
final: bond:  0.000 angle:   0.26 clash:   0.0 rota:  0.00 rama: f: 100.00 o:   0.00 Z:   0.13 cb:   0.00
See 0_refined.pdb in pdb folder.
Time: 4.6816
