Starting Q|R
version:   v1.0-208-g2886d5-dirty  
Running refinement
   input {
     xray_data {
       file_name = None
       labels = None
       high_resolution = None
       low_resolution = None
       outliers_rejection = True
       french_wilson_scale = True
       french_wilson {
         max_bins = 60
         min_bin_size = 40
       }
       sigma_fobs_rejection_criterion = None
       sigma_iobs_rejection_criterion = None
       ignore_all_zeros = True
       force_anomalous_flag_to_be_equal_to = None
       convert_to_non_anomalous_if_ratio_pairs_lone_less_than_threshold = 0.5
       r_free_flags {
         file_name = None
         label = None
         test_flag_value = None
         ignore_r_free_flags = False
         disable_suitability_test = False
         ignore_pdb_hexdigest = False
         generate = False
         fraction = 0.1
         max_free = 2000
         lattice_symmetry_max_delta = 5
         use_lattice_symmetry = True
         use_dataman_shells = False
         n_shells = 20
       }
     }
     pdb {
       file_name = None
     }
     monomers {
       file_name = None
     }
     maps {
       map_file_name = None
       d_min = None
       map_coefficients_file_name = None
       map_coefficients_label = None
     }
     sequence = None
     scattering_table = wk1995 it1992 *n_gaussian neutron electron
     wavelength = None
     energy = None
     twin_law = Auto
   }
   max_atoms = 15000
   debug = False
   cluster {
     fast_interaction = True
     charge_cutoff = 8.0
     clustering = false
     charge_embedding = False
     two_buffers = False
     maxnum_residues_in_cluster = 15
     select_within_radius = 10
     clustering_method = gnc *bcc
     altloc_method = average *subtract
     g_scan = 10 15 20
     g_mode = None
     save_clusters = True
     bond_with_altloc = True
     re_calculate_rmsd_tolerance = 0.5
   }
   restraints = *cctbx qm
   expansion = False
   quantum {
     engine_name = *mopac ani torchani terachem turbomole pyscf orca gaussian \
                   xtb
     basis = Auto
     charge = None
     method = Auto
     memory = None
     nproc = None
     qm_addon = gcp dftd3 gcp-d3
     qm_addon_method = None
   }
   refine {
     dry_run = False
     sf_algorithm = *direct fft
     refinement_target_name = *ml ls_wunit_k1
     mode = *opt refine gtest
     number_of_macro_cycles = 1
     number_of_weight_search_cycles = 50
     number_of_refine_cycles = 5
     number_of_micro_cycles = 100
     data_weight = None
     choose_best_use_r_work = False
     skip_weight_search = False
     adjust_restraints_weight_scale_value = 2
     max_iterations_weight = 50
     max_iterations_refine = 50
     use_ase_lbfgs = False
     line_search = True
     stpmax = 0.2
     gradient_only = true
     update_all_scales = True
     refine_sites = True
     refine_adp = False
     restraints_weight_scale = 1.0
     shake_sites = False
     use_convergence_test = True
     max_bond_rmsd = 0.03
     max_r_work_r_free_gap = 5.0
     r_tolerance = 0.001
     rmsd_tolerance = 0.01
     opt_log = False
     pre_opt = False
     pre_opt_stpmax = 0.1
     pre_opt_iter = 10
     pre_opt_switch = 2
     pre_opt_gconv = 3000
     minimizer = *lbfgs lbfgsb
   }
   parallel {
     method = *multiprocessing slurm pbs sge lsf threading
     nproc = None
     qsub_command = None
   }
   output_file_name_prefix = None
   output_folder_name = "pdb"
   rst_file = None
   dump_gradients = None

Setting QM defaults
  Setting QM method to PM7


***********************************************************
restart info will be stored in /home/yanting/work/aniserver_1_qr/ani_qr_test/cctbx_lbfgs/qr-ani-test/qr-cctbx/lbfgs/0.6/pdb/2.rst.pickle
***********************************************************

start: bond:  0.017 angle:   1.52 clash:  22.0 rota:  0.00 rama: f:  81.82 o:   9.09 Z:  -5.56 cb:   0.00
cycle:   0 max_shift: 0.217278 LBFGS: function start/end, n_calls: 324.447562 59.518386 52
cycle:   1 max_shift: 0.170786 LBFGS: function start/end, n_calls: 59.518386 54.110155 52
cycle:   2 max_shift: 0.170745 LBFGS: function start/end, n_calls: 54.110155 50.880498 52
cycle:   3 max_shift: 0.065483 LBFGS: function start/end, n_calls: 50.880498 49.251749 52
cycle:   4 max_shift: 0.268899 LBFGS: function start/end, n_calls: 49.251749 46.694450 52
cycle:   5 max_shift: 0.063999 LBFGS: function start/end, n_calls: 46.694450 44.832810 52
cycle:   6 max_shift: 0.330706 LBFGS: function start/end, n_calls: 44.832810 43.290654 52
cycle:   7 max_shift: 0.042012 LBFGS: function start/end, n_calls: 43.290654 42.246528 52
cycle:   8 max_shift: 0.225233 LBFGS: function start/end, n_calls: 42.246528 41.317213 52
cycle:   9 max_shift: 0.024663 LBFGS: function start/end, n_calls: 41.317213 40.901461 52
cycle:  10 max_shift: 0.083525 LBFGS: function start/end, n_calls: 40.901461 40.619332 52
cycle:  11 max_shift: 0.050849 LBFGS: function start/end, n_calls: 40.619332 40.422711 52
cycle:  12 max_shift: 0.026296 LBFGS: function start/end, n_calls: 40.422711 40.341614 52
cycle:  13 max_shift: 0.034441 LBFGS: function start/end, n_calls: 40.341614 40.253037 52
cycle:  14 max_shift: 0.036499 LBFGS: function start/end, n_calls: 40.253037 40.151408 52
cycle:  15 max_shift: 0.016464 LBFGS: function start/end, n_calls: 40.151408 40.084387 52
cycle:  16 max_shift: 0.125047 LBFGS: function start/end, n_calls: 40.084387 39.911480 52
cycle:  17 max_shift: 0.015547 LBFGS: function start/end, n_calls: 39.911480 39.807601 53
cycle:  18 max_shift: 0.039536 LBFGS: function start/end, n_calls: 39.807601 39.755314 52
cycle:  19 max_shift: 0.012625 LBFGS: function start/end, n_calls: 39.755314 39.722583 52
cycle:  20 max_shift: 0.031277 LBFGS: function start/end, n_calls: 39.722583 39.689443 52
cycle:  21 max_shift: 0.006751 LBFGS: function start/end, n_calls: 39.689443 39.664445 52
cycle:  22 max_shift: 0.018415 LBFGS: function start/end, n_calls: 39.664445 39.651338 52
cycle:  23 max_shift: 0.004974 LBFGS: function start/end, n_calls: 39.651338 39.640575 52
cycle:  24 max_shift: 0.011894 LBFGS: function start/end, n_calls: 39.640575 39.629640 52
cycle:  25 max_shift: 0.005462 LBFGS: function start/end, n_calls: 39.629640 39.622264 52
cycle:  26 max_shift: 0.005380 LBFGS: function start/end, n_calls: 39.622264 39.616490 52
cycle:  27 max_shift: 0.007671 LBFGS: function start/end, n_calls: 39.616490 39.610945 53
cycle:  28 max_shift: 0.005234 LBFGS: function start/end, n_calls: 39.610945 39.605714 52
cycle:  29 max_shift: 0.005289 LBFGS: function start/end, n_calls: 39.605714 39.601325 52
cycle:  30 max_shift: 0.004399 LBFGS: function start/end, n_calls: 39.601325 39.596962 52
cycle:  31 max_shift: 0.008648 LBFGS: function start/end, n_calls: 39.596962 39.591846 52
cycle:  32 max_shift: 0.003988 LBFGS: function start/end, n_calls: 39.591846 39.587320 52
cycle:  33 max_shift: 0.009019 LBFGS: function start/end, n_calls: 39.587320 39.582934 52
cycle:  34 max_shift: 0.004157 LBFGS: function start/end, n_calls: 39.582934 39.578843 52
cycle:  35 max_shift: 0.005288 LBFGS: function start/end, n_calls: 39.578843 39.576580 53
cycle:  36 max_shift: 0.003708 LBFGS: function start/end, n_calls: 39.576580 39.573773 52
cycle:  37 max_shift: 0.008238 LBFGS: function start/end, n_calls: 39.573773 39.570541 52
cycle:  38 max_shift: 0.003061 LBFGS: function start/end, n_calls: 39.570541 39.567592 53
cycle:  39 max_shift: 0.004157 LBFGS: function start/end, n_calls: 39.567592 39.566049 53
cycle:  40 max_shift: 0.002497 LBFGS: function start/end, n_calls: 39.566049 39.564229 52
cycle:  41 max_shift: 0.016857 LBFGS: function start/end, n_calls: 39.564229 39.559877 52
cycle:  42 max_shift: 0.003170 LBFGS: function start/end, n_calls: 39.559877 39.555328 52
cycle:  43 max_shift: 0.003067 LBFGS: function start/end, n_calls: 39.555328 39.554374 52
cycle:  44 max_shift: 0.002459 LBFGS: function start/end, n_calls: 39.554374 39.553314 52
cycle:  45 max_shift: 0.001612 LBFGS: function start/end, n_calls: 39.553314 39.552678 52
cycle:  46 max_shift: 0.002324 LBFGS: function start/end, n_calls: 39.552678 39.551899 52
cycle:  47 max_shift: 0.002508 LBFGS: function start/end, n_calls: 39.551899 39.550997 52
cycle:  48 max_shift: 0.002211 LBFGS: function start/end, n_calls: 39.550997 39.550196 52
cycle:  49 max_shift: 0.001711 LBFGS: function start/end, n_calls: 39.550196 39.549480 52
cycle:  50 max_shift: 0.002466 LBFGS: function start/end, n_calls: 39.549480 39.548742 52
cycle:  51 max_shift: 0.001525 LBFGS: function start/end, n_calls: 39.548742 39.548095 52
cycle:  52 max_shift: 0.001899 LBFGS: function start/end, n_calls: 39.548095 39.547539 52
cycle:  53 max_shift: 0.002326 LBFGS: function start/end, n_calls: 39.547539 39.546807 52
cycle:  54 max_shift: 0.001505 LBFGS: function start/end, n_calls: 39.546807 39.546234 52
cycle:  55 max_shift: 0.003212 LBFGS: function start/end, n_calls: 39.546234 39.545470 52
cycle:  56 max_shift: 0.001665 LBFGS: function start/end, n_calls: 39.545470 39.544811 52
cycle:  57 max_shift: 0.004335 LBFGS: function start/end, n_calls: 39.544811 39.543967 52
cycle:  58 max_shift: 0.001640 LBFGS: function start/end, n_calls: 39.543967 39.543124 53
cycle:  59 max_shift: 0.012117 LBFGS: function start/end, n_calls: 39.543124 39.541135 52
cycle:  60 max_shift: 0.001734 LBFGS: function start/end, n_calls: 39.541135 39.539282 52
cycle:  61 max_shift: 0.008546 LBFGS: function start/end, n_calls: 39.539282 39.538129 52
cycle:  62 max_shift: 0.001636 LBFGS: function start/end, n_calls: 39.538129 39.536934 52
cycle:  63 max_shift: 0.002540 LBFGS: function start/end, n_calls: 39.536934 39.536573 52
cycle:  64 max_shift: 0.001435 LBFGS: function start/end, n_calls: 39.536573 39.536135 52
cycle:  65 max_shift: 0.000978 LBFGS: function start/end, n_calls: 39.536135 39.535953 52
cycle:  66 max_shift: 0.001008 LBFGS: function start/end, n_calls: 39.535953 39.535778 52
cycle:  67 max_shift: 0.000724 LBFGS: function start/end, n_calls: 39.535778 39.535624 52
cycle:  68 max_shift: 0.001257 LBFGS: function start/end, n_calls: 39.535624 39.535449 52
cycle:  69 max_shift: 0.000667 LBFGS: function start/end, n_calls: 39.535449 39.535283 52
Convergence reached. Stopping now.
final: bond:  0.000 angle:   0.26 clash:   0.0 rota:  0.00 rama: f: 100.00 o:   0.00 Z:   0.30 cb:   0.00
See 2_refined.pdb in pdb folder.
Time: 4.6938
