Starting Q|R
version:   v1.0-208-g2886d5-dirty  
Running refinement
   input {
     xray_data {
       file_name = None
       labels = None
       high_resolution = None
       low_resolution = None
       outliers_rejection = True
       french_wilson_scale = True
       french_wilson {
         max_bins = 60
         min_bin_size = 40
       }
       sigma_fobs_rejection_criterion = None
       sigma_iobs_rejection_criterion = None
       ignore_all_zeros = True
       force_anomalous_flag_to_be_equal_to = None
       convert_to_non_anomalous_if_ratio_pairs_lone_less_than_threshold = 0.5
       r_free_flags {
         file_name = None
         label = None
         test_flag_value = None
         ignore_r_free_flags = False
         disable_suitability_test = False
         ignore_pdb_hexdigest = False
         generate = False
         fraction = 0.1
         max_free = 2000
         lattice_symmetry_max_delta = 5
         use_lattice_symmetry = True
         use_dataman_shells = False
         n_shells = 20
       }
     }
     pdb {
       file_name = None
     }
     monomers {
       file_name = None
     }
     maps {
       map_file_name = None
       d_min = None
       map_coefficients_file_name = None
       map_coefficients_label = None
     }
     sequence = None
     scattering_table = wk1995 it1992 *n_gaussian neutron electron
     wavelength = None
     energy = None
     twin_law = Auto
   }
   max_atoms = 15000
   debug = False
   cluster {
     fast_interaction = True
     charge_cutoff = 8.0
     clustering = false
     charge_embedding = False
     two_buffers = False
     maxnum_residues_in_cluster = 15
     select_within_radius = 10
     clustering_method = gnc *bcc
     altloc_method = average *subtract
     g_scan = 10 15 20
     g_mode = None
     save_clusters = True
     bond_with_altloc = True
     re_calculate_rmsd_tolerance = 0.5
   }
   restraints = *cctbx qm
   expansion = False
   quantum {
     engine_name = *mopac ani torchani terachem turbomole pyscf orca gaussian \
                   xtb
     basis = Auto
     charge = None
     method = Auto
     memory = None
     nproc = None
     qm_addon = gcp dftd3 gcp-d3
     qm_addon_method = None
   }
   refine {
     dry_run = False
     sf_algorithm = *direct fft
     refinement_target_name = *ml ls_wunit_k1
     mode = *opt refine gtest
     number_of_macro_cycles = 1
     number_of_weight_search_cycles = 50
     number_of_refine_cycles = 5
     number_of_micro_cycles = 100
     data_weight = None
     choose_best_use_r_work = False
     skip_weight_search = False
     adjust_restraints_weight_scale_value = 2
     max_iterations_weight = 50
     max_iterations_refine = 50
     use_ase_lbfgs = False
     line_search = True
     stpmax = 0.2
     gradient_only = true
     update_all_scales = True
     refine_sites = True
     refine_adp = False
     restraints_weight_scale = 1.0
     shake_sites = False
     use_convergence_test = True
     max_bond_rmsd = 0.03
     max_r_work_r_free_gap = 5.0
     r_tolerance = 0.001
     rmsd_tolerance = 0.01
     opt_log = False
     pre_opt = False
     pre_opt_stpmax = 0.1
     pre_opt_iter = 10
     pre_opt_switch = 2
     pre_opt_gconv = 3000
     minimizer = *lbfgs lbfgsb
   }
   parallel {
     method = *multiprocessing slurm pbs sge lsf threading
     nproc = None
     qsub_command = None
   }
   output_file_name_prefix = None
   output_folder_name = "pdb"
   rst_file = None
   dump_gradients = None

Setting QM defaults
  Setting QM method to PM7


***********************************************************
restart info will be stored in /home/yanting/work/aniserver_1_qr/ani_qr_test/cctbx_lbfgs/qr-ani-test/qr-cctbx/lbfgs/0.6/pdb/3.rst.pickle
***********************************************************

start: bond:  0.014 angle:   1.31 clash:   0.0 rota:  0.00 rama: f: 100.00 o:   0.00 Z:  -6.38 cb:   0.00
cycle:   0 max_shift: 0.195541 LBFGS: function start/end, n_calls: 286.613763 51.176737 52
cycle:   1 max_shift: 0.289564 LBFGS: function start/end, n_calls: 51.176737 44.120541 52
cycle:   2 max_shift: 0.049651 LBFGS: function start/end, n_calls: 44.120541 42.634617 52
cycle:   3 max_shift: 0.072287 LBFGS: function start/end, n_calls: 42.634617 41.997379 52
cycle:   4 max_shift: 0.025974 LBFGS: function start/end, n_calls: 41.997379 41.671892 52
cycle:   5 max_shift: 0.205110 LBFGS: function start/end, n_calls: 41.671892 40.861985 52
cycle:   6 max_shift: 0.037133 LBFGS: function start/end, n_calls: 40.861985 40.613470 52
cycle:   7 max_shift: 0.023129 LBFGS: function start/end, n_calls: 40.613470 40.538007 52
cycle:   8 max_shift: 0.025790 LBFGS: function start/end, n_calls: 40.538007 40.462125 52
cycle:   9 max_shift: 0.029443 LBFGS: function start/end, n_calls: 40.462125 40.384238 52
cycle:  10 max_shift: 0.019409 LBFGS: function start/end, n_calls: 40.384238 40.311870 52
cycle:  11 max_shift: 0.101806 LBFGS: function start/end, n_calls: 40.311870 40.168344 52
cycle:  12 max_shift: 0.019101 LBFGS: function start/end, n_calls: 40.168344 40.050701 53
cycle:  13 max_shift: 0.131414 LBFGS: function start/end, n_calls: 40.050701 39.911610 52
cycle:  14 max_shift: 0.012066 LBFGS: function start/end, n_calls: 39.911610 39.804022 52
cycle:  15 max_shift: 0.046938 LBFGS: function start/end, n_calls: 39.804022 39.755206 52
cycle:  16 max_shift: 0.009326 LBFGS: function start/end, n_calls: 39.755206 39.731501 52
cycle:  17 max_shift: 0.024336 LBFGS: function start/end, n_calls: 39.731501 39.712689 52
cycle:  18 max_shift: 0.008071 LBFGS: function start/end, n_calls: 39.712689 39.695515 53
cycle:  19 max_shift: 0.019355 LBFGS: function start/end, n_calls: 39.695515 39.680354 52
cycle:  20 max_shift: 0.005043 LBFGS: function start/end, n_calls: 39.680354 39.668381 52
cycle:  21 max_shift: 0.014654 LBFGS: function start/end, n_calls: 39.668381 39.657960 52
cycle:  22 max_shift: 0.004333 LBFGS: function start/end, n_calls: 39.657960 39.648910 52
cycle:  23 max_shift: 0.026768 LBFGS: function start/end, n_calls: 39.648910 39.633272 52
cycle:  24 max_shift: 0.010405 LBFGS: function start/end, n_calls: 39.633272 39.617989 52
cycle:  25 max_shift: 0.004675 LBFGS: function start/end, n_calls: 39.617989 39.611529 52
cycle:  26 max_shift: 0.027147 LBFGS: function start/end, n_calls: 39.611529 39.598995 52
cycle:  27 max_shift: 0.006115 LBFGS: function start/end, n_calls: 39.598995 39.589855 52
cycle:  28 max_shift: 0.017286 LBFGS: function start/end, n_calls: 39.589855 39.583719 52
cycle:  29 max_shift: 0.004672 LBFGS: function start/end, n_calls: 39.583719 39.577460 52
cycle:  30 max_shift: 0.007106 LBFGS: function start/end, n_calls: 39.577460 39.574830 52
cycle:  31 max_shift: 0.002930 LBFGS: function start/end, n_calls: 39.574830 39.572002 52
cycle:  32 max_shift: 0.036825 LBFGS: function start/end, n_calls: 39.572002 39.562407 52
cycle:  33 max_shift: 0.005013 LBFGS: function start/end, n_calls: 39.562407 39.553884 52
cycle:  34 max_shift: 0.011529 LBFGS: function start/end, n_calls: 39.553884 39.551785 52
cycle:  35 max_shift: 0.002350 LBFGS: function start/end, n_calls: 39.551785 39.549497 52
cycle:  36 max_shift: 0.006842 LBFGS: function start/end, n_calls: 39.549497 39.548232 52
cycle:  37 max_shift: 0.001944 LBFGS: function start/end, n_calls: 39.548232 39.546776 52
cycle:  38 max_shift: 0.009583 LBFGS: function start/end, n_calls: 39.546776 39.545373 52
cycle:  39 max_shift: 0.001973 LBFGS: function start/end, n_calls: 39.545373 39.543959 52
cycle:  40 max_shift: 0.003668 LBFGS: function start/end, n_calls: 39.543959 39.543279 52
cycle:  41 max_shift: 0.001562 LBFGS: function start/end, n_calls: 39.543279 39.542688 52
cycle:  42 max_shift: 0.002185 LBFGS: function start/end, n_calls: 39.542688 39.542266 52
cycle:  43 max_shift: 0.001096 LBFGS: function start/end, n_calls: 39.542266 39.541933 53
cycle:  44 max_shift: 0.003971 LBFGS: function start/end, n_calls: 39.541933 39.541348 52
cycle:  45 max_shift: 0.001215 LBFGS: function start/end, n_calls: 39.541348 39.540663 53
cycle:  46 max_shift: 0.004362 LBFGS: function start/end, n_calls: 39.540663 39.540047 52
cycle:  47 max_shift: 0.001318 LBFGS: function start/end, n_calls: 39.540047 39.539394 52
cycle:  48 max_shift: 0.003469 LBFGS: function start/end, n_calls: 39.539394 39.538862 52
cycle:  49 max_shift: 0.001012 LBFGS: function start/end, n_calls: 39.538862 39.538356 52
cycle:  50 max_shift: 0.004265 LBFGS: function start/end, n_calls: 39.538356 39.537860 53
cycle:  51 max_shift: 0.001035 LBFGS: function start/end, n_calls: 39.537860 39.537319 52
cycle:  52 max_shift: 0.002250 LBFGS: function start/end, n_calls: 39.537319 39.536979 53
cycle:  53 max_shift: 0.001558 LBFGS: function start/end, n_calls: 39.536979 39.536632 52
cycle:  54 max_shift: 0.000933 LBFGS: function start/end, n_calls: 39.536632 39.536423 52
cycle:  55 max_shift: 0.001007 LBFGS: function start/end, n_calls: 39.536423 39.536259 52
cycle:  56 max_shift: 0.000784 LBFGS: function start/end, n_calls: 39.536259 39.536106 52
cycle:  57 max_shift: 0.001503 LBFGS: function start/end, n_calls: 39.536106 39.535934 52
cycle:  58 max_shift: 0.000695 LBFGS: function start/end, n_calls: 39.535934 39.535735 52
Convergence reached. Stopping now.
final: bond:  0.000 angle:   0.25 clash:   0.0 rota:  0.00 rama: f: 100.00 o:   0.00 Z:  -2.13 cb:   0.00
See 3_refined.pdb in pdb folder.
Time: 4.5527
