Starting Q|R
version:   v1.0-208-g2886d5-dirty  
Running refinement
   input {
     xray_data {
       file_name = None
       labels = None
       high_resolution = None
       low_resolution = None
       outliers_rejection = True
       french_wilson_scale = True
       french_wilson {
         max_bins = 60
         min_bin_size = 40
       }
       sigma_fobs_rejection_criterion = None
       sigma_iobs_rejection_criterion = None
       ignore_all_zeros = True
       force_anomalous_flag_to_be_equal_to = None
       convert_to_non_anomalous_if_ratio_pairs_lone_less_than_threshold = 0.5
       r_free_flags {
         file_name = None
         label = None
         test_flag_value = None
         ignore_r_free_flags = False
         disable_suitability_test = False
         ignore_pdb_hexdigest = False
         generate = False
         fraction = 0.1
         max_free = 2000
         lattice_symmetry_max_delta = 5
         use_lattice_symmetry = True
         use_dataman_shells = False
         n_shells = 20
       }
     }
     pdb {
       file_name = None
     }
     monomers {
       file_name = None
     }
     maps {
       map_file_name = None
       d_min = None
       map_coefficients_file_name = None
       map_coefficients_label = None
     }
     sequence = None
     scattering_table = wk1995 it1992 *n_gaussian neutron electron
     wavelength = None
     energy = None
     twin_law = Auto
   }
   max_atoms = 15000
   debug = False
   cluster {
     fast_interaction = True
     charge_cutoff = 8.0
     clustering = false
     charge_embedding = False
     two_buffers = False
     maxnum_residues_in_cluster = 15
     select_within_radius = 10
     clustering_method = gnc *bcc
     altloc_method = average *subtract
     g_scan = 10 15 20
     g_mode = None
     save_clusters = True
     bond_with_altloc = True
     re_calculate_rmsd_tolerance = 0.5
   }
   restraints = *cctbx qm
   expansion = False
   quantum {
     engine_name = *mopac ani torchani terachem turbomole pyscf orca gaussian \
                   xtb
     basis = Auto
     charge = None
     method = Auto
     memory = None
     nproc = None
     qm_addon = gcp dftd3 gcp-d3
     qm_addon_method = None
   }
   refine {
     dry_run = False
     sf_algorithm = *direct fft
     refinement_target_name = *ml ls_wunit_k1
     mode = *opt refine gtest
     number_of_macro_cycles = 1
     number_of_weight_search_cycles = 50
     number_of_refine_cycles = 5
     number_of_micro_cycles = 100
     data_weight = None
     choose_best_use_r_work = False
     skip_weight_search = False
     adjust_restraints_weight_scale_value = 2
     max_iterations_weight = 50
     max_iterations_refine = 50
     use_ase_lbfgs = False
     line_search = True
     stpmax = 0.2
     gradient_only = true
     update_all_scales = True
     refine_sites = True
     refine_adp = False
     restraints_weight_scale = 1.0
     shake_sites = False
     use_convergence_test = True
     max_bond_rmsd = 0.03
     max_r_work_r_free_gap = 5.0
     r_tolerance = 0.001
     rmsd_tolerance = 0.01
     opt_log = False
     pre_opt = False
     pre_opt_stpmax = 0.1
     pre_opt_iter = 10
     pre_opt_switch = 2
     pre_opt_gconv = 3000
     minimizer = *lbfgs lbfgsb
   }
   parallel {
     method = *multiprocessing slurm pbs sge lsf threading
     nproc = None
     qsub_command = None
   }
   output_file_name_prefix = None
   output_folder_name = "pdb"
   rst_file = None
   dump_gradients = None

Setting QM defaults
  Setting QM method to PM7


***********************************************************
restart info will be stored in /home/yanting/work/aniserver_1_qr/ani_qr_test/cctbx_lbfgs/qr-ani-test/qr-cctbx/lbfgs/0.6/pdb/4.rst.pickle
***********************************************************

start: bond:  0.015 angle:   1.87 clash:   0.0 rota:  0.00 rama: f:  90.91 o:   0.00 Z:  -3.42 cb:   0.00
cycle:   0 max_shift: 0.153294 LBFGS: function start/end, n_calls: 295.522006 54.196983 52
cycle:   1 max_shift: 0.160488 LBFGS: function start/end, n_calls: 54.196983 49.474594 53
cycle:   2 max_shift: 0.079363 LBFGS: function start/end, n_calls: 49.474594 46.770241 52
cycle:   3 max_shift: 0.119847 LBFGS: function start/end, n_calls: 46.770241 45.376379 52
cycle:   4 max_shift: 0.060543 LBFGS: function start/end, n_calls: 45.376379 44.244804 53
cycle:   5 max_shift: 0.156864 LBFGS: function start/end, n_calls: 44.244804 43.136912 52
cycle:   6 max_shift: 0.037393 LBFGS: function start/end, n_calls: 43.136912 42.464611 52
cycle:   7 max_shift: 0.111329 LBFGS: function start/end, n_calls: 42.464611 41.953407 52
cycle:   8 max_shift: 0.043298 LBFGS: function start/end, n_calls: 41.953407 41.557548 52
cycle:   9 max_shift: 0.023237 LBFGS: function start/end, n_calls: 41.557548 41.396427 52
cycle:  10 max_shift: 0.040430 LBFGS: function start/end, n_calls: 41.396427 41.204802 52
cycle:  11 max_shift: 0.016578 LBFGS: function start/end, n_calls: 41.204802 41.066446 52
cycle:  12 max_shift: 0.036199 LBFGS: function start/end, n_calls: 41.066446 40.921580 53
cycle:  13 max_shift: 0.020450 LBFGS: function start/end, n_calls: 40.921580 40.807316 52
cycle:  14 max_shift: 0.016570 LBFGS: function start/end, n_calls: 40.807316 40.734795 52
cycle:  15 max_shift: 0.036103 LBFGS: function start/end, n_calls: 40.734795 40.606623 52
cycle:  16 max_shift: 0.014079 LBFGS: function start/end, n_calls: 40.606623 40.510689 52
cycle:  17 max_shift: 0.043596 LBFGS: function start/end, n_calls: 40.510689 40.380665 52
cycle:  18 max_shift: 0.024507 LBFGS: function start/end, n_calls: 40.380665 40.273115 52
cycle:  19 max_shift: 0.021995 LBFGS: function start/end, n_calls: 40.273115 40.198549 52
cycle:  20 max_shift: 0.010273 LBFGS: function start/end, n_calls: 40.198549 40.149832 52
cycle:  21 max_shift: 0.020420 LBFGS: function start/end, n_calls: 40.149832 40.109168 53
cycle:  22 max_shift: 0.011552 LBFGS: function start/end, n_calls: 40.109168 40.066223 52
cycle:  23 max_shift: 0.012106 LBFGS: function start/end, n_calls: 40.066223 40.035079 52
cycle:  24 max_shift: 0.018750 LBFGS: function start/end, n_calls: 40.035079 39.997119 52
cycle:  25 max_shift: 0.008410 LBFGS: function start/end, n_calls: 39.997119 39.967943 53
cycle:  26 max_shift: 0.016759 LBFGS: function start/end, n_calls: 39.967943 39.939058 52
cycle:  27 max_shift: 0.008590 LBFGS: function start/end, n_calls: 39.939058 39.916148 52
cycle:  28 max_shift: 0.011547 LBFGS: function start/end, n_calls: 39.916148 39.892901 52
cycle:  29 max_shift: 0.018405 LBFGS: function start/end, n_calls: 39.892901 39.866813 52
cycle:  30 max_shift: 0.006846 LBFGS: function start/end, n_calls: 39.866813 39.847339 53
cycle:  31 max_shift: 0.022829 LBFGS: function start/end, n_calls: 39.847339 39.825081 52
cycle:  32 max_shift: 0.007671 LBFGS: function start/end, n_calls: 39.825081 39.803980 52
cycle:  33 max_shift: 0.031482 LBFGS: function start/end, n_calls: 39.803980 39.778088 52
cycle:  34 max_shift: 0.007791 LBFGS: function start/end, n_calls: 39.778088 39.754593 52
cycle:  35 max_shift: 0.027631 LBFGS: function start/end, n_calls: 39.754593 39.736610 52
cycle:  36 max_shift: 0.005701 LBFGS: function start/end, n_calls: 39.736610 39.719013 52
cycle:  37 max_shift: 0.021825 LBFGS: function start/end, n_calls: 39.719013 39.705555 52
cycle:  38 max_shift: 0.004723 LBFGS: function start/end, n_calls: 39.705555 39.694816 52
cycle:  39 max_shift: 0.036862 LBFGS: function start/end, n_calls: 39.694816 39.676966 52
cycle:  40 max_shift: 0.005629 LBFGS: function start/end, n_calls: 39.676966 39.661004 53
cycle:  41 max_shift: 0.009441 LBFGS: function start/end, n_calls: 39.661004 39.656655 52
cycle:  42 max_shift: 0.003152 LBFGS: function start/end, n_calls: 39.656655 39.652449 52
cycle:  43 max_shift: 0.068488 LBFGS: function start/end, n_calls: 39.652449 39.627171 52
cycle:  44 max_shift: 0.004068 LBFGS: function start/end, n_calls: 39.627171 39.609670 52
cycle:  45 max_shift: 0.005530 LBFGS: function start/end, n_calls: 39.609670 39.607636 52
cycle:  46 max_shift: 0.002499 LBFGS: function start/end, n_calls: 39.607636 39.606075 52
cycle:  47 max_shift: 0.002283 LBFGS: function start/end, n_calls: 39.606075 39.605122 52
cycle:  48 max_shift: 0.003078 LBFGS: function start/end, n_calls: 39.605122 39.603944 52
cycle:  49 max_shift: 0.001823 LBFGS: function start/end, n_calls: 39.603944 39.602925 52
cycle:  50 max_shift: 0.003182 LBFGS: function start/end, n_calls: 39.602925 39.601837 52
cycle:  51 max_shift: 0.001787 LBFGS: function start/end, n_calls: 39.601837 39.600782 52
cycle:  52 max_shift: 0.002749 LBFGS: function start/end, n_calls: 39.600782 39.599899 52
cycle:  53 max_shift: 0.001940 LBFGS: function start/end, n_calls: 39.599899 39.598804 52
cycle:  54 max_shift: 0.015860 LBFGS: function start/end, n_calls: 39.598804 39.594896 52
cycle:  55 max_shift: 0.002409 LBFGS: function start/end, n_calls: 39.594896 39.590905 52
cycle:  56 max_shift: 0.005714 LBFGS: function start/end, n_calls: 39.590905 39.589493 52
cycle:  57 max_shift: 0.001665 LBFGS: function start/end, n_calls: 39.589493 39.588007 52
cycle:  58 max_shift: 0.003642 LBFGS: function start/end, n_calls: 39.588007 39.587092 52
cycle:  59 max_shift: 0.001359 LBFGS: function start/end, n_calls: 39.587092 39.586028 52
cycle:  60 max_shift: 0.015144 LBFGS: function start/end, n_calls: 39.586028 39.582888 52
cycle:  61 max_shift: 0.002072 LBFGS: function start/end, n_calls: 39.582888 39.579716 52
cycle:  62 max_shift: 0.007548 LBFGS: function start/end, n_calls: 39.579716 39.578268 52
cycle:  63 max_shift: 0.001427 LBFGS: function start/end, n_calls: 39.578268 39.576621 52
cycle:  64 max_shift: 0.004879 LBFGS: function start/end, n_calls: 39.576621 39.575765 53
cycle:  65 max_shift: 0.001911 LBFGS: function start/end, n_calls: 39.575765 39.574655 52
cycle:  66 max_shift: 0.001673 LBFGS: function start/end, n_calls: 39.574655 39.574181 52
cycle:  67 max_shift: 0.001627 LBFGS: function start/end, n_calls: 39.574181 39.573688 52
cycle:  68 max_shift: 0.001265 LBFGS: function start/end, n_calls: 39.573688 39.573328 53
cycle:  69 max_shift: 0.001450 LBFGS: function start/end, n_calls: 39.573328 39.572911 52
cycle:  70 max_shift: 0.001867 LBFGS: function start/end, n_calls: 39.572911 39.572411 52
cycle:  71 max_shift: 0.001026 LBFGS: function start/end, n_calls: 39.572411 39.571973 52
cycle:  72 max_shift: 0.001755 LBFGS: function start/end, n_calls: 39.571973 39.571569 52
cycle:  73 max_shift: 0.001391 LBFGS: function start/end, n_calls: 39.571569 39.571049 52
cycle:  74 max_shift: 0.001510 LBFGS: function start/end, n_calls: 39.571049 39.570593 52
cycle:  75 max_shift: 0.001182 LBFGS: function start/end, n_calls: 39.570593 39.570204 52
cycle:  76 max_shift: 0.002053 LBFGS: function start/end, n_calls: 39.570204 39.569745 52
cycle:  77 max_shift: 0.001149 LBFGS: function start/end, n_calls: 39.569745 39.569255 52
cycle:  78 max_shift: 0.001268 LBFGS: function start/end, n_calls: 39.569255 39.568944 53
cycle:  79 max_shift: 0.001552 LBFGS: function start/end, n_calls: 39.568944 39.568583 52
cycle:  80 max_shift: 0.001501 LBFGS: function start/end, n_calls: 39.568583 39.568087 52
cycle:  81 max_shift: 0.002232 LBFGS: function start/end, n_calls: 39.568087 39.567594 52
cycle:  82 max_shift: 0.003514 LBFGS: function start/end, n_calls: 39.567594 39.566739 52
cycle:  83 max_shift: 0.000898 LBFGS: function start/end, n_calls: 39.566739 39.566114 52
cycle:  84 max_shift: 0.005365 LBFGS: function start/end, n_calls: 39.566114 39.565140 52
cycle:  85 max_shift: 0.000921 LBFGS: function start/end, n_calls: 39.565140 39.564391 52
cycle:  86 max_shift: 0.003161 LBFGS: function start/end, n_calls: 39.564391 39.563916 52
cycle:  87 max_shift: 0.000969 LBFGS: function start/end, n_calls: 39.563916 39.563358 52
Convergence reached. Stopping now.
final: bond:  0.000 angle:   0.25 clash:   0.0 rota:  0.00 rama: f: 100.00 o:   0.00 Z:  -1.79 cb:   0.00
See 4_refined.pdb in pdb folder.
Time: 4.7910
