Starting Q|R
version:   v1.0-208-g2886d5-dirty  
Running refinement
   input {
     xray_data {
       file_name = None
       labels = None
       high_resolution = None
       low_resolution = None
       outliers_rejection = True
       french_wilson_scale = True
       french_wilson {
         max_bins = 60
         min_bin_size = 40
       }
       sigma_fobs_rejection_criterion = None
       sigma_iobs_rejection_criterion = None
       ignore_all_zeros = True
       force_anomalous_flag_to_be_equal_to = None
       convert_to_non_anomalous_if_ratio_pairs_lone_less_than_threshold = 0.5
       r_free_flags {
         file_name = None
         label = None
         test_flag_value = None
         ignore_r_free_flags = False
         disable_suitability_test = False
         ignore_pdb_hexdigest = False
         generate = False
         fraction = 0.1
         max_free = 2000
         lattice_symmetry_max_delta = 5
         use_lattice_symmetry = True
         use_dataman_shells = False
         n_shells = 20
       }
     }
     pdb {
       file_name = None
     }
     monomers {
       file_name = None
     }
     maps {
       map_file_name = None
       d_min = None
       map_coefficients_file_name = None
       map_coefficients_label = None
     }
     sequence = None
     scattering_table = wk1995 it1992 *n_gaussian neutron electron
     wavelength = None
     energy = None
     twin_law = Auto
   }
   max_atoms = 15000
   debug = False
   cluster {
     fast_interaction = True
     charge_cutoff = 8.0
     clustering = false
     charge_embedding = False
     two_buffers = False
     maxnum_residues_in_cluster = 15
     select_within_radius = 10
     clustering_method = gnc *bcc
     altloc_method = average *subtract
     g_scan = 10 15 20
     g_mode = None
     save_clusters = True
     bond_with_altloc = True
     re_calculate_rmsd_tolerance = 0.5
   }
   restraints = *cctbx qm
   expansion = False
   quantum {
     engine_name = *mopac ani torchani terachem turbomole pyscf orca gaussian \
                   xtb
     basis = Auto
     charge = None
     method = Auto
     memory = None
     nproc = None
     qm_addon = gcp dftd3 gcp-d3
     qm_addon_method = None
   }
   refine {
     dry_run = False
     sf_algorithm = *direct fft
     refinement_target_name = *ml ls_wunit_k1
     mode = *opt refine gtest
     number_of_macro_cycles = 1
     number_of_weight_search_cycles = 50
     number_of_refine_cycles = 5
     number_of_micro_cycles = 100
     data_weight = None
     choose_best_use_r_work = False
     skip_weight_search = False
     adjust_restraints_weight_scale_value = 2
     max_iterations_weight = 50
     max_iterations_refine = 50
     use_ase_lbfgs = False
     line_search = True
     stpmax = 0.2
     gradient_only = true
     update_all_scales = True
     refine_sites = True
     refine_adp = False
     restraints_weight_scale = 1.0
     shake_sites = False
     use_convergence_test = True
     max_bond_rmsd = 0.03
     max_r_work_r_free_gap = 5.0
     r_tolerance = 0.001
     rmsd_tolerance = 0.01
     opt_log = False
     pre_opt = False
     pre_opt_stpmax = 0.1
     pre_opt_iter = 10
     pre_opt_switch = 2
     pre_opt_gconv = 3000
     minimizer = *lbfgs lbfgsb
   }
   parallel {
     method = *multiprocessing slurm pbs sge lsf threading
     nproc = None
     qsub_command = None
   }
   output_file_name_prefix = None
   output_folder_name = "pdb"
   rst_file = None
   dump_gradients = None

Setting QM defaults
  Setting QM method to PM7


***********************************************************
restart info will be stored in /home/yanting/work/aniserver_1_qr/ani_qr_test/cctbx_lbfgs/qr-ani-test/qr-cctbx/lbfgs/0.6/pdb/6.rst.pickle
***********************************************************

start: bond:  0.014 angle:   1.37 clash:   0.0 rota:  0.00 rama: f:  81.82 o:   9.09 Z:  -5.96 cb:   0.00
cycle:   0 max_shift: 0.246200 LBFGS: function start/end, n_calls: 281.417596 50.633407 52
cycle:   1 max_shift: 0.167639 LBFGS: function start/end, n_calls: 50.633407 45.611122 52
cycle:   2 max_shift: 0.110005 LBFGS: function start/end, n_calls: 45.611122 43.747328 52
cycle:   3 max_shift: 0.061970 LBFGS: function start/end, n_calls: 43.747328 42.897986 52
cycle:   4 max_shift: 0.101445 LBFGS: function start/end, n_calls: 42.897986 42.125678 52
cycle:   5 max_shift: 0.050942 LBFGS: function start/end, n_calls: 42.125678 41.492196 52
cycle:   6 max_shift: 0.029469 LBFGS: function start/end, n_calls: 41.492196 41.240410 52
cycle:   7 max_shift: 0.024741 LBFGS: function start/end, n_calls: 41.240410 41.050487 52
cycle:   8 max_shift: 0.086056 LBFGS: function start/end, n_calls: 41.050487 40.653385 52
cycle:   9 max_shift: 0.015205 LBFGS: function start/end, n_calls: 40.653385 40.521099 52
cycle:  10 max_shift: 0.112129 LBFGS: function start/end, n_calls: 40.521099 40.352901 52
cycle:  11 max_shift: 0.010535 LBFGS: function start/end, n_calls: 40.352901 40.250886 52
cycle:  12 max_shift: 0.060015 LBFGS: function start/end, n_calls: 40.250886 40.195586 52
cycle:  13 max_shift: 0.011486 LBFGS: function start/end, n_calls: 40.195586 40.154365 52
cycle:  14 max_shift: 0.037995 LBFGS: function start/end, n_calls: 40.154365 40.122664 53
cycle:  15 max_shift: 0.031226 LBFGS: function start/end, n_calls: 40.122664 40.086872 52
cycle:  16 max_shift: 0.015887 LBFGS: function start/end, n_calls: 40.086872 40.062230 52
cycle:  17 max_shift: 0.083291 LBFGS: function start/end, n_calls: 40.062230 40.012445 52
cycle:  18 max_shift: 0.009460 LBFGS: function start/end, n_calls: 40.012445 39.975317 53
cycle:  19 max_shift: 0.157616 LBFGS: function start/end, n_calls: 39.975317 39.901381 52
cycle:  20 max_shift: 0.009233 LBFGS: function start/end, n_calls: 39.901381 39.838927 52
cycle:  21 max_shift: 0.102798 LBFGS: function start/end, n_calls: 39.838927 39.795200 52
cycle:  22 max_shift: 0.009226 LBFGS: function start/end, n_calls: 39.795200 39.756851 52
cycle:  23 max_shift: 0.063205 LBFGS: function start/end, n_calls: 39.756851 39.729429 52
cycle:  24 max_shift: 0.007265 LBFGS: function start/end, n_calls: 39.729429 39.707742 53
cycle:  25 max_shift: 0.034974 LBFGS: function start/end, n_calls: 39.707742 39.692485 52
cycle:  26 max_shift: 0.008918 LBFGS: function start/end, n_calls: 39.692485 39.681943 52
cycle:  27 max_shift: 0.015798 LBFGS: function start/end, n_calls: 39.681943 39.673676 52
cycle:  28 max_shift: 0.017445 LBFGS: function start/end, n_calls: 39.673676 39.664216 52
cycle:  29 max_shift: 0.008794 LBFGS: function start/end, n_calls: 39.664216 39.655886 52
cycle:  30 max_shift: 0.030429 LBFGS: function start/end, n_calls: 39.655886 39.645133 52
cycle:  31 max_shift: 0.005650 LBFGS: function start/end, n_calls: 39.645133 39.635548 52
cycle:  32 max_shift: 0.047246 LBFGS: function start/end, n_calls: 39.635548 39.621889 52
cycle:  33 max_shift: 0.004660 LBFGS: function start/end, n_calls: 39.621889 39.610937 52
cycle:  34 max_shift: 0.030165 LBFGS: function start/end, n_calls: 39.610937 39.603171 52
cycle:  35 max_shift: 0.004235 LBFGS: function start/end, n_calls: 39.603171 39.596948 52
cycle:  36 max_shift: 0.015126 LBFGS: function start/end, n_calls: 39.596948 39.593006 52
cycle:  37 max_shift: 0.003491 LBFGS: function start/end, n_calls: 39.593006 39.590059 52
cycle:  38 max_shift: 0.031617 LBFGS: function start/end, n_calls: 39.590059 39.583864 52
cycle:  39 max_shift: 0.003514 LBFGS: function start/end, n_calls: 39.583864 39.578163 53
cycle:  40 max_shift: 0.014483 LBFGS: function start/end, n_calls: 39.578163 39.575592 52
cycle:  41 max_shift: 0.003073 LBFGS: function start/end, n_calls: 39.575592 39.572827 52
cycle:  42 max_shift: 0.020451 LBFGS: function start/end, n_calls: 39.572827 39.569350 52
cycle:  43 max_shift: 0.003152 LBFGS: function start/end, n_calls: 39.569350 39.566028 53
cycle:  44 max_shift: 0.010721 LBFGS: function start/end, n_calls: 39.566028 39.564336 52
cycle:  45 max_shift: 0.003164 LBFGS: function start/end, n_calls: 39.564336 39.562416 52
cycle:  46 max_shift: 0.004316 LBFGS: function start/end, n_calls: 39.562416 39.561404 52
cycle:  47 max_shift: 0.001968 LBFGS: function start/end, n_calls: 39.561404 39.560555 52
cycle:  48 max_shift: 0.004976 LBFGS: function start/end, n_calls: 39.560555 39.559415 52
cycle:  49 max_shift: 0.003711 LBFGS: function start/end, n_calls: 39.559415 39.558447 52
cycle:  50 max_shift: 0.003158 LBFGS: function start/end, n_calls: 39.558447 39.557530 52
cycle:  51 max_shift: 0.003022 LBFGS: function start/end, n_calls: 39.557530 39.556747 52
cycle:  52 max_shift: 0.002436 LBFGS: function start/end, n_calls: 39.556747 39.556011 52
cycle:  53 max_shift: 0.002533 LBFGS: function start/end, n_calls: 39.556011 39.555429 52
cycle:  54 max_shift: 0.001690 LBFGS: function start/end, n_calls: 39.555429 39.554917 52
cycle:  55 max_shift: 0.002401 LBFGS: function start/end, n_calls: 39.554917 39.554431 52
cycle:  56 max_shift: 0.001447 LBFGS: function start/end, n_calls: 39.554431 39.553908 52
cycle:  57 max_shift: 0.004810 LBFGS: function start/end, n_calls: 39.553908 39.553189 52
cycle:  58 max_shift: 0.001438 LBFGS: function start/end, n_calls: 39.553189 39.552424 52
cycle:  59 max_shift: 0.005570 LBFGS: function start/end, n_calls: 39.552424 39.551583 53
cycle:  60 max_shift: 0.001402 LBFGS: function start/end, n_calls: 39.551583 39.550808 53
cycle:  61 max_shift: 0.004865 LBFGS: function start/end, n_calls: 39.550808 39.550135 52
cycle:  62 max_shift: 0.001349 LBFGS: function start/end, n_calls: 39.550135 39.549356 52
cycle:  63 max_shift: 0.003211 LBFGS: function start/end, n_calls: 39.549356 39.548863 52
cycle:  64 max_shift: 0.001597 LBFGS: function start/end, n_calls: 39.548863 39.548282 52
cycle:  65 max_shift: 0.001652 LBFGS: function start/end, n_calls: 39.548282 39.547935 52
cycle:  66 max_shift: 0.001403 LBFGS: function start/end, n_calls: 39.547935 39.547589 52
cycle:  67 max_shift: 0.001195 LBFGS: function start/end, n_calls: 39.547589 39.547308 53
cycle:  68 max_shift: 0.001310 LBFGS: function start/end, n_calls: 39.547308 39.547027 53
cycle:  69 max_shift: 0.001558 LBFGS: function start/end, n_calls: 39.547027 39.546738 53
cycle:  70 max_shift: 0.002449 LBFGS: function start/end, n_calls: 39.546738 39.546291 52
cycle:  71 max_shift: 0.001116 LBFGS: function start/end, n_calls: 39.546291 39.545876 52
cycle:  72 max_shift: 0.001893 LBFGS: function start/end, n_calls: 39.545876 39.545555 52
cycle:  73 max_shift: 0.000870 LBFGS: function start/end, n_calls: 39.545555 39.545263 53
cycle:  74 max_shift: 0.002805 LBFGS: function start/end, n_calls: 39.545263 39.544880 52
cycle:  75 max_shift: 0.001188 LBFGS: function start/end, n_calls: 39.544880 39.544390 52
cycle:  76 max_shift: 0.005953 LBFGS: function start/end, n_calls: 39.544390 39.543604 52
cycle:  77 max_shift: 0.002047 LBFGS: function start/end, n_calls: 39.543604 39.542616 52
cycle:  78 max_shift: 0.001094 LBFGS: function start/end, n_calls: 39.542616 39.542269 52
cycle:  79 max_shift: 0.001057 LBFGS: function start/end, n_calls: 39.542269 39.542024 53
cycle:  80 max_shift: 0.001997 LBFGS: function start/end, n_calls: 39.542024 39.541679 52
cycle:  81 max_shift: 0.000775 LBFGS: function start/end, n_calls: 39.541679 39.541372 52
cycle:  82 max_shift: 0.002391 LBFGS: function start/end, n_calls: 39.541372 39.541044 52
cycle:  83 max_shift: 0.000741 LBFGS: function start/end, n_calls: 39.541044 39.540709 53
Convergence reached. Stopping now.
final: bond:  0.000 angle:   0.25 clash:   0.0 rota:  0.00 rama: f: 100.00 o:   0.00 Z:  -1.08 cb:   0.00
See 6_refined.pdb in pdb folder.
Time: 4.7693
