Starting Q|R
version:   v1.0-208-g2886d5-dirty  
Running refinement
   input {
     xray_data {
       file_name = None
       labels = None
       high_resolution = None
       low_resolution = None
       outliers_rejection = True
       french_wilson_scale = True
       french_wilson {
         max_bins = 60
         min_bin_size = 40
       }
       sigma_fobs_rejection_criterion = None
       sigma_iobs_rejection_criterion = None
       ignore_all_zeros = True
       force_anomalous_flag_to_be_equal_to = None
       convert_to_non_anomalous_if_ratio_pairs_lone_less_than_threshold = 0.5
       r_free_flags {
         file_name = None
         label = None
         test_flag_value = None
         ignore_r_free_flags = False
         disable_suitability_test = False
         ignore_pdb_hexdigest = False
         generate = False
         fraction = 0.1
         max_free = 2000
         lattice_symmetry_max_delta = 5
         use_lattice_symmetry = True
         use_dataman_shells = False
         n_shells = 20
       }
     }
     pdb {
       file_name = None
     }
     monomers {
       file_name = None
     }
     maps {
       map_file_name = None
       d_min = None
       map_coefficients_file_name = None
       map_coefficients_label = None
     }
     sequence = None
     scattering_table = wk1995 it1992 *n_gaussian neutron electron
     wavelength = None
     energy = None
     twin_law = Auto
   }
   max_atoms = 15000
   debug = False
   cluster {
     fast_interaction = True
     charge_cutoff = 8.0
     clustering = false
     charge_embedding = False
     two_buffers = False
     maxnum_residues_in_cluster = 15
     select_within_radius = 10
     clustering_method = gnc *bcc
     altloc_method = average *subtract
     g_scan = 10 15 20
     g_mode = None
     save_clusters = True
     bond_with_altloc = True
     re_calculate_rmsd_tolerance = 0.5
   }
   restraints = *cctbx qm
   expansion = False
   quantum {
     engine_name = *mopac ani torchani terachem turbomole pyscf orca gaussian \
                   xtb
     basis = Auto
     charge = None
     method = Auto
     memory = None
     nproc = None
     qm_addon = gcp dftd3 gcp-d3
     qm_addon_method = None
   }
   refine {
     dry_run = False
     sf_algorithm = *direct fft
     refinement_target_name = *ml ls_wunit_k1
     mode = *opt refine gtest
     number_of_macro_cycles = 1
     number_of_weight_search_cycles = 50
     number_of_refine_cycles = 5
     number_of_micro_cycles = 100
     data_weight = None
     choose_best_use_r_work = False
     skip_weight_search = False
     adjust_restraints_weight_scale_value = 2
     max_iterations_weight = 50
     max_iterations_refine = 50
     use_ase_lbfgs = False
     line_search = True
     stpmax = 0.2
     gradient_only = true
     update_all_scales = True
     refine_sites = True
     refine_adp = False
     restraints_weight_scale = 1.0
     shake_sites = False
     use_convergence_test = True
     max_bond_rmsd = 0.03
     max_r_work_r_free_gap = 5.0
     r_tolerance = 0.001
     rmsd_tolerance = 0.01
     opt_log = False
     pre_opt = False
     pre_opt_stpmax = 0.1
     pre_opt_iter = 10
     pre_opt_switch = 2
     pre_opt_gconv = 3000
     minimizer = *lbfgs lbfgsb
   }
   parallel {
     method = *multiprocessing slurm pbs sge lsf threading
     nproc = None
     qsub_command = None
   }
   output_file_name_prefix = None
   output_folder_name = "pdb"
   rst_file = None
   dump_gradients = None

Setting QM defaults
  Setting QM method to PM7


***********************************************************
restart info will be stored in /home/yanting/work/aniserver_1_qr/ani_qr_test/cctbx_lbfgs/qr-ani-test/qr-cctbx/lbfgs/0.6/pdb/7.rst.pickle
***********************************************************

start: bond:  0.016 angle:   1.60 clash:   0.0 rota:  0.00 rama: f:  90.91 o:   0.00 Z:  -5.49 cb:   0.00
cycle:   0 max_shift: 0.224440 LBFGS: function start/end, n_calls: 303.634492 53.227481 52
cycle:   1 max_shift: 0.146918 LBFGS: function start/end, n_calls: 53.227481 48.693629 53
cycle:   2 max_shift: 0.048089 LBFGS: function start/end, n_calls: 48.693629 47.182302 53
cycle:   3 max_shift: 0.198791 LBFGS: function start/end, n_calls: 47.182302 45.533286 52
cycle:   4 max_shift: 0.035757 LBFGS: function start/end, n_calls: 45.533286 45.035484 52
cycle:   5 max_shift: 0.057120 LBFGS: function start/end, n_calls: 45.035484 44.701864 52
cycle:   6 max_shift: 0.033376 LBFGS: function start/end, n_calls: 44.701864 44.410416 52
cycle:   7 max_shift: 0.079974 LBFGS: function start/end, n_calls: 44.410416 44.126900 52
cycle:   8 max_shift: 0.025583 LBFGS: function start/end, n_calls: 44.126900 43.885224 52
cycle:   9 max_shift: 0.214589 LBFGS: function start/end, n_calls: 43.885224 43.357801 52
cycle:  10 max_shift: 0.018182 LBFGS: function start/end, n_calls: 43.357801 43.153138 52
cycle:  11 max_shift: 0.096539 LBFGS: function start/end, n_calls: 43.153138 43.022801 52
cycle:  12 max_shift: 0.038059 LBFGS: function start/end, n_calls: 43.022801 42.898849 52
cycle:  13 max_shift: 0.115244 LBFGS: function start/end, n_calls: 42.898849 42.754026 52
cycle:  14 max_shift: 0.058950 LBFGS: function start/end, n_calls: 42.754026 42.540880 52
cycle:  15 max_shift: 0.110972 LBFGS: function start/end, n_calls: 42.540880 42.301386 52
cycle:  16 max_shift: 0.053407 LBFGS: function start/end, n_calls: 42.301386 42.053148 52
cycle:  17 max_shift: 0.391474 LBFGS: function start/end, n_calls: 42.053148 41.080448 52
cycle:  18 max_shift: 0.032999 LBFGS: function start/end, n_calls: 41.080448 40.580689 52
cycle:  19 max_shift: 0.206347 LBFGS: function start/end, n_calls: 40.580689 40.202671 52
cycle:  20 max_shift: 0.021099 LBFGS: function start/end, n_calls: 40.202671 40.038055 52
cycle:  21 max_shift: 0.084118 LBFGS: function start/end, n_calls: 40.038055 39.945636 52
cycle:  22 max_shift: 0.011992 LBFGS: function start/end, n_calls: 39.945636 39.898836 52
cycle:  23 max_shift: 0.017446 LBFGS: function start/end, n_calls: 39.898836 39.876760 53
cycle:  24 max_shift: 0.013594 LBFGS: function start/end, n_calls: 39.876760 39.854150 52
cycle:  25 max_shift: 0.019025 LBFGS: function start/end, n_calls: 39.854150 39.832705 53
cycle:  26 max_shift: 0.009089 LBFGS: function start/end, n_calls: 39.832705 39.814639 53
cycle:  27 max_shift: 0.039354 LBFGS: function start/end, n_calls: 39.814639 39.774266 52
cycle:  28 max_shift: 0.010211 LBFGS: function start/end, n_calls: 39.774266 39.750929 52
cycle:  29 max_shift: 0.099416 LBFGS: function start/end, n_calls: 39.750929 39.686871 52
cycle:  30 max_shift: 0.006743 LBFGS: function start/end, n_calls: 39.686871 39.645332 52
cycle:  31 max_shift: 0.030149 LBFGS: function start/end, n_calls: 39.645332 39.634543 53
cycle:  32 max_shift: 0.007369 LBFGS: function start/end, n_calls: 39.634543 39.621157 52
cycle:  33 max_shift: 0.023690 LBFGS: function start/end, n_calls: 39.621157 39.612294 52
cycle:  34 max_shift: 0.005036 LBFGS: function start/end, n_calls: 39.612294 39.604010 52
cycle:  35 max_shift: 0.006182 LBFGS: function start/end, n_calls: 39.604010 39.601208 52
cycle:  36 max_shift: 0.004122 LBFGS: function start/end, n_calls: 39.601208 39.598131 52
cycle:  37 max_shift: 0.008014 LBFGS: function start/end, n_calls: 39.598131 39.594740 52
cycle:  38 max_shift: 0.003125 LBFGS: function start/end, n_calls: 39.594740 39.591831 52
cycle:  39 max_shift: 0.012216 LBFGS: function start/end, n_calls: 39.591831 39.587002 52
cycle:  40 max_shift: 0.002902 LBFGS: function start/end, n_calls: 39.587002 39.584161 52
cycle:  41 max_shift: 0.014379 LBFGS: function start/end, n_calls: 39.584161 39.580064 53
cycle:  42 max_shift: 0.003229 LBFGS: function start/end, n_calls: 39.580064 39.576366 52
cycle:  43 max_shift: 0.010740 LBFGS: function start/end, n_calls: 39.576366 39.573634 52
cycle:  44 max_shift: 0.002769 LBFGS: function start/end, n_calls: 39.573634 39.570670 52
cycle:  45 max_shift: 0.005396 LBFGS: function start/end, n_calls: 39.570670 39.569394 52
cycle:  46 max_shift: 0.002948 LBFGS: function start/end, n_calls: 39.569394 39.567646 52
cycle:  47 max_shift: 0.006916 LBFGS: function start/end, n_calls: 39.567646 39.565692 52
cycle:  48 max_shift: 0.001585 LBFGS: function start/end, n_calls: 39.565692 39.564035 52
cycle:  49 max_shift: 0.005406 LBFGS: function start/end, n_calls: 39.564035 39.562684 52
cycle:  50 max_shift: 0.001624 LBFGS: function start/end, n_calls: 39.562684 39.561452 53
cycle:  51 max_shift: 0.017091 LBFGS: function start/end, n_calls: 39.561452 39.558457 52
cycle:  52 max_shift: 0.002717 LBFGS: function start/end, n_calls: 39.558457 39.554573 53
cycle:  53 max_shift: 0.010220 LBFGS: function start/end, n_calls: 39.554573 39.552878 52
cycle:  54 max_shift: 0.001856 LBFGS: function start/end, n_calls: 39.552878 39.550977 52
cycle:  55 max_shift: 0.001913 LBFGS: function start/end, n_calls: 39.550977 39.550621 52
cycle:  56 max_shift: 0.003862 LBFGS: function start/end, n_calls: 39.550621 39.549813 52
cycle:  57 max_shift: 0.001496 LBFGS: function start/end, n_calls: 39.549813 39.549201 52
cycle:  58 max_shift: 0.001126 LBFGS: function start/end, n_calls: 39.549201 39.548925 52
cycle:  59 max_shift: 0.001024 LBFGS: function start/end, n_calls: 39.548925 39.548681 52
cycle:  60 max_shift: 0.002194 LBFGS: function start/end, n_calls: 39.548681 39.548333 52
cycle:  61 max_shift: 0.001067 LBFGS: function start/end, n_calls: 39.548333 39.547939 52
cycle:  62 max_shift: 0.002247 LBFGS: function start/end, n_calls: 39.547939 39.547607 52
cycle:  63 max_shift: 0.001632 LBFGS: function start/end, n_calls: 39.547607 39.547036 52
cycle:  64 max_shift: 0.002892 LBFGS: function start/end, n_calls: 39.547036 39.546543 52
cycle:  65 max_shift: 0.001328 LBFGS: function start/end, n_calls: 39.546543 39.546083 52
cycle:  66 max_shift: 0.001580 LBFGS: function start/end, n_calls: 39.546083 39.545874 52
cycle:  67 max_shift: 0.001202 LBFGS: function start/end, n_calls: 39.545874 39.545653 53
cycle:  68 max_shift: 0.001265 LBFGS: function start/end, n_calls: 39.545653 39.545484 52
cycle:  69 max_shift: 0.001911 LBFGS: function start/end, n_calls: 39.545484 39.545199 52
cycle:  70 max_shift: 0.000957 LBFGS: function start/end, n_calls: 39.545199 39.544912 52
cycle:  71 max_shift: 0.001403 LBFGS: function start/end, n_calls: 39.544912 39.544704 52
cycle:  72 max_shift: 0.001055 LBFGS: function start/end, n_calls: 39.544704 39.544485 52
cycle:  73 max_shift: 0.001990 LBFGS: function start/end, n_calls: 39.544485 39.544192 52
cycle:  74 max_shift: 0.000833 LBFGS: function start/end, n_calls: 39.544192 39.543905 52
cycle:  75 max_shift: 0.001657 LBFGS: function start/end, n_calls: 39.543905 39.543689 52
cycle:  76 max_shift: 0.001184 LBFGS: function start/end, n_calls: 39.543689 39.543444 52
cycle:  77 max_shift: 0.001611 LBFGS: function start/end, n_calls: 39.543444 39.543209 52
cycle:  78 max_shift: 0.000782 LBFGS: function start/end, n_calls: 39.543209 39.542983 52
Convergence reached. Stopping now.
final: bond:  0.000 angle:   0.26 clash:   0.0 rota:  0.00 rama: f: 100.00 o:   0.00 Z:   1.60 cb:   0.00
See 7_refined.pdb in pdb folder.
Time: 4.9435
