Starting Q|R
version:   v1.0-208-g2886d5-dirty  
Running refinement
   input {
     xray_data {
       file_name = None
       labels = None
       high_resolution = None
       low_resolution = None
       outliers_rejection = True
       french_wilson_scale = True
       french_wilson {
         max_bins = 60
         min_bin_size = 40
       }
       sigma_fobs_rejection_criterion = None
       sigma_iobs_rejection_criterion = None
       ignore_all_zeros = True
       force_anomalous_flag_to_be_equal_to = None
       convert_to_non_anomalous_if_ratio_pairs_lone_less_than_threshold = 0.5
       r_free_flags {
         file_name = None
         label = None
         test_flag_value = None
         ignore_r_free_flags = False
         disable_suitability_test = False
         ignore_pdb_hexdigest = False
         generate = False
         fraction = 0.1
         max_free = 2000
         lattice_symmetry_max_delta = 5
         use_lattice_symmetry = True
         use_dataman_shells = False
         n_shells = 20
       }
     }
     pdb {
       file_name = None
     }
     monomers {
       file_name = None
     }
     maps {
       map_file_name = None
       d_min = None
       map_coefficients_file_name = None
       map_coefficients_label = None
     }
     sequence = None
     scattering_table = wk1995 it1992 *n_gaussian neutron electron
     wavelength = None
     energy = None
     twin_law = Auto
   }
   max_atoms = 15000
   debug = False
   cluster {
     fast_interaction = True
     charge_cutoff = 8.0
     clustering = false
     charge_embedding = False
     two_buffers = False
     maxnum_residues_in_cluster = 15
     select_within_radius = 10
     clustering_method = gnc *bcc
     altloc_method = average *subtract
     g_scan = 10 15 20
     g_mode = None
     save_clusters = True
     bond_with_altloc = True
     re_calculate_rmsd_tolerance = 0.5
   }
   restraints = *cctbx qm
   expansion = False
   quantum {
     engine_name = *mopac ani torchani terachem turbomole pyscf orca gaussian \
                   xtb
     basis = Auto
     charge = None
     method = Auto
     memory = None
     nproc = None
     qm_addon = gcp dftd3 gcp-d3
     qm_addon_method = None
   }
   refine {
     dry_run = False
     sf_algorithm = *direct fft
     refinement_target_name = *ml ls_wunit_k1
     mode = *opt refine gtest
     number_of_macro_cycles = 1
     number_of_weight_search_cycles = 50
     number_of_refine_cycles = 5
     number_of_micro_cycles = 100
     data_weight = None
     choose_best_use_r_work = False
     skip_weight_search = False
     adjust_restraints_weight_scale_value = 2
     max_iterations_weight = 50
     max_iterations_refine = 50
     use_ase_lbfgs = False
     line_search = True
     stpmax = 0.2
     gradient_only = true
     update_all_scales = True
     refine_sites = True
     refine_adp = False
     restraints_weight_scale = 1.0
     shake_sites = False
     use_convergence_test = True
     max_bond_rmsd = 0.03
     max_r_work_r_free_gap = 5.0
     r_tolerance = 0.001
     rmsd_tolerance = 0.01
     opt_log = False
     pre_opt = False
     pre_opt_stpmax = 0.1
     pre_opt_iter = 10
     pre_opt_switch = 2
     pre_opt_gconv = 3000
     minimizer = *lbfgs lbfgsb
   }
   parallel {
     method = *multiprocessing slurm pbs sge lsf threading
     nproc = None
     qsub_command = None
   }
   output_file_name_prefix = None
   output_folder_name = "pdb"
   rst_file = None
   dump_gradients = None

Setting QM defaults
  Setting QM method to PM7


***********************************************************
restart info will be stored in /home/yanting/work/aniserver_1_qr/ani_qr_test/cctbx_lbfgs/qr-ani-test/qr-cctbx/lbfgs/0.6/pdb/8.rst.pickle
***********************************************************

start: bond:  0.015 angle:   1.21 clash:  11.0 rota:  0.00 rama: f:  90.91 o:   0.00 Z:  -3.76 cb:   0.00
cycle:   0 max_shift: 0.261512 LBFGS: function start/end, n_calls: 266.567395 56.472391 52
cycle:   1 max_shift: 0.169938 LBFGS: function start/end, n_calls: 56.472391 50.270940 52
cycle:   2 max_shift: 0.102627 LBFGS: function start/end, n_calls: 50.270940 47.366195 52
cycle:   3 max_shift: 0.208089 LBFGS: function start/end, n_calls: 47.366195 44.460818 52
cycle:   4 max_shift: 0.046126 LBFGS: function start/end, n_calls: 44.460818 43.329826 52
cycle:   5 max_shift: 0.275540 LBFGS: function start/end, n_calls: 43.329826 41.891820 52
cycle:   6 max_shift: 0.033720 LBFGS: function start/end, n_calls: 41.891820 41.130330 52
cycle:   7 max_shift: 0.092207 LBFGS: function start/end, n_calls: 41.130330 40.789347 52
cycle:   8 max_shift: 0.026322 LBFGS: function start/end, n_calls: 40.789347 40.617199 52
cycle:   9 max_shift: 0.034927 LBFGS: function start/end, n_calls: 40.617199 40.496602 52
cycle:  10 max_shift: 0.022524 LBFGS: function start/end, n_calls: 40.496602 40.415803 52
cycle:  11 max_shift: 0.031023 LBFGS: function start/end, n_calls: 40.415803 40.323272 52
cycle:  12 max_shift: 0.023963 LBFGS: function start/end, n_calls: 40.323272 40.238799 52
cycle:  13 max_shift: 0.016279 LBFGS: function start/end, n_calls: 40.238799 40.182511 52
cycle:  14 max_shift: 0.028553 LBFGS: function start/end, n_calls: 40.182511 40.116988 52
cycle:  15 max_shift: 0.014813 LBFGS: function start/end, n_calls: 40.116988 40.062243 52
cycle:  16 max_shift: 0.018400 LBFGS: function start/end, n_calls: 40.062243 40.016827 52
cycle:  17 max_shift: 0.015577 LBFGS: function start/end, n_calls: 40.016827 39.980172 52
cycle:  18 max_shift: 0.016234 LBFGS: function start/end, n_calls: 39.980172 39.940591 52
cycle:  19 max_shift: 0.033405 LBFGS: function start/end, n_calls: 39.940591 39.880416 52
cycle:  20 max_shift: 0.012616 LBFGS: function start/end, n_calls: 39.880416 39.840397 53
cycle:  21 max_shift: 0.024732 LBFGS: function start/end, n_calls: 39.840397 39.802864 52
cycle:  22 max_shift: 0.008850 LBFGS: function start/end, n_calls: 39.802864 39.777971 52
cycle:  23 max_shift: 0.018985 LBFGS: function start/end, n_calls: 39.777971 39.754456 52
cycle:  24 max_shift: 0.008636 LBFGS: function start/end, n_calls: 39.754456 39.735299 52
cycle:  25 max_shift: 0.020387 LBFGS: function start/end, n_calls: 39.735299 39.711734 53
cycle:  26 max_shift: 0.006915 LBFGS: function start/end, n_calls: 39.711734 39.695717 52
cycle:  27 max_shift: 0.012414 LBFGS: function start/end, n_calls: 39.695717 39.681789 52
cycle:  28 max_shift: 0.006754 LBFGS: function start/end, n_calls: 39.681789 39.670585 52
cycle:  29 max_shift: 0.010528 LBFGS: function start/end, n_calls: 39.670585 39.659314 52
cycle:  30 max_shift: 0.005781 LBFGS: function start/end, n_calls: 39.659314 39.650882 52
cycle:  31 max_shift: 0.019530 LBFGS: function start/end, n_calls: 39.650882 39.636710 52
cycle:  32 max_shift: 0.005723 LBFGS: function start/end, n_calls: 39.636710 39.622824 52
cycle:  33 max_shift: 0.016490 LBFGS: function start/end, n_calls: 39.622824 39.612029 52
cycle:  34 max_shift: 0.004136 LBFGS: function start/end, n_calls: 39.612029 39.603236 52
cycle:  35 max_shift: 0.010196 LBFGS: function start/end, n_calls: 39.603236 39.597091 52
cycle:  36 max_shift: 0.003575 LBFGS: function start/end, n_calls: 39.597091 39.591747 52
cycle:  37 max_shift: 0.002989 LBFGS: function start/end, n_calls: 39.591747 39.589369 52
cycle:  38 max_shift: 0.009008 LBFGS: function start/end, n_calls: 39.589369 39.584886 52
cycle:  39 max_shift: 0.002629 LBFGS: function start/end, n_calls: 39.584886 39.580930 53
cycle:  40 max_shift: 0.007246 LBFGS: function start/end, n_calls: 39.580930 39.578028 52
cycle:  41 max_shift: 0.002091 LBFGS: function start/end, n_calls: 39.578028 39.575094 52
cycle:  42 max_shift: 0.004688 LBFGS: function start/end, n_calls: 39.575094 39.573277 52
cycle:  43 max_shift: 0.001623 LBFGS: function start/end, n_calls: 39.573277 39.571387 52
cycle:  44 max_shift: 0.036676 LBFGS: function start/end, n_calls: 39.571387 39.561002 52
cycle:  45 max_shift: 0.001940 LBFGS: function start/end, n_calls: 39.561002 39.553729 52
cycle:  46 max_shift: 0.004970 LBFGS: function start/end, n_calls: 39.553729 39.553017 53
cycle:  47 max_shift: 0.001701 LBFGS: function start/end, n_calls: 39.553017 39.552016 52
cycle:  48 max_shift: 0.001462 LBFGS: function start/end, n_calls: 39.552016 39.551592 52
cycle:  49 max_shift: 0.001460 LBFGS: function start/end, n_calls: 39.551592 39.551218 52
cycle:  50 max_shift: 0.003425 LBFGS: function start/end, n_calls: 39.551218 39.550476 52
cycle:  51 max_shift: 0.001709 LBFGS: function start/end, n_calls: 39.550476 39.549856 52
cycle:  52 max_shift: 0.001414 LBFGS: function start/end, n_calls: 39.549856 39.549532 52
cycle:  53 max_shift: 0.001883 LBFGS: function start/end, n_calls: 39.549532 39.549130 52
cycle:  54 max_shift: 0.001282 LBFGS: function start/end, n_calls: 39.549130 39.548840 52
cycle:  55 max_shift: 0.000917 LBFGS: function start/end, n_calls: 39.548840 39.548633 52
cycle:  56 max_shift: 0.001254 LBFGS: function start/end, n_calls: 39.548633 39.548428 53
cycle:  57 max_shift: 0.001198 LBFGS: function start/end, n_calls: 39.548428 39.548182 52
cycle:  58 max_shift: 0.001116 LBFGS: function start/end, n_calls: 39.548182 39.547940 52
cycle:  59 max_shift: 0.000921 LBFGS: function start/end, n_calls: 39.547940 39.547743 52
cycle:  60 max_shift: 0.000978 LBFGS: function start/end, n_calls: 39.547743 39.547568 52
Convergence reached. Stopping now.
final: bond:  0.000 angle:   0.26 clash:   0.0 rota:  0.00 rama: f: 100.00 o:   0.00 Z:  -1.70 cb:   0.00
See 8_refined.pdb in pdb folder.
Time: 4.7480
