Starting Q|R
version:   v1.0-208-g2886d5-dirty  
Running refinement
   input {
     xray_data {
       file_name = None
       labels = None
       high_resolution = None
       low_resolution = None
       outliers_rejection = True
       french_wilson_scale = True
       french_wilson {
         max_bins = 60
         min_bin_size = 40
       }
       sigma_fobs_rejection_criterion = None
       sigma_iobs_rejection_criterion = None
       ignore_all_zeros = True
       force_anomalous_flag_to_be_equal_to = None
       convert_to_non_anomalous_if_ratio_pairs_lone_less_than_threshold = 0.5
       r_free_flags {
         file_name = None
         label = None
         test_flag_value = None
         ignore_r_free_flags = False
         disable_suitability_test = False
         ignore_pdb_hexdigest = False
         generate = False
         fraction = 0.1
         max_free = 2000
         lattice_symmetry_max_delta = 5
         use_lattice_symmetry = True
         use_dataman_shells = False
         n_shells = 20
       }
     }
     pdb {
       file_name = None
     }
     monomers {
       file_name = None
     }
     maps {
       map_file_name = None
       d_min = None
       map_coefficients_file_name = None
       map_coefficients_label = None
     }
     sequence = None
     scattering_table = wk1995 it1992 *n_gaussian neutron electron
     wavelength = None
     energy = None
     twin_law = Auto
   }
   max_atoms = 15000
   debug = False
   cluster {
     fast_interaction = True
     charge_cutoff = 8.0
     clustering = false
     charge_embedding = False
     two_buffers = False
     maxnum_residues_in_cluster = 15
     select_within_radius = 10
     clustering_method = gnc *bcc
     altloc_method = average *subtract
     g_scan = 10 15 20
     g_mode = None
     save_clusters = True
     bond_with_altloc = True
     re_calculate_rmsd_tolerance = 0.5
   }
   restraints = *cctbx qm
   expansion = False
   quantum {
     engine_name = *mopac ani torchani terachem turbomole pyscf orca gaussian \
                   xtb
     basis = Auto
     charge = None
     method = Auto
     memory = None
     nproc = None
     qm_addon = gcp dftd3 gcp-d3
     qm_addon_method = None
   }
   refine {
     dry_run = False
     sf_algorithm = *direct fft
     refinement_target_name = *ml ls_wunit_k1
     mode = *opt refine gtest
     number_of_macro_cycles = 1
     number_of_weight_search_cycles = 50
     number_of_refine_cycles = 5
     number_of_micro_cycles = 100
     data_weight = None
     choose_best_use_r_work = False
     skip_weight_search = False
     adjust_restraints_weight_scale_value = 2
     max_iterations_weight = 50
     max_iterations_refine = 50
     use_ase_lbfgs = False
     line_search = True
     stpmax = 0.2
     gradient_only = true
     update_all_scales = True
     refine_sites = True
     refine_adp = False
     restraints_weight_scale = 1.0
     shake_sites = False
     use_convergence_test = True
     max_bond_rmsd = 0.03
     max_r_work_r_free_gap = 5.0
     r_tolerance = 0.001
     rmsd_tolerance = 0.01
     opt_log = False
     pre_opt = False
     pre_opt_stpmax = 0.1
     pre_opt_iter = 10
     pre_opt_switch = 2
     pre_opt_gconv = 3000
     minimizer = *lbfgs lbfgsb
   }
   parallel {
     method = *multiprocessing slurm pbs sge lsf threading
     nproc = None
     qsub_command = None
   }
   output_file_name_prefix = None
   output_folder_name = "pdb"
   rst_file = None
   dump_gradients = None

Setting QM defaults
  Setting QM method to PM7


***********************************************************
restart info will be stored in /home/yanting/work/aniserver_1_qr/ani_qr_test/cctbx_lbfgs/qr-ani-test/qr-cctbx/lbfgs/0.6/pdb/9.rst.pickle
***********************************************************

start: bond:  0.013 angle:   1.79 clash:  22.0 rota:  0.00 rama: f:  90.91 o:   0.00 Z:  -5.70 cb:   0.00
cycle:   0 max_shift: 0.251576 LBFGS: function start/end, n_calls: 287.539624 49.297609 52
cycle:   1 max_shift: 0.145520 LBFGS: function start/end, n_calls: 49.297609 45.435604 52
cycle:   2 max_shift: 0.152277 LBFGS: function start/end, n_calls: 45.435604 43.076705 52
cycle:   3 max_shift: 0.059690 LBFGS: function start/end, n_calls: 43.076705 42.064270 52
cycle:   4 max_shift: 0.050732 LBFGS: function start/end, n_calls: 42.064270 41.483303 52
cycle:   5 max_shift: 0.028940 LBFGS: function start/end, n_calls: 41.483303 41.179811 53
cycle:   6 max_shift: 0.155869 LBFGS: function start/end, n_calls: 41.179811 40.374262 52
cycle:   7 max_shift: 0.013088 LBFGS: function start/end, n_calls: 40.374262 40.217254 52
cycle:   8 max_shift: 0.076918 LBFGS: function start/end, n_calls: 40.217254 40.039313 52
cycle:   9 max_shift: 0.009803 LBFGS: function start/end, n_calls: 40.039313 39.948958 52
cycle:  10 max_shift: 0.028104 LBFGS: function start/end, n_calls: 39.948958 39.890676 52
cycle:  11 max_shift: 0.012804 LBFGS: function start/end, n_calls: 39.890676 39.852752 52
cycle:  12 max_shift: 0.024740 LBFGS: function start/end, n_calls: 39.852752 39.804340 52
cycle:  13 max_shift: 0.017402 LBFGS: function start/end, n_calls: 39.804340 39.768125 52
cycle:  14 max_shift: 0.010123 LBFGS: function start/end, n_calls: 39.768125 39.744510 52
cycle:  15 max_shift: 0.009359 LBFGS: function start/end, n_calls: 39.744510 39.727586 53
cycle:  16 max_shift: 0.007688 LBFGS: function start/end, n_calls: 39.727586 39.712751 52
cycle:  17 max_shift: 0.013592 LBFGS: function start/end, n_calls: 39.712751 39.697211 52
cycle:  18 max_shift: 0.007907 LBFGS: function start/end, n_calls: 39.697211 39.681678 52
cycle:  19 max_shift: 0.009818 LBFGS: function start/end, n_calls: 39.681678 39.671080 52
cycle:  20 max_shift: 0.006127 LBFGS: function start/end, n_calls: 39.671080 39.661236 52
cycle:  21 max_shift: 0.008462 LBFGS: function start/end, n_calls: 39.661236 39.652587 53
cycle:  22 max_shift: 0.005718 LBFGS: function start/end, n_calls: 39.652587 39.645361 52
cycle:  23 max_shift: 0.005815 LBFGS: function start/end, n_calls: 39.645361 39.639389 53
cycle:  24 max_shift: 0.007113 LBFGS: function start/end, n_calls: 39.639389 39.632222 53
cycle:  25 max_shift: 0.006176 LBFGS: function start/end, n_calls: 39.632222 39.625172 52
cycle:  26 max_shift: 0.005084 LBFGS: function start/end, n_calls: 39.625172 39.619774 52
cycle:  27 max_shift: 0.005975 LBFGS: function start/end, n_calls: 39.619774 39.614282 52
cycle:  28 max_shift: 0.003844 LBFGS: function start/end, n_calls: 39.614282 39.610396 53
cycle:  29 max_shift: 0.007054 LBFGS: function start/end, n_calls: 39.610396 39.605729 52
cycle:  30 max_shift: 0.003303 LBFGS: function start/end, n_calls: 39.605729 39.601846 52
cycle:  31 max_shift: 0.006811 LBFGS: function start/end, n_calls: 39.601846 39.597999 53
cycle:  32 max_shift: 0.005351 LBFGS: function start/end, n_calls: 39.597999 39.593013 52
cycle:  33 max_shift: 0.007272 LBFGS: function start/end, n_calls: 39.593013 39.588541 52
cycle:  34 max_shift: 0.003537 LBFGS: function start/end, n_calls: 39.588541 39.585520 52
cycle:  35 max_shift: 0.009489 LBFGS: function start/end, n_calls: 39.585520 39.582040 52
cycle:  36 max_shift: 0.003560 LBFGS: function start/end, n_calls: 39.582040 39.578184 52
cycle:  37 max_shift: 0.034130 LBFGS: function start/end, n_calls: 39.578184 39.568192 52
cycle:  38 max_shift: 0.003654 LBFGS: function start/end, n_calls: 39.568192 39.560642 54
cycle:  39 max_shift: 0.009618 LBFGS: function start/end, n_calls: 39.560642 39.558304 52
cycle:  40 max_shift: 0.001083 LBFGS: function start/end, n_calls: 39.558304 39.556676 52
cycle:  41 max_shift: 0.007262 LBFGS: function start/end, n_calls: 39.556676 39.555207 52
cycle:  42 max_shift: 0.001124 LBFGS: function start/end, n_calls: 39.555207 39.554012 52
cycle:  43 max_shift: 0.002410 LBFGS: function start/end, n_calls: 39.554012 39.553605 53
cycle:  44 max_shift: 0.001893 LBFGS: function start/end, n_calls: 39.553605 39.552938 52
cycle:  45 max_shift: 0.009277 LBFGS: function start/end, n_calls: 39.552938 39.551267 52
cycle:  46 max_shift: 0.001066 LBFGS: function start/end, n_calls: 39.551267 39.549742 52
cycle:  47 max_shift: 0.001726 LBFGS: function start/end, n_calls: 39.549742 39.549480 52
cycle:  48 max_shift: 0.000955 LBFGS: function start/end, n_calls: 39.549480 39.549183 52
cycle:  49 max_shift: 0.001129 LBFGS: function start/end, n_calls: 39.549183 39.548947 52
cycle:  50 max_shift: 0.000785 LBFGS: function start/end, n_calls: 39.548947 39.548719 52
cycle:  51 max_shift: 0.001553 LBFGS: function start/end, n_calls: 39.548719 39.548413 52
cycle:  52 max_shift: 0.001114 LBFGS: function start/end, n_calls: 39.548413 39.548061 52
cycle:  53 max_shift: 0.001742 LBFGS: function start/end, n_calls: 39.548061 39.547673 52
cycle:  54 max_shift: 0.000946 LBFGS: function start/end, n_calls: 39.547673 39.547367 52
Convergence reached. Stopping now.
final: bond:  0.000 angle:   0.25 clash:   0.0 rota:  0.00 rama: f: 100.00 o:   0.00 Z:  -0.51 cb:   0.00
See 9_refined.pdb in pdb folder.
Time: 4.6558
