Starting Q|R
version:   v1.0-208-g2886d5-dirty  
Running refinement
   input {
     xray_data {
       file_name = None
       labels = None
       high_resolution = None
       low_resolution = None
       outliers_rejection = True
       french_wilson_scale = True
       french_wilson {
         max_bins = 60
         min_bin_size = 40
       }
       sigma_fobs_rejection_criterion = None
       sigma_iobs_rejection_criterion = None
       ignore_all_zeros = True
       force_anomalous_flag_to_be_equal_to = None
       convert_to_non_anomalous_if_ratio_pairs_lone_less_than_threshold = 0.5
       r_free_flags {
         file_name = None
         label = None
         test_flag_value = None
         ignore_r_free_flags = False
         disable_suitability_test = False
         ignore_pdb_hexdigest = False
         generate = False
         fraction = 0.1
         max_free = 2000
         lattice_symmetry_max_delta = 5
         use_lattice_symmetry = True
         use_dataman_shells = False
         n_shells = 20
       }
     }
     pdb {
       file_name = None
     }
     monomers {
       file_name = None
     }
     maps {
       map_file_name = None
       d_min = None
       map_coefficients_file_name = None
       map_coefficients_label = None
     }
     sequence = None
     scattering_table = wk1995 it1992 *n_gaussian neutron electron
     wavelength = None
     energy = None
     twin_law = Auto
   }
   max_atoms = 15000
   debug = False
   cluster {
     fast_interaction = True
     charge_cutoff = 8.0
     clustering = false
     charge_embedding = False
     two_buffers = False
     maxnum_residues_in_cluster = 15
     select_within_radius = 10
     clustering_method = gnc *bcc
     altloc_method = average *subtract
     g_scan = 10 15 20
     g_mode = None
     save_clusters = True
     bond_with_altloc = True
     re_calculate_rmsd_tolerance = 0.5
   }
   restraints = *cctbx qm
   expansion = False
   quantum {
     engine_name = *mopac ani torchani terachem turbomole pyscf orca gaussian \
                   xtb
     basis = Auto
     charge = None
     method = Auto
     memory = None
     nproc = None
     qm_addon = gcp dftd3 gcp-d3
     qm_addon_method = None
   }
   refine {
     dry_run = False
     sf_algorithm = *direct fft
     refinement_target_name = *ml ls_wunit_k1
     mode = *opt refine gtest
     number_of_macro_cycles = 1
     number_of_weight_search_cycles = 50
     number_of_refine_cycles = 5
     number_of_micro_cycles = 100
     data_weight = None
     choose_best_use_r_work = False
     skip_weight_search = False
     adjust_restraints_weight_scale_value = 2
     max_iterations_weight = 50
     max_iterations_refine = 50
     use_ase_lbfgs = False
     line_search = True
     stpmax = 0.2
     gradient_only = true
     update_all_scales = True
     refine_sites = True
     refine_adp = False
     restraints_weight_scale = 1.0
     shake_sites = False
     use_convergence_test = True
     max_bond_rmsd = 0.03
     max_r_work_r_free_gap = 5.0
     r_tolerance = 0.001
     rmsd_tolerance = 0.01
     opt_log = False
     pre_opt = False
     pre_opt_stpmax = 0.1
     pre_opt_iter = 10
     pre_opt_switch = 2
     pre_opt_gconv = 3000
     minimizer = *lbfgs lbfgsb
   }
   parallel {
     method = *multiprocessing slurm pbs sge lsf threading
     nproc = None
     qsub_command = None
   }
   output_file_name_prefix = None
   output_folder_name = "pdb"
   rst_file = None
   dump_gradients = None

Setting QM defaults
  Setting QM method to PM7


***********************************************************
restart info will be stored in /home/yanting/work/aniserver_1_qr/ani_qr_test/cctbx_lbfgs/qr-ani-test/qr-cctbx/lbfgs/0.9/pdb/0.rst.pickle
***********************************************************

start: bond:  0.013 angle:   1.16 clash:   0.0 rota:  0.00 rama: f: 100.00 o:   0.00 Z:  -2.83 cb:   0.00
cycle:   0 max_shift: 0.207560 LBFGS: function start/end, n_calls: 257.732517 52.320068 52
cycle:   1 max_shift: 0.146698 LBFGS: function start/end, n_calls: 52.320068 49.515776 52
cycle:   2 max_shift: 0.051284 LBFGS: function start/end, n_calls: 49.515776 48.694007 52
cycle:   3 max_shift: 0.126734 LBFGS: function start/end, n_calls: 48.694007 47.838646 52
cycle:   4 max_shift: 0.038463 LBFGS: function start/end, n_calls: 47.838646 47.181803 52
cycle:   5 max_shift: 0.075376 LBFGS: function start/end, n_calls: 47.181803 46.734719 52
cycle:   6 max_shift: 0.086869 LBFGS: function start/end, n_calls: 46.734719 46.081037 52
cycle:   7 max_shift: 0.038021 LBFGS: function start/end, n_calls: 46.081037 45.665784 52
cycle:   8 max_shift: 0.159024 LBFGS: function start/end, n_calls: 45.665784 44.898082 52
cycle:   9 max_shift: 0.022291 LBFGS: function start/end, n_calls: 44.898082 44.491530 52
cycle:  10 max_shift: 0.067142 LBFGS: function start/end, n_calls: 44.491530 44.257643 52
cycle:  11 max_shift: 0.016495 LBFGS: function start/end, n_calls: 44.257643 44.098263 52
cycle:  12 max_shift: 0.199335 LBFGS: function start/end, n_calls: 44.098263 43.646803 52
cycle:  13 max_shift: 0.018256 LBFGS: function start/end, n_calls: 43.646803 43.442703 52
cycle:  14 max_shift: 0.032650 LBFGS: function start/end, n_calls: 43.442703 43.381088 52
cycle:  15 max_shift: 0.010143 LBFGS: function start/end, n_calls: 43.381088 43.336387 53
cycle:  16 max_shift: 0.114968 LBFGS: function start/end, n_calls: 43.336387 43.161964 52
cycle:  17 max_shift: 0.011197 LBFGS: function start/end, n_calls: 43.161964 43.075826 52
cycle:  18 max_shift: 0.011526 LBFGS: function start/end, n_calls: 43.075826 43.055709 52
cycle:  19 max_shift: 0.015629 LBFGS: function start/end, n_calls: 43.055709 43.035801 52
cycle:  20 max_shift: 0.022921 LBFGS: function start/end, n_calls: 43.035801 43.009094 52
cycle:  21 max_shift: 0.011317 LBFGS: function start/end, n_calls: 43.009094 42.990673 52
cycle:  22 max_shift: 0.018581 LBFGS: function start/end, n_calls: 42.990673 42.974018 52
cycle:  23 max_shift: 0.008613 LBFGS: function start/end, n_calls: 42.974018 42.960125 53
cycle:  24 max_shift: 0.020095 LBFGS: function start/end, n_calls: 42.960125 42.945147 52
cycle:  25 max_shift: 0.006371 LBFGS: function start/end, n_calls: 42.945147 42.931574 52
cycle:  26 max_shift: 0.019803 LBFGS: function start/end, n_calls: 42.931574 42.915020 52
cycle:  27 max_shift: 0.005144 LBFGS: function start/end, n_calls: 42.915020 42.904935 52
cycle:  28 max_shift: 0.048146 LBFGS: function start/end, n_calls: 42.904935 42.877416 52
cycle:  29 max_shift: 0.003626 LBFGS: function start/end, n_calls: 42.877416 42.851284 52
cycle:  30 max_shift: 0.057836 LBFGS: function start/end, n_calls: 42.851284 42.821354 52
cycle:  31 max_shift: 0.013362 LBFGS: function start/end, n_calls: 42.821354 42.792745 52
cycle:  32 max_shift: 0.008589 LBFGS: function start/end, n_calls: 42.792745 42.787308 52
cycle:  33 max_shift: 0.006684 LBFGS: function start/end, n_calls: 42.787308 42.780852 52
cycle:  34 max_shift: 0.008281 LBFGS: function start/end, n_calls: 42.780852 42.775175 52
cycle:  35 max_shift: 0.004721 LBFGS: function start/end, n_calls: 42.775175 42.769933 52
cycle:  36 max_shift: 0.007101 LBFGS: function start/end, n_calls: 42.769933 42.765360 52
cycle:  37 max_shift: 0.004029 LBFGS: function start/end, n_calls: 42.765360 42.761090 52
cycle:  38 max_shift: 0.010519 LBFGS: function start/end, n_calls: 42.761090 42.755212 52
cycle:  39 max_shift: 0.003888 LBFGS: function start/end, n_calls: 42.755212 42.749539 52
cycle:  40 max_shift: 0.024017 LBFGS: function start/end, n_calls: 42.749539 42.738387 52
cycle:  41 max_shift: 0.004746 LBFGS: function start/end, n_calls: 42.738387 42.728207 52
cycle:  42 max_shift: 0.016246 LBFGS: function start/end, n_calls: 42.728207 42.721069 52
cycle:  43 max_shift: 0.004659 LBFGS: function start/end, n_calls: 42.721069 42.713554 52
cycle:  44 max_shift: 0.012759 LBFGS: function start/end, n_calls: 42.713554 42.707789 52
cycle:  45 max_shift: 0.004366 LBFGS: function start/end, n_calls: 42.707789 42.701768 52
cycle:  46 max_shift: 0.013755 LBFGS: function start/end, n_calls: 42.701768 42.695500 52
cycle:  47 max_shift: 0.003832 LBFGS: function start/end, n_calls: 42.695500 42.690058 52
cycle:  48 max_shift: 0.007409 LBFGS: function start/end, n_calls: 42.690058 42.686740 52
cycle:  49 max_shift: 0.003463 LBFGS: function start/end, n_calls: 42.686740 42.683339 52
cycle:  50 max_shift: 0.008923 LBFGS: function start/end, n_calls: 42.683339 42.678943 52
cycle:  51 max_shift: 0.002990 LBFGS: function start/end, n_calls: 42.678943 42.675409 52
cycle:  52 max_shift: 0.036069 LBFGS: function start/end, n_calls: 42.675409 42.662269 52
cycle:  53 max_shift: 0.003283 LBFGS: function start/end, n_calls: 42.662269 42.649233 52
cycle:  54 max_shift: 0.034145 LBFGS: function start/end, n_calls: 42.649233 42.638164 52
cycle:  55 max_shift: 0.002690 LBFGS: function start/end, n_calls: 42.638164 42.626967 52
cycle:  56 max_shift: 0.013093 LBFGS: function start/end, n_calls: 42.626967 42.623536 52
cycle:  57 max_shift: 0.003011 LBFGS: function start/end, n_calls: 42.623536 42.620016 52
cycle:  58 max_shift: 0.013432 LBFGS: function start/end, n_calls: 42.620016 42.616204 52
cycle:  59 max_shift: 0.004151 LBFGS: function start/end, n_calls: 42.616204 42.613179 52
cycle:  60 max_shift: 0.008631 LBFGS: function start/end, n_calls: 42.613179 42.610781 52
cycle:  61 max_shift: 0.008995 LBFGS: function start/end, n_calls: 42.610781 42.607411 52
cycle:  62 max_shift: 0.006384 LBFGS: function start/end, n_calls: 42.607411 42.604548 52
cycle:  63 max_shift: 0.005954 LBFGS: function start/end, n_calls: 42.604548 42.602363 52
cycle:  64 max_shift: 0.012771 LBFGS: function start/end, n_calls: 42.602363 42.598370 52
cycle:  65 max_shift: 0.017193 LBFGS: function start/end, n_calls: 42.598370 42.593231 52
cycle:  66 max_shift: 0.005715 LBFGS: function start/end, n_calls: 42.593231 42.588619 52
cycle:  67 max_shift: 0.021274 LBFGS: function start/end, n_calls: 42.588619 42.582172 52
cycle:  68 max_shift: 0.019027 LBFGS: function start/end, n_calls: 42.582172 42.573846 52
cycle:  69 max_shift: 0.008514 LBFGS: function start/end, n_calls: 42.573846 42.566639 52
cycle:  70 max_shift: 0.052423 LBFGS: function start/end, n_calls: 42.566639 42.552207 53
cycle:  71 max_shift: 0.011820 LBFGS: function start/end, n_calls: 42.552207 42.527849 53
cycle:  72 max_shift: 0.169156 LBFGS: function start/end, n_calls: 42.527849 42.447932 52
cycle:  73 max_shift: 0.018501 LBFGS: function start/end, n_calls: 42.447932 42.309421 52
cycle:  74 max_shift: 0.331820 LBFGS: function start/end, n_calls: 42.309421 41.852897 52
cycle:  75 max_shift: 0.042059 LBFGS: function start/end, n_calls: 41.852897 41.342389 52
cycle:  76 max_shift: 0.201790 LBFGS: function start/end, n_calls: 41.342389 40.932081 53
cycle:  77 max_shift: 0.028825 LBFGS: function start/end, n_calls: 40.932081 40.593582 54
cycle:  78 max_shift: 0.162935 LBFGS: function start/end, n_calls: 40.593582 40.282647 52
cycle:  79 max_shift: 0.021602 LBFGS: function start/end, n_calls: 40.282647 40.121975 52
cycle:  80 max_shift: 0.076339 LBFGS: function start/end, n_calls: 40.121975 40.039297 52
cycle:  81 max_shift: 0.013487 LBFGS: function start/end, n_calls: 40.039297 39.996841 52
cycle:  82 max_shift: 0.038407 LBFGS: function start/end, n_calls: 39.996841 39.971014 52
cycle:  83 max_shift: 0.007947 LBFGS: function start/end, n_calls: 39.971014 39.955354 52
cycle:  84 max_shift: 0.020547 LBFGS: function start/end, n_calls: 39.955354 39.943934 52
cycle:  85 max_shift: 0.005246 LBFGS: function start/end, n_calls: 39.943934 39.934597 52
cycle:  86 max_shift: 0.018544 LBFGS: function start/end, n_calls: 39.934597 39.924466 52
cycle:  87 max_shift: 0.006642 LBFGS: function start/end, n_calls: 39.924466 39.914464 52
cycle:  88 max_shift: 0.087844 LBFGS: function start/end, n_calls: 39.914464 39.875938 52
cycle:  89 max_shift: 0.008551 LBFGS: function start/end, n_calls: 39.875938 39.842013 52
cycle:  90 max_shift: 0.054224 LBFGS: function start/end, n_calls: 39.842013 39.819938 52
cycle:  91 max_shift: 0.006287 LBFGS: function start/end, n_calls: 39.819938 39.801595 52
cycle:  92 max_shift: 0.030985 LBFGS: function start/end, n_calls: 39.801595 39.787688 52
cycle:  93 max_shift: 0.003004 LBFGS: function start/end, n_calls: 39.787688 39.780060 52
cycle:  94 max_shift: 0.011915 LBFGS: function start/end, n_calls: 39.780060 39.775771 53
cycle:  95 max_shift: 0.005644 LBFGS: function start/end, n_calls: 39.775771 39.770735 52
cycle:  96 max_shift: 0.010544 LBFGS: function start/end, n_calls: 39.770735 39.766892 52
cycle:  97 max_shift: 0.004204 LBFGS: function start/end, n_calls: 39.766892 39.763058 53
cycle:  98 max_shift: 0.009550 LBFGS: function start/end, n_calls: 39.763058 39.759244 52
cycle:  99 max_shift: 0.003341 LBFGS: function start/end, n_calls: 39.759244 39.756560 52
final: bond:  0.000 angle:   0.24 clash:   0.0 rota:  0.00 rama: f: 100.00 o:   0.00 Z:  -2.41 cb:   0.00
See 0_refined.pdb in pdb folder.
Time: 5.0109
