Starting Q|R
version:   v1.0-208-g2886d5-dirty  
Running refinement
   input {
     xray_data {
       file_name = None
       labels = None
       high_resolution = None
       low_resolution = None
       outliers_rejection = True
       french_wilson_scale = True
       french_wilson {
         max_bins = 60
         min_bin_size = 40
       }
       sigma_fobs_rejection_criterion = None
       sigma_iobs_rejection_criterion = None
       ignore_all_zeros = True
       force_anomalous_flag_to_be_equal_to = None
       convert_to_non_anomalous_if_ratio_pairs_lone_less_than_threshold = 0.5
       r_free_flags {
         file_name = None
         label = None
         test_flag_value = None
         ignore_r_free_flags = False
         disable_suitability_test = False
         ignore_pdb_hexdigest = False
         generate = False
         fraction = 0.1
         max_free = 2000
         lattice_symmetry_max_delta = 5
         use_lattice_symmetry = True
         use_dataman_shells = False
         n_shells = 20
       }
     }
     pdb {
       file_name = None
     }
     monomers {
       file_name = None
     }
     maps {
       map_file_name = None
       d_min = None
       map_coefficients_file_name = None
       map_coefficients_label = None
     }
     sequence = None
     scattering_table = wk1995 it1992 *n_gaussian neutron electron
     wavelength = None
     energy = None
     twin_law = Auto
   }
   max_atoms = 15000
   debug = False
   cluster {
     fast_interaction = True
     charge_cutoff = 8.0
     clustering = false
     charge_embedding = False
     two_buffers = False
     maxnum_residues_in_cluster = 15
     select_within_radius = 10
     clustering_method = gnc *bcc
     altloc_method = average *subtract
     g_scan = 10 15 20
     g_mode = None
     save_clusters = True
     bond_with_altloc = True
     re_calculate_rmsd_tolerance = 0.5
   }
   restraints = *cctbx qm
   expansion = False
   quantum {
     engine_name = *mopac ani torchani terachem turbomole pyscf orca gaussian \
                   xtb
     basis = Auto
     charge = None
     method = Auto
     memory = None
     nproc = None
     qm_addon = gcp dftd3 gcp-d3
     qm_addon_method = None
   }
   refine {
     dry_run = False
     sf_algorithm = *direct fft
     refinement_target_name = *ml ls_wunit_k1
     mode = *opt refine gtest
     number_of_macro_cycles = 1
     number_of_weight_search_cycles = 50
     number_of_refine_cycles = 5
     number_of_micro_cycles = 100
     data_weight = None
     choose_best_use_r_work = False
     skip_weight_search = False
     adjust_restraints_weight_scale_value = 2
     max_iterations_weight = 50
     max_iterations_refine = 50
     use_ase_lbfgs = False
     line_search = True
     stpmax = 0.2
     gradient_only = true
     update_all_scales = True
     refine_sites = True
     refine_adp = False
     restraints_weight_scale = 1.0
     shake_sites = False
     use_convergence_test = True
     max_bond_rmsd = 0.03
     max_r_work_r_free_gap = 5.0
     r_tolerance = 0.001
     rmsd_tolerance = 0.01
     opt_log = False
     pre_opt = False
     pre_opt_stpmax = 0.1
     pre_opt_iter = 10
     pre_opt_switch = 2
     pre_opt_gconv = 3000
     minimizer = *lbfgs lbfgsb
   }
   parallel {
     method = *multiprocessing slurm pbs sge lsf threading
     nproc = None
     qsub_command = None
   }
   output_file_name_prefix = None
   output_folder_name = "pdb"
   rst_file = None
   dump_gradients = None

Setting QM defaults
  Setting QM method to PM7


***********************************************************
restart info will be stored in /home/yanting/work/aniserver_1_qr/ani_qr_test/cctbx_lbfgs/qr-ani-test/qr-cctbx/lbfgs/0.9/pdb/5.rst.pickle
***********************************************************

start: bond:  0.014 angle:   1.35 clash:   0.0 rota:  0.00 rama: f:  90.91 o:   0.00 Z:  -6.09 cb:   0.00
cycle:   0 max_shift: 0.174803 LBFGS: function start/end, n_calls: 304.933845 49.551293 52
cycle:   1 max_shift: 0.171612 LBFGS: function start/end, n_calls: 49.551293 46.833106 52
cycle:   2 max_shift: 0.085185 LBFGS: function start/end, n_calls: 46.833106 45.553821 52
cycle:   3 max_shift: 0.083366 LBFGS: function start/end, n_calls: 45.553821 44.815842 52
cycle:   4 max_shift: 0.114862 LBFGS: function start/end, n_calls: 44.815842 44.078711 52
cycle:   5 max_shift: 0.080946 LBFGS: function start/end, n_calls: 44.078711 43.496421 52
cycle:   6 max_shift: 0.168377 LBFGS: function start/end, n_calls: 43.496421 42.698050 52
cycle:   7 max_shift: 0.054191 LBFGS: function start/end, n_calls: 42.698050 42.163644 53
cycle:   8 max_shift: 0.218809 LBFGS: function start/end, n_calls: 42.163644 41.475039 52
cycle:   9 max_shift: 0.048839 LBFGS: function start/end, n_calls: 41.475039 40.887278 52
cycle:  10 max_shift: 0.109542 LBFGS: function start/end, n_calls: 40.887278 40.577783 52
cycle:  11 max_shift: 0.035548 LBFGS: function start/end, n_calls: 40.577783 40.301193 52
cycle:  12 max_shift: 0.178337 LBFGS: function start/end, n_calls: 40.301193 39.885875 52
cycle:  13 max_shift: 0.025112 LBFGS: function start/end, n_calls: 39.885875 39.677148 52
cycle:  14 max_shift: 0.088248 LBFGS: function start/end, n_calls: 39.677148 39.551564 52
cycle:  15 max_shift: 0.018976 LBFGS: function start/end, n_calls: 39.551564 39.444015 53
cycle:  16 max_shift: 0.056371 LBFGS: function start/end, n_calls: 39.444015 39.373021 53
cycle:  17 max_shift: 0.012314 LBFGS: function start/end, n_calls: 39.373021 39.324194 52
cycle:  18 max_shift: 0.045387 LBFGS: function start/end, n_calls: 39.324194 39.278255 52
cycle:  19 max_shift: 0.008649 LBFGS: function start/end, n_calls: 39.278255 39.242239 52
cycle:  20 max_shift: 0.030759 LBFGS: function start/end, n_calls: 39.242239 39.214124 52
cycle:  21 max_shift: 0.007753 LBFGS: function start/end, n_calls: 39.214124 39.191391 53
cycle:  22 max_shift: 0.019595 LBFGS: function start/end, n_calls: 39.191391 39.172287 52
cycle:  23 max_shift: 0.011188 LBFGS: function start/end, n_calls: 39.172287 39.159330 53
cycle:  24 max_shift: 0.022864 LBFGS: function start/end, n_calls: 39.159330 39.141232 52
cycle:  25 max_shift: 0.004721 LBFGS: function start/end, n_calls: 39.141232 39.128746 52
cycle:  26 max_shift: 0.021304 LBFGS: function start/end, n_calls: 39.128746 39.116763 53
cycle:  27 max_shift: 0.004954 LBFGS: function start/end, n_calls: 39.116763 39.106414 52
cycle:  28 max_shift: 0.025219 LBFGS: function start/end, n_calls: 39.106414 39.094742 52
cycle:  29 max_shift: 0.004928 LBFGS: function start/end, n_calls: 39.094742 39.083385 52
cycle:  30 max_shift: 0.020083 LBFGS: function start/end, n_calls: 39.083385 39.073932 52
cycle:  31 max_shift: 0.003562 LBFGS: function start/end, n_calls: 39.073932 39.066710 53
cycle:  32 max_shift: 0.015431 LBFGS: function start/end, n_calls: 39.066710 39.060141 52
cycle:  33 max_shift: 0.004808 LBFGS: function start/end, n_calls: 39.060141 39.054618 52
cycle:  34 max_shift: 0.008523 LBFGS: function start/end, n_calls: 39.054618 39.050069 52
cycle:  35 max_shift: 0.013398 LBFGS: function start/end, n_calls: 39.050069 39.044738 52
cycle:  36 max_shift: 0.007801 LBFGS: function start/end, n_calls: 39.044738 39.039085 52
cycle:  37 max_shift: 0.007981 LBFGS: function start/end, n_calls: 39.039085 39.034549 52
cycle:  38 max_shift: 0.005105 LBFGS: function start/end, n_calls: 39.034549 39.031496 52
cycle:  39 max_shift: 0.005800 LBFGS: function start/end, n_calls: 39.031496 39.028810 52
cycle:  40 max_shift: 0.004030 LBFGS: function start/end, n_calls: 39.028810 39.026266 52
cycle:  41 max_shift: 0.008507 LBFGS: function start/end, n_calls: 39.026266 39.023083 52
cycle:  42 max_shift: 0.003774 LBFGS: function start/end, n_calls: 39.023083 39.020393 52
cycle:  43 max_shift: 0.009190 LBFGS: function start/end, n_calls: 39.020393 39.017344 52
cycle:  44 max_shift: 0.002547 LBFGS: function start/end, n_calls: 39.017344 39.014832 52
cycle:  45 max_shift: 0.014747 LBFGS: function start/end, n_calls: 39.014832 39.011224 52
cycle:  46 max_shift: 0.003055 LBFGS: function start/end, n_calls: 39.011224 39.007456 52
cycle:  47 max_shift: 0.076552 LBFGS: function start/end, n_calls: 39.007456 38.991101 52
cycle:  48 max_shift: 0.005726 LBFGS: function start/end, n_calls: 38.991101 38.978378 52
cycle:  49 max_shift: 0.007183 LBFGS: function start/end, n_calls: 38.978378 38.976680 52
cycle:  50 max_shift: 0.002117 LBFGS: function start/end, n_calls: 38.976680 38.974974 52
cycle:  51 max_shift: 0.029932 LBFGS: function start/end, n_calls: 38.974974 38.968930 52
cycle:  52 max_shift: 0.003047 LBFGS: function start/end, n_calls: 38.968930 38.962807 52
cycle:  53 max_shift: 0.003084 LBFGS: function start/end, n_calls: 38.962807 38.962011 53
cycle:  54 max_shift: 0.001543 LBFGS: function start/end, n_calls: 38.962011 38.961339 54
cycle:  55 max_shift: 0.006655 LBFGS: function start/end, n_calls: 38.961339 38.960023 52
cycle:  56 max_shift: 0.002258 LBFGS: function start/end, n_calls: 38.960023 38.958250 52
cycle:  57 max_shift: 0.006039 LBFGS: function start/end, n_calls: 38.958250 38.956929 52
cycle:  58 max_shift: 0.002159 LBFGS: function start/end, n_calls: 38.956929 38.955688 52
cycle:  59 max_shift: 0.001827 LBFGS: function start/end, n_calls: 38.955688 38.955103 52
cycle:  60 max_shift: 0.001529 LBFGS: function start/end, n_calls: 38.955103 38.954537 52
cycle:  61 max_shift: 0.001256 LBFGS: function start/end, n_calls: 38.954537 38.954107 52
cycle:  62 max_shift: 0.001378 LBFGS: function start/end, n_calls: 38.954107 38.953716 53
cycle:  63 max_shift: 0.001849 LBFGS: function start/end, n_calls: 38.953716 38.953187 52
cycle:  64 max_shift: 0.001379 LBFGS: function start/end, n_calls: 38.953187 38.952601 52
cycle:  65 max_shift: 0.002086 LBFGS: function start/end, n_calls: 38.952601 38.951999 52
cycle:  66 max_shift: 0.001385 LBFGS: function start/end, n_calls: 38.951999 38.951498 54
cycle:  67 max_shift: 0.011869 LBFGS: function start/end, n_calls: 38.951498 38.949271 52
cycle:  68 max_shift: 0.002677 LBFGS: function start/end, n_calls: 38.949271 38.946293 52
cycle:  69 max_shift: 0.012812 LBFGS: function start/end, n_calls: 38.946293 38.943467 52
cycle:  70 max_shift: 0.001380 LBFGS: function start/end, n_calls: 38.943467 38.940860 52
cycle:  71 max_shift: 0.016267 LBFGS: function start/end, n_calls: 38.940860 38.937538 52
cycle:  72 max_shift: 0.002815 LBFGS: function start/end, n_calls: 38.937538 38.934441 52
cycle:  73 max_shift: 0.006213 LBFGS: function start/end, n_calls: 38.934441 38.933442 52
cycle:  74 max_shift: 0.001222 LBFGS: function start/end, n_calls: 38.933442 38.932405 52
cycle:  75 max_shift: 0.002834 LBFGS: function start/end, n_calls: 38.932405 38.932000 52
cycle:  76 max_shift: 0.001422 LBFGS: function start/end, n_calls: 38.932000 38.931661 53
cycle:  77 max_shift: 0.001102 LBFGS: function start/end, n_calls: 38.931661 38.931455 53
cycle:  78 max_shift: 0.002987 LBFGS: function start/end, n_calls: 38.931455 38.930930 52
cycle:  79 max_shift: 0.001230 LBFGS: function start/end, n_calls: 38.930930 38.930410 52
cycle:  80 max_shift: 0.002724 LBFGS: function start/end, n_calls: 38.930410 38.929944 52
cycle:  81 max_shift: 0.001067 LBFGS: function start/end, n_calls: 38.929944 38.929462 52
cycle:  82 max_shift: 0.003142 LBFGS: function start/end, n_calls: 38.929462 38.929006 52
cycle:  83 max_shift: 0.001567 LBFGS: function start/end, n_calls: 38.929006 38.928501 52
cycle:  84 max_shift: 0.001213 LBFGS: function start/end, n_calls: 38.928501 38.928300 53
cycle:  85 max_shift: 0.001263 LBFGS: function start/end, n_calls: 38.928300 38.928056 52
cycle:  86 max_shift: 0.001374 LBFGS: function start/end, n_calls: 38.928056 38.927773 52
cycle:  87 max_shift: 0.000964 LBFGS: function start/end, n_calls: 38.927773 38.927561 52
cycle:  88 max_shift: 0.000869 LBFGS: function start/end, n_calls: 38.927561 38.927412 53
cycle:  89 max_shift: 0.001123 LBFGS: function start/end, n_calls: 38.927412 38.927227 52
cycle:  90 max_shift: 0.000861 LBFGS: function start/end, n_calls: 38.927227 38.927049 52
Convergence reached. Stopping now.
final: bond:  0.000 angle:   0.25 clash:   0.0 rota:  0.00 rama: f: 100.00 o:   0.00 Z:  -2.63 cb:   0.00
See 5_refined.pdb in pdb folder.
Time: 4.9031
