Starting Q|R
version:   v1.0-208-g2886d5-dirty  
Running refinement
   input {
     xray_data {
       file_name = None
       labels = None
       high_resolution = None
       low_resolution = None
       outliers_rejection = True
       french_wilson_scale = True
       french_wilson {
         max_bins = 60
         min_bin_size = 40
       }
       sigma_fobs_rejection_criterion = None
       sigma_iobs_rejection_criterion = None
       ignore_all_zeros = True
       force_anomalous_flag_to_be_equal_to = None
       convert_to_non_anomalous_if_ratio_pairs_lone_less_than_threshold = 0.5
       r_free_flags {
         file_name = None
         label = None
         test_flag_value = None
         ignore_r_free_flags = False
         disable_suitability_test = False
         ignore_pdb_hexdigest = False
         generate = False
         fraction = 0.1
         max_free = 2000
         lattice_symmetry_max_delta = 5
         use_lattice_symmetry = True
         use_dataman_shells = False
         n_shells = 20
       }
     }
     pdb {
       file_name = None
     }
     monomers {
       file_name = None
     }
     maps {
       map_file_name = None
       d_min = None
       map_coefficients_file_name = None
       map_coefficients_label = None
     }
     sequence = None
     scattering_table = wk1995 it1992 *n_gaussian neutron electron
     wavelength = None
     energy = None
     twin_law = Auto
   }
   max_atoms = 15000
   debug = False
   cluster {
     fast_interaction = True
     charge_cutoff = 8.0
     clustering = false
     charge_embedding = False
     two_buffers = False
     maxnum_residues_in_cluster = 15
     select_within_radius = 10
     clustering_method = gnc *bcc
     altloc_method = average *subtract
     g_scan = 10 15 20
     g_mode = None
     save_clusters = True
     bond_with_altloc = True
     re_calculate_rmsd_tolerance = 0.5
   }
   restraints = *cctbx qm
   expansion = False
   quantum {
     engine_name = *mopac ani torchani terachem turbomole pyscf orca gaussian \
                   xtb
     basis = Auto
     charge = None
     method = Auto
     memory = None
     nproc = None
     qm_addon = gcp dftd3 gcp-d3
     qm_addon_method = None
   }
   refine {
     dry_run = False
     sf_algorithm = *direct fft
     refinement_target_name = *ml ls_wunit_k1
     mode = *opt refine gtest
     number_of_macro_cycles = 1
     number_of_weight_search_cycles = 50
     number_of_refine_cycles = 5
     number_of_micro_cycles = 100
     data_weight = None
     choose_best_use_r_work = False
     skip_weight_search = False
     adjust_restraints_weight_scale_value = 2
     max_iterations_weight = 50
     max_iterations_refine = 50
     use_ase_lbfgs = False
     line_search = True
     stpmax = 0.2
     gradient_only = true
     update_all_scales = True
     refine_sites = True
     refine_adp = False
     restraints_weight_scale = 1.0
     shake_sites = False
     use_convergence_test = True
     max_bond_rmsd = 0.03
     max_r_work_r_free_gap = 5.0
     r_tolerance = 0.001
     rmsd_tolerance = 0.01
     opt_log = False
     pre_opt = False
     pre_opt_stpmax = 0.1
     pre_opt_iter = 10
     pre_opt_switch = 2
     pre_opt_gconv = 3000
     minimizer = *lbfgs lbfgsb
   }
   parallel {
     method = *multiprocessing slurm pbs sge lsf threading
     nproc = None
     qsub_command = None
   }
   output_file_name_prefix = None
   output_folder_name = "pdb"
   rst_file = None
   dump_gradients = None

Setting QM defaults
  Setting QM method to PM7


***********************************************************
restart info will be stored in /home/yanting/work/aniserver_1_qr/ani_qr_test/cctbx_lbfgs/qr-ani-test/qr-cctbx/lbfgs/0.9/pdb/8.rst.pickle
***********************************************************

start: bond:  0.014 angle:   1.39 clash:   0.0 rota:  0.00 rama: f: 100.00 o:   0.00 Z:  -4.56 cb:   0.00
cycle:   0 max_shift: 0.245425 LBFGS: function start/end, n_calls: 310.339613 48.685471 52
cycle:   1 max_shift: 0.137994 LBFGS: function start/end, n_calls: 48.685471 44.621637 52
cycle:   2 max_shift: 0.051937 LBFGS: function start/end, n_calls: 44.621637 43.468723 52
cycle:   3 max_shift: 0.091721 LBFGS: function start/end, n_calls: 43.468723 42.608727 53
cycle:   4 max_shift: 0.041027 LBFGS: function start/end, n_calls: 42.608727 42.041757 52
cycle:   5 max_shift: 0.168443 LBFGS: function start/end, n_calls: 42.041757 41.226740 52
cycle:   6 max_shift: 0.020812 LBFGS: function start/end, n_calls: 41.226740 40.874825 53
cycle:   7 max_shift: 0.105730 LBFGS: function start/end, n_calls: 40.874825 40.576240 52
cycle:   8 max_shift: 0.032138 LBFGS: function start/end, n_calls: 40.576240 40.435818 52
cycle:   9 max_shift: 0.023182 LBFGS: function start/end, n_calls: 40.435818 40.357825 52
cycle:  10 max_shift: 0.025952 LBFGS: function start/end, n_calls: 40.357825 40.293202 52
cycle:  11 max_shift: 0.018509 LBFGS: function start/end, n_calls: 40.293202 40.252956 52
cycle:  12 max_shift: 0.017879 LBFGS: function start/end, n_calls: 40.252956 40.218968 53
cycle:  13 max_shift: 0.018796 LBFGS: function start/end, n_calls: 40.218968 40.189694 52
cycle:  14 max_shift: 0.015468 LBFGS: function start/end, n_calls: 40.189694 40.158373 52
cycle:  15 max_shift: 0.022823 LBFGS: function start/end, n_calls: 40.158373 40.131471 52
cycle:  16 max_shift: 0.013324 LBFGS: function start/end, n_calls: 40.131471 40.109306 52
cycle:  17 max_shift: 0.018116 LBFGS: function start/end, n_calls: 40.109306 40.091426 52
cycle:  18 max_shift: 0.010774 LBFGS: function start/end, n_calls: 40.091426 40.074975 52
cycle:  19 max_shift: 0.017012 LBFGS: function start/end, n_calls: 40.074975 40.060696 53
cycle:  20 max_shift: 0.009713 LBFGS: function start/end, n_calls: 40.060696 40.047007 52
cycle:  21 max_shift: 0.013368 LBFGS: function start/end, n_calls: 40.047007 40.035355 52
cycle:  22 max_shift: 0.006965 LBFGS: function start/end, n_calls: 40.035355 40.026043 52
cycle:  23 max_shift: 0.009469 LBFGS: function start/end, n_calls: 40.026043 40.017077 52
cycle:  24 max_shift: 0.007323 LBFGS: function start/end, n_calls: 40.017077 40.008934 52
cycle:  25 max_shift: 0.006194 LBFGS: function start/end, n_calls: 40.008934 40.001064 52
cycle:  26 max_shift: 0.012662 LBFGS: function start/end, n_calls: 40.001064 39.990698 52
cycle:  27 max_shift: 0.004679 LBFGS: function start/end, n_calls: 39.990698 39.983094 52
cycle:  28 max_shift: 0.009250 LBFGS: function start/end, n_calls: 39.983094 39.976695 52
cycle:  29 max_shift: 0.004412 LBFGS: function start/end, n_calls: 39.976695 39.970616 52
cycle:  30 max_shift: 0.014988 LBFGS: function start/end, n_calls: 39.970616 39.962509 52
cycle:  31 max_shift: 0.004604 LBFGS: function start/end, n_calls: 39.962509 39.954589 52
cycle:  32 max_shift: 0.014000 LBFGS: function start/end, n_calls: 39.954589 39.947411 52
cycle:  33 max_shift: 0.005602 LBFGS: function start/end, n_calls: 39.947411 39.940059 52
cycle:  34 max_shift: 0.028828 LBFGS: function start/end, n_calls: 39.940059 39.928677 52
cycle:  35 max_shift: 0.005128 LBFGS: function start/end, n_calls: 39.928677 39.917606 53
cycle:  36 max_shift: 0.043615 LBFGS: function start/end, n_calls: 39.917606 39.903588 52
cycle:  37 max_shift: 0.004752 LBFGS: function start/end, n_calls: 39.903588 39.891689 52
cycle:  38 max_shift: 0.006583 LBFGS: function start/end, n_calls: 39.891689 39.889502 52
cycle:  39 max_shift: 0.004456 LBFGS: function start/end, n_calls: 39.889502 39.886661 52
cycle:  40 max_shift: 0.003130 LBFGS: function start/end, n_calls: 39.886661 39.885114 53
cycle:  41 max_shift: 0.003294 LBFGS: function start/end, n_calls: 39.885114 39.883586 52
cycle:  42 max_shift: 0.003544 LBFGS: function start/end, n_calls: 39.883586 39.881959 53
cycle:  43 max_shift: 0.002888 LBFGS: function start/end, n_calls: 39.881959 39.880315 52
cycle:  44 max_shift: 0.004042 LBFGS: function start/end, n_calls: 39.880315 39.878571 52
cycle:  45 max_shift: 0.001963 LBFGS: function start/end, n_calls: 39.878571 39.877111 52
cycle:  46 max_shift: 0.004796 LBFGS: function start/end, n_calls: 39.877111 39.875583 52
cycle:  47 max_shift: 0.002618 LBFGS: function start/end, n_calls: 39.875583 39.873653 52
cycle:  48 max_shift: 0.027144 LBFGS: function start/end, n_calls: 39.873653 39.867005 52
cycle:  49 max_shift: 0.003589 LBFGS: function start/end, n_calls: 39.867005 39.860311 52
cycle:  50 max_shift: 0.016767 LBFGS: function start/end, n_calls: 39.860311 39.856411 52
cycle:  51 max_shift: 0.002304 LBFGS: function start/end, n_calls: 39.856411 39.852541 52
cycle:  52 max_shift: 0.009951 LBFGS: function start/end, n_calls: 39.852541 39.850235 52
cycle:  53 max_shift: 0.002057 LBFGS: function start/end, n_calls: 39.850235 39.847626 52
cycle:  54 max_shift: 0.021078 LBFGS: function start/end, n_calls: 39.847626 39.843516 53
cycle:  55 max_shift: 0.004199 LBFGS: function start/end, n_calls: 39.843516 39.838670 52
cycle:  56 max_shift: 0.019373 LBFGS: function start/end, n_calls: 39.838670 39.835127 52
cycle:  57 max_shift: 0.004488 LBFGS: function start/end, n_calls: 39.835127 39.830950 53
cycle:  58 max_shift: 0.010625 LBFGS: function start/end, n_calls: 39.830950 39.828791 52
cycle:  59 max_shift: 0.003006 LBFGS: function start/end, n_calls: 39.828791 39.826704 53
cycle:  60 max_shift: 0.007114 LBFGS: function start/end, n_calls: 39.826704 39.825233 52
cycle:  61 max_shift: 0.002496 LBFGS: function start/end, n_calls: 39.825233 39.823709 52
cycle:  62 max_shift: 0.003694 LBFGS: function start/end, n_calls: 39.823709 39.822819 53
cycle:  63 max_shift: 0.002940 LBFGS: function start/end, n_calls: 39.822819 39.821655 52
cycle:  64 max_shift: 0.002527 LBFGS: function start/end, n_calls: 39.821655 39.820674 52
cycle:  65 max_shift: 0.002234 LBFGS: function start/end, n_calls: 39.820674 39.819823 52
cycle:  66 max_shift: 0.003822 LBFGS: function start/end, n_calls: 39.819823 39.818740 52
cycle:  67 max_shift: 0.002765 LBFGS: function start/end, n_calls: 39.818740 39.817648 52
cycle:  68 max_shift: 0.003984 LBFGS: function start/end, n_calls: 39.817648 39.816352 52
cycle:  69 max_shift: 0.002581 LBFGS: function start/end, n_calls: 39.816352 39.815370 52
cycle:  70 max_shift: 0.001924 LBFGS: function start/end, n_calls: 39.815370 39.814538 52
cycle:  71 max_shift: 0.002626 LBFGS: function start/end, n_calls: 39.814538 39.813782 52
cycle:  72 max_shift: 0.001764 LBFGS: function start/end, n_calls: 39.813782 39.813004 52
cycle:  73 max_shift: 0.002803 LBFGS: function start/end, n_calls: 39.813004 39.812200 52
cycle:  74 max_shift: 0.007598 LBFGS: function start/end, n_calls: 39.812200 39.810595 52
cycle:  75 max_shift: 0.001983 LBFGS: function start/end, n_calls: 39.810595 39.808955 52
cycle:  76 max_shift: 0.007901 LBFGS: function start/end, n_calls: 39.808955 39.807543 53
cycle:  77 max_shift: 0.002214 LBFGS: function start/end, n_calls: 39.807543 39.806000 53
cycle:  78 max_shift: 0.010135 LBFGS: function start/end, n_calls: 39.806000 39.804141 52
cycle:  79 max_shift: 0.002306 LBFGS: function start/end, n_calls: 39.804141 39.802307 52
cycle:  80 max_shift: 0.017461 LBFGS: function start/end, n_calls: 39.802307 39.799264 52
cycle:  81 max_shift: 0.002749 LBFGS: function start/end, n_calls: 39.799264 39.796323 52
cycle:  82 max_shift: 0.053468 LBFGS: function start/end, n_calls: 39.796323 39.788224 52
cycle:  83 max_shift: 0.002461 LBFGS: function start/end, n_calls: 39.788224 39.779752 52
cycle:  84 max_shift: 0.027410 LBFGS: function start/end, n_calls: 39.779752 39.775776 52
cycle:  85 max_shift: 0.002976 LBFGS: function start/end, n_calls: 39.775776 39.771560 52
cycle:  86 max_shift: 0.002098 LBFGS: function start/end, n_calls: 39.771560 39.771120 53
cycle:  87 max_shift: 0.001977 LBFGS: function start/end, n_calls: 39.771120 39.770488 52
cycle:  88 max_shift: 0.002740 LBFGS: function start/end, n_calls: 39.770488 39.769835 52
cycle:  89 max_shift: 0.001634 LBFGS: function start/end, n_calls: 39.769835 39.769239 52
cycle:  90 max_shift: 0.002812 LBFGS: function start/end, n_calls: 39.769239 39.768658 52
cycle:  91 max_shift: 0.001469 LBFGS: function start/end, n_calls: 39.768658 39.768115 52
cycle:  92 max_shift: 0.004142 LBFGS: function start/end, n_calls: 39.768115 39.767248 52
cycle:  93 max_shift: 0.001814 LBFGS: function start/end, n_calls: 39.767248 39.766550 52
cycle:  94 max_shift: 0.001795 LBFGS: function start/end, n_calls: 39.766550 39.766053 52
cycle:  95 max_shift: 0.001506 LBFGS: function start/end, n_calls: 39.766053 39.765629 52
cycle:  96 max_shift: 0.001527 LBFGS: function start/end, n_calls: 39.765629 39.765265 53
cycle:  97 max_shift: 0.004313 LBFGS: function start/end, n_calls: 39.765265 39.764561 52
cycle:  98 max_shift: 0.001378 LBFGS: function start/end, n_calls: 39.764561 39.763726 52
cycle:  99 max_shift: 0.018231 LBFGS: function start/end, n_calls: 39.763726 39.761228 52
final: bond:  0.000 angle:   0.25 clash:   0.0 rota:  0.00 rama: f: 100.00 o:   0.00 Z:  -4.10 cb:   0.00
See 8_refined.pdb in pdb folder.
Time: 5.1126
