Starting Q|R
version:   v1.0-208-g2886d5-dirty  
Running refinement
   input {
     xray_data {
       file_name = None
       labels = None
       high_resolution = None
       low_resolution = None
       outliers_rejection = True
       french_wilson_scale = True
       french_wilson {
         max_bins = 60
         min_bin_size = 40
       }
       sigma_fobs_rejection_criterion = None
       sigma_iobs_rejection_criterion = None
       ignore_all_zeros = True
       force_anomalous_flag_to_be_equal_to = None
       convert_to_non_anomalous_if_ratio_pairs_lone_less_than_threshold = 0.5
       r_free_flags {
         file_name = None
         label = None
         test_flag_value = None
         ignore_r_free_flags = False
         disable_suitability_test = False
         ignore_pdb_hexdigest = False
         generate = False
         fraction = 0.1
         max_free = 2000
         lattice_symmetry_max_delta = 5
         use_lattice_symmetry = True
         use_dataman_shells = False
         n_shells = 20
       }
     }
     pdb {
       file_name = None
     }
     monomers {
       file_name = None
     }
     maps {
       map_file_name = None
       d_min = None
       map_coefficients_file_name = None
       map_coefficients_label = None
     }
     sequence = None
     scattering_table = wk1995 it1992 *n_gaussian neutron electron
     wavelength = None
     energy = None
     twin_law = Auto
   }
   max_atoms = 15000
   debug = False
   cluster {
     fast_interaction = True
     charge_cutoff = 8.0
     clustering = false
     charge_embedding = False
     two_buffers = False
     maxnum_residues_in_cluster = 15
     select_within_radius = 10
     clustering_method = gnc *bcc
     altloc_method = average *subtract
     g_scan = 10 15 20
     g_mode = None
     save_clusters = True
     bond_with_altloc = True
     re_calculate_rmsd_tolerance = 0.5
   }
   restraints = *cctbx qm
   expansion = False
   quantum {
     engine_name = *mopac ani torchani terachem turbomole pyscf orca gaussian \
                   xtb
     basis = Auto
     charge = None
     method = Auto
     memory = None
     nproc = None
     qm_addon = gcp dftd3 gcp-d3
     qm_addon_method = None
   }
   refine {
     dry_run = False
     sf_algorithm = *direct fft
     refinement_target_name = *ml ls_wunit_k1
     mode = *opt refine gtest
     number_of_macro_cycles = 1
     number_of_weight_search_cycles = 50
     number_of_refine_cycles = 5
     number_of_micro_cycles = 100
     data_weight = None
     choose_best_use_r_work = False
     skip_weight_search = False
     adjust_restraints_weight_scale_value = 2
     max_iterations_weight = 50
     max_iterations_refine = 50
     use_ase_lbfgs = False
     line_search = True
     stpmax = 0.2
     gradient_only = true
     update_all_scales = True
     refine_sites = True
     refine_adp = False
     restraints_weight_scale = 1.0
     shake_sites = False
     use_convergence_test = True
     max_bond_rmsd = 0.03
     max_r_work_r_free_gap = 5.0
     r_tolerance = 0.001
     rmsd_tolerance = 0.01
     opt_log = False
     pre_opt = False
     pre_opt_stpmax = 0.1
     pre_opt_iter = 10
     pre_opt_switch = 2
     pre_opt_gconv = 3000
     minimizer = *lbfgs lbfgsb
   }
   parallel {
     method = *multiprocessing slurm pbs sge lsf threading
     nproc = None
     qsub_command = None
   }
   output_file_name_prefix = None
   output_folder_name = "pdb"
   rst_file = None
   dump_gradients = None

Setting QM defaults
  Setting QM method to PM7


***********************************************************
restart info will be stored in /home/yanting/work/aniserver_1_qr/ani_qr_test/cctbx_lbfgs/qr-ani-test/qr-cctbx/lbfgs/0.9/pdb/9.rst.pickle
***********************************************************

start: bond:  0.013 angle:   1.69 clash:   0.0 rota:  0.00 rama: f: 100.00 o:   0.00 Z:  -4.17 cb:   0.00
cycle:   0 max_shift: 0.159126 LBFGS: function start/end, n_calls: 269.591286 48.843363 52
cycle:   1 max_shift: 0.227907 LBFGS: function start/end, n_calls: 48.843363 45.044572 52
cycle:   2 max_shift: 0.089100 LBFGS: function start/end, n_calls: 45.044572 44.179699 52
cycle:   3 max_shift: 0.067558 LBFGS: function start/end, n_calls: 44.179699 43.827479 52
cycle:   4 max_shift: 0.123502 LBFGS: function start/end, n_calls: 43.827479 43.369441 52
cycle:   5 max_shift: 0.062352 LBFGS: function start/end, n_calls: 43.369441 42.967147 53
cycle:   6 max_shift: 0.350166 LBFGS: function start/end, n_calls: 42.967147 41.985561 52
cycle:   7 max_shift: 0.033647 LBFGS: function start/end, n_calls: 41.985561 41.586874 52
cycle:   8 max_shift: 0.181739 LBFGS: function start/end, n_calls: 41.586874 41.280935 52
cycle:   9 max_shift: 0.013112 LBFGS: function start/end, n_calls: 41.280935 41.188087 52
cycle:  10 max_shift: 0.047950 LBFGS: function start/end, n_calls: 41.188087 41.096863 52
cycle:  11 max_shift: 0.012743 LBFGS: function start/end, n_calls: 41.096863 41.024019 52
cycle:  12 max_shift: 0.022063 LBFGS: function start/end, n_calls: 41.024019 40.985085 54
cycle:  13 max_shift: 0.017479 LBFGS: function start/end, n_calls: 40.985085 40.941454 52
cycle:  14 max_shift: 0.013589 LBFGS: function start/end, n_calls: 40.941454 40.899087 52
cycle:  15 max_shift: 0.033052 LBFGS: function start/end, n_calls: 40.899087 40.836225 52
cycle:  16 max_shift: 0.013330 LBFGS: function start/end, n_calls: 40.836225 40.784843 52
cycle:  17 max_shift: 0.023215 LBFGS: function start/end, n_calls: 40.784843 40.735424 52
cycle:  18 max_shift: 0.079708 LBFGS: function start/end, n_calls: 40.735424 40.619330 52
cycle:  19 max_shift: 0.012807 LBFGS: function start/end, n_calls: 40.619330 40.544052 52
cycle:  20 max_shift: 0.099456 LBFGS: function start/end, n_calls: 40.544052 40.462312 52
cycle:  21 max_shift: 0.020202 LBFGS: function start/end, n_calls: 40.462312 40.381120 52
cycle:  22 max_shift: 0.105302 LBFGS: function start/end, n_calls: 40.381120 40.293436 52
cycle:  23 max_shift: 0.009979 LBFGS: function start/end, n_calls: 40.293436 40.230301 52
cycle:  24 max_shift: 0.106961 LBFGS: function start/end, n_calls: 40.230301 40.153690 52
cycle:  25 max_shift: 0.014214 LBFGS: function start/end, n_calls: 40.153690 40.093997 52
cycle:  26 max_shift: 0.044375 LBFGS: function start/end, n_calls: 40.093997 40.062654 52
cycle:  27 max_shift: 0.015358 LBFGS: function start/end, n_calls: 40.062654 40.032094 52
cycle:  28 max_shift: 0.025285 LBFGS: function start/end, n_calls: 40.032094 40.013650 53
cycle:  29 max_shift: 0.015833 LBFGS: function start/end, n_calls: 40.013650 39.990531 52
cycle:  30 max_shift: 0.039412 LBFGS: function start/end, n_calls: 39.990531 39.959104 52
cycle:  31 max_shift: 0.008355 LBFGS: function start/end, n_calls: 39.959104 39.936247 52
cycle:  32 max_shift: 0.028787 LBFGS: function start/end, n_calls: 39.936247 39.916517 52
cycle:  33 max_shift: 0.007200 LBFGS: function start/end, n_calls: 39.916517 39.900732 52
cycle:  34 max_shift: 0.042332 LBFGS: function start/end, n_calls: 39.900732 39.874089 52
cycle:  35 max_shift: 0.013227 LBFGS: function start/end, n_calls: 39.874089 39.851251 52
cycle:  36 max_shift: 0.008753 LBFGS: function start/end, n_calls: 39.851251 39.840091 52
cycle:  37 max_shift: 0.046337 LBFGS: function start/end, n_calls: 39.840091 39.812484 52
cycle:  38 max_shift: 0.005464 LBFGS: function start/end, n_calls: 39.812484 39.794052 52
cycle:  39 max_shift: 0.047763 LBFGS: function start/end, n_calls: 39.794052 39.773119 52
cycle:  40 max_shift: 0.005799 LBFGS: function start/end, n_calls: 39.773119 39.753538 53
cycle:  41 max_shift: 0.039730 LBFGS: function start/end, n_calls: 39.753538 39.737010 52
cycle:  42 max_shift: 0.005268 LBFGS: function start/end, n_calls: 39.737010 39.722367 52
cycle:  43 max_shift: 0.034976 LBFGS: function start/end, n_calls: 39.722367 39.709007 52
cycle:  44 max_shift: 0.004882 LBFGS: function start/end, n_calls: 39.709007 39.697585 52
cycle:  45 max_shift: 0.024050 LBFGS: function start/end, n_calls: 39.697585 39.689751 52
cycle:  46 max_shift: 0.004763 LBFGS: function start/end, n_calls: 39.689751 39.681201 52
cycle:  47 max_shift: 0.022648 LBFGS: function start/end, n_calls: 39.681201 39.673397 52
cycle:  48 max_shift: 0.004396 LBFGS: function start/end, n_calls: 39.673397 39.666090 52
cycle:  49 max_shift: 0.011398 LBFGS: function start/end, n_calls: 39.666090 39.662743 53
cycle:  50 max_shift: 0.003640 LBFGS: function start/end, n_calls: 39.662743 39.658476 52
cycle:  51 max_shift: 0.004156 LBFGS: function start/end, n_calls: 39.658476 39.656697 52
cycle:  52 max_shift: 0.005679 LBFGS: function start/end, n_calls: 39.656697 39.654077 52
cycle:  53 max_shift: 0.004849 LBFGS: function start/end, n_calls: 39.654077 39.651430 52
cycle:  54 max_shift: 0.002987 LBFGS: function start/end, n_calls: 39.651430 39.649532 52
cycle:  55 max_shift: 0.006814 LBFGS: function start/end, n_calls: 39.649532 39.647335 52
cycle:  56 max_shift: 0.002755 LBFGS: function start/end, n_calls: 39.647335 39.645003 52
cycle:  57 max_shift: 0.005687 LBFGS: function start/end, n_calls: 39.645003 39.643153 52
cycle:  58 max_shift: 0.002376 LBFGS: function start/end, n_calls: 39.643153 39.641192 52
cycle:  59 max_shift: 0.008925 LBFGS: function start/end, n_calls: 39.641192 39.638718 52
cycle:  60 max_shift: 0.002032 LBFGS: function start/end, n_calls: 39.638718 39.636069 52
cycle:  61 max_shift: 0.018686 LBFGS: function start/end, n_calls: 39.636069 39.631512 52
cycle:  62 max_shift: 0.003290 LBFGS: function start/end, n_calls: 39.631512 39.626662 53
cycle:  63 max_shift: 0.028149 LBFGS: function start/end, n_calls: 39.626662 39.620914 52
cycle:  64 max_shift: 0.003942 LBFGS: function start/end, n_calls: 39.620914 39.613857 52
cycle:  65 max_shift: 0.011994 LBFGS: function start/end, n_calls: 39.613857 39.611325 52
cycle:  66 max_shift: 0.002665 LBFGS: function start/end, n_calls: 39.611325 39.608084 52
cycle:  67 max_shift: 0.008671 LBFGS: function start/end, n_calls: 39.608084 39.605946 52
cycle:  68 max_shift: 0.001791 LBFGS: function start/end, n_calls: 39.605946 39.604046 53
cycle:  69 max_shift: 0.003333 LBFGS: function start/end, n_calls: 39.604046 39.603164 52
cycle:  70 max_shift: 0.001621 LBFGS: function start/end, n_calls: 39.603164 39.602315 54
cycle:  71 max_shift: 0.004331 LBFGS: function start/end, n_calls: 39.602315 39.601426 52
cycle:  72 max_shift: 0.002008 LBFGS: function start/end, n_calls: 39.601426 39.600079 53
cycle:  73 max_shift: 0.005097 LBFGS: function start/end, n_calls: 39.600079 39.598811 52
cycle:  74 max_shift: 0.001754 LBFGS: function start/end, n_calls: 39.598811 39.597520 52
cycle:  75 max_shift: 0.002600 LBFGS: function start/end, n_calls: 39.597520 39.596713 52
cycle:  76 max_shift: 0.001518 LBFGS: function start/end, n_calls: 39.596713 39.595925 52
cycle:  77 max_shift: 0.010402 LBFGS: function start/end, n_calls: 39.595925 39.593569 52
cycle:  78 max_shift: 0.002315 LBFGS: function start/end, n_calls: 39.593569 39.591188 52
cycle:  79 max_shift: 0.006774 LBFGS: function start/end, n_calls: 39.591188 39.589725 52
cycle:  80 max_shift: 0.001934 LBFGS: function start/end, n_calls: 39.589725 39.588108 53
cycle:  81 max_shift: 0.005981 LBFGS: function start/end, n_calls: 39.588108 39.586684 52
cycle:  82 max_shift: 0.001507 LBFGS: function start/end, n_calls: 39.586684 39.585361 52
cycle:  83 max_shift: 0.004666 LBFGS: function start/end, n_calls: 39.585361 39.584334 52
cycle:  84 max_shift: 0.001616 LBFGS: function start/end, n_calls: 39.584334 39.583237 53
cycle:  85 max_shift: 0.003671 LBFGS: function start/end, n_calls: 39.583237 39.582410 52
cycle:  86 max_shift: 0.001323 LBFGS: function start/end, n_calls: 39.582410 39.581615 52
cycle:  87 max_shift: 0.003292 LBFGS: function start/end, n_calls: 39.581615 39.580834 53
cycle:  88 max_shift: 0.001342 LBFGS: function start/end, n_calls: 39.580834 39.580055 52
cycle:  89 max_shift: 0.002690 LBFGS: function start/end, n_calls: 39.580055 39.579442 52
cycle:  90 max_shift: 0.001218 LBFGS: function start/end, n_calls: 39.579442 39.578781 52
cycle:  91 max_shift: 0.003540 LBFGS: function start/end, n_calls: 39.578781 39.578043 53
cycle:  92 max_shift: 0.001443 LBFGS: function start/end, n_calls: 39.578043 39.577248 52
cycle:  93 max_shift: 0.003781 LBFGS: function start/end, n_calls: 39.577248 39.576472 53
cycle:  94 max_shift: 0.001253 LBFGS: function start/end, n_calls: 39.576472 39.575647 52
cycle:  95 max_shift: 0.004214 LBFGS: function start/end, n_calls: 39.575647 39.574708 53
cycle:  96 max_shift: 0.001393 LBFGS: function start/end, n_calls: 39.574708 39.573814 52
cycle:  97 max_shift: 0.001836 LBFGS: function start/end, n_calls: 39.573814 39.573435 52
cycle:  98 max_shift: 0.001167 LBFGS: function start/end, n_calls: 39.573435 39.573002 52
cycle:  99 max_shift: 0.001417 LBFGS: function start/end, n_calls: 39.573002 39.572682 52
final: bond:  0.000 angle:   0.25 clash:   0.0 rota:  0.00 rama: f: 100.00 o:   0.00 Z:  -2.66 cb:   0.00
See 9_refined.pdb in pdb folder.
Time: 5.0342
