Starting Q|R
version:   v1.0-208-g2886d5-dirty  
Running refinement
   input {
     xray_data {
       file_name = None
       labels = None
       high_resolution = None
       low_resolution = None
       outliers_rejection = True
       french_wilson_scale = True
       french_wilson {
         max_bins = 60
         min_bin_size = 40
       }
       sigma_fobs_rejection_criterion = None
       sigma_iobs_rejection_criterion = None
       ignore_all_zeros = True
       force_anomalous_flag_to_be_equal_to = None
       convert_to_non_anomalous_if_ratio_pairs_lone_less_than_threshold = 0.5
       r_free_flags {
         file_name = None
         label = None
         test_flag_value = None
         ignore_r_free_flags = False
         disable_suitability_test = False
         ignore_pdb_hexdigest = False
         generate = False
         fraction = 0.1
         max_free = 2000
         lattice_symmetry_max_delta = 5
         use_lattice_symmetry = True
         use_dataman_shells = False
         n_shells = 20
       }
     }
     pdb {
       file_name = None
     }
     monomers {
       file_name = None
     }
     maps {
       map_file_name = None
       d_min = None
       map_coefficients_file_name = None
       map_coefficients_label = None
     }
     sequence = None
     scattering_table = wk1995 it1992 *n_gaussian neutron electron
     wavelength = None
     energy = None
     twin_law = Auto
   }
   max_atoms = 15000
   debug = False
   cluster {
     fast_interaction = True
     charge_cutoff = 8.0
     clustering = false
     charge_embedding = False
     two_buffers = False
     maxnum_residues_in_cluster = 15
     select_within_radius = 10
     clustering_method = gnc *bcc
     altloc_method = average *subtract
     g_scan = 10 15 20
     g_mode = None
     save_clusters = True
     bond_with_altloc = True
     re_calculate_rmsd_tolerance = 0.5
   }
   restraints = cctbx *qm
   expansion = False
   quantum {
     engine_name = mopac ani *torchani terachem turbomole pyscf orca gaussian \
                   xtb
     basis = Auto
     charge = None
     method = Auto
     memory = None
     nproc = None
     qm_addon = gcp dftd3 gcp-d3
     qm_addon_method = None
   }
   refine {
     dry_run = False
     sf_algorithm = *direct fft
     refinement_target_name = *ml ls_wunit_k1
     mode = *opt refine gtest
     number_of_macro_cycles = 1
     number_of_weight_search_cycles = 50
     number_of_refine_cycles = 5
     number_of_micro_cycles = 100
     data_weight = None
     choose_best_use_r_work = False
     skip_weight_search = False
     adjust_restraints_weight_scale_value = 2
     max_iterations_weight = 50
     max_iterations_refine = 50
     use_ase_lbfgs = False
     line_search = True
     stpmax = 0.2
     gradient_only = true
     update_all_scales = True
     refine_sites = True
     refine_adp = False
     restraints_weight_scale = 1.0
     shake_sites = False
     use_convergence_test = True
     max_bond_rmsd = 0.03
     max_r_work_r_free_gap = 5.0
     r_tolerance = 0.001
     rmsd_tolerance = 0.01
     opt_log = False
     pre_opt = False
     pre_opt_stpmax = 0.1
     pre_opt_iter = 10
     pre_opt_switch = 2
     pre_opt_gconv = 3000
     minimizer = *lbfgs lbfgsb
   }
   parallel {
     method = *multiprocessing slurm pbs sge lsf threading
     nproc = None
     qsub_command = None
   }
   output_file_name_prefix = None
   output_folder_name = "pdb"
   rst_file = None
   dump_gradients = None

Setting QM defaults
  Setting QM method to HF
  Setting QM basis to 6-31g


***********************************************************
restart info will be stored in /home/yanting/work/aniserver_1_qr/ani_qr_test/cctbx_lbfgs/qr-ani-test/qr-ani/lbfgs/0.6/pdb/1.rst.pickle
***********************************************************

start: bond:  0.014 angle:   1.33 clash:   0.0 rota:  0.00 rama: f:  72.73 o:   9.09 Z:  -5.67 cb:   0.00
cycle:   0 max_shift: 0.566811 LBFGS: function start/end, n_calls: -1746095.699770 -1746164.634559 101
cycle:   1 max_shift: 0.148038 LBFGS: function start/end, n_calls: -1746164.634559 -1746166.454227 101
cycle:   2 max_shift: 0.060016 LBFGS: function start/end, n_calls: -1746166.454227 -1746167.532503 101
cycle:   3 max_shift: 0.146348 LBFGS: function start/end, n_calls: -1746167.532503 -1746168.627273 101
cycle:   4 max_shift: 0.066386 LBFGS: function start/end, n_calls: -1746168.627273 -1746169.955061 101
cycle:   5 max_shift: 0.395587 LBFGS: function start/end, n_calls: -1746169.955061 -1746173.553629 101
cycle:   6 max_shift: 0.166061 LBFGS: function start/end, n_calls: -1746173.553629 -1746176.335550 101
cycle:   7 max_shift: 0.168004 LBFGS: function start/end, n_calls: -1746176.335550 -1746177.438924 101
cycle:   8 max_shift: 0.031254 LBFGS: function start/end, n_calls: -1746177.438924 -1746177.950814 101
cycle:   9 max_shift: 0.019822 LBFGS: function start/end, n_calls: -1746177.950814 -1746178.158846 101
cycle:  10 max_shift: 0.007694 LBFGS: function start/end, n_calls: -1746178.158846 -1746178.243152 101
cycle:  11 max_shift: 0.007808 LBFGS: function start/end, n_calls: -1746178.243152 -1746178.314890 101
cycle:  12 max_shift: 0.011394 LBFGS: function start/end, n_calls: -1746178.314890 -1746178.425900 101
cycle:  13 max_shift: 0.007714 LBFGS: function start/end, n_calls: -1746178.425900 -1746178.503473 101
cycle:  14 max_shift: 0.007260 LBFGS: function start/end, n_calls: -1746178.503473 -1746178.554340 101
cycle:  15 max_shift: 0.005483 LBFGS: function start/end, n_calls: -1746178.554340 -1746178.612090 101
cycle:  16 max_shift: 0.004736 LBFGS: function start/end, n_calls: -1746178.612090 -1746178.642909 101
cycle:  17 max_shift: 0.003965 LBFGS: function start/end, n_calls: -1746178.642909 -1746178.683902 101
cycle:  18 max_shift: 0.007164 LBFGS: function start/end, n_calls: -1746178.683902 -1746178.726392 101
cycle:  19 max_shift: 0.004881 LBFGS: function start/end, n_calls: -1746178.726392 -1746178.778007 101
cycle:  20 max_shift: 0.006638 LBFGS: function start/end, n_calls: -1746178.778007 -1746178.822292 101
cycle:  21 max_shift: 0.003459 LBFGS: function start/end, n_calls: -1746178.822292 -1746178.854533 101
cycle:  22 max_shift: 0.006473 LBFGS: function start/end, n_calls: -1746178.854533 -1746178.894030 101
cycle:  23 max_shift: 0.006853 LBFGS: function start/end, n_calls: -1746178.894030 -1746178.492925 101
cycle:  24 max_shift: 0.021074 LBFGS: function start/end, n_calls: -1746178.492925 -1746178.952677 101
cycle:  25 max_shift: 0.006169 LBFGS: function start/end, n_calls: -1746178.952677 -1746179.004517 101
cycle:  26 max_shift: 0.003902 LBFGS: function start/end, n_calls: -1746179.004517 -1746179.038702 101
cycle:  27 max_shift: 0.003553 LBFGS: function start/end, n_calls: -1746179.038702 -1746179.065483 101
cycle:  28 max_shift: 0.003218 LBFGS: function start/end, n_calls: -1746179.065483 -1746179.094582 101
cycle:  29 max_shift: 0.003950 LBFGS: function start/end, n_calls: -1746179.094582 -1746179.118968 101
cycle:  30 max_shift: 0.002652 LBFGS: function start/end, n_calls: -1746179.118968 -1746179.141709 101
cycle:  31 max_shift: 0.002992 LBFGS: function start/end, n_calls: -1746179.141709 -1746179.158166 101
cycle:  32 max_shift: 0.001972 LBFGS: function start/end, n_calls: -1746179.158166 -1746179.176269 101
cycle:  33 max_shift: 0.006046 LBFGS: function start/end, n_calls: -1746179.176269 -1746179.209632 101
cycle:  34 max_shift: 0.004381 LBFGS: function start/end, n_calls: -1746179.209632 -1746179.241199 101
cycle:  35 max_shift: 0.003773 LBFGS: function start/end, n_calls: -1746179.241199 -1746179.265436 101
cycle:  36 max_shift: 0.002322 LBFGS: function start/end, n_calls: -1746179.265436 -1746179.283913 101
cycle:  37 max_shift: 0.003217 LBFGS: function start/end, n_calls: -1746179.283913 -1746179.305232 101
cycle:  38 max_shift: 0.002404 LBFGS: function start/end, n_calls: -1746179.305232 -1746179.322288 101
cycle:  39 max_shift: 0.002025 LBFGS: function start/end, n_calls: -1746179.322288 -1746179.333658 101
cycle:  40 max_shift: 0.003034 LBFGS: function start/end, n_calls: -1746179.333658 -1746179.350041 101
cycle:  41 max_shift: 0.002935 LBFGS: function start/end, n_calls: -1746179.350041 -1746179.367096 101
cycle:  42 max_shift: 0.124385 LBFGS: function start/end, n_calls: -1746179.367096 -1746057.925398 101
cycle:  43 max_shift: 0.085220 LBFGS: function start/end, n_calls: -1746057.925398 -1746180.149257 101
cycle:  44 max_shift: 0.002759 LBFGS: function start/end, n_calls: -1746180.149257 -1746180.169978 101
cycle:  45 max_shift: 0.002389 LBFGS: function start/end, n_calls: -1746180.169978 -1746180.186285 101
cycle:  46 max_shift: 0.001781 LBFGS: function start/end, n_calls: -1746180.186285 -1746180.196982 101
cycle:  47 max_shift: 0.002565 LBFGS: function start/end, n_calls: -1746180.196982 -1746180.209849 101
cycle:  48 max_shift: 0.002723 LBFGS: function start/end, n_calls: -1746180.209849 -1746180.219648 101
cycle:  49 max_shift: 0.002107 LBFGS: function start/end, n_calls: -1746180.219648 -1746180.231916 101
cycle:  50 max_shift: 0.002015 LBFGS: function start/end, n_calls: -1746180.231916 -1746180.246877 101
cycle:  51 max_shift: 0.002432 LBFGS: function start/end, n_calls: -1746180.246877 -1746180.258996 101
cycle:  52 max_shift: 0.007752 LBFGS: function start/end, n_calls: -1746180.258996 -1746179.627941 101
cycle:  53 max_shift: 0.008264 LBFGS: function start/end, n_calls: -1746179.627941 -1746180.308367 101
cycle:  54 max_shift: 0.003699 LBFGS: function start/end, n_calls: -1746180.308367 -1746180.329836 101
cycle:  55 max_shift: 0.001822 LBFGS: function start/end, n_calls: -1746180.329836 -1746180.343525 101
cycle:  56 max_shift: 0.001943 LBFGS: function start/end, n_calls: -1746180.343525 -1746180.350781 101
cycle:  57 max_shift: 0.002718 LBFGS: function start/end, n_calls: -1746180.350781 -1746180.368660 101
cycle:  58 max_shift: 0.001922 LBFGS: function start/end, n_calls: -1746180.368660 -1746180.382274 101
cycle:  59 max_shift: 0.002130 LBFGS: function start/end, n_calls: -1746180.382274 -1746180.390802 101
cycle:  60 max_shift: 0.002415 LBFGS: function start/end, n_calls: -1746180.390802 -1746180.393196 101
cycle:  61 max_shift: 0.002618 LBFGS: function start/end, n_calls: -1746180.393196 -1746180.417059 101
cycle:  62 max_shift: 0.002412 LBFGS: function start/end, n_calls: -1746180.417059 -1746180.425437 101
cycle:  63 max_shift: 0.001562 LBFGS: function start/end, n_calls: -1746180.425437 -1746180.435161 101
cycle:  64 max_shift: 0.001645 LBFGS: function start/end, n_calls: -1746180.435161 -1746180.445634 101
cycle:  65 max_shift: 0.002112 LBFGS: function start/end, n_calls: -1746180.445634 -1746180.450197 101
cycle:  66 max_shift: 0.001671 LBFGS: function start/end, n_calls: -1746180.450197 -1746180.462465 101
cycle:  67 max_shift: 0.001932 LBFGS: function start/end, n_calls: -1746180.462465 -1746180.472489 101
cycle:  68 max_shift: 0.002036 LBFGS: function start/end, n_calls: -1746180.472489 -1746180.480194 101
cycle:  69 max_shift: 0.002069 LBFGS: function start/end, n_calls: -1746180.480194 -1746180.491115 101
cycle:  70 max_shift: 0.001716 LBFGS: function start/end, n_calls: -1746180.491115 -1746180.501663 101
cycle:  71 max_shift: 0.001688 LBFGS: function start/end, n_calls: -1746180.501663 -1746180.513258 101
cycle:  72 max_shift: 0.001991 LBFGS: function start/end, n_calls: -1746180.513258 -1746180.520813 101
cycle:  73 max_shift: 0.002840 LBFGS: function start/end, n_calls: -1746180.520813 -1746180.528294 101
cycle:  74 max_shift: 0.002401 LBFGS: function start/end, n_calls: -1746180.528294 -1746180.541758 101
cycle:  75 max_shift: 0.001945 LBFGS: function start/end, n_calls: -1746180.541758 -1746180.556495 101
cycle:  76 max_shift: 0.001390 LBFGS: function start/end, n_calls: -1746180.556495 -1746180.558365 101
cycle:  77 max_shift: 0.002095 LBFGS: function start/end, n_calls: -1746180.558365 -1746180.573700 101
cycle:  78 max_shift: 0.001932 LBFGS: function start/end, n_calls: -1746180.573700 -1746180.581704 101
cycle:  79 max_shift: 0.014710 LBFGS: function start/end, n_calls: -1746180.581704 -1746179.306953 101
cycle:  80 max_shift: 0.012383 LBFGS: function start/end, n_calls: -1746179.306953 -1746180.661521 101
cycle:  81 max_shift: 0.002790 LBFGS: function start/end, n_calls: -1746180.661521 -1746180.680821 101
cycle:  82 max_shift: 0.001638 LBFGS: function start/end, n_calls: -1746180.680821 -1746180.693912 101
cycle:  83 max_shift: 0.001430 LBFGS: function start/end, n_calls: -1746180.693912 -1746180.693837 101
cycle:  84 max_shift: 0.002647 LBFGS: function start/end, n_calls: -1746180.693837 -1746180.707601 101
cycle:  85 max_shift: 0.002350 LBFGS: function start/end, n_calls: -1746180.707601 -1746180.724283 101
cycle:  86 max_shift: 0.001611 LBFGS: function start/end, n_calls: -1746180.724283 -1746180.732287 101
cycle:  87 max_shift: 0.002015 LBFGS: function start/end, n_calls: -1746180.732287 -1746180.741039 101
cycle:  88 max_shift: 0.001697 LBFGS: function start/end, n_calls: -1746180.741039 -1746180.751661 101
cycle:  89 max_shift: 0.002141 LBFGS: function start/end, n_calls: -1746180.751661 -1746180.760039 101
cycle:  90 max_shift: 0.001881 LBFGS: function start/end, n_calls: -1746180.760039 -1746180.771335 101
cycle:  91 max_shift: 0.001303 LBFGS: function start/end, n_calls: -1746180.771335 -1746180.774477 101
cycle:  92 max_shift: 0.001563 LBFGS: function start/end, n_calls: -1746180.774477 -1746180.782256 101
cycle:  93 max_shift: 0.001627 LBFGS: function start/end, n_calls: -1746180.782256 -1746180.788316 101
cycle:  94 max_shift: 0.002747 LBFGS: function start/end, n_calls: -1746180.788316 -1746180.800509 101
cycle:  95 max_shift: 0.001759 LBFGS: function start/end, n_calls: -1746180.800509 -1746180.813600 101
cycle:  96 max_shift: 0.002372 LBFGS: function start/end, n_calls: -1746180.813600 -1746180.828187 101
cycle:  97 max_shift: 0.004991 LBFGS: function start/end, n_calls: -1746180.828187 -1746180.836041 101
cycle:  98 max_shift: 0.001633 LBFGS: function start/end, n_calls: -1746180.836041 -1746180.851002 101
cycle:  99 max_shift: 0.003321 LBFGS: function start/end, n_calls: -1746180.851002 -1746180.869853 101
final: bond:  0.008 angle:   1.24 clash:   0.0 rota:  0.00 rama: f: 100.00 o:   0.00 Z:   0.65 cb:   0.00
See 1_refined.pdb in pdb folder.
Time: 960.9250
