Starting Q|R
version:   v1.0-208-g2886d5-dirty  
Running refinement
   input {
     xray_data {
       file_name = None
       labels = None
       high_resolution = None
       low_resolution = None
       outliers_rejection = True
       french_wilson_scale = True
       french_wilson {
         max_bins = 60
         min_bin_size = 40
       }
       sigma_fobs_rejection_criterion = None
       sigma_iobs_rejection_criterion = None
       ignore_all_zeros = True
       force_anomalous_flag_to_be_equal_to = None
       convert_to_non_anomalous_if_ratio_pairs_lone_less_than_threshold = 0.5
       r_free_flags {
         file_name = None
         label = None
         test_flag_value = None
         ignore_r_free_flags = False
         disable_suitability_test = False
         ignore_pdb_hexdigest = False
         generate = False
         fraction = 0.1
         max_free = 2000
         lattice_symmetry_max_delta = 5
         use_lattice_symmetry = True
         use_dataman_shells = False
         n_shells = 20
       }
     }
     pdb {
       file_name = None
     }
     monomers {
       file_name = None
     }
     maps {
       map_file_name = None
       d_min = None
       map_coefficients_file_name = None
       map_coefficients_label = None
     }
     sequence = None
     scattering_table = wk1995 it1992 *n_gaussian neutron electron
     wavelength = None
     energy = None
     twin_law = Auto
   }
   max_atoms = 15000
   debug = False
   cluster {
     fast_interaction = True
     charge_cutoff = 8.0
     clustering = false
     charge_embedding = False
     two_buffers = False
     maxnum_residues_in_cluster = 15
     select_within_radius = 10
     clustering_method = gnc *bcc
     altloc_method = average *subtract
     g_scan = 10 15 20
     g_mode = None
     save_clusters = True
     bond_with_altloc = True
     re_calculate_rmsd_tolerance = 0.5
   }
   restraints = cctbx *qm
   expansion = False
   quantum {
     engine_name = mopac ani *torchani terachem turbomole pyscf orca gaussian \
                   xtb
     basis = Auto
     charge = None
     method = Auto
     memory = None
     nproc = None
     qm_addon = gcp dftd3 gcp-d3
     qm_addon_method = None
   }
   refine {
     dry_run = False
     sf_algorithm = *direct fft
     refinement_target_name = *ml ls_wunit_k1
     mode = *opt refine gtest
     number_of_macro_cycles = 1
     number_of_weight_search_cycles = 50
     number_of_refine_cycles = 5
     number_of_micro_cycles = 100
     data_weight = None
     choose_best_use_r_work = False
     skip_weight_search = False
     adjust_restraints_weight_scale_value = 2
     max_iterations_weight = 50
     max_iterations_refine = 50
     use_ase_lbfgs = False
     line_search = True
     stpmax = 0.2
     gradient_only = true
     update_all_scales = True
     refine_sites = True
     refine_adp = False
     restraints_weight_scale = 1.0
     shake_sites = False
     use_convergence_test = True
     max_bond_rmsd = 0.03
     max_r_work_r_free_gap = 5.0
     r_tolerance = 0.001
     rmsd_tolerance = 0.01
     opt_log = False
     pre_opt = False
     pre_opt_stpmax = 0.1
     pre_opt_iter = 10
     pre_opt_switch = 2
     pre_opt_gconv = 3000
     minimizer = *lbfgs lbfgsb
   }
   parallel {
     method = *multiprocessing slurm pbs sge lsf threading
     nproc = None
     qsub_command = None
   }
   output_file_name_prefix = None
   output_folder_name = "pdb"
   rst_file = None
   dump_gradients = None

Setting QM defaults
  Setting QM method to HF
  Setting QM basis to 6-31g


***********************************************************
restart info will be stored in /home/yanting/work/aniserver_1_qr/ani_qr_test/cctbx_lbfgs/qr-ani-test/qr-ani/lbfgs/0.6/pdb/2.rst.pickle
***********************************************************

start: bond:  0.017 angle:   1.52 clash:  22.0 rota:  0.00 rama: f:  81.82 o:   9.09 Z:  -5.56 cb:   0.00
cycle:   0 max_shift: 0.710385 LBFGS: function start/end, n_calls: -1746088.723385 -1746161.807941 101
cycle:   1 max_shift: 0.311929 LBFGS: function start/end, n_calls: -1746161.807941 -1746167.752205 101
cycle:   2 max_shift: 0.220782 LBFGS: function start/end, n_calls: -1746167.752205 -1746170.522906 101
cycle:   3 max_shift: 0.178392 LBFGS: function start/end, n_calls: -1746170.522906 -1746172.329072 101
cycle:   4 max_shift: 0.090121 LBFGS: function start/end, n_calls: -1746172.329072 -1746173.551759 101
cycle:   5 max_shift: 0.079476 LBFGS: function start/end, n_calls: -1746173.551759 -1746174.329207 101
cycle:   6 max_shift: 0.059553 LBFGS: function start/end, n_calls: -1746174.329207 -1746174.879921 101
cycle:   7 max_shift: 0.039621 LBFGS: function start/end, n_calls: -1746174.879921 -1746175.269056 101
cycle:   8 max_shift: 0.034312 LBFGS: function start/end, n_calls: -1746175.269056 -1746175.561992 101
cycle:   9 max_shift: 0.029820 LBFGS: function start/end, n_calls: -1746175.561992 -1746175.815581 101
cycle:  10 max_shift: 0.023261 LBFGS: function start/end, n_calls: -1746175.815581 -1746176.024736 101
cycle:  11 max_shift: 0.031102 LBFGS: function start/end, n_calls: -1746176.024736 -1746176.213992 101
cycle:  12 max_shift: 0.014415 LBFGS: function start/end, n_calls: -1746176.213992 -1746176.380359 101
cycle:  13 max_shift: 0.019129 LBFGS: function start/end, n_calls: -1746176.380359 -1746176.495109 101
cycle:  14 max_shift: 0.005973 LBFGS: function start/end, n_calls: -1746176.495109 -1746176.562583 101
cycle:  15 max_shift: 0.006739 LBFGS: function start/end, n_calls: -1746176.562583 -1746176.612329 101
cycle:  16 max_shift: 0.006289 LBFGS: function start/end, n_calls: -1746176.612329 -1746176.648086 101
cycle:  17 max_shift: 0.005867 LBFGS: function start/end, n_calls: -1746176.648086 -1746176.690874 101
cycle:  18 max_shift: 0.013484 LBFGS: function start/end, n_calls: -1746176.690874 -1746176.765380 101
cycle:  19 max_shift: 0.008100 LBFGS: function start/end, n_calls: -1746176.765380 -1746176.820062 101
cycle:  20 max_shift: 0.006253 LBFGS: function start/end, n_calls: -1746176.820062 -1746176.862103 101
cycle:  21 max_shift: 0.004183 LBFGS: function start/end, n_calls: -1746176.862103 -1746176.889257 101
cycle:  22 max_shift: 0.003822 LBFGS: function start/end, n_calls: -1746176.889257 -1746176.907734 101
cycle:  23 max_shift: 0.006873 LBFGS: function start/end, n_calls: -1746176.907734 -1746176.949849 101
cycle:  24 max_shift: 0.009620 LBFGS: function start/end, n_calls: -1746176.949849 -1746176.996901 101
cycle:  25 max_shift: 0.006548 LBFGS: function start/end, n_calls: -1746176.996901 -1746177.035800 101
cycle:  26 max_shift: 0.003732 LBFGS: function start/end, n_calls: -1746177.035800 -1746177.058092 101
cycle:  27 max_shift: 0.003189 LBFGS: function start/end, n_calls: -1746177.058092 -1746177.075147 101
cycle:  28 max_shift: 0.003434 LBFGS: function start/end, n_calls: -1746177.075147 -1746177.090258 101
cycle:  29 max_shift: 0.003444 LBFGS: function start/end, n_calls: -1746177.090258 -1746177.110455 101
cycle:  30 max_shift: 0.002745 LBFGS: function start/end, n_calls: -1746177.110455 -1746177.128857 101
cycle:  31 max_shift: 0.002494 LBFGS: function start/end, n_calls: -1746177.128857 -1746177.137310 101
cycle:  32 max_shift: 0.002325 LBFGS: function start/end, n_calls: -1746177.137310 -1746177.149279 101
cycle:  33 max_shift: 0.002736 LBFGS: function start/end, n_calls: -1746177.149279 -1746177.162145 101
cycle:  34 max_shift: 0.004021 LBFGS: function start/end, n_calls: -1746177.162145 -1746177.175386 101
cycle:  35 max_shift: 0.002701 LBFGS: function start/end, n_calls: -1746177.175386 -1746177.193114 101
cycle:  36 max_shift: 0.003687 LBFGS: function start/end, n_calls: -1746177.193114 -1746177.211442 101
cycle:  37 max_shift: 0.001985 LBFGS: function start/end, n_calls: -1746177.211442 -1746177.222214 101
cycle:  38 max_shift: 0.002631 LBFGS: function start/end, n_calls: -1746177.222214 -1746177.232537 101
cycle:  39 max_shift: 0.002922 LBFGS: function start/end, n_calls: -1746177.232537 -1746177.246151 101
cycle:  40 max_shift: 0.002583 LBFGS: function start/end, n_calls: -1746177.246151 -1746177.258195 101
cycle:  41 max_shift: 0.002529 LBFGS: function start/end, n_calls: -1746177.258195 -1746177.270912 101
cycle:  42 max_shift: 0.003728 LBFGS: function start/end, n_calls: -1746177.270912 -1746177.278243 101
cycle:  43 max_shift: 0.003047 LBFGS: function start/end, n_calls: -1746177.278243 -1746177.301058 101
cycle:  44 max_shift: 0.003597 LBFGS: function start/end, n_calls: -1746177.301058 -1746177.319086 101
cycle:  45 max_shift: 0.002369 LBFGS: function start/end, n_calls: -1746177.319086 -1746177.327315 101
cycle:  46 max_shift: 0.002987 LBFGS: function start/end, n_calls: -1746177.327315 -1746177.345717 101
cycle:  47 max_shift: 0.003116 LBFGS: function start/end, n_calls: -1746177.345717 -1746177.360453 101
cycle:  48 max_shift: 0.001909 LBFGS: function start/end, n_calls: -1746177.360453 -1746177.366812 101
cycle:  49 max_shift: 0.002381 LBFGS: function start/end, n_calls: -1746177.366812 -1746177.376312 101
cycle:  50 max_shift: 0.003927 LBFGS: function start/end, n_calls: -1746177.376312 -1746177.385662 101
cycle:  51 max_shift: 0.004052 LBFGS: function start/end, n_calls: -1746177.385662 -1746177.411545 101
cycle:  52 max_shift: 0.002978 LBFGS: function start/end, n_calls: -1746177.411545 -1746177.421494 101
cycle:  53 max_shift: 0.002033 LBFGS: function start/end, n_calls: -1746177.421494 -1746177.432191 101
cycle:  54 max_shift: 0.002278 LBFGS: function start/end, n_calls: -1746177.432191 -1746177.438998 101
cycle:  55 max_shift: 0.002393 LBFGS: function start/end, n_calls: -1746177.438998 -1746177.449695 101
cycle:  56 max_shift: 0.002221 LBFGS: function start/end, n_calls: -1746177.449695 -1746177.462487 101
cycle:  57 max_shift: 0.001850 LBFGS: function start/end, n_calls: -1746177.462487 -1746177.470416 101
cycle:  58 max_shift: 0.001401 LBFGS: function start/end, n_calls: -1746177.470416 -1746177.475877 101
cycle:  59 max_shift: 0.001998 LBFGS: function start/end, n_calls: -1746177.475877 -1746177.483732 101
cycle:  60 max_shift: 0.002542 LBFGS: function start/end, n_calls: -1746177.483732 -1746177.494354 101
cycle:  61 max_shift: 0.002281 LBFGS: function start/end, n_calls: -1746177.494354 -1746177.506024 101
cycle:  62 max_shift: 0.001992 LBFGS: function start/end, n_calls: -1746177.506024 -1746177.515449 101
cycle:  63 max_shift: 0.001585 LBFGS: function start/end, n_calls: -1746177.515449 -1746177.523678 101
cycle:  64 max_shift: 0.001780 LBFGS: function start/end, n_calls: -1746177.523678 -1746177.531757 101
cycle:  65 max_shift: 0.001668 LBFGS: function start/end, n_calls: -1746177.531757 -1746177.543276 101
cycle:  66 max_shift: 0.001598 LBFGS: function start/end, n_calls: -1746177.543276 -1746177.549036 101
cycle:  67 max_shift: 0.003830 LBFGS: function start/end, n_calls: -1746177.549036 -1746177.566092 101
cycle:  68 max_shift: 0.005028 LBFGS: function start/end, n_calls: -1746177.566092 -1746177.530335 101
cycle:  69 max_shift: 0.003379 LBFGS: function start/end, n_calls: -1746177.530335 -1746177.608880 101
cycle:  70 max_shift: 0.003061 LBFGS: function start/end, n_calls: -1746177.608880 -1746177.622121 101
cycle:  71 max_shift: 0.001895 LBFGS: function start/end, n_calls: -1746177.622121 -1746177.629003 101
cycle:  72 max_shift: 0.001805 LBFGS: function start/end, n_calls: -1746177.629003 -1746177.640747 101
cycle:  73 max_shift: 0.001201 LBFGS: function start/end, n_calls: -1746177.640747 -1746177.644338 101
cycle:  74 max_shift: 0.001551 LBFGS: function start/end, n_calls: -1746177.644338 -1746177.651145 101
cycle:  75 max_shift: 0.001546 LBFGS: function start/end, n_calls: -1746177.651145 -1746177.662067 101
cycle:  76 max_shift: 0.001625 LBFGS: function start/end, n_calls: -1746177.662067 -1746177.668650 101
cycle:  77 max_shift: 0.001445 LBFGS: function start/end, n_calls: -1746177.668650 -1746177.674110 101
cycle:  78 max_shift: 0.001290 LBFGS: function start/end, n_calls: -1746177.674110 -1746177.684957 101
cycle:  79 max_shift: 0.001434 LBFGS: function start/end, n_calls: -1746177.684957 -1746177.688847 101
cycle:  80 max_shift: 0.001833 LBFGS: function start/end, n_calls: -1746177.688847 -1746177.700367 101
cycle:  81 max_shift: 0.001025 LBFGS: function start/end, n_calls: -1746177.700367 -1746177.697898 101
cycle:  82 max_shift: 0.001775 LBFGS: function start/end, n_calls: -1746177.697898 -1746177.710615 101
cycle:  83 max_shift: 0.002096 LBFGS: function start/end, n_calls: -1746177.710615 -1746177.721163 101
cycle:  84 max_shift: 0.001824 LBFGS: function start/end, n_calls: -1746177.721163 -1746177.733356 101
cycle:  85 max_shift: 0.001323 LBFGS: function start/end, n_calls: -1746177.733356 -1746177.735376 101
cycle:  86 max_shift: 0.001632 LBFGS: function start/end, n_calls: -1746177.735376 -1746177.742632 101
cycle:  87 max_shift: 0.001249 LBFGS: function start/end, n_calls: -1746177.742632 -1746177.749888 101
cycle:  88 max_shift: 0.005326 LBFGS: function start/end, n_calls: -1746177.749888 -1746177.768290 101
cycle:  89 max_shift: 0.001423 LBFGS: function start/end, n_calls: -1746177.768290 -1746177.781530 101
cycle:  90 max_shift: 0.001078 LBFGS: function start/end, n_calls: -1746177.781530 -1746177.787515 101
cycle:  91 max_shift: 0.001124 LBFGS: function start/end, n_calls: -1746177.787515 -1746177.787739 101
cycle:  92 max_shift: 0.001037 LBFGS: function start/end, n_calls: -1746177.787739 -1746177.796267 101
cycle:  93 max_shift: 0.001437 LBFGS: function start/end, n_calls: -1746177.796267 -1746177.804047 101
cycle:  94 max_shift: 0.001610 LBFGS: function start/end, n_calls: -1746177.804047 -1746177.808834 101
cycle:  95 max_shift: 0.001203 LBFGS: function start/end, n_calls: -1746177.808834 -1746177.813996 101
cycle:  96 max_shift: 0.001314 LBFGS: function start/end, n_calls: -1746177.813996 -1746177.822374 101
cycle:  97 max_shift: 0.001394 LBFGS: function start/end, n_calls: -1746177.822374 -1746177.828583 101
cycle:  98 max_shift: 0.001284 LBFGS: function start/end, n_calls: -1746177.828583 -1746177.834268 101
cycle:  99 max_shift: 0.001361 LBFGS: function start/end, n_calls: -1746177.834268 -1746177.839130 101
final: bond:  0.009 angle:   1.23 clash:   0.0 rota:  0.00 rama: f: 100.00 o:   0.00 Z:  -2.89 cb:   0.00
See 2_refined.pdb in pdb folder.
Time: 915.1366
