Starting Q|R
version:   v1.0-208-g2886d5-dirty  
Running refinement
   input {
     xray_data {
       file_name = None
       labels = None
       high_resolution = None
       low_resolution = None
       outliers_rejection = True
       french_wilson_scale = True
       french_wilson {
         max_bins = 60
         min_bin_size = 40
       }
       sigma_fobs_rejection_criterion = None
       sigma_iobs_rejection_criterion = None
       ignore_all_zeros = True
       force_anomalous_flag_to_be_equal_to = None
       convert_to_non_anomalous_if_ratio_pairs_lone_less_than_threshold = 0.5
       r_free_flags {
         file_name = None
         label = None
         test_flag_value = None
         ignore_r_free_flags = False
         disable_suitability_test = False
         ignore_pdb_hexdigest = False
         generate = False
         fraction = 0.1
         max_free = 2000
         lattice_symmetry_max_delta = 5
         use_lattice_symmetry = True
         use_dataman_shells = False
         n_shells = 20
       }
     }
     pdb {
       file_name = None
     }
     monomers {
       file_name = None
     }
     maps {
       map_file_name = None
       d_min = None
       map_coefficients_file_name = None
       map_coefficients_label = None
     }
     sequence = None
     scattering_table = wk1995 it1992 *n_gaussian neutron electron
     wavelength = None
     energy = None
     twin_law = Auto
   }
   max_atoms = 15000
   debug = False
   cluster {
     fast_interaction = True
     charge_cutoff = 8.0
     clustering = false
     charge_embedding = False
     two_buffers = False
     maxnum_residues_in_cluster = 15
     select_within_radius = 10
     clustering_method = gnc *bcc
     altloc_method = average *subtract
     g_scan = 10 15 20
     g_mode = None
     save_clusters = True
     bond_with_altloc = True
     re_calculate_rmsd_tolerance = 0.5
   }
   restraints = cctbx *qm
   expansion = False
   quantum {
     engine_name = mopac ani *torchani terachem turbomole pyscf orca gaussian \
                   xtb
     basis = Auto
     charge = None
     method = Auto
     memory = None
     nproc = None
     qm_addon = gcp dftd3 gcp-d3
     qm_addon_method = None
   }
   refine {
     dry_run = False
     sf_algorithm = *direct fft
     refinement_target_name = *ml ls_wunit_k1
     mode = *opt refine gtest
     number_of_macro_cycles = 1
     number_of_weight_search_cycles = 50
     number_of_refine_cycles = 5
     number_of_micro_cycles = 100
     data_weight = None
     choose_best_use_r_work = False
     skip_weight_search = False
     adjust_restraints_weight_scale_value = 2
     max_iterations_weight = 50
     max_iterations_refine = 50
     use_ase_lbfgs = False
     line_search = True
     stpmax = 0.2
     gradient_only = true
     update_all_scales = True
     refine_sites = True
     refine_adp = False
     restraints_weight_scale = 1.0
     shake_sites = False
     use_convergence_test = True
     max_bond_rmsd = 0.03
     max_r_work_r_free_gap = 5.0
     r_tolerance = 0.001
     rmsd_tolerance = 0.01
     opt_log = False
     pre_opt = False
     pre_opt_stpmax = 0.1
     pre_opt_iter = 10
     pre_opt_switch = 2
     pre_opt_gconv = 3000
     minimizer = *lbfgs lbfgsb
   }
   parallel {
     method = *multiprocessing slurm pbs sge lsf threading
     nproc = None
     qsub_command = None
   }
   output_file_name_prefix = None
   output_folder_name = "pdb"
   rst_file = None
   dump_gradients = None

Setting QM defaults
  Setting QM method to HF
  Setting QM basis to 6-31g


***********************************************************
restart info will be stored in /home/yanting/work/aniserver_1_qr/ani_qr_test/cctbx_lbfgs/qr-ani-test/qr-ani/lbfgs/0.6/pdb/4.rst.pickle
***********************************************************

start: bond:  0.015 angle:   1.87 clash:   0.0 rota:  0.00 rama: f:  90.91 o:   0.00 Z:  -3.42 cb:   0.00
cycle:   0 max_shift: 0.351826 LBFGS: function start/end, n_calls: -1746106.353118 -1746165.749901 101
cycle:   1 max_shift: 0.358501 LBFGS: function start/end, n_calls: -1746165.749901 -1746173.035604 101
cycle:   2 max_shift: 0.190727 LBFGS: function start/end, n_calls: -1746173.035604 -1746176.839960 101
cycle:   3 max_shift: 0.236283 LBFGS: function start/end, n_calls: -1746176.839960 -1746179.215766 101
cycle:   4 max_shift: 0.134174 LBFGS: function start/end, n_calls: -1746179.215766 -1746180.909275 101
cycle:   5 max_shift: 0.048662 LBFGS: function start/end, n_calls: -1746180.909275 -1746181.482954 101
cycle:   6 max_shift: 0.034100 LBFGS: function start/end, n_calls: -1746181.482954 -1746181.751504 101
cycle:   7 max_shift: 0.013747 LBFGS: function start/end, n_calls: -1746181.751504 -1746181.899468 101
cycle:   8 max_shift: 0.008844 LBFGS: function start/end, n_calls: -1746181.899468 -1746181.972478 101
cycle:   9 max_shift: 0.006778 LBFGS: function start/end, n_calls: -1746181.972478 -1746182.025664 101
cycle:  10 max_shift: 0.003179 LBFGS: function start/end, n_calls: -1746182.025664 -1746182.056858 101
cycle:  11 max_shift: 0.011306 LBFGS: function start/end, n_calls: -1746182.056858 -1746182.124033 101
cycle:  12 max_shift: 0.004436 LBFGS: function start/end, n_calls: -1746182.124033 -1746182.190310 101
cycle:  13 max_shift: 0.005248 LBFGS: function start/end, n_calls: -1746182.190310 -1746182.231079 101
cycle:  14 max_shift: 0.003141 LBFGS: function start/end, n_calls: -1746182.231079 -1746182.252847 101
cycle:  15 max_shift: 0.005757 LBFGS: function start/end, n_calls: -1746182.252847 -1746182.299451 101
cycle:  16 max_shift: 0.009053 LBFGS: function start/end, n_calls: -1746182.299451 -1746182.345904 101
cycle:  17 max_shift: 0.003458 LBFGS: function start/end, n_calls: -1746182.345904 -1746182.392284 101
cycle:  18 max_shift: 0.005300 LBFGS: function start/end, n_calls: -1746182.392284 -1746182.425198 101
cycle:  19 max_shift: 0.003031 LBFGS: function start/end, n_calls: -1746182.425198 -1746182.458261 101
cycle:  20 max_shift: 0.002875 LBFGS: function start/end, n_calls: -1746182.458261 -1746182.474644 101
cycle:  21 max_shift: 0.002477 LBFGS: function start/end, n_calls: -1746182.474644 -1746182.497235 101
cycle:  22 max_shift: 0.004001 LBFGS: function start/end, n_calls: -1746182.497235 -1746182.525287 101
cycle:  23 max_shift: 0.002830 LBFGS: function start/end, n_calls: -1746182.525287 -1746182.550122 101
cycle:  24 max_shift: 0.003119 LBFGS: function start/end, n_calls: -1746182.550122 -1746182.572115 101
cycle:  25 max_shift: 0.002871 LBFGS: function start/end, n_calls: -1746182.572115 -1746182.593584 101
cycle:  26 max_shift: 0.003336 LBFGS: function start/end, n_calls: -1746182.593584 -1746182.616773 101
cycle:  27 max_shift: 0.003176 LBFGS: function start/end, n_calls: -1746182.616773 -1746182.642207 101
cycle:  28 max_shift: 0.003628 LBFGS: function start/end, n_calls: -1746182.642207 -1746182.665546 101
cycle:  29 max_shift: 0.002259 LBFGS: function start/end, n_calls: -1746182.665546 -1746182.686716 101
cycle:  30 max_shift: 0.002021 LBFGS: function start/end, n_calls: -1746182.686716 -1746182.695543 101
cycle:  31 max_shift: 0.002231 LBFGS: function start/end, n_calls: -1746182.695543 -1746182.715965 101
cycle:  32 max_shift: 0.002455 LBFGS: function start/end, n_calls: -1746182.715965 -1746182.731374 101
cycle:  33 max_shift: 0.003198 LBFGS: function start/end, n_calls: -1746182.731374 -1746182.751198 101
cycle:  34 max_shift: 0.002471 LBFGS: function start/end, n_calls: -1746182.751198 -1746182.778277 101
cycle:  35 max_shift: 0.003040 LBFGS: function start/end, n_calls: -1746182.778277 -1746182.798100 101
cycle:  36 max_shift: 0.002158 LBFGS: function start/end, n_calls: -1746182.798100 -1746182.816577 101
cycle:  37 max_shift: 0.002289 LBFGS: function start/end, n_calls: -1746182.816577 -1746182.830267 101
cycle:  38 max_shift: 0.001673 LBFGS: function start/end, n_calls: -1746182.830267 -1746182.845003 101
cycle:  39 max_shift: 0.002230 LBFGS: function start/end, n_calls: -1746182.845003 -1746182.860413 101
cycle:  40 max_shift: 0.006521 LBFGS: function start/end, n_calls: -1746182.860413 -1746182.873279 101
cycle:  41 max_shift: 0.003244 LBFGS: function start/end, n_calls: -1746182.873279 -1746182.907241 101
cycle:  42 max_shift: 0.001853 LBFGS: function start/end, n_calls: -1746182.907241 -1746182.927513 101
cycle:  43 max_shift: 0.002089 LBFGS: function start/end, n_calls: -1746182.927513 -1746182.940529 101
cycle:  44 max_shift: 0.001580 LBFGS: function start/end, n_calls: -1746182.940529 -1746182.953470 101
cycle:  45 max_shift: 0.001590 LBFGS: function start/end, n_calls: -1746182.953470 -1746182.957659 101
cycle:  46 max_shift: 0.001805 LBFGS: function start/end, n_calls: -1746182.957659 -1746182.978829 101
cycle:  47 max_shift: 0.001750 LBFGS: function start/end, n_calls: -1746182.978829 -1746182.988479 101
cycle:  48 max_shift: 0.001592 LBFGS: function start/end, n_calls: -1746182.988479 -1746182.998278 101
cycle:  49 max_shift: 0.002362 LBFGS: function start/end, n_calls: -1746182.998278 -1746183.012491 101
cycle:  50 max_shift: 0.001592 LBFGS: function start/end, n_calls: -1746183.012491 -1746183.024161 101
cycle:  51 max_shift: 0.001712 LBFGS: function start/end, n_calls: -1746183.024161 -1746183.033960 101
cycle:  52 max_shift: 0.001893 LBFGS: function start/end, n_calls: -1746183.033960 -1746183.045106 101
cycle:  53 max_shift: 0.001633 LBFGS: function start/end, n_calls: -1746183.045106 -1746183.060741 101
cycle:  54 max_shift: 0.001215 LBFGS: function start/end, n_calls: -1746183.060741 -1746183.068371 101
cycle:  55 max_shift: 0.001910 LBFGS: function start/end, n_calls: -1746183.068371 -1746183.081088 101
cycle:  56 max_shift: 0.001314 LBFGS: function start/end, n_calls: -1746183.081088 -1746183.086324 101
cycle:  57 max_shift: 0.001905 LBFGS: function start/end, n_calls: -1746183.086324 -1746183.102631 101
cycle:  58 max_shift: 0.002980 LBFGS: function start/end, n_calls: -1746183.102631 -1746183.123726 101
cycle:  59 max_shift: 0.001147 LBFGS: function start/end, n_calls: -1746183.123726 -1746183.128888 101
cycle:  60 max_shift: 0.001386 LBFGS: function start/end, n_calls: -1746183.128888 -1746183.137790 101
cycle:  61 max_shift: 0.001993 LBFGS: function start/end, n_calls: -1746183.137790 -1746183.150731 101
cycle:  62 max_shift: 0.001272 LBFGS: function start/end, n_calls: -1746183.150731 -1746183.160082 101
cycle:  63 max_shift: 0.002093 LBFGS: function start/end, n_calls: -1746183.160082 -1746183.174070 101
cycle:  64 max_shift: 0.001667 LBFGS: function start/end, n_calls: -1746183.174070 -1746183.187011 101
cycle:  65 max_shift: 0.001491 LBFGS: function start/end, n_calls: -1746183.187011 -1746183.189779 101
cycle:  66 max_shift: 0.001152 LBFGS: function start/end, n_calls: -1746183.189779 -1746183.204217 101
cycle:  67 max_shift: 0.001141 LBFGS: function start/end, n_calls: -1746183.204217 -1746183.210650 101
cycle:  68 max_shift: 0.001410 LBFGS: function start/end, n_calls: -1746183.210650 -1746183.220823 101
cycle:  69 max_shift: 0.001392 LBFGS: function start/end, n_calls: -1746183.220823 -1746183.225835 101
cycle:  70 max_shift: 0.002804 LBFGS: function start/end, n_calls: -1746183.225835 -1746183.244013 101
cycle:  71 max_shift: 0.001244 LBFGS: function start/end, n_calls: -1746183.244013 -1746183.249623 101
cycle:  72 max_shift: 0.001655 LBFGS: function start/end, n_calls: -1746183.249623 -1746183.262265 101
cycle:  73 max_shift: 0.001690 LBFGS: function start/end, n_calls: -1746183.262265 -1746183.270793 101
cycle:  74 max_shift: 0.001757 LBFGS: function start/end, n_calls: -1746183.270793 -1746183.284108 101
cycle:  75 max_shift: 0.001300 LBFGS: function start/end, n_calls: -1746183.284108 -1746183.290392 101
cycle:  76 max_shift: 0.001675 LBFGS: function start/end, n_calls: -1746183.290392 -1746183.300416 101
cycle:  77 max_shift: 0.001063 LBFGS: function start/end, n_calls: -1746183.300416 -1746183.312160 101
cycle:  78 max_shift: 0.001053 LBFGS: function start/end, n_calls: -1746183.312160 -1746183.318967 101
cycle:  79 max_shift: 0.001332 LBFGS: function start/end, n_calls: -1746183.318967 -1746183.323605 101
cycle:  80 max_shift: 0.001116 LBFGS: function start/end, n_calls: -1746183.323605 -1746183.329290 101
cycle:  81 max_shift: 0.001139 LBFGS: function start/end, n_calls: -1746183.329290 -1746183.339838 101
cycle:  82 max_shift: 0.001183 LBFGS: function start/end, n_calls: -1746183.339838 -1746183.347618 101
cycle:  83 max_shift: 0.001195 LBFGS: function start/end, n_calls: -1746183.347618 -1746183.345299 101
cycle:  84 max_shift: 0.010286 LBFGS: function start/end, n_calls: -1746183.345299 -1746182.144230 101
cycle:  85 max_shift: 0.010593 LBFGS: function start/end, n_calls: -1746182.144230 -1746183.323530 101
cycle:  86 max_shift: 0.001549 LBFGS: function start/end, n_calls: -1746183.323530 -1746183.343578 101
cycle:  87 max_shift: 0.000925 LBFGS: function start/end, n_calls: -1746183.343578 -1746183.350984 101
cycle:  88 max_shift: 0.003520 LBFGS: function start/end, n_calls: -1746183.350984 -1746183.361756 101
cycle:  89 max_shift: 0.001699 LBFGS: function start/end, n_calls: -1746183.361756 -1746183.376792 101
cycle:  90 max_shift: 0.001319 LBFGS: function start/end, n_calls: -1746183.376792 -1746183.385918 101
cycle:  91 max_shift: 0.001003 LBFGS: function start/end, n_calls: -1746183.385918 -1746183.389209 101
cycle:  92 max_shift: 0.001013 LBFGS: function start/end, n_calls: -1746183.389209 -1746183.394221 101
cycle:  93 max_shift: 0.003016 LBFGS: function start/end, n_calls: -1746183.394221 -1746183.318967 101
cycle:  94 max_shift: 0.003029 LBFGS: function start/end, n_calls: -1746183.318967 -1746183.406788 101
cycle:  95 max_shift: 0.001369 LBFGS: function start/end, n_calls: -1746183.406788 -1746183.420029 101
cycle:  96 max_shift: 0.001071 LBFGS: function start/end, n_calls: -1746183.420029 -1746183.421525 101
cycle:  97 max_shift: 0.001136 LBFGS: function start/end, n_calls: -1746183.421525 -1746183.431474 101
cycle:  98 max_shift: 0.001300 LBFGS: function start/end, n_calls: -1746183.431474 -1746183.438805 101
cycle:  99 max_shift: 0.001011 LBFGS: function start/end, n_calls: -1746183.438805 -1746183.444041 101
final: bond:  0.008 angle:   1.07 clash:   0.0 rota:  0.00 rama: f: 100.00 o:   0.00 Z:  -0.18 cb:   0.00
See 4_refined.pdb in pdb folder.
Time: 968.2109
