Starting Q|R
version:   v1.0-208-g2886d5-dirty  
Running refinement
   input {
     xray_data {
       file_name = None
       labels = None
       high_resolution = None
       low_resolution = None
       outliers_rejection = True
       french_wilson_scale = True
       french_wilson {
         max_bins = 60
         min_bin_size = 40
       }
       sigma_fobs_rejection_criterion = None
       sigma_iobs_rejection_criterion = None
       ignore_all_zeros = True
       force_anomalous_flag_to_be_equal_to = None
       convert_to_non_anomalous_if_ratio_pairs_lone_less_than_threshold = 0.5
       r_free_flags {
         file_name = None
         label = None
         test_flag_value = None
         ignore_r_free_flags = False
         disable_suitability_test = False
         ignore_pdb_hexdigest = False
         generate = False
         fraction = 0.1
         max_free = 2000
         lattice_symmetry_max_delta = 5
         use_lattice_symmetry = True
         use_dataman_shells = False
         n_shells = 20
       }
     }
     pdb {
       file_name = None
     }
     monomers {
       file_name = None
     }
     maps {
       map_file_name = None
       d_min = None
       map_coefficients_file_name = None
       map_coefficients_label = None
     }
     sequence = None
     scattering_table = wk1995 it1992 *n_gaussian neutron electron
     wavelength = None
     energy = None
     twin_law = Auto
   }
   max_atoms = 15000
   debug = False
   cluster {
     fast_interaction = True
     charge_cutoff = 8.0
     clustering = false
     charge_embedding = False
     two_buffers = False
     maxnum_residues_in_cluster = 15
     select_within_radius = 10
     clustering_method = gnc *bcc
     altloc_method = average *subtract
     g_scan = 10 15 20
     g_mode = None
     save_clusters = True
     bond_with_altloc = True
     re_calculate_rmsd_tolerance = 0.5
   }
   restraints = cctbx *qm
   expansion = False
   quantum {
     engine_name = mopac ani *torchani terachem turbomole pyscf orca gaussian \
                   xtb
     basis = Auto
     charge = None
     method = Auto
     memory = None
     nproc = None
     qm_addon = gcp dftd3 gcp-d3
     qm_addon_method = None
   }
   refine {
     dry_run = False
     sf_algorithm = *direct fft
     refinement_target_name = *ml ls_wunit_k1
     mode = *opt refine gtest
     number_of_macro_cycles = 1
     number_of_weight_search_cycles = 50
     number_of_refine_cycles = 5
     number_of_micro_cycles = 100
     data_weight = None
     choose_best_use_r_work = False
     skip_weight_search = False
     adjust_restraints_weight_scale_value = 2
     max_iterations_weight = 50
     max_iterations_refine = 50
     use_ase_lbfgs = False
     line_search = True
     stpmax = 0.2
     gradient_only = true
     update_all_scales = True
     refine_sites = True
     refine_adp = False
     restraints_weight_scale = 1.0
     shake_sites = False
     use_convergence_test = True
     max_bond_rmsd = 0.03
     max_r_work_r_free_gap = 5.0
     r_tolerance = 0.001
     rmsd_tolerance = 0.01
     opt_log = False
     pre_opt = False
     pre_opt_stpmax = 0.1
     pre_opt_iter = 10
     pre_opt_switch = 2
     pre_opt_gconv = 3000
     minimizer = *lbfgs lbfgsb
   }
   parallel {
     method = *multiprocessing slurm pbs sge lsf threading
     nproc = None
     qsub_command = None
   }
   output_file_name_prefix = None
   output_folder_name = "pdb"
   rst_file = None
   dump_gradients = None

Setting QM defaults
  Setting QM method to HF
  Setting QM basis to 6-31g


***********************************************************
restart info will be stored in /home/yanting/work/aniserver_1_qr/ani_qr_test/cctbx_lbfgs/qr-ani-test/qr-ani/lbfgs/0.6/pdb/5.rst.pickle
***********************************************************

start: bond:  0.014 angle:   1.51 clash:   0.0 rota:  0.00 rama: f: 100.00 o:   0.00 Z:  -4.44 cb:   0.00
cycle:   0 max_shift: 0.554406 LBFGS: function start/end, n_calls: -1746117.437343 -1746171.880167 101
cycle:   1 max_shift: 0.346339 LBFGS: function start/end, n_calls: -1746171.880167 -1746177.088014 101
cycle:   2 max_shift: 0.160461 LBFGS: function start/end, n_calls: -1746177.088014 -1746179.089121 101
cycle:   3 max_shift: 0.089210 LBFGS: function start/end, n_calls: -1746179.089121 -1746179.926488 101
cycle:   4 max_shift: 0.047003 LBFGS: function start/end, n_calls: -1746179.926488 -1746180.317942 101
cycle:   5 max_shift: 0.020746 LBFGS: function start/end, n_calls: -1746180.317942 -1746180.519093 101
cycle:   6 max_shift: 0.013138 LBFGS: function start/end, n_calls: -1746180.519093 -1746180.637060 101
cycle:   7 max_shift: 0.006124 LBFGS: function start/end, n_calls: -1746180.637060 -1746180.689723 101
cycle:   8 max_shift: 0.008167 LBFGS: function start/end, n_calls: -1746180.689723 -1746180.745602 101
cycle:   9 max_shift: 0.003778 LBFGS: function start/end, n_calls: -1746180.745602 -1746180.792430 101
cycle:  10 max_shift: 0.007095 LBFGS: function start/end, n_calls: -1746180.792430 -1746180.833947 101
cycle:  11 max_shift: 0.006968 LBFGS: function start/end, n_calls: -1746180.833947 -1746180.889227 101
cycle:  12 max_shift: 0.003699 LBFGS: function start/end, n_calls: -1746180.889227 -1746180.929099 101
cycle:  13 max_shift: 0.003194 LBFGS: function start/end, n_calls: -1746180.929099 -1746180.945780 101
cycle:  14 max_shift: 0.002977 LBFGS: function start/end, n_calls: -1746180.945780 -1746180.972934 101
cycle:  15 max_shift: 0.002311 LBFGS: function start/end, n_calls: -1746180.972934 -1746180.987895 101
cycle:  16 max_shift: 0.002342 LBFGS: function start/end, n_calls: -1746180.987895 -1746181.006746 101
cycle:  17 max_shift: 0.003356 LBFGS: function start/end, n_calls: -1746181.006746 -1746181.024924 101
cycle:  18 max_shift: 0.002626 LBFGS: function start/end, n_calls: -1746181.024924 -1746181.045794 101
cycle:  19 max_shift: 0.002994 LBFGS: function start/end, n_calls: -1746181.045794 -1746181.067338 101
cycle:  20 max_shift: 0.004707 LBFGS: function start/end, n_calls: -1746181.067338 -1746181.101748 101
cycle:  21 max_shift: 0.003821 LBFGS: function start/end, n_calls: -1746181.101748 -1746181.132792 101
cycle:  22 max_shift: 0.002417 LBFGS: function start/end, n_calls: -1746181.132792 -1746181.147005 101
cycle:  23 max_shift: 0.003700 LBFGS: function start/end, n_calls: -1746181.147005 -1746181.165632 101
cycle:  24 max_shift: 0.003571 LBFGS: function start/end, n_calls: -1746181.165632 -1746181.196152 101
cycle:  25 max_shift: 0.003113 LBFGS: function start/end, n_calls: -1746181.196152 -1746181.216649 101
cycle:  26 max_shift: 0.004711 LBFGS: function start/end, n_calls: -1746181.216649 -1746181.239015 101
cycle:  27 max_shift: 0.003603 LBFGS: function start/end, n_calls: -1746181.239015 -1746181.264674 101
cycle:  28 max_shift: 0.004597 LBFGS: function start/end, n_calls: -1746181.264674 -1746181.251433 101
cycle:  29 max_shift: 0.004706 LBFGS: function start/end, n_calls: -1746181.251433 -1746181.317710 101
cycle:  30 max_shift: 0.003075 LBFGS: function start/end, n_calls: -1746181.317710 -1746181.337010 101
cycle:  31 max_shift: 0.002828 LBFGS: function start/end, n_calls: -1746181.337010 -1746181.351597 101
cycle:  32 max_shift: 0.002355 LBFGS: function start/end, n_calls: -1746181.351597 -1746181.367007 101
cycle:  33 max_shift: 0.001727 LBFGS: function start/end, n_calls: -1746181.367007 -1746181.377255 101
cycle:  34 max_shift: 0.002005 LBFGS: function start/end, n_calls: -1746181.377255 -1746181.390271 101
cycle:  35 max_shift: 0.002084 LBFGS: function start/end, n_calls: -1746181.390271 -1746181.400893 101
cycle:  36 max_shift: 0.002314 LBFGS: function start/end, n_calls: -1746181.400893 -1746181.415480 101
cycle:  37 max_shift: 0.002463 LBFGS: function start/end, n_calls: -1746181.415480 -1746181.428646 101
cycle:  38 max_shift: 0.003071 LBFGS: function start/end, n_calls: -1746181.428646 -1746181.448395 101
cycle:  39 max_shift: 0.001813 LBFGS: function start/end, n_calls: -1746181.448395 -1746181.459989 101
cycle:  40 max_shift: 0.002769 LBFGS: function start/end, n_calls: -1746181.459989 -1746181.471360 101
cycle:  41 max_shift: 0.002328 LBFGS: function start/end, n_calls: -1746181.471360 -1746181.488041 101
cycle:  42 max_shift: 0.003263 LBFGS: function start/end, n_calls: -1746181.488041 -1746181.501805 101
cycle:  43 max_shift: 0.002014 LBFGS: function start/end, n_calls: -1746181.501805 -1746181.514971 101
cycle:  44 max_shift: 0.002650 LBFGS: function start/end, n_calls: -1746181.514971 -1746181.511455 101
cycle:  45 max_shift: 0.003503 LBFGS: function start/end, n_calls: -1746181.511455 -1746181.552149 101
cycle:  46 max_shift: 0.001890 LBFGS: function start/end, n_calls: -1746181.552149 -1746181.561799 101
cycle:  47 max_shift: 0.001878 LBFGS: function start/end, n_calls: -1746181.561799 -1746181.573020 101
cycle:  48 max_shift: 0.002779 LBFGS: function start/end, n_calls: -1746181.573020 -1746181.588429 101
cycle:  49 max_shift: 0.002204 LBFGS: function start/end, n_calls: -1746181.588429 -1746181.594937 101
cycle:  50 max_shift: 0.001990 LBFGS: function start/end, n_calls: -1746181.594937 -1746181.609898 101
cycle:  51 max_shift: 0.001861 LBFGS: function start/end, n_calls: -1746181.609898 -1746181.619997 101
cycle:  52 max_shift: 0.001408 LBFGS: function start/end, n_calls: -1746181.619997 -1746181.626206 101
cycle:  53 max_shift: 0.002833 LBFGS: function start/end, n_calls: -1746181.626206 -1746181.643561 101
cycle:  54 max_shift: 0.002341 LBFGS: function start/end, n_calls: -1746181.643561 -1746181.654707 101
cycle:  55 max_shift: 0.002483 LBFGS: function start/end, n_calls: -1746181.654707 -1746181.666675 101
cycle:  56 max_shift: 0.002465 LBFGS: function start/end, n_calls: -1746181.666675 -1746181.685975 101
cycle:  57 max_shift: 0.001889 LBFGS: function start/end, n_calls: -1746181.685975 -1746181.688593 101
cycle:  58 max_shift: 0.002495 LBFGS: function start/end, n_calls: -1746181.688593 -1746181.705798 101
cycle:  59 max_shift: 0.001753 LBFGS: function start/end, n_calls: -1746181.705798 -1746181.714625 101
cycle:  60 max_shift: 0.002061 LBFGS: function start/end, n_calls: -1746181.714625 -1746181.728838 101
cycle:  61 max_shift: 0.002099 LBFGS: function start/end, n_calls: -1746181.728838 -1746181.736693 101
cycle:  62 max_shift: 0.002365 LBFGS: function start/end, n_calls: -1746181.736693 -1746181.749260 101
cycle:  63 max_shift: 0.001763 LBFGS: function start/end, n_calls: -1746181.749260 -1746181.759658 101
cycle:  64 max_shift: 0.002469 LBFGS: function start/end, n_calls: -1746181.759658 -1746181.767887 101
cycle:  65 max_shift: 0.001866 LBFGS: function start/end, n_calls: -1746181.767887 -1746181.778284 101
cycle:  66 max_shift: 0.002213 LBFGS: function start/end, n_calls: -1746181.778284 -1746181.789056 101
cycle:  67 max_shift: 0.002150 LBFGS: function start/end, n_calls: -1746181.789056 -1746181.803120 101
cycle:  68 max_shift: 0.002071 LBFGS: function start/end, n_calls: -1746181.803120 -1746181.812844 101
cycle:  69 max_shift: 0.001521 LBFGS: function start/end, n_calls: -1746181.812844 -1746181.816061 101
cycle:  70 max_shift: 0.001893 LBFGS: function start/end, n_calls: -1746181.816061 -1746181.827282 101
cycle:  71 max_shift: 0.009626 LBFGS: function start/end, n_calls: -1746181.827282 -1746181.299982 101
cycle:  72 max_shift: 0.009882 LBFGS: function start/end, n_calls: -1746181.299982 -1746181.890193 101
cycle:  73 max_shift: 0.003168 LBFGS: function start/end, n_calls: -1746181.890193 -1746181.904929 101
cycle:  74 max_shift: 0.002218 LBFGS: function start/end, n_calls: -1746181.904929 -1746181.921087 101
cycle:  75 max_shift: 0.001961 LBFGS: function start/end, n_calls: -1746181.921087 -1746181.930438 101
cycle:  76 max_shift: 0.001922 LBFGS: function start/end, n_calls: -1746181.930438 -1746181.942481 101
cycle:  77 max_shift: 0.002065 LBFGS: function start/end, n_calls: -1746181.942481 -1746181.953029 101
cycle:  78 max_shift: 0.002081 LBFGS: function start/end, n_calls: -1746181.953029 -1746181.960659 101
cycle:  79 max_shift: 0.004815 LBFGS: function start/end, n_calls: -1746181.960659 -1746181.661738 101
cycle:  80 max_shift: 0.005017 LBFGS: function start/end, n_calls: -1746181.661738 -1746181.981155 101
cycle:  81 max_shift: 0.002347 LBFGS: function start/end, n_calls: -1746181.981155 -1746181.999483 101
cycle:  82 max_shift: 0.002471 LBFGS: function start/end, n_calls: -1746181.999483 -1746182.015117 101
cycle:  83 max_shift: 0.015114 LBFGS: function start/end, n_calls: -1746182.015117 -1746179.782713 101
cycle:  84 max_shift: 0.013866 LBFGS: function start/end, n_calls: -1746179.782713 -1746182.093064 101
cycle:  85 max_shift: 0.004266 LBFGS: function start/end, n_calls: -1746182.093064 -1746182.120592 101
cycle:  86 max_shift: 0.002552 LBFGS: function start/end, n_calls: -1746182.120592 -1746182.140864 101
cycle:  87 max_shift: 0.002836 LBFGS: function start/end, n_calls: -1746182.140864 -1746182.154254 101
cycle:  88 max_shift: 0.002365 LBFGS: function start/end, n_calls: -1746182.154254 -1746182.166896 101
cycle:  89 max_shift: 0.001938 LBFGS: function start/end, n_calls: -1746182.166896 -1746182.163904 101
cycle:  90 max_shift: 0.002320 LBFGS: function start/end, n_calls: -1746182.163904 -1746182.184101 101
cycle:  91 max_shift: 0.002211 LBFGS: function start/end, n_calls: -1746182.184101 -1746182.197641 101
cycle:  92 max_shift: 0.001330 LBFGS: function start/end, n_calls: -1746182.197641 -1746182.202279 101
cycle:  93 max_shift: 0.001723 LBFGS: function start/end, n_calls: -1746182.202279 -1746182.210133 101
cycle:  94 max_shift: 0.001268 LBFGS: function start/end, n_calls: -1746182.210133 -1746182.217015 101
cycle:  95 max_shift: 0.002618 LBFGS: function start/end, n_calls: -1746182.217015 -1746182.224795 101
cycle:  96 max_shift: 0.001594 LBFGS: function start/end, n_calls: -1746182.224795 -1746182.236390 101
cycle:  97 max_shift: 0.001463 LBFGS: function start/end, n_calls: -1746182.236390 -1746182.246264 101
cycle:  98 max_shift: 0.001160 LBFGS: function start/end, n_calls: -1746182.246264 -1746182.251127 101
cycle:  99 max_shift: 0.006439 LBFGS: function start/end, n_calls: -1746182.251127 -1746181.728165 101
final: bond:  0.009 angle:   0.95 clash:   0.0 rota:  0.00 rama: f: 100.00 o:   0.00 Z:   6.34 cb:   0.00
See 5_refined.pdb in pdb folder.
Time: 966.0599
