Starting Q|R
version:   v1.0-208-g2886d5-dirty  
Running refinement
   input {
     xray_data {
       file_name = None
       labels = None
       high_resolution = None
       low_resolution = None
       outliers_rejection = True
       french_wilson_scale = True
       french_wilson {
         max_bins = 60
         min_bin_size = 40
       }
       sigma_fobs_rejection_criterion = None
       sigma_iobs_rejection_criterion = None
       ignore_all_zeros = True
       force_anomalous_flag_to_be_equal_to = None
       convert_to_non_anomalous_if_ratio_pairs_lone_less_than_threshold = 0.5
       r_free_flags {
         file_name = None
         label = None
         test_flag_value = None
         ignore_r_free_flags = False
         disable_suitability_test = False
         ignore_pdb_hexdigest = False
         generate = False
         fraction = 0.1
         max_free = 2000
         lattice_symmetry_max_delta = 5
         use_lattice_symmetry = True
         use_dataman_shells = False
         n_shells = 20
       }
     }
     pdb {
       file_name = None
     }
     monomers {
       file_name = None
     }
     maps {
       map_file_name = None
       d_min = None
       map_coefficients_file_name = None
       map_coefficients_label = None
     }
     sequence = None
     scattering_table = wk1995 it1992 *n_gaussian neutron electron
     wavelength = None
     energy = None
     twin_law = Auto
   }
   max_atoms = 15000
   debug = False
   cluster {
     fast_interaction = True
     charge_cutoff = 8.0
     clustering = false
     charge_embedding = False
     two_buffers = False
     maxnum_residues_in_cluster = 15
     select_within_radius = 10
     clustering_method = gnc *bcc
     altloc_method = average *subtract
     g_scan = 10 15 20
     g_mode = None
     save_clusters = True
     bond_with_altloc = True
     re_calculate_rmsd_tolerance = 0.5
   }
   restraints = cctbx *qm
   expansion = False
   quantum {
     engine_name = mopac ani *torchani terachem turbomole pyscf orca gaussian \
                   xtb
     basis = Auto
     charge = None
     method = Auto
     memory = None
     nproc = None
     qm_addon = gcp dftd3 gcp-d3
     qm_addon_method = None
   }
   refine {
     dry_run = False
     sf_algorithm = *direct fft
     refinement_target_name = *ml ls_wunit_k1
     mode = *opt refine gtest
     number_of_macro_cycles = 1
     number_of_weight_search_cycles = 50
     number_of_refine_cycles = 5
     number_of_micro_cycles = 100
     data_weight = None
     choose_best_use_r_work = False
     skip_weight_search = False
     adjust_restraints_weight_scale_value = 2
     max_iterations_weight = 50
     max_iterations_refine = 50
     use_ase_lbfgs = False
     line_search = True
     stpmax = 0.2
     gradient_only = true
     update_all_scales = True
     refine_sites = True
     refine_adp = False
     restraints_weight_scale = 1.0
     shake_sites = False
     use_convergence_test = True
     max_bond_rmsd = 0.03
     max_r_work_r_free_gap = 5.0
     r_tolerance = 0.001
     rmsd_tolerance = 0.01
     opt_log = False
     pre_opt = False
     pre_opt_stpmax = 0.1
     pre_opt_iter = 10
     pre_opt_switch = 2
     pre_opt_gconv = 3000
     minimizer = *lbfgs lbfgsb
   }
   parallel {
     method = *multiprocessing slurm pbs sge lsf threading
     nproc = None
     qsub_command = None
   }
   output_file_name_prefix = None
   output_folder_name = "pdb"
   rst_file = None
   dump_gradients = None

Setting QM defaults
  Setting QM method to HF
  Setting QM basis to 6-31g


***********************************************************
restart info will be stored in /home/yanting/work/aniserver_1_qr/ani_qr_test/cctbx_lbfgs/qr-ani-test/qr-ani/lbfgs/0.6/pdb/9.rst.pickle
***********************************************************

start: bond:  0.013 angle:   1.79 clash:  22.0 rota:  0.00 rama: f:  90.91 o:   0.00 Z:  -5.70 cb:   0.00
cycle:   0 max_shift: 0.517049 LBFGS: function start/end, n_calls: -1746105.541933 -1746167.818482 101
cycle:   1 max_shift: 0.329425 LBFGS: function start/end, n_calls: -1746167.818482 -1746171.953177 101
cycle:   2 max_shift: 0.243818 LBFGS: function start/end, n_calls: -1746171.953177 -1746175.181160 101
cycle:   3 max_shift: 0.155739 LBFGS: function start/end, n_calls: -1746175.181160 -1746176.907285 101
cycle:   4 max_shift: 0.090305 LBFGS: function start/end, n_calls: -1746176.907285 -1746177.765522 101
cycle:   5 max_shift: 0.057311 LBFGS: function start/end, n_calls: -1746177.765522 -1746178.165355 101
cycle:   6 max_shift: 0.022683 LBFGS: function start/end, n_calls: -1746178.165355 -1746178.376753 101
cycle:   7 max_shift: 0.011364 LBFGS: function start/end, n_calls: -1746178.376753 -1746178.445798 101
cycle:   8 max_shift: 0.007079 LBFGS: function start/end, n_calls: -1746178.445798 -1746178.494496 101
cycle:   9 max_shift: 0.004119 LBFGS: function start/end, n_calls: -1746178.494496 -1746178.525466 101
cycle:  10 max_shift: 0.006497 LBFGS: function start/end, n_calls: -1746178.525466 -1746178.555388 101
cycle:  11 max_shift: 0.006957 LBFGS: function start/end, n_calls: -1746178.555388 -1746178.607078 101
cycle:  12 max_shift: 0.003203 LBFGS: function start/end, n_calls: -1746178.607078 -1746178.631165 101
cycle:  13 max_shift: 0.003464 LBFGS: function start/end, n_calls: -1746178.631165 -1746178.645827 101
cycle:  14 max_shift: 0.002612 LBFGS: function start/end, n_calls: -1746178.645827 -1746178.670288 101
cycle:  15 max_shift: 0.003592 LBFGS: function start/end, n_calls: -1746178.670288 -1746178.688690 101
cycle:  16 max_shift: 0.002901 LBFGS: function start/end, n_calls: -1746178.688690 -1746178.713525 101
cycle:  17 max_shift: 0.002170 LBFGS: function start/end, n_calls: -1746178.713525 -1746178.721903 101
cycle:  18 max_shift: 0.004251 LBFGS: function start/end, n_calls: -1746178.721903 -1746178.739557 101
cycle:  19 max_shift: 0.003479 LBFGS: function start/end, n_calls: -1746178.739557 -1746178.770227 101
cycle:  20 max_shift: 0.002650 LBFGS: function start/end, n_calls: -1746178.770227 -1746178.787732 101
cycle:  21 max_shift: 0.002211 LBFGS: function start/end, n_calls: -1746178.787732 -1746178.801346 101
cycle:  22 max_shift: 0.002297 LBFGS: function start/end, n_calls: -1746178.801346 -1746178.817429 101
cycle:  23 max_shift: 0.002633 LBFGS: function start/end, n_calls: -1746178.817429 -1746178.830969 101
cycle:  24 max_shift: 0.002513 LBFGS: function start/end, n_calls: -1746178.830969 -1746178.844434 101
cycle:  25 max_shift: 0.003071 LBFGS: function start/end, n_calls: -1746178.844434 -1746178.863958 101
cycle:  26 max_shift: 0.002668 LBFGS: function start/end, n_calls: -1746178.863958 -1746178.883707 101
cycle:  27 max_shift: 0.002180 LBFGS: function start/end, n_calls: -1746178.883707 -1746178.894104 101
cycle:  28 max_shift: 0.004032 LBFGS: function start/end, n_calls: -1746178.894104 -1746178.910562 101
cycle:  29 max_shift: 0.001726 LBFGS: function start/end, n_calls: -1746178.910562 -1746178.924176 101
cycle:  30 max_shift: 0.002384 LBFGS: function start/end, n_calls: -1746178.924176 -1746178.933826 101
cycle:  31 max_shift: 0.002351 LBFGS: function start/end, n_calls: -1746178.933826 -1746178.952228 101
cycle:  32 max_shift: 0.001464 LBFGS: function start/end, n_calls: -1746178.952228 -1746178.963075 101
cycle:  33 max_shift: 0.001956 LBFGS: function start/end, n_calls: -1746178.963075 -1746178.972724 101
cycle:  34 max_shift: 0.001850 LBFGS: function start/end, n_calls: -1746178.972724 -1746178.976614 101
cycle:  35 max_shift: 0.002819 LBFGS: function start/end, n_calls: -1746178.976614 -1746179.000103 101
cycle:  36 max_shift: 0.001760 LBFGS: function start/end, n_calls: -1746179.000103 -1746179.007808 101
cycle:  37 max_shift: 0.002032 LBFGS: function start/end, n_calls: -1746179.007808 -1746179.019178 101
cycle:  38 max_shift: 0.001390 LBFGS: function start/end, n_calls: -1746179.019178 -1746179.025312 101
cycle:  39 max_shift: 0.003935 LBFGS: function start/end, n_calls: -1746179.025312 -1746179.013044 101
cycle:  40 max_shift: 0.003161 LBFGS: function start/end, n_calls: -1746179.013044 -1746179.067353 101
cycle:  41 max_shift: 0.001891 LBFGS: function start/end, n_calls: -1746179.067353 -1746179.073187 101
cycle:  42 max_shift: 0.003876 LBFGS: function start/end, n_calls: -1746179.073187 -1746179.073113 101
cycle:  43 max_shift: 0.002630 LBFGS: function start/end, n_calls: -1746179.073113 -1746179.108271 101
cycle:  44 max_shift: 0.002508 LBFGS: function start/end, n_calls: -1746179.108271 -1746179.114480 101
cycle:  45 max_shift: 0.003161 LBFGS: function start/end, n_calls: -1746179.114480 -1746179.136921 101
cycle:  46 max_shift: 0.001282 LBFGS: function start/end, n_calls: -1746179.136921 -1746179.149040 101
cycle:  47 max_shift: 0.001875 LBFGS: function start/end, n_calls: -1746179.149040 -1746179.156221 101
cycle:  48 max_shift: 0.001780 LBFGS: function start/end, n_calls: -1746179.156221 -1746179.164450 101
cycle:  49 max_shift: 0.001960 LBFGS: function start/end, n_calls: -1746179.164450 -1746179.179037 101
cycle:  50 max_shift: 0.005797 LBFGS: function start/end, n_calls: -1746179.179037 -1746178.698789 101
cycle:  51 max_shift: 0.007403 LBFGS: function start/end, n_calls: -1746178.698789 -1746179.173576 101
cycle:  52 max_shift: 0.003089 LBFGS: function start/end, n_calls: -1746179.173576 -1746179.198486 101
cycle:  53 max_shift: 0.002945 LBFGS: function start/end, n_calls: -1746179.198486 -1746179.207836 101
cycle:  54 max_shift: 0.001703 LBFGS: function start/end, n_calls: -1746179.207836 -1746179.221376 101
cycle:  55 max_shift: 0.001514 LBFGS: function start/end, n_calls: -1746179.221376 -1746179.228707 101
cycle:  56 max_shift: 0.002919 LBFGS: function start/end, n_calls: -1746179.228707 -1746179.237534 101
cycle:  57 max_shift: 0.002051 LBFGS: function start/end, n_calls: -1746179.237534 -1746179.258405 101
cycle:  58 max_shift: 0.002071 LBFGS: function start/end, n_calls: -1746179.258405 -1746179.268204 101
cycle:  59 max_shift: 0.001611 LBFGS: function start/end, n_calls: -1746179.268204 -1746179.279051 101
cycle:  60 max_shift: 0.001400 LBFGS: function start/end, n_calls: -1746179.279051 -1746179.283165 101
cycle:  61 max_shift: 0.001932 LBFGS: function start/end, n_calls: -1746179.283165 -1746179.298650 101
cycle:  62 max_shift: 0.001552 LBFGS: function start/end, n_calls: -1746179.298650 -1746179.307776 101
cycle:  63 max_shift: 0.001805 LBFGS: function start/end, n_calls: -1746179.307776 -1746179.316752 101
cycle:  64 max_shift: 0.001809 LBFGS: function start/end, n_calls: -1746179.316752 -1746179.326926 101
cycle:  65 max_shift: 0.054033 LBFGS: function start/end, n_calls: -1746179.326926 -1746178.861863 101
cycle:  66 max_shift: 0.083050 LBFGS: function start/end, n_calls: -1746178.861863 -1746179.336127 101
cycle:  67 max_shift: 0.004130 LBFGS: function start/end, n_calls: -1746179.336127 -1746179.365301 101
cycle:  68 max_shift: 0.002888 LBFGS: function start/end, n_calls: -1746179.365301 -1746179.379364 101
cycle:  69 max_shift: 0.002211 LBFGS: function start/end, n_calls: -1746179.379364 -1746179.388416 101
cycle:  70 max_shift: 0.003348 LBFGS: function start/end, n_calls: -1746179.388416 -1746179.412129 101
cycle:  71 max_shift: 0.003716 LBFGS: function start/end, n_calls: -1746179.412129 -1746179.431578 101
cycle:  72 max_shift: 0.001884 LBFGS: function start/end, n_calls: -1746179.431578 -1746179.443846 101
cycle:  73 max_shift: 0.002091 LBFGS: function start/end, n_calls: -1746179.443846 -1746179.452374 101
cycle:  74 max_shift: 0.001931 LBFGS: function start/end, n_calls: -1746179.452374 -1746179.467933 101
cycle:  75 max_shift: 0.001290 LBFGS: function start/end, n_calls: -1746179.467933 -1746179.474666 101
cycle:  76 max_shift: 0.001493 LBFGS: function start/end, n_calls: -1746179.474666 -1746179.486410 101
cycle:  77 max_shift: 0.001368 LBFGS: function start/end, n_calls: -1746179.486410 -1746179.491347 101
cycle:  78 max_shift: 0.009290 LBFGS: function start/end, n_calls: -1746179.491347 -1746179.445267 101
cycle:  79 max_shift: 0.005400 LBFGS: function start/end, n_calls: -1746179.445267 -1746179.511320 101
cycle:  80 max_shift: 0.001981 LBFGS: function start/end, n_calls: -1746179.511320 -1746179.526356 101
cycle:  81 max_shift: 0.001731 LBFGS: function start/end, n_calls: -1746179.526356 -1746179.536155 101
cycle:  82 max_shift: 0.003489 LBFGS: function start/end, n_calls: -1746179.536155 -1746179.567499 101
cycle:  83 max_shift: 0.001718 LBFGS: function start/end, n_calls: -1746179.567499 -1746179.579467 101
cycle:  84 max_shift: 0.001519 LBFGS: function start/end, n_calls: -1746179.579467 -1746179.582908 101
cycle:  85 max_shift: 0.001331 LBFGS: function start/end, n_calls: -1746179.582908 -1746179.600787 101
cycle:  86 max_shift: 0.014734 LBFGS: function start/end, n_calls: -1746179.600787 -1746177.583148 101
cycle:  87 max_shift: 0.013393 LBFGS: function start/end, n_calls: -1746177.583148 -1746179.698333 101
cycle:  88 max_shift: 0.004566 LBFGS: function start/end, n_calls: -1746179.698333 -1746179.736782 101
cycle:  89 max_shift: 0.001410 LBFGS: function start/end, n_calls: -1746179.736782 -1746179.752491 101
cycle:  90 max_shift: 0.001420 LBFGS: function start/end, n_calls: -1746179.752491 -1746179.764011 101
cycle:  91 max_shift: 0.001812 LBFGS: function start/end, n_calls: -1746179.764011 -1746179.776055 101
cycle:  92 max_shift: 0.002057 LBFGS: function start/end, n_calls: -1746179.776055 -1746179.794232 101
cycle:  93 max_shift: 0.001211 LBFGS: function start/end, n_calls: -1746179.794232 -1746179.800142 101
cycle:  94 max_shift: 0.001051 LBFGS: function start/end, n_calls: -1746179.800142 -1746179.807697 101
cycle:  95 max_shift: 0.001172 LBFGS: function start/end, n_calls: -1746179.807697 -1746179.813308 101
cycle:  96 max_shift: 0.001269 LBFGS: function start/end, n_calls: -1746179.813308 -1746179.820788 101
cycle:  97 max_shift: 0.001307 LBFGS: function start/end, n_calls: -1746179.820788 -1746179.836198 101
cycle:  98 max_shift: 0.001201 LBFGS: function start/end, n_calls: -1746179.836198 -1746179.844053 101
cycle:  99 max_shift: 0.001267 LBFGS: function start/end, n_calls: -1746179.844053 -1746179.847120 101
final: bond:  0.009 angle:   1.17 clash:   0.0 rota:  0.00 rama: f: 100.00 o:   0.00 Z:   5.44 cb:   0.00
See 9_refined.pdb in pdb folder.
Time: 938.0667
