Starting Q|R
version:   v1.0-208-g2886d5-dirty  
Running refinement
   input {
     xray_data {
       file_name = None
       labels = None
       high_resolution = None
       low_resolution = None
       outliers_rejection = True
       french_wilson_scale = True
       french_wilson {
         max_bins = 60
         min_bin_size = 40
       }
       sigma_fobs_rejection_criterion = None
       sigma_iobs_rejection_criterion = None
       ignore_all_zeros = True
       force_anomalous_flag_to_be_equal_to = None
       convert_to_non_anomalous_if_ratio_pairs_lone_less_than_threshold = 0.5
       r_free_flags {
         file_name = None
         label = None
         test_flag_value = None
         ignore_r_free_flags = False
         disable_suitability_test = False
         ignore_pdb_hexdigest = False
         generate = False
         fraction = 0.1
         max_free = 2000
         lattice_symmetry_max_delta = 5
         use_lattice_symmetry = True
         use_dataman_shells = False
         n_shells = 20
       }
     }
     pdb {
       file_name = None
     }
     monomers {
       file_name = None
     }
     maps {
       map_file_name = None
       d_min = None
       map_coefficients_file_name = None
       map_coefficients_label = None
     }
     sequence = None
     scattering_table = wk1995 it1992 *n_gaussian neutron electron
     wavelength = None
     energy = None
     twin_law = Auto
   }
   max_atoms = 15000
   debug = False
   cluster {
     fast_interaction = True
     charge_cutoff = 8.0
     clustering = false
     charge_embedding = False
     two_buffers = False
     maxnum_residues_in_cluster = 15
     select_within_radius = 10
     clustering_method = gnc *bcc
     altloc_method = average *subtract
     g_scan = 10 15 20
     g_mode = None
     save_clusters = True
     bond_with_altloc = True
     re_calculate_rmsd_tolerance = 0.5
   }
   restraints = cctbx *qm
   expansion = False
   quantum {
     engine_name = mopac ani *torchani terachem turbomole pyscf orca gaussian \
                   xtb
     basis = Auto
     charge = None
     method = Auto
     memory = None
     nproc = None
     qm_addon = gcp dftd3 gcp-d3
     qm_addon_method = None
   }
   refine {
     dry_run = False
     sf_algorithm = *direct fft
     refinement_target_name = *ml ls_wunit_k1
     mode = *opt refine gtest
     number_of_macro_cycles = 1
     number_of_weight_search_cycles = 50
     number_of_refine_cycles = 5
     number_of_micro_cycles = 100
     data_weight = None
     choose_best_use_r_work = False
     skip_weight_search = False
     adjust_restraints_weight_scale_value = 2
     max_iterations_weight = 50
     max_iterations_refine = 50
     use_ase_lbfgs = False
     line_search = True
     stpmax = 0.2
     gradient_only = true
     update_all_scales = True
     refine_sites = True
     refine_adp = False
     restraints_weight_scale = 1.0
     shake_sites = False
     use_convergence_test = True
     max_bond_rmsd = 0.03
     max_r_work_r_free_gap = 5.0
     r_tolerance = 0.001
     rmsd_tolerance = 0.01
     opt_log = False
     pre_opt = False
     pre_opt_stpmax = 0.1
     pre_opt_iter = 10
     pre_opt_switch = 2
     pre_opt_gconv = 3000
     minimizer = *lbfgs lbfgsb
   }
   parallel {
     method = *multiprocessing slurm pbs sge lsf threading
     nproc = None
     qsub_command = None
   }
   output_file_name_prefix = None
   output_folder_name = "pdb"
   rst_file = None
   dump_gradients = None

Setting QM defaults
  Setting QM method to HF
  Setting QM basis to 6-31g


***********************************************************
restart info will be stored in /home/yanting/work/aniserver_1_qr/ani_qr_test/cctbx_lbfgs/qr-ani-test/qr-ani/lbfgs/0.9/pdb/0.rst.pickle
***********************************************************

start: bond:  0.013 angle:   1.16 clash:   0.0 rota:  0.00 rama: f: 100.00 o:   0.00 Z:  -2.83 cb:   0.00
cycle:   0 max_shift: 0.339097 LBFGS: function start/end, n_calls: -1746114.340791 -1746161.965443 101
cycle:   1 max_shift: 0.397184 LBFGS: function start/end, n_calls: -1746161.965443 -1746167.515335 101
cycle:   2 max_shift: 0.131647 LBFGS: function start/end, n_calls: -1746167.515335 -1746170.370640 101
cycle:   3 max_shift: 0.131326 LBFGS: function start/end, n_calls: -1746170.370640 -1746171.794216 101
cycle:   4 max_shift: 0.057407 LBFGS: function start/end, n_calls: -1746171.794216 -1746172.703844 101
cycle:   5 max_shift: 0.052832 LBFGS: function start/end, n_calls: -1746172.703844 -1746173.230471 101
cycle:   6 max_shift: 0.039959 LBFGS: function start/end, n_calls: -1746173.230471 -1746173.628509 101
cycle:   7 max_shift: 0.035504 LBFGS: function start/end, n_calls: -1746173.628509 -1746173.956379 101
cycle:   8 max_shift: 0.024571 LBFGS: function start/end, n_calls: -1746173.956379 -1746174.175707 101
cycle:   9 max_shift: 0.025320 LBFGS: function start/end, n_calls: -1746174.175707 -1746174.362794 101
cycle:  10 max_shift: 0.011816 LBFGS: function start/end, n_calls: -1746174.362794 -1746174.506943 101
cycle:  11 max_shift: 0.004482 LBFGS: function start/end, n_calls: -1746174.506943 -1746174.549582 101
cycle:  12 max_shift: 0.004844 LBFGS: function start/end, n_calls: -1746174.549582 -1746174.589678 101
cycle:  13 max_shift: 0.005937 LBFGS: function start/end, n_calls: -1746174.589678 -1746174.633663 101
cycle:  14 max_shift: 0.006964 LBFGS: function start/end, n_calls: -1746174.633663 -1746174.677349 101
cycle:  15 max_shift: 0.004418 LBFGS: function start/end, n_calls: -1746174.677349 -1746174.720736 101
cycle:  16 max_shift: 0.003020 LBFGS: function start/end, n_calls: -1746174.720736 -1746174.745347 101
cycle:  17 max_shift: 0.005443 LBFGS: function start/end, n_calls: -1746174.745347 -1746174.784769 101
cycle:  18 max_shift: 0.004088 LBFGS: function start/end, n_calls: -1746174.784769 -1746174.806836 101
cycle:  19 max_shift: 0.003034 LBFGS: function start/end, n_calls: -1746174.806836 -1746174.826136 101
cycle:  20 max_shift: 0.003928 LBFGS: function start/end, n_calls: -1746174.826136 -1746174.860397 101
cycle:  21 max_shift: 0.003039 LBFGS: function start/end, n_calls: -1746174.860397 -1746174.877751 101
cycle:  22 max_shift: 0.002531 LBFGS: function start/end, n_calls: -1746174.877751 -1746174.899295 101
cycle:  23 max_shift: 0.006075 LBFGS: function start/end, n_calls: -1746174.899295 -1746174.898772 101
cycle:  24 max_shift: 0.003522 LBFGS: function start/end, n_calls: -1746174.898772 -1746174.960112 101
cycle:  25 max_shift: 0.003531 LBFGS: function start/end, n_calls: -1746174.960112 -1746174.980459 101
cycle:  26 max_shift: 0.004778 LBFGS: function start/end, n_calls: -1746174.980459 -1746175.010007 101
cycle:  27 max_shift: 0.002925 LBFGS: function start/end, n_calls: -1746175.010007 -1746175.031550 101
cycle:  28 max_shift: 0.002521 LBFGS: function start/end, n_calls: -1746175.031550 -1746175.047933 101
cycle:  29 max_shift: 0.002484 LBFGS: function start/end, n_calls: -1746175.047933 -1746175.057059 101
cycle:  30 max_shift: 0.002216 LBFGS: function start/end, n_calls: -1746175.057059 -1746175.072918 101
cycle:  31 max_shift: 0.003592 LBFGS: function start/end, n_calls: -1746175.072918 -1746175.093489 101
cycle:  32 max_shift: 0.011639 LBFGS: function start/end, n_calls: -1746175.093489 -1746174.403563 101
cycle:  33 max_shift: 0.008782 LBFGS: function start/end, n_calls: -1746174.403563 -1746175.186471 101
cycle:  34 max_shift: 0.004739 LBFGS: function start/end, n_calls: -1746175.186471 -1746175.217590 101
cycle:  35 max_shift: 0.002920 LBFGS: function start/end, n_calls: -1746175.217590 -1746175.236142 101
cycle:  36 max_shift: 0.003586 LBFGS: function start/end, n_calls: -1746175.236142 -1746175.225894 101
cycle:  37 max_shift: 0.003025 LBFGS: function start/end, n_calls: -1746175.225894 -1746175.276312 101
cycle:  38 max_shift: 0.002191 LBFGS: function start/end, n_calls: -1746175.276312 -1746175.287757 101
cycle:  39 max_shift: 0.001492 LBFGS: function start/end, n_calls: -1746175.287757 -1746175.293293 101
cycle:  40 max_shift: 0.001344 LBFGS: function start/end, n_calls: -1746175.293293 -1746175.302868 101
cycle:  41 max_shift: 0.001769 LBFGS: function start/end, n_calls: -1746175.302868 -1746175.309301 101
cycle:  42 max_shift: 0.001998 LBFGS: function start/end, n_calls: -1746175.309301 -1746175.319549 101
cycle:  43 max_shift: 0.001645 LBFGS: function start/end, n_calls: -1746175.319549 -1746175.331144 101
cycle:  44 max_shift: 0.001342 LBFGS: function start/end, n_calls: -1746175.331144 -1746175.337877 101
cycle:  45 max_shift: 0.001457 LBFGS: function start/end, n_calls: -1746175.337877 -1746175.346255 101
cycle:  46 max_shift: 0.001376 LBFGS: function start/end, n_calls: -1746175.346255 -1746175.355157 101
cycle:  47 max_shift: 0.001585 LBFGS: function start/end, n_calls: -1746175.355157 -1746175.359645 101
cycle:  48 max_shift: 0.001708 LBFGS: function start/end, n_calls: -1746175.359645 -1746175.355306 101
cycle:  49 max_shift: 0.001979 LBFGS: function start/end, n_calls: -1746175.355306 -1746175.381712 101
cycle:  50 max_shift: 0.001696 LBFGS: function start/end, n_calls: -1746175.381712 -1746175.387996 101
cycle:  51 max_shift: 0.002119 LBFGS: function start/end, n_calls: -1746175.387996 -1746175.399067 101
cycle:  52 max_shift: 0.001278 LBFGS: function start/end, n_calls: -1746175.399067 -1746175.408642 101
cycle:  53 max_shift: 0.001429 LBFGS: function start/end, n_calls: -1746175.408642 -1746175.417020 101
cycle:  54 max_shift: 0.001281 LBFGS: function start/end, n_calls: -1746175.417020 -1746175.420087 101
cycle:  55 max_shift: 0.002272 LBFGS: function start/end, n_calls: -1746175.420087 -1746175.432131 101
cycle:  56 max_shift: 0.001153 LBFGS: function start/end, n_calls: -1746175.432131 -1746175.443651 101
cycle:  57 max_shift: 0.001870 LBFGS: function start/end, n_calls: -1746175.443651 -1746175.388744 101
cycle:  58 max_shift: 0.002956 LBFGS: function start/end, n_calls: -1746175.388744 -1746175.451281 101
cycle:  59 max_shift: 0.001174 LBFGS: function start/end, n_calls: -1746175.451281 -1746175.456069 101
cycle:  60 max_shift: 0.001327 LBFGS: function start/end, n_calls: -1746175.456069 -1746175.463250 101
cycle:  61 max_shift: 0.001270 LBFGS: function start/end, n_calls: -1746175.463250 -1746175.471778 101
cycle:  62 max_shift: 0.001483 LBFGS: function start/end, n_calls: -1746175.471778 -1746175.477164 101
cycle:  63 max_shift: 0.001922 LBFGS: function start/end, n_calls: -1746175.477164 -1746175.458687 101
cycle:  64 max_shift: 0.002315 LBFGS: function start/end, n_calls: -1746175.458687 -1746175.493621 101
cycle:  65 max_shift: 0.001237 LBFGS: function start/end, n_calls: -1746175.493621 -1746175.500952 101
cycle:  66 max_shift: 0.001292 LBFGS: function start/end, n_calls: -1746175.500952 -1746175.507534 101
cycle:  67 max_shift: 0.001636 LBFGS: function start/end, n_calls: -1746175.507534 -1746175.517483 101
cycle:  68 max_shift: 0.000920 LBFGS: function start/end, n_calls: -1746175.517483 -1746175.520550 101
cycle:  69 max_shift: 0.001544 LBFGS: function start/end, n_calls: -1746175.520550 -1746175.528181 101
cycle:  70 max_shift: 0.001176 LBFGS: function start/end, n_calls: -1746175.528181 -1746175.534763 101
cycle:  71 max_shift: 0.001195 LBFGS: function start/end, n_calls: -1746175.534763 -1746175.538578 101
cycle:  72 max_shift: 0.001170 LBFGS: function start/end, n_calls: -1746175.538578 -1746175.546807 101
cycle:  73 max_shift: 0.001199 LBFGS: function start/end, n_calls: -1746175.546807 -1746175.551594 101
cycle:  74 max_shift: 0.000914 LBFGS: function start/end, n_calls: -1746175.551594 -1746175.557504 101
cycle:  75 max_shift: 0.001301 LBFGS: function start/end, n_calls: -1746175.557504 -1746175.560122 101
cycle:  76 max_shift: 0.001369 LBFGS: function start/end, n_calls: -1746175.560122 -1746175.567528 101
cycle:  77 max_shift: 0.001437 LBFGS: function start/end, n_calls: -1746175.567528 -1746175.574335 101
cycle:  78 max_shift: 0.001194 LBFGS: function start/end, n_calls: -1746175.574335 -1746175.577103 101
cycle:  79 max_shift: 0.001367 LBFGS: function start/end, n_calls: -1746175.577103 -1746175.585631 101
cycle:  80 max_shift: 0.001208 LBFGS: function start/end, n_calls: -1746175.585631 -1746175.594832 101
cycle:  81 max_shift: 0.000947 LBFGS: function start/end, n_calls: -1746175.594832 -1746175.598647 101
Convergence reached. Stopping now.
final: bond:  0.009 angle:   1.30 clash:   0.0 rota:  0.00 rama: f: 100.00 o:   0.00 Z:  -1.72 cb:   0.00
See 0_refined.pdb in pdb folder.
Time: 768.8843
