Starting Q|R
version:   v1.0-208-g2886d5-dirty  
Running refinement
   input {
     xray_data {
       file_name = None
       labels = None
       high_resolution = None
       low_resolution = None
       outliers_rejection = True
       french_wilson_scale = True
       french_wilson {
         max_bins = 60
         min_bin_size = 40
       }
       sigma_fobs_rejection_criterion = None
       sigma_iobs_rejection_criterion = None
       ignore_all_zeros = True
       force_anomalous_flag_to_be_equal_to = None
       convert_to_non_anomalous_if_ratio_pairs_lone_less_than_threshold = 0.5
       r_free_flags {
         file_name = None
         label = None
         test_flag_value = None
         ignore_r_free_flags = False
         disable_suitability_test = False
         ignore_pdb_hexdigest = False
         generate = False
         fraction = 0.1
         max_free = 2000
         lattice_symmetry_max_delta = 5
         use_lattice_symmetry = True
         use_dataman_shells = False
         n_shells = 20
       }
     }
     pdb {
       file_name = None
     }
     monomers {
       file_name = None
     }
     maps {
       map_file_name = None
       d_min = None
       map_coefficients_file_name = None
       map_coefficients_label = None
     }
     sequence = None
     scattering_table = wk1995 it1992 *n_gaussian neutron electron
     wavelength = None
     energy = None
     twin_law = Auto
   }
   max_atoms = 15000
   debug = False
   cluster {
     fast_interaction = True
     charge_cutoff = 8.0
     clustering = false
     charge_embedding = False
     two_buffers = False
     maxnum_residues_in_cluster = 15
     select_within_radius = 10
     clustering_method = gnc *bcc
     altloc_method = average *subtract
     g_scan = 10 15 20
     g_mode = None
     save_clusters = True
     bond_with_altloc = True
     re_calculate_rmsd_tolerance = 0.5
   }
   restraints = cctbx *qm
   expansion = False
   quantum {
     engine_name = mopac ani *torchani terachem turbomole pyscf orca gaussian \
                   xtb
     basis = Auto
     charge = None
     method = Auto
     memory = None
     nproc = None
     qm_addon = gcp dftd3 gcp-d3
     qm_addon_method = None
   }
   refine {
     dry_run = False
     sf_algorithm = *direct fft
     refinement_target_name = *ml ls_wunit_k1
     mode = *opt refine gtest
     number_of_macro_cycles = 1
     number_of_weight_search_cycles = 50
     number_of_refine_cycles = 5
     number_of_micro_cycles = 100
     data_weight = None
     choose_best_use_r_work = False
     skip_weight_search = False
     adjust_restraints_weight_scale_value = 2
     max_iterations_weight = 50
     max_iterations_refine = 50
     use_ase_lbfgs = False
     line_search = True
     stpmax = 0.2
     gradient_only = true
     update_all_scales = True
     refine_sites = True
     refine_adp = False
     restraints_weight_scale = 1.0
     shake_sites = False
     use_convergence_test = True
     max_bond_rmsd = 0.03
     max_r_work_r_free_gap = 5.0
     r_tolerance = 0.001
     rmsd_tolerance = 0.01
     opt_log = False
     pre_opt = False
     pre_opt_stpmax = 0.1
     pre_opt_iter = 10
     pre_opt_switch = 2
     pre_opt_gconv = 3000
     minimizer = *lbfgs lbfgsb
   }
   parallel {
     method = *multiprocessing slurm pbs sge lsf threading
     nproc = None
     qsub_command = None
   }
   output_file_name_prefix = None
   output_folder_name = "pdb"
   rst_file = None
   dump_gradients = None

Setting QM defaults
  Setting QM method to HF
  Setting QM basis to 6-31g


***********************************************************
restart info will be stored in /home/yanting/work/aniserver_1_qr/ani_qr_test/cctbx_lbfgs/qr-ani-test/qr-ani/lbfgs/0.9/pdb/1.rst.pickle
***********************************************************

start: bond:  0.013 angle:   1.52 clash:   0.0 rota:  0.00 rama: f:  81.82 o:   0.00 Z:  -5.61 cb:   0.00
cycle:   0 max_shift: 2.527937 LBFGS: function start/end, n_calls: -1746106.100576 -1729129.226913 64
cycle:   1 max_shift: 1.007056 LBFGS: function start/end, n_calls: -1729129.226913 -1725098.383863 65
cycle:   2 max_shift: 1.106201 LBFGS: function start/end, n_calls: -1725098.383863 -1717493.884125 64
cycle:   3 max_shift: 1.917570 LBFGS: function start/end, n_calls: -1717493.884125 -1689327.617360 62
cycle:   4 max_shift: 2.084713 LBFGS: function start/end, n_calls: -1689327.617360 -1653924.204245 55
cycle:   5 max_shift: 1.488831 LBFGS: function start/end, n_calls: -1653924.204245 -1621207.785241 56
cycle:   6 max_shift: 0.678146 LBFGS: function start/end, n_calls: -1621207.785241 -1609418.696121 52
cycle:   7 max_shift: 0.284115 LBFGS: function start/end, n_calls: -1609418.696121 -1607808.060385 58
cycle:   8 max_shift: 0.894739 LBFGS: function start/end, n_calls: -1607808.060385 -1601525.746070 59
cycle:   9 max_shift: 0.336956 LBFGS: function start/end, n_calls: -1601525.746070 -1599167.539499 59
cycle:  10 max_shift: 0.171320 LBFGS: function start/end, n_calls: -1599167.539499 -1598193.758471 62
cycle:  11 max_shift: 0.034481 LBFGS: function start/end, n_calls: -1598193.758471 -1598501.346885 68
cycle:  12 max_shift: 0.076537 LBFGS: function start/end, n_calls: -1598501.346885 -1597775.166679 60
cycle:  13 max_shift: 0.084571 LBFGS: function start/end, n_calls: -1597775.166679 -1597554.404679 59
cycle:  14 max_shift: 0.200381 LBFGS: function start/end, n_calls: -1597554.404679 -1598135.484809 61
cycle:  15 max_shift: 0.093715 LBFGS: function start/end, n_calls: -1598135.484809 -1596798.197163 59
cycle:  16 max_shift: 0.066710 LBFGS: function start/end, n_calls: -1596798.197163 -1596583.438710 64
cycle:  17 max_shift: 0.180062 LBFGS: function start/end, n_calls: -1596583.438710 -1596243.055802 63
cycle:  18 max_shift: 0.143928 LBFGS: function start/end, n_calls: -1596243.055802 -1595747.212630 57
cycle:  19 max_shift: 0.037861 LBFGS: function start/end, n_calls: -1595747.212630 -1595559.034473 65
cycle:  20 max_shift: 0.035527 LBFGS: function start/end, n_calls: -1595559.034473 -1595407.193573 61
cycle:  21 max_shift: 0.067335 LBFGS: function start/end, n_calls: -1595407.193573 -1595252.470587 64
cycle:  22 max_shift: 0.096421 LBFGS: function start/end, n_calls: -1595252.470587 -1595258.359234 64
cycle:  23 max_shift: 0.114539 LBFGS: function start/end, n_calls: -1595258.359234 -1594378.633771 62
cycle:  24 max_shift: 0.126501 LBFGS: function start/end, n_calls: -1594378.633771 -1594168.691560 59
cycle:  25 max_shift: 0.093390 LBFGS: function start/end, n_calls: -1594168.691560 -1593577.327842 57
cycle:  26 max_shift: 0.197610 LBFGS: function start/end, n_calls: -1593577.327842 -1592750.379970 59
cycle:  27 max_shift: 0.292295 LBFGS: function start/end, n_calls: -1592750.379970 -1591324.561554 60
cycle:  28 max_shift: 0.312711 LBFGS: function start/end, n_calls: -1591324.561554 -1588900.430870 57
cycle:  29 max_shift: 0.802681 LBFGS: function start/end, n_calls: -1588900.430870 -1586115.168177 65
cycle:  30 max_shift: 0.976600 LBFGS: function start/end, n_calls: -1586115.168177 -1568200.967661 53
cycle:  31 max_shift: 0.484673 LBFGS: function start/end, n_calls: -1568200.967661 -1557441.520323 65
cycle:  32 max_shift: 0.398475 LBFGS: function start/end, n_calls: -1557441.520323 -1553365.121651 57
cycle:  33 max_shift: 0.179144 LBFGS: function start/end, n_calls: -1553365.121651 -1552105.181136 68
cycle:  34 max_shift: 0.176704 LBFGS: function start/end, n_calls: -1552105.181136 -1551969.847595 72
cycle:  35 max_shift: 0.180514 LBFGS: function start/end, n_calls: -1551969.847595 -1549845.951699 62
cycle:  36 max_shift: 0.266352 LBFGS: function start/end, n_calls: -1549845.951699 -1549532.579963 70
cycle:  37 max_shift: 0.063832 LBFGS: function start/end, n_calls: -1549532.579963 -1548420.688634 73
cycle:  38 max_shift: 0.064041 LBFGS: function start/end, n_calls: -1548420.688634 -1548538.423261 65
cycle:  39 max_shift: 0.158345 LBFGS: function start/end, n_calls: -1548538.423261 -1547901.032351 55
cycle:  40 max_shift: 0.080552 LBFGS: function start/end, n_calls: -1547901.032351 -1548335.930427 68
cycle:  41 max_shift: 0.036058 LBFGS: function start/end, n_calls: -1548335.930427 -1547546.526266 61
cycle:  42 max_shift: 0.041504 LBFGS: function start/end, n_calls: -1547546.526266 -1547438.328374 66
cycle:  43 max_shift: 0.021356 LBFGS: function start/end, n_calls: -1547438.328374 -1547260.596580 64
cycle:  44 max_shift: 0.031988 LBFGS: function start/end, n_calls: -1547260.596580 -1547040.064381 61
cycle:  45 max_shift: 0.033840 LBFGS: function start/end, n_calls: -1547040.064381 -1547008.026315 66
cycle:  46 max_shift: 0.041723 LBFGS: function start/end, n_calls: -1547008.026315 -1549892.907669 67
cycle:  47 max_shift: 2.239569 LBFGS: function start/end, n_calls: -1549892.907669 -1868028.337888 101
cycle:  48 max_shift: 0.419834 LBFGS: function start/end, n_calls: -1868028.337888 -1871064.389890 101
cycle:  49 max_shift: 0.943042 LBFGS: function start/end, n_calls: -1871064.389890 -1878918.120599 101
cycle:  50 max_shift: 0.729827 LBFGS: function start/end, n_calls: -1878918.120599 -1883073.111155 101
cycle:  51 max_shift: 0.061499 LBFGS: function start/end, n_calls: -1883073.111155 -1883347.972101 101
cycle:  52 max_shift: 0.028540 LBFGS: function start/end, n_calls: -1883347.972101 -1883372.474615 101
cycle:  53 max_shift: 0.037297 LBFGS: function start/end, n_calls: -1883372.474615 -1883554.275799 101
cycle:  54 max_shift: 0.036186 LBFGS: function start/end, n_calls: -1883554.275799 -1882983.910132 101
cycle:  55 max_shift: 0.670922 LBFGS: function start/end, n_calls: -1882983.910132 -1717597.684683 60
cycle:  56 max_shift: 0.821153 LBFGS: function start/end, n_calls: -1717597.684683 -1856329.024294 100
cycle:  57 max_shift: 0.262718 LBFGS: function start/end, n_calls: -1856329.024294 -1857741.322761 101
cycle:  58 max_shift: 0.080322 LBFGS: function start/end, n_calls: -1857741.322761 -1858191.866444 101
cycle:  59 max_shift: 0.051967 LBFGS: function start/end, n_calls: -1858191.866444 -1857683.834253 101
cycle:  60 max_shift: 0.136418 LBFGS: function start/end, n_calls: -1857683.834253 -1858046.881269 99
cycle:  61 max_shift: 0.057590 LBFGS: function start/end, n_calls: -1858046.881269 -1858305.043354 101
cycle:  62 max_shift: 0.072939 LBFGS: function start/end, n_calls: -1858305.043354 -1858568.701509 101
cycle:  63 max_shift: 0.024375 LBFGS: function start/end, n_calls: -1858568.701509 -1858618.491690 101
cycle:  64 max_shift: 0.040435 LBFGS: function start/end, n_calls: -1858618.491690 -1858626.190018 101
cycle:  65 max_shift: 0.170803 LBFGS: function start/end, n_calls: -1858626.190018 -1856489.281649 100
cycle:  66 max_shift: 0.182919 LBFGS: function start/end, n_calls: -1856489.281649 -1858702.273244 101
cycle:  67 max_shift: 0.024182 LBFGS: function start/end, n_calls: -1858702.273244 -1858763.361965 101
cycle:  68 max_shift: 0.048342 LBFGS: function start/end, n_calls: -1858763.361965 -1858406.500422 101
cycle:  69 max_shift: 0.052503 LBFGS: function start/end, n_calls: -1858406.500422 -1858821.377100 101
cycle:  70 max_shift: 0.008749 LBFGS: function start/end, n_calls: -1858821.377100 -1858748.195110 101
cycle:  71 max_shift: 0.162775 LBFGS: function start/end, n_calls: -1858748.195110 -1848298.921445 101
cycle:  72 max_shift: 1.288746 LBFGS: function start/end, n_calls: -1848298.921445 -1723758.963378 60
cycle:  73 max_shift: 0.612599 LBFGS: function start/end, n_calls: -1723758.963378 -1716106.485535 56
cycle:  74 max_shift: 0.614867 LBFGS: function start/end, n_calls: -1716106.485535 -1704961.662200 58
cycle:  75 max_shift: 0.528132 LBFGS: function start/end, n_calls: -1704961.662200 -1693353.909875 61
cycle:  76 max_shift: 0.813013 LBFGS: function start/end, n_calls: -1693353.909875 -1685718.930408 62
cycle:  77 max_shift: 0.652391 LBFGS: function start/end, n_calls: -1685718.930408 -1686141.974591 63
cycle:  78 max_shift: 0.829018 LBFGS: function start/end, n_calls: -1686141.974591 -1713658.388539 89
cycle:  79 max_shift: 0.474318 LBFGS: function start/end, n_calls: -1713658.388539 -1686988.273608 69
cycle:  80 max_shift: 0.377516 LBFGS: function start/end, n_calls: -1686988.273608 -1685757.623123 73
cycle:  81 max_shift: 0.747100 LBFGS: function start/end, n_calls: -1685757.623123 -1673744.478192 63
cycle:  82 max_shift: 1.797235 LBFGS: function start/end, n_calls: -1673744.478192 -1640849.274140 60
cycle:  83 max_shift: 0.758787 LBFGS: function start/end, n_calls: -1640849.274140 -1617482.407341 64
cycle:  84 max_shift: 0.177684 LBFGS: function start/end, n_calls: -1617482.407341 -1603325.718542 68
cycle:  85 max_shift: 0.284939 LBFGS: function start/end, n_calls: -1603325.718542 -1601305.510697 67
cycle:  86 max_shift: 0.227725 LBFGS: function start/end, n_calls: -1601305.510697 -1597088.789891 65
cycle:  87 max_shift: 0.080950 LBFGS: function start/end, n_calls: -1597088.789891 -1594087.006939 67
cycle:  88 max_shift: 0.134460 LBFGS: function start/end, n_calls: -1594087.006939 -1596115.334414 74
cycle:  89 max_shift: 0.264804 LBFGS: function start/end, n_calls: -1596115.334414 -1591136.756823 75
cycle:  90 max_shift: 0.112634 LBFGS: function start/end, n_calls: -1591136.756823 -1590287.527846 70
cycle:  91 max_shift: 0.215950 LBFGS: function start/end, n_calls: -1590287.527846 -1604253.596854 63
cycle:  92 max_shift: 0.220820 LBFGS: function start/end, n_calls: -1604253.596854 -1589822.315210 66
cycle:  93 max_shift: 0.071239 LBFGS: function start/end, n_calls: -1589822.315210 -1591015.469859 75
cycle:  94 max_shift: 0.179259 LBFGS: function start/end, n_calls: -1591015.469859 -1588335.254872 62
cycle:  95 max_shift: 0.147324 LBFGS: function start/end, n_calls: -1588335.254872 -1587507.971874 73
cycle:  96 max_shift: 0.178440 LBFGS: function start/end, n_calls: -1587507.971874 -1585754.246819 72
cycle:  97 max_shift: 0.274957 LBFGS: function start/end, n_calls: -1585754.246819 -1588354.615592 68
cycle:  98 max_shift: 0.139354 LBFGS: function start/end, n_calls: -1588354.615592 -1586288.562480 66
cycle:  99 max_shift: 0.100310 LBFGS: function start/end, n_calls: -1586288.562480 -1580818.067482 65
final: bond:  1.572 angle:  70.13 clash: 675.0 rota:  0.00 rama: f:   0.00 o:  80.00 Z:  -6.56 cb:   0.00
See 1_refined.pdb in pdb folder.
Time: 682.0979
