Starting Q|R
version:   v1.0-208-g2886d5-dirty  
Running refinement
   input {
     xray_data {
       file_name = None
       labels = None
       high_resolution = None
       low_resolution = None
       outliers_rejection = True
       french_wilson_scale = True
       french_wilson {
         max_bins = 60
         min_bin_size = 40
       }
       sigma_fobs_rejection_criterion = None
       sigma_iobs_rejection_criterion = None
       ignore_all_zeros = True
       force_anomalous_flag_to_be_equal_to = None
       convert_to_non_anomalous_if_ratio_pairs_lone_less_than_threshold = 0.5
       r_free_flags {
         file_name = None
         label = None
         test_flag_value = None
         ignore_r_free_flags = False
         disable_suitability_test = False
         ignore_pdb_hexdigest = False
         generate = False
         fraction = 0.1
         max_free = 2000
         lattice_symmetry_max_delta = 5
         use_lattice_symmetry = True
         use_dataman_shells = False
         n_shells = 20
       }
     }
     pdb {
       file_name = None
     }
     monomers {
       file_name = None
     }
     maps {
       map_file_name = None
       d_min = None
       map_coefficients_file_name = None
       map_coefficients_label = None
     }
     sequence = None
     scattering_table = wk1995 it1992 *n_gaussian neutron electron
     wavelength = None
     energy = None
     twin_law = Auto
   }
   max_atoms = 15000
   debug = False
   cluster {
     fast_interaction = True
     charge_cutoff = 8.0
     clustering = false
     charge_embedding = False
     two_buffers = False
     maxnum_residues_in_cluster = 15
     select_within_radius = 10
     clustering_method = gnc *bcc
     altloc_method = average *subtract
     g_scan = 10 15 20
     g_mode = None
     save_clusters = True
     bond_with_altloc = True
     re_calculate_rmsd_tolerance = 0.5
   }
   restraints = cctbx *qm
   expansion = False
   quantum {
     engine_name = mopac ani *torchani terachem turbomole pyscf orca gaussian \
                   xtb
     basis = Auto
     charge = None
     method = Auto
     memory = None
     nproc = None
     qm_addon = gcp dftd3 gcp-d3
     qm_addon_method = None
   }
   refine {
     dry_run = False
     sf_algorithm = *direct fft
     refinement_target_name = *ml ls_wunit_k1
     mode = *opt refine gtest
     number_of_macro_cycles = 1
     number_of_weight_search_cycles = 50
     number_of_refine_cycles = 5
     number_of_micro_cycles = 100
     data_weight = None
     choose_best_use_r_work = False
     skip_weight_search = False
     adjust_restraints_weight_scale_value = 2
     max_iterations_weight = 50
     max_iterations_refine = 50
     use_ase_lbfgs = False
     line_search = True
     stpmax = 0.2
     gradient_only = true
     update_all_scales = True
     refine_sites = True
     refine_adp = False
     restraints_weight_scale = 1.0
     shake_sites = False
     use_convergence_test = True
     max_bond_rmsd = 0.03
     max_r_work_r_free_gap = 5.0
     r_tolerance = 0.001
     rmsd_tolerance = 0.01
     opt_log = False
     pre_opt = False
     pre_opt_stpmax = 0.1
     pre_opt_iter = 10
     pre_opt_switch = 2
     pre_opt_gconv = 3000
     minimizer = *lbfgs lbfgsb
   }
   parallel {
     method = *multiprocessing slurm pbs sge lsf threading
     nproc = None
     qsub_command = None
   }
   output_file_name_prefix = None
   output_folder_name = "pdb"
   rst_file = None
   dump_gradients = None

Setting QM defaults
  Setting QM method to HF
  Setting QM basis to 6-31g


***********************************************************
restart info will be stored in /home/yanting/work/aniserver_1_qr/ani_qr_test/cctbx_lbfgs/qr-ani-test/qr-ani/lbfgs/0.9/pdb/4.rst.pickle
***********************************************************

start: bond:  0.013 angle:   1.72 clash:   0.0 rota:  0.00 rama: f:  81.82 o:   0.00 Z:  -3.95 cb:   0.00
cycle:   0 max_shift: 0.443984 LBFGS: function start/end, n_calls: -1746104.279150 -1746159.552086 100
cycle:   1 max_shift: 0.301701 LBFGS: function start/end, n_calls: -1746159.552086 -1746163.965989 101
cycle:   2 max_shift: 0.174844 LBFGS: function start/end, n_calls: -1746163.965989 -1746166.364049 101
cycle:   3 max_shift: 0.105673 LBFGS: function start/end, n_calls: -1746166.364049 -1746167.770869 101
cycle:   4 max_shift: 0.088146 LBFGS: function start/end, n_calls: -1746167.770869 -1746168.823113 101
cycle:   5 max_shift: 0.081713 LBFGS: function start/end, n_calls: -1746168.823113 -1746169.696498 101
cycle:   6 max_shift: 0.052603 LBFGS: function start/end, n_calls: -1746169.696498 -1746170.406061 101
cycle:   7 max_shift: 0.054056 LBFGS: function start/end, n_calls: -1746170.406061 -1746171.015272 101
cycle:   8 max_shift: 0.047078 LBFGS: function start/end, n_calls: -1746171.015272 -1746171.509883 101
cycle:   9 max_shift: 0.042720 LBFGS: function start/end, n_calls: -1746171.509883 -1746171.920487 101
cycle:  10 max_shift: 0.030174 LBFGS: function start/end, n_calls: -1746171.920487 -1746172.229880 101
cycle:  11 max_shift: 0.047132 LBFGS: function start/end, n_calls: -1746172.229880 -1746172.551392 101
cycle:  12 max_shift: 0.038953 LBFGS: function start/end, n_calls: -1746172.551392 -1746172.824954 101
cycle:  13 max_shift: 0.022276 LBFGS: function start/end, n_calls: -1746172.824954 -1746173.100909 101
cycle:  14 max_shift: 0.228223 LBFGS: function start/end, n_calls: -1746173.100909 -1746174.208696 101
cycle:  15 max_shift: 0.017180 LBFGS: function start/end, n_calls: -1746174.208696 -1746174.753201 101
cycle:  16 max_shift: 0.011580 LBFGS: function start/end, n_calls: -1746174.753201 -1746174.841621 101
cycle:  17 max_shift: 0.015778 LBFGS: function start/end, n_calls: -1746174.841621 -1746174.953005 101
cycle:  18 max_shift: 0.006794 LBFGS: function start/end, n_calls: -1746174.953005 -1746175.034468 101
cycle:  19 max_shift: 0.007446 LBFGS: function start/end, n_calls: -1746175.034468 -1746175.090272 101
cycle:  20 max_shift: 0.007143 LBFGS: function start/end, n_calls: -1746175.090272 -1746175.149219 101
cycle:  21 max_shift: 0.007364 LBFGS: function start/end, n_calls: -1746175.149219 -1746175.203153 101
cycle:  22 max_shift: 0.006601 LBFGS: function start/end, n_calls: -1746175.203153 -1746175.257387 101
cycle:  23 max_shift: 0.009062 LBFGS: function start/end, n_calls: -1746175.257387 -1746175.318727 101
cycle:  24 max_shift: 0.009267 LBFGS: function start/end, n_calls: -1746175.318727 -1746175.395177 101
cycle:  25 max_shift: 0.011893 LBFGS: function start/end, n_calls: -1746175.395177 -1746175.462277 101
cycle:  26 max_shift: 0.010266 LBFGS: function start/end, n_calls: -1746175.462277 -1746175.547705 101
cycle:  27 max_shift: 0.008311 LBFGS: function start/end, n_calls: -1746175.547705 -1746175.618395 101
cycle:  28 max_shift: 0.013010 LBFGS: function start/end, n_calls: -1746175.618395 -1746175.701130 101
cycle:  29 max_shift: 0.005346 LBFGS: function start/end, n_calls: -1746175.701130 -1746175.743469 101
cycle:  30 max_shift: 0.004598 LBFGS: function start/end, n_calls: -1746175.743469 -1746175.772643 101
cycle:  31 max_shift: 0.003881 LBFGS: function start/end, n_calls: -1746175.772643 -1746175.798002 101
cycle:  32 max_shift: 0.005982 LBFGS: function start/end, n_calls: -1746175.798002 -1746175.829046 101
cycle:  33 max_shift: 0.005192 LBFGS: function start/end, n_calls: -1746175.829046 -1746175.872732 101
cycle:  34 max_shift: 0.006448 LBFGS: function start/end, n_calls: -1746175.872732 -1746175.906619 101
cycle:  35 max_shift: 0.003828 LBFGS: function start/end, n_calls: -1746175.906619 -1746175.933474 101
cycle:  36 max_shift: 0.005997 LBFGS: function start/end, n_calls: -1746175.933474 -1746175.964742 101
cycle:  37 max_shift: 0.004453 LBFGS: function start/end, n_calls: -1746175.964742 -1746175.996310 101
cycle:  38 max_shift: 0.009675 LBFGS: function start/end, n_calls: -1746175.996310 -1746176.048599 101
cycle:  39 max_shift: 0.005733 LBFGS: function start/end, n_calls: -1746176.048599 -1746176.084804 101
cycle:  40 max_shift: 0.003278 LBFGS: function start/end, n_calls: -1746176.084804 -1746176.105600 101
cycle:  41 max_shift: 0.003011 LBFGS: function start/end, n_calls: -1746176.105600 -1746176.130211 101
cycle:  42 max_shift: 0.003041 LBFGS: function start/end, n_calls: -1746176.130211 -1746176.148762 101
cycle:  43 max_shift: 0.003618 LBFGS: function start/end, n_calls: -1746176.148762 -1746176.165294 101
cycle:  44 max_shift: 0.013236 LBFGS: function start/end, n_calls: -1746176.165294 -1746174.510010 101
cycle:  45 max_shift: 0.013295 LBFGS: function start/end, n_calls: -1746174.510010 -1746176.149810 101
cycle:  46 max_shift: 0.003537 LBFGS: function start/end, n_calls: -1746176.149810 -1746176.186689 101
cycle:  47 max_shift: 0.003215 LBFGS: function start/end, n_calls: -1746176.186689 -1746176.207410 101
cycle:  48 max_shift: 0.002117 LBFGS: function start/end, n_calls: -1746176.207410 -1746176.224315 101
cycle:  49 max_shift: 0.002861 LBFGS: function start/end, n_calls: -1746176.224315 -1746176.239426 101
cycle:  50 max_shift: 0.003098 LBFGS: function start/end, n_calls: -1746176.239426 -1746176.250647 101
cycle:  51 max_shift: 0.002843 LBFGS: function start/end, n_calls: -1746176.250647 -1746176.272565 101
cycle:  52 max_shift: 0.003090 LBFGS: function start/end, n_calls: -1746176.272565 -1746176.291790 101
cycle:  53 max_shift: 0.003272 LBFGS: function start/end, n_calls: -1746176.291790 -1746176.311987 101
cycle:  54 max_shift: 0.002203 LBFGS: function start/end, n_calls: -1746176.311987 -1746176.322684 101
cycle:  55 max_shift: 0.003516 LBFGS: function start/end, n_calls: -1746176.322684 -1746176.343106 101
cycle:  56 max_shift: 0.002336 LBFGS: function start/end, n_calls: -1746176.343106 -1746176.357992 101
cycle:  57 max_shift: 0.002787 LBFGS: function start/end, n_calls: -1746176.357992 -1746176.376618 101
cycle:  58 max_shift: 0.002348 LBFGS: function start/end, n_calls: -1746176.376618 -1746176.388438 101
cycle:  59 max_shift: 0.003439 LBFGS: function start/end, n_calls: -1746176.388438 -1746176.407887 101
cycle:  60 max_shift: 0.003060 LBFGS: function start/end, n_calls: -1746176.407887 -1746176.427785 101
cycle:  61 max_shift: 0.001526 LBFGS: function start/end, n_calls: -1746176.427785 -1746176.439155 101
cycle:  62 max_shift: 0.001923 LBFGS: function start/end, n_calls: -1746176.439155 -1746176.448282 101
cycle:  63 max_shift: 0.001800 LBFGS: function start/end, n_calls: -1746176.448282 -1746176.465113 101
cycle:  64 max_shift: 0.001523 LBFGS: function start/end, n_calls: -1746176.465113 -1746176.470424 101
cycle:  65 max_shift: 0.001870 LBFGS: function start/end, n_calls: -1746176.470424 -1746176.478802 101
cycle:  66 max_shift: 0.001727 LBFGS: function start/end, n_calls: -1746176.478802 -1746176.494960 101
cycle:  67 max_shift: 0.002392 LBFGS: function start/end, n_calls: -1746176.494960 -1746176.497054 101
cycle:  68 max_shift: 0.002309 LBFGS: function start/end, n_calls: -1746176.497054 -1746176.520543 101
cycle:  69 max_shift: 0.001635 LBFGS: function start/end, n_calls: -1746176.520543 -1746176.532587 101
cycle:  70 max_shift: 0.002030 LBFGS: function start/end, n_calls: -1746176.532587 -1746176.547473 101
cycle:  71 max_shift: 0.002015 LBFGS: function start/end, n_calls: -1746176.547473 -1746176.551213 101
cycle:  72 max_shift: 0.001560 LBFGS: function start/end, n_calls: -1746176.551213 -1746176.565276 101
cycle:  73 max_shift: 0.001414 LBFGS: function start/end, n_calls: -1746176.565276 -1746176.579115 101
cycle:  74 max_shift: 0.002521 LBFGS: function start/end, n_calls: -1746176.579115 -1746176.594151 101
cycle:  75 max_shift: 0.002177 LBFGS: function start/end, n_calls: -1746176.594151 -1746176.605970 101
cycle:  76 max_shift: 0.015103 LBFGS: function start/end, n_calls: -1746176.605970 -1746175.220433 101
cycle:  77 max_shift: 0.024011 LBFGS: function start/end, n_calls: -1746175.220433 -1746176.638286 101
cycle:  78 max_shift: 0.003321 LBFGS: function start/end, n_calls: -1746176.638286 -1746176.659531 101
cycle:  79 max_shift: 0.003338 LBFGS: function start/end, n_calls: -1746176.659531 -1746176.670527 101
cycle:  80 max_shift: 0.002573 LBFGS: function start/end, n_calls: -1746176.670527 -1746176.686386 101
cycle:  81 max_shift: 0.001704 LBFGS: function start/end, n_calls: -1746176.686386 -1746176.694839 101
cycle:  82 max_shift: 0.001671 LBFGS: function start/end, n_calls: -1746176.694839 -1746176.703666 101
cycle:  83 max_shift: 0.017413 LBFGS: function start/end, n_calls: -1746176.703666 -1746176.445289 101
cycle:  84 max_shift: 0.016359 LBFGS: function start/end, n_calls: -1746176.445289 -1746176.753635 101
cycle:  85 max_shift: 0.002699 LBFGS: function start/end, n_calls: -1746176.753635 -1746176.770392 101
cycle:  86 max_shift: 0.003461 LBFGS: function start/end, n_calls: -1746176.770392 -1746176.789392 101
cycle:  87 max_shift: 0.001250 LBFGS: function start/end, n_calls: -1746176.789392 -1746176.799865 101
cycle:  88 max_shift: 0.000864 LBFGS: function start/end, n_calls: -1746176.799865 -1746176.808991 101
cycle:  89 max_shift: 0.001015 LBFGS: function start/end, n_calls: -1746176.808991 -1746176.810113 101
cycle:  90 max_shift: 0.001204 LBFGS: function start/end, n_calls: -1746176.810113 -1746176.821558 101
cycle:  91 max_shift: 0.001309 LBFGS: function start/end, n_calls: -1746176.821558 -1746176.825747 101
cycle:  92 max_shift: 0.001552 LBFGS: function start/end, n_calls: -1746176.825747 -1746176.836145 101
cycle:  93 max_shift: 0.001400 LBFGS: function start/end, n_calls: -1746176.836145 -1746176.846693 101
cycle:  94 max_shift: 0.005005 LBFGS: function start/end, n_calls: -1746176.846693 -1746176.853425 101
cycle:  95 max_shift: 0.002048 LBFGS: function start/end, n_calls: -1746176.853425 -1746176.866591 101
cycle:  96 max_shift: 0.001098 LBFGS: function start/end, n_calls: -1746176.866591 -1746176.874445 101
cycle:  97 max_shift: 0.001028 LBFGS: function start/end, n_calls: -1746176.874445 -1746176.876914 101
cycle:  98 max_shift: 0.009377 LBFGS: function start/end, n_calls: -1746176.876914 -1746176.704937 101
cycle:  99 max_shift: 0.005501 LBFGS: function start/end, n_calls: -1746176.704937 -1746176.899505 101
final: bond:  0.009 angle:   1.38 clash:   0.0 rota:  0.00 rama: f: 100.00 o:   0.00 Z:  -0.40 cb:   0.00
See 4_refined.pdb in pdb folder.
Time: 930.0134
