Starting Q|R
version:   v1.0-208-g2886d5-dirty  
Running refinement
   input {
     xray_data {
       file_name = None
       labels = None
       high_resolution = None
       low_resolution = None
       outliers_rejection = True
       french_wilson_scale = True
       french_wilson {
         max_bins = 60
         min_bin_size = 40
       }
       sigma_fobs_rejection_criterion = None
       sigma_iobs_rejection_criterion = None
       ignore_all_zeros = True
       force_anomalous_flag_to_be_equal_to = None
       convert_to_non_anomalous_if_ratio_pairs_lone_less_than_threshold = 0.5
       r_free_flags {
         file_name = None
         label = None
         test_flag_value = None
         ignore_r_free_flags = False
         disable_suitability_test = False
         ignore_pdb_hexdigest = False
         generate = False
         fraction = 0.1
         max_free = 2000
         lattice_symmetry_max_delta = 5
         use_lattice_symmetry = True
         use_dataman_shells = False
         n_shells = 20
       }
     }
     pdb {
       file_name = None
     }
     monomers {
       file_name = None
     }
     maps {
       map_file_name = None
       d_min = None
       map_coefficients_file_name = None
       map_coefficients_label = None
     }
     sequence = None
     scattering_table = wk1995 it1992 *n_gaussian neutron electron
     wavelength = None
     energy = None
     twin_law = Auto
   }
   max_atoms = 15000
   debug = False
   cluster {
     fast_interaction = True
     charge_cutoff = 8.0
     clustering = false
     charge_embedding = False
     two_buffers = False
     maxnum_residues_in_cluster = 15
     select_within_radius = 10
     clustering_method = gnc *bcc
     altloc_method = average *subtract
     g_scan = 10 15 20
     g_mode = None
     save_clusters = True
     bond_with_altloc = True
     re_calculate_rmsd_tolerance = 0.5
   }
   restraints = cctbx *qm
   expansion = False
   quantum {
     engine_name = mopac ani *torchani terachem turbomole pyscf orca gaussian \
                   xtb
     basis = Auto
     charge = None
     method = Auto
     memory = None
     nproc = None
     qm_addon = gcp dftd3 gcp-d3
     qm_addon_method = None
   }
   refine {
     dry_run = False
     sf_algorithm = *direct fft
     refinement_target_name = *ml ls_wunit_k1
     mode = *opt refine gtest
     number_of_macro_cycles = 1
     number_of_weight_search_cycles = 50
     number_of_refine_cycles = 5
     number_of_micro_cycles = 100
     data_weight = None
     choose_best_use_r_work = False
     skip_weight_search = False
     adjust_restraints_weight_scale_value = 2
     max_iterations_weight = 50
     max_iterations_refine = 50
     use_ase_lbfgs = False
     line_search = True
     stpmax = 0.2
     gradient_only = true
     update_all_scales = True
     refine_sites = True
     refine_adp = False
     restraints_weight_scale = 1.0
     shake_sites = False
     use_convergence_test = True
     max_bond_rmsd = 0.03
     max_r_work_r_free_gap = 5.0
     r_tolerance = 0.001
     rmsd_tolerance = 0.01
     opt_log = False
     pre_opt = False
     pre_opt_stpmax = 0.1
     pre_opt_iter = 10
     pre_opt_switch = 2
     pre_opt_gconv = 3000
     minimizer = *lbfgs lbfgsb
   }
   parallel {
     method = *multiprocessing slurm pbs sge lsf threading
     nproc = None
     qsub_command = None
   }
   output_file_name_prefix = None
   output_folder_name = "pdb"
   rst_file = None
   dump_gradients = None

Setting QM defaults
  Setting QM method to HF
  Setting QM basis to 6-31g


***********************************************************
restart info will be stored in /home/yanting/work/aniserver_1_qr/ani_qr_test/cctbx_lbfgs/qr-ani-test/qr-ani/lbfgs/0.9/pdb/8.rst.pickle
***********************************************************

start: bond:  0.014 angle:   1.39 clash:   0.0 rota:  0.00 rama: f: 100.00 o:   0.00 Z:  -4.56 cb:   0.00
cycle:   0 max_shift: 0.468484 LBFGS: function start/end, n_calls: -1746102.364368 -1746162.753887 101
cycle:   1 max_shift: 0.214513 LBFGS: function start/end, n_calls: -1746162.753887 -1746165.653402 101
cycle:   2 max_shift: 0.086819 LBFGS: function start/end, n_calls: -1746165.653402 -1746167.158964 101
cycle:   3 max_shift: 0.090741 LBFGS: function start/end, n_calls: -1746167.158964 -1746167.990197 101
cycle:   4 max_shift: 0.075335 LBFGS: function start/end, n_calls: -1746167.990197 -1746168.633782 101
cycle:   5 max_shift: 0.048478 LBFGS: function start/end, n_calls: -1746168.633782 -1746169.085267 101
cycle:   6 max_shift: 0.041315 LBFGS: function start/end, n_calls: -1746169.085267 -1746169.439356 101
cycle:   7 max_shift: 0.058856 LBFGS: function start/end, n_calls: -1746169.439356 -1746169.813082 101
cycle:   8 max_shift: 0.026238 LBFGS: function start/end, n_calls: -1746169.813082 -1746170.103998 101
cycle:   9 max_shift: 0.037348 LBFGS: function start/end, n_calls: -1746170.103998 -1746170.354183 101
cycle:  10 max_shift: 0.009108 LBFGS: function start/end, n_calls: -1746170.354183 -1746170.488870 101
cycle:  11 max_shift: 0.025814 LBFGS: function start/end, n_calls: -1746170.488870 -1746170.650000 101
cycle:  12 max_shift: 0.012072 LBFGS: function start/end, n_calls: -1746170.650000 -1746170.750313 101
cycle:  13 max_shift: 0.006580 LBFGS: function start/end, n_calls: -1746170.750313 -1746170.815618 101
cycle:  14 max_shift: 0.016969 LBFGS: function start/end, n_calls: -1746170.815618 -1746170.939719 101
cycle:  15 max_shift: 0.009572 LBFGS: function start/end, n_calls: -1746170.939719 -1746170.993130 101
cycle:  16 max_shift: 0.009696 LBFGS: function start/end, n_calls: -1746170.993130 -1746171.056190 101
cycle:  17 max_shift: 0.009722 LBFGS: function start/end, n_calls: -1746171.056190 -1746171.138177 101
cycle:  18 max_shift: 0.010637 LBFGS: function start/end, n_calls: -1746171.138177 -1746171.205950 101
cycle:  19 max_shift: 0.021063 LBFGS: function start/end, n_calls: -1746171.205950 -1746171.320925 101
cycle:  20 max_shift: 0.007454 LBFGS: function start/end, n_calls: -1746171.320925 -1746171.406577 101
cycle:  21 max_shift: 0.005969 LBFGS: function start/end, n_calls: -1746171.406577 -1746171.443755 101
cycle:  22 max_shift: 0.015838 LBFGS: function start/end, n_calls: -1746171.443755 -1746171.523572 101
cycle:  23 max_shift: 0.007967 LBFGS: function start/end, n_calls: -1746171.523572 -1746171.608101 101
cycle:  24 max_shift: 0.015912 LBFGS: function start/end, n_calls: -1746171.608101 -1746171.680513 101
cycle:  25 max_shift: 0.010873 LBFGS: function start/end, n_calls: -1746171.680513 -1746171.772149 101
cycle:  26 max_shift: 0.009428 LBFGS: function start/end, n_calls: -1746171.772149 -1746171.833115 101
cycle:  27 max_shift: 0.037562 LBFGS: function start/end, n_calls: -1746171.833115 -1746171.994843 101
cycle:  28 max_shift: 0.008538 LBFGS: function start/end, n_calls: -1746171.994843 -1746172.110492 101
cycle:  29 max_shift: 0.009812 LBFGS: function start/end, n_calls: -1746172.110492 -1746172.156347 101
cycle:  30 max_shift: 0.007643 LBFGS: function start/end, n_calls: -1746172.156347 -1746172.206242 101
cycle:  31 max_shift: 0.017533 LBFGS: function start/end, n_calls: -1746172.206242 -1746172.290248 101
cycle:  32 max_shift: 0.013909 LBFGS: function start/end, n_calls: -1746172.290248 -1746172.368868 101
cycle:  33 max_shift: 0.008785 LBFGS: function start/end, n_calls: -1746172.368868 -1746172.427814 101
cycle:  34 max_shift: 0.003738 LBFGS: function start/end, n_calls: -1746172.427814 -1746172.453921 101
cycle:  35 max_shift: 0.005667 LBFGS: function start/end, n_calls: -1746172.453921 -1746172.478682 101
cycle:  36 max_shift: 0.007165 LBFGS: function start/end, n_calls: -1746172.478682 -1746172.516458 101
cycle:  37 max_shift: 0.010876 LBFGS: function start/end, n_calls: -1746172.516458 -1746172.557376 101
cycle:  38 max_shift: 0.007578 LBFGS: function start/end, n_calls: -1746172.557376 -1746172.610039 101
cycle:  39 max_shift: 0.003677 LBFGS: function start/end, n_calls: -1746172.610039 -1746172.624850 101
cycle:  40 max_shift: 0.004024 LBFGS: function start/end, n_calls: -1746172.624850 -1746172.656119 101
cycle:  41 max_shift: 0.003387 LBFGS: function start/end, n_calls: -1746172.656119 -1746172.671978 101
cycle:  42 max_shift: 0.004206 LBFGS: function start/end, n_calls: -1746172.671978 -1746172.687911 101
cycle:  43 max_shift: 0.003114 LBFGS: function start/end, n_calls: -1746172.687911 -1746172.708632 101
cycle:  44 max_shift: 0.002359 LBFGS: function start/end, n_calls: -1746172.708632 -1746172.721424 101
cycle:  45 max_shift: 0.002722 LBFGS: function start/end, n_calls: -1746172.721424 -1746172.728381 101
cycle:  46 max_shift: 0.002870 LBFGS: function start/end, n_calls: -1746172.728381 -1746172.740873 101
cycle:  47 max_shift: 0.003141 LBFGS: function start/end, n_calls: -1746172.740873 -1746172.763464 101
cycle:  48 max_shift: 0.003367 LBFGS: function start/end, n_calls: -1746172.763464 -1746172.780295 101
cycle:  49 max_shift: 0.004435 LBFGS: function start/end, n_calls: -1746172.780295 -1746172.798099 101
cycle:  50 max_shift: 0.003451 LBFGS: function start/end, n_calls: -1746172.798099 -1746172.816351 101
cycle:  51 max_shift: 0.002557 LBFGS: function start/end, n_calls: -1746172.816351 -1746172.831013 101
cycle:  52 max_shift: 0.003561 LBFGS: function start/end, n_calls: -1746172.831013 -1746172.843431 101
cycle:  53 max_shift: 0.002306 LBFGS: function start/end, n_calls: -1746172.843431 -1746172.858167 101
cycle:  54 max_shift: 0.006024 LBFGS: function start/end, n_calls: -1746172.858167 -1746172.885247 101
cycle:  55 max_shift: 0.002661 LBFGS: function start/end, n_calls: -1746172.885247 -1746172.899759 101
cycle:  56 max_shift: 0.002748 LBFGS: function start/end, n_calls: -1746172.899759 -1746172.913672 101
cycle:  57 max_shift: 0.002061 LBFGS: function start/end, n_calls: -1746172.913672 -1746172.926015 101
cycle:  58 max_shift: 0.002117 LBFGS: function start/end, n_calls: -1746172.926015 -1746172.931401 101
cycle:  59 max_shift: 0.002954 LBFGS: function start/end, n_calls: -1746172.931401 -1746172.944866 101
cycle:  60 max_shift: 0.002281 LBFGS: function start/end, n_calls: -1746172.944866 -1746172.957508 101
cycle:  61 max_shift: 0.002232 LBFGS: function start/end, n_calls: -1746172.957508 -1746172.969552 101
cycle:  62 max_shift: 0.001782 LBFGS: function start/end, n_calls: -1746172.969552 -1746172.975835 101
cycle:  63 max_shift: 0.001754 LBFGS: function start/end, n_calls: -1746172.975835 -1746172.983839 101
cycle:  64 max_shift: 0.002430 LBFGS: function start/end, n_calls: -1746172.983839 -1746172.997828 101
cycle:  65 max_shift: 0.002581 LBFGS: function start/end, n_calls: -1746172.997828 -1746173.001643 101
cycle:  66 max_shift: 0.002686 LBFGS: function start/end, n_calls: -1746173.001643 -1746173.017502 101
cycle:  67 max_shift: 0.006654 LBFGS: function start/end, n_calls: -1746173.017502 -1746173.029770 101
cycle:  68 max_shift: 0.003371 LBFGS: function start/end, n_calls: -1746173.029770 -1746173.059617 101
cycle:  69 max_shift: 0.002153 LBFGS: function start/end, n_calls: -1746173.059617 -1746173.072259 101
cycle:  70 max_shift: 0.002374 LBFGS: function start/end, n_calls: -1746173.072259 -1746173.075326 101
cycle:  71 max_shift: 0.002936 LBFGS: function start/end, n_calls: -1746173.075326 -1746173.095598 101
cycle:  72 max_shift: 0.002200 LBFGS: function start/end, n_calls: -1746173.095598 -1746173.109587 101
cycle:  73 max_shift: 0.001482 LBFGS: function start/end, n_calls: -1746173.109587 -1746173.113327 101
cycle:  74 max_shift: 0.001807 LBFGS: function start/end, n_calls: -1746173.113327 -1746173.123650 101
cycle:  75 max_shift: 0.001624 LBFGS: function start/end, n_calls: -1746173.123650 -1746173.131953 101
cycle:  76 max_shift: 0.001499 LBFGS: function start/end, n_calls: -1746173.131953 -1746173.138162 101
cycle:  77 max_shift: 0.001517 LBFGS: function start/end, n_calls: -1746173.138162 -1746173.143099 101
cycle:  78 max_shift: 0.002474 LBFGS: function start/end, n_calls: -1746173.143099 -1746173.157013 101
cycle:  79 max_shift: 0.002419 LBFGS: function start/end, n_calls: -1746173.157013 -1746173.165840 101
cycle:  80 max_shift: 0.001885 LBFGS: function start/end, n_calls: -1746173.165840 -1746173.174966 101
cycle:  81 max_shift: 0.001550 LBFGS: function start/end, n_calls: -1746173.174966 -1746173.183419 101
cycle:  82 max_shift: 0.005444 LBFGS: function start/end, n_calls: -1746173.183419 -1746173.207282 101
cycle:  83 max_shift: 0.020385 LBFGS: function start/end, n_calls: -1746173.207282 -1746170.448812 101
cycle:  84 max_shift: 0.024054 LBFGS: function start/end, n_calls: -1746170.448812 -1746173.141005 101
cycle:  85 max_shift: 0.003131 LBFGS: function start/end, n_calls: -1746173.141005 -1746173.155592 101
cycle:  86 max_shift: 0.002339 LBFGS: function start/end, n_calls: -1746173.155592 -1746173.173620 101
cycle:  87 max_shift: 0.002821 LBFGS: function start/end, n_calls: -1746173.173620 -1746173.193443 101
cycle:  88 max_shift: 0.002432 LBFGS: function start/end, n_calls: -1746173.193443 -1746173.198455 101
cycle:  89 max_shift: 0.002257 LBFGS: function start/end, n_calls: -1746173.198455 -1746173.216707 101
cycle:  90 max_shift: 0.001925 LBFGS: function start/end, n_calls: -1746173.216707 -1746173.226881 101
cycle:  91 max_shift: 0.001499 LBFGS: function start/end, n_calls: -1746173.226881 -1746173.230771 101
cycle:  92 max_shift: 0.002630 LBFGS: function start/end, n_calls: -1746173.230771 -1746173.223440 101
cycle:  93 max_shift: 0.002209 LBFGS: function start/end, n_calls: -1746173.223440 -1746173.254708 101
cycle:  94 max_shift: 0.003540 LBFGS: function start/end, n_calls: -1746173.254708 -1746173.267799 101
cycle:  95 max_shift: 0.002105 LBFGS: function start/end, n_calls: -1746173.267799 -1746173.281114 101
cycle:  96 max_shift: 0.002179 LBFGS: function start/end, n_calls: -1746173.281114 -1746173.290989 101
cycle:  97 max_shift: 0.001796 LBFGS: function start/end, n_calls: -1746173.290989 -1746173.303032 101
cycle:  98 max_shift: 0.015061 LBFGS: function start/end, n_calls: -1746173.303032 -1746173.280740 101
cycle:  99 max_shift: 0.003828 LBFGS: function start/end, n_calls: -1746173.280740 -1746173.327793 101
final: bond:  0.009 angle:   1.37 clash:   0.0 rota:  0.00 rama: f: 100.00 o:   0.00 Z:  -2.00 cb:   0.00
See 8_refined.pdb in pdb folder.
Time: 940.9193
