Starting Q|R
version:   v1.0-208-g2886d5-dirty  
Running refinement
   input {
     xray_data {
       file_name = None
       labels = None
       high_resolution = None
       low_resolution = None
       outliers_rejection = True
       french_wilson_scale = True
       french_wilson {
         max_bins = 60
         min_bin_size = 40
       }
       sigma_fobs_rejection_criterion = None
       sigma_iobs_rejection_criterion = None
       ignore_all_zeros = True
       force_anomalous_flag_to_be_equal_to = None
       convert_to_non_anomalous_if_ratio_pairs_lone_less_than_threshold = 0.5
       r_free_flags {
         file_name = None
         label = None
         test_flag_value = None
         ignore_r_free_flags = False
         disable_suitability_test = False
         ignore_pdb_hexdigest = False
         generate = False
         fraction = 0.1
         max_free = 2000
         lattice_symmetry_max_delta = 5
         use_lattice_symmetry = True
         use_dataman_shells = False
         n_shells = 20
       }
     }
     pdb {
       file_name = None
     }
     monomers {
       file_name = None
     }
     maps {
       map_file_name = None
       d_min = None
       map_coefficients_file_name = None
       map_coefficients_label = None
     }
     sequence = None
     scattering_table = wk1995 it1992 *n_gaussian neutron electron
     wavelength = None
     energy = None
     twin_law = Auto
   }
   max_atoms = 15000
   debug = False
   cluster {
     fast_interaction = True
     charge_cutoff = 8.0
     clustering = false
     charge_embedding = False
     two_buffers = False
     maxnum_residues_in_cluster = 15
     select_within_radius = 10
     clustering_method = gnc *bcc
     altloc_method = average *subtract
     g_scan = 10 15 20
     g_mode = None
     save_clusters = True
     bond_with_altloc = True
     re_calculate_rmsd_tolerance = 0.5
   }
   restraints = cctbx *qm
   expansion = False
   quantum {
     engine_name = mopac ani *torchani terachem turbomole pyscf orca gaussian \
                   xtb
     basis = Auto
     charge = None
     method = Auto
     memory = None
     nproc = None
     qm_addon = gcp dftd3 gcp-d3
     qm_addon_method = None
   }
   refine {
     dry_run = False
     sf_algorithm = *direct fft
     refinement_target_name = *ml ls_wunit_k1
     mode = *opt refine gtest
     number_of_macro_cycles = 1
     number_of_weight_search_cycles = 50
     number_of_refine_cycles = 5
     number_of_micro_cycles = 100
     data_weight = None
     choose_best_use_r_work = False
     skip_weight_search = False
     adjust_restraints_weight_scale_value = 2
     max_iterations_weight = 50
     max_iterations_refine = 50
     use_ase_lbfgs = False
     line_search = True
     stpmax = 0.2
     gradient_only = true
     update_all_scales = True
     refine_sites = True
     refine_adp = False
     restraints_weight_scale = 1.0
     shake_sites = False
     use_convergence_test = True
     max_bond_rmsd = 0.03
     max_r_work_r_free_gap = 5.0
     r_tolerance = 0.001
     rmsd_tolerance = 0.01
     opt_log = False
     pre_opt = False
     pre_opt_stpmax = 0.1
     pre_opt_iter = 10
     pre_opt_switch = 2
     pre_opt_gconv = 3000
     minimizer = *lbfgs lbfgsb
   }
   parallel {
     method = *multiprocessing slurm pbs sge lsf threading
     nproc = None
     qsub_command = None
   }
   output_file_name_prefix = None
   output_folder_name = "pdb"
   rst_file = None
   dump_gradients = None

Setting QM defaults
  Setting QM method to HF
  Setting QM basis to 6-31g


***********************************************************
restart info will be stored in /home/yanting/work/aniserver_1_qr/ani_qr_test/cctbx_lbfgs/qr-ani-test/qr-ani/lbfgs/0.9/pdb/9.rst.pickle
***********************************************************

start: bond:  0.013 angle:   1.69 clash:   0.0 rota:  0.00 rama: f: 100.00 o:   0.00 Z:  -4.17 cb:   0.00
cycle:   0 max_shift: 0.427867 LBFGS: function start/end, n_calls: -1746108.871202 -1746156.647185 101
cycle:   1 max_shift: 0.232644 LBFGS: function start/end, n_calls: -1746156.647185 -1746159.309343 101
cycle:   2 max_shift: 0.128405 LBFGS: function start/end, n_calls: -1746159.309343 -1746161.082445 101
cycle:   3 max_shift: 0.100722 LBFGS: function start/end, n_calls: -1746161.082445 -1746162.208709 101
cycle:   4 max_shift: 0.100774 LBFGS: function start/end, n_calls: -1746162.208709 -1746163.160452 101
cycle:   5 max_shift: 0.100466 LBFGS: function start/end, n_calls: -1746163.160452 -1746164.042029 101
cycle:   6 max_shift: 0.072890 LBFGS: function start/end, n_calls: -1746164.042029 -1746164.858151 101
cycle:   7 max_shift: 0.072957 LBFGS: function start/end, n_calls: -1746164.858151 -1746165.477311 101
cycle:   8 max_shift: 0.054830 LBFGS: function start/end, n_calls: -1746165.477311 -1746166.066737 101
cycle:   9 max_shift: 0.077044 LBFGS: function start/end, n_calls: -1746166.066737 -1746166.614459 101
cycle:  10 max_shift: 0.056973 LBFGS: function start/end, n_calls: -1746166.614459 -1746167.155261 101
cycle:  11 max_shift: 0.054295 LBFGS: function start/end, n_calls: -1746167.155261 -1746167.631358 101
cycle:  12 max_shift: 0.034664 LBFGS: function start/end, n_calls: -1746167.631358 -1746167.965324 101
cycle:  13 max_shift: 0.050718 LBFGS: function start/end, n_calls: -1746167.965324 -1746168.318254 101
cycle:  14 max_shift: 0.025254 LBFGS: function start/end, n_calls: -1746168.318254 -1746168.619569 101
cycle:  15 max_shift: 0.030689 LBFGS: function start/end, n_calls: -1746168.619569 -1746168.877197 101
cycle:  16 max_shift: 0.015613 LBFGS: function start/end, n_calls: -1746168.877197 -1746169.087848 101
cycle:  17 max_shift: 0.023690 LBFGS: function start/end, n_calls: -1746169.087848 -1746169.276169 101
cycle:  18 max_shift: 0.007398 LBFGS: function start/end, n_calls: -1746169.276169 -1746169.384374 101
cycle:  19 max_shift: 0.014022 LBFGS: function start/end, n_calls: -1746169.384374 -1746169.489775 101
cycle:  20 max_shift: 0.010608 LBFGS: function start/end, n_calls: -1746169.489775 -1746169.593866 101
cycle:  21 max_shift: 0.003391 LBFGS: function start/end, n_calls: -1746169.593866 -1746169.635644 101
cycle:  22 max_shift: 0.011042 LBFGS: function start/end, n_calls: -1746169.635644 -1746169.722194 101
cycle:  23 max_shift: 0.007079 LBFGS: function start/end, n_calls: -1746169.722194 -1746169.773061 101
cycle:  24 max_shift: 0.011587 LBFGS: function start/end, n_calls: -1746169.773061 -1746169.856095 101
cycle:  25 max_shift: 0.006719 LBFGS: function start/end, n_calls: -1746169.856095 -1746169.924017 101
cycle:  26 max_shift: 0.005381 LBFGS: function start/end, n_calls: -1746169.924017 -1746169.955361 101
cycle:  27 max_shift: 0.004099 LBFGS: function start/end, n_calls: -1746169.955361 -1746169.993137 101
cycle:  28 max_shift: 0.013630 LBFGS: function start/end, n_calls: -1746169.993137 -1746170.060836 101
cycle:  29 max_shift: 0.007859 LBFGS: function start/end, n_calls: -1746170.060836 -1746170.130105 101
cycle:  30 max_shift: 0.005294 LBFGS: function start/end, n_calls: -1746170.130105 -1746170.169640 101
cycle:  31 max_shift: 0.005808 LBFGS: function start/end, n_calls: -1746170.169640 -1746170.199374 101
cycle:  32 max_shift: 0.009650 LBFGS: function start/end, n_calls: -1746170.199374 -1746170.255553 101
cycle:  33 max_shift: 0.006804 LBFGS: function start/end, n_calls: -1746170.255553 -1746170.306757 101
cycle:  34 max_shift: 0.004987 LBFGS: function start/end, n_calls: -1746170.306757 -1746170.342177 101
cycle:  35 max_shift: 0.010807 LBFGS: function start/end, n_calls: -1746170.342177 -1746170.395663 101
cycle:  36 max_shift: 0.012269 LBFGS: function start/end, n_calls: -1746170.395663 -1746170.473647 101
cycle:  37 max_shift: 0.012127 LBFGS: function start/end, n_calls: -1746170.473647 -1746170.537792 101
cycle:  38 max_shift: 0.009812 LBFGS: function start/end, n_calls: -1746170.537792 -1746170.612410 101
cycle:  39 max_shift: 0.013740 LBFGS: function start/end, n_calls: -1746170.612410 -1746170.679884 101
cycle:  40 max_shift: 0.021613 LBFGS: function start/end, n_calls: -1746170.679884 -1746170.789735 101
cycle:  41 max_shift: 0.025691 LBFGS: function start/end, n_calls: -1746170.789735 -1746170.936652 101
cycle:  42 max_shift: 0.016342 LBFGS: function start/end, n_calls: -1746170.936652 -1746171.061726 101
cycle:  43 max_shift: 0.033286 LBFGS: function start/end, n_calls: -1746171.061726 -1746171.236246 101
cycle:  44 max_shift: 0.064926 LBFGS: function start/end, n_calls: -1746171.236246 -1746171.585735 101
cycle:  45 max_shift: 0.010368 LBFGS: function start/end, n_calls: -1746171.585735 -1746171.758011 101
cycle:  46 max_shift: 0.012033 LBFGS: function start/end, n_calls: -1746171.758011 -1746171.836257 101
cycle:  47 max_shift: 0.086996 LBFGS: function start/end, n_calls: -1746171.836257 -1746172.233321 101
cycle:  48 max_shift: 0.009142 LBFGS: function start/end, n_calls: -1746172.233321 -1746172.420034 101
cycle:  49 max_shift: 0.010983 LBFGS: function start/end, n_calls: -1746172.420034 -1746172.477934 101
cycle:  50 max_shift: 0.005974 LBFGS: function start/end, n_calls: -1746172.477934 -1746172.521545 101
cycle:  51 max_shift: 0.035716 LBFGS: function start/end, n_calls: -1746172.521545 -1746157.376308 101
cycle:  52 max_shift: 0.042338 LBFGS: function start/end, n_calls: -1746157.376308 -1746172.398416 101
cycle:  53 max_shift: 0.012103 LBFGS: function start/end, n_calls: -1746172.398416 -1746172.499103 101
cycle:  54 max_shift: 0.004496 LBFGS: function start/end, n_calls: -1746172.499103 -1746172.535010 101
cycle:  55 max_shift: 0.040758 LBFGS: function start/end, n_calls: -1746172.535010 -1746172.695990 101
cycle:  56 max_shift: 0.006423 LBFGS: function start/end, n_calls: -1746172.695990 -1746172.801390 101
cycle:  57 max_shift: 0.004857 LBFGS: function start/end, n_calls: -1746172.801390 -1746172.833332 101
cycle:  58 max_shift: 0.004286 LBFGS: function start/end, n_calls: -1746172.833332 -1746172.859140 101
cycle:  59 max_shift: 0.004129 LBFGS: function start/end, n_calls: -1746172.859140 -1746172.884798 101
cycle:  60 max_shift: 0.004826 LBFGS: function start/end, n_calls: -1746172.884798 -1746172.908810 101
cycle:  61 max_shift: 0.003324 LBFGS: function start/end, n_calls: -1746172.908810 -1746172.935366 101
cycle:  62 max_shift: 0.005851 LBFGS: function start/end, n_calls: -1746172.935366 -1746172.960051 101
cycle:  63 max_shift: 0.004140 LBFGS: function start/end, n_calls: -1746172.960051 -1746172.994387 101
cycle:  64 max_shift: 0.004176 LBFGS: function start/end, n_calls: -1746172.994387 -1746173.017128 101
cycle:  65 max_shift: 0.004208 LBFGS: function start/end, n_calls: -1746173.017128 -1746173.042262 101
cycle:  66 max_shift: 0.003526 LBFGS: function start/end, n_calls: -1746173.042262 -1746173.060814 101
cycle:  67 max_shift: 0.003023 LBFGS: function start/end, n_calls: -1746173.060814 -1746173.076672 101
cycle:  68 max_shift: 0.004003 LBFGS: function start/end, n_calls: -1746173.076672 -1746173.101582 101
cycle:  69 max_shift: 0.003084 LBFGS: function start/end, n_calls: -1746173.101582 -1746173.117217 101
cycle:  70 max_shift: 0.002819 LBFGS: function start/end, n_calls: -1746173.117217 -1746173.134871 101
cycle:  71 max_shift: 0.004193 LBFGS: function start/end, n_calls: -1746173.134871 -1746173.155592 101
cycle:  72 max_shift: 0.002931 LBFGS: function start/end, n_calls: -1746173.155592 -1746173.175789 101
cycle:  73 max_shift: 0.002976 LBFGS: function start/end, n_calls: -1746173.175789 -1746173.189553 101
cycle:  74 max_shift: 0.002663 LBFGS: function start/end, n_calls: -1746173.189553 -1746173.209825 101
cycle:  75 max_shift: 0.002640 LBFGS: function start/end, n_calls: -1746173.209825 -1746173.218353 101
cycle:  76 max_shift: 0.003272 LBFGS: function start/end, n_calls: -1746173.218353 -1746173.240420 101
cycle:  77 max_shift: 0.002489 LBFGS: function start/end, n_calls: -1746173.240420 -1746173.250295 101
cycle:  78 max_shift: 0.002649 LBFGS: function start/end, n_calls: -1746173.250295 -1746173.267649 101
cycle:  79 max_shift: 0.003167 LBFGS: function start/end, n_calls: -1746173.267649 -1746173.279618 101
cycle:  80 max_shift: 0.002732 LBFGS: function start/end, n_calls: -1746173.279618 -1746173.293607 101
cycle:  81 max_shift: 0.002177 LBFGS: function start/end, n_calls: -1746173.293607 -1746173.306847 101
cycle:  82 max_shift: 0.003142 LBFGS: function start/end, n_calls: -1746173.306847 -1746173.321060 101
cycle:  83 max_shift: 0.002825 LBFGS: function start/end, n_calls: -1746173.321060 -1746173.339612 101
cycle:  84 max_shift: 0.002037 LBFGS: function start/end, n_calls: -1746173.339612 -1746173.347766 101
cycle:  85 max_shift: 0.004119 LBFGS: function start/end, n_calls: -1746173.347766 -1746173.363998 101
cycle:  86 max_shift: 0.003005 LBFGS: function start/end, n_calls: -1746173.363998 -1746173.387263 101
cycle:  87 max_shift: 0.002890 LBFGS: function start/end, n_calls: -1746173.387263 -1746173.396090 101
cycle:  88 max_shift: 0.069572 LBFGS: function start/end, n_calls: -1746173.396090 -1746165.498706 101
cycle:  89 max_shift: 0.026875 LBFGS: function start/end, n_calls: -1746165.498706 -1746173.716629 101
cycle:  90 max_shift: 0.002212 LBFGS: function start/end, n_calls: -1746173.716629 -1746173.736303 101
cycle:  91 max_shift: 0.002251 LBFGS: function start/end, n_calls: -1746173.736303 -1746173.747299 101
cycle:  92 max_shift: 0.002954 LBFGS: function start/end, n_calls: -1746173.747299 -1746173.755976 101
cycle:  93 max_shift: 0.003177 LBFGS: function start/end, n_calls: -1746173.755976 -1746173.771087 101
cycle:  94 max_shift: 0.002478 LBFGS: function start/end, n_calls: -1746173.771087 -1746173.786048 101
cycle:  95 max_shift: 0.002765 LBFGS: function start/end, n_calls: -1746173.786048 -1746173.796296 101
cycle:  96 max_shift: 0.002252 LBFGS: function start/end, n_calls: -1746173.796296 -1746173.806170 101
cycle:  97 max_shift: 0.002206 LBFGS: function start/end, n_calls: -1746173.806170 -1746173.814549 101
cycle:  98 max_shift: 0.002330 LBFGS: function start/end, n_calls: -1746173.814549 -1746173.823525 101
cycle:  99 max_shift: 0.001578 LBFGS: function start/end, n_calls: -1746173.823525 -1746173.832801 101
final: bond:  0.009 angle:   1.28 clash:   0.0 rota:  0.00 rama: f: 100.00 o:   0.00 Z:   0.91 cb:   0.00
See 9_refined.pdb in pdb folder.
Time: 947.1952
