Starting Q|R
version:   v1.0-208-g2886d5-dirty  
Running refinement
   input {
     xray_data {
       file_name = None
       labels = None
       high_resolution = None
       low_resolution = None
       outliers_rejection = True
       french_wilson_scale = True
       french_wilson {
         max_bins = 60
         min_bin_size = 40
       }
       sigma_fobs_rejection_criterion = None
       sigma_iobs_rejection_criterion = None
       ignore_all_zeros = True
       force_anomalous_flag_to_be_equal_to = None
       convert_to_non_anomalous_if_ratio_pairs_lone_less_than_threshold = 0.5
       r_free_flags {
         file_name = None
         label = None
         test_flag_value = None
         ignore_r_free_flags = False
         disable_suitability_test = False
         ignore_pdb_hexdigest = False
         generate = False
         fraction = 0.1
         max_free = 2000
         lattice_symmetry_max_delta = 5
         use_lattice_symmetry = True
         use_dataman_shells = False
         n_shells = 20
       }
     }
     pdb {
       file_name = None
     }
     monomers {
       file_name = None
     }
     maps {
       map_file_name = None
       d_min = None
       map_coefficients_file_name = None
       map_coefficients_label = None
     }
     sequence = None
     scattering_table = wk1995 it1992 *n_gaussian neutron electron
     wavelength = None
     energy = None
     twin_law = Auto
   }
   max_atoms = 15000
   debug = False
   cluster {
     fast_interaction = True
     charge_cutoff = 8.0
     clustering = false
     charge_embedding = False
     two_buffers = False
     maxnum_residues_in_cluster = 15
     select_within_radius = 10
     clustering_method = gnc *bcc
     altloc_method = average *subtract
     g_scan = 10 15 20
     g_mode = None
     save_clusters = True
     bond_with_altloc = True
     re_calculate_rmsd_tolerance = 0.5
   }
   restraints = cctbx *qm
   expansion = False
   quantum {
     engine_name = mopac ani *torchani terachem turbomole pyscf orca gaussian \
                   xtb
     basis = Auto
     charge = None
     method = Auto
     memory = None
     nproc = None
     qm_addon = gcp dftd3 gcp-d3
     qm_addon_method = None
   }
   refine {
     dry_run = False
     sf_algorithm = *direct fft
     refinement_target_name = *ml ls_wunit_k1
     mode = *opt refine gtest
     number_of_macro_cycles = 1
     number_of_weight_search_cycles = 50
     number_of_refine_cycles = 5
     number_of_micro_cycles = 100
     data_weight = None
     choose_best_use_r_work = False
     skip_weight_search = False
     adjust_restraints_weight_scale_value = 2
     max_iterations_weight = 50
     max_iterations_refine = 50
     use_ase_lbfgs = False
     line_search = True
     stpmax = 0.2
     gradient_only = true
     update_all_scales = True
     refine_sites = True
     refine_adp = False
     restraints_weight_scale = 1.0
     shake_sites = False
     use_convergence_test = True
     max_bond_rmsd = 0.03
     max_r_work_r_free_gap = 5.0
     r_tolerance = 0.001
     rmsd_tolerance = 0.01
     opt_log = False
     pre_opt = False
     pre_opt_stpmax = 0.1
     pre_opt_iter = 10
     pre_opt_switch = 2
     pre_opt_gconv = 3000
     minimizer = *lbfgs lbfgsb
   }
   parallel {
     method = *multiprocessing slurm pbs sge lsf threading
     nproc = None
     qsub_command = None
   }
   output_file_name_prefix = None
   output_folder_name = "pdb"
   rst_file = None
   dump_gradients = None

Setting QM defaults
  Setting QM method to HF
  Setting QM basis to 6-31g


***********************************************************
restart info will be stored in /home/yanting/work/aniserver_1_qr/ani_qr_test/cctbx_lbfgs/qr-ani-test/qr-ani/lbfgs/1.5/pdb/5.rst.pickle
***********************************************************

start: bond:  0.013 angle:   1.16 clash:   0.0 rota:  0.00 rama: f:  90.91 o:   9.09 Z:  -4.92 cb:   0.00
cycle:   0 max_shift: 0.468659 LBFGS: function start/end, n_calls: -1746098.037574 -1746154.177985 101
cycle:   1 max_shift: 0.143631 LBFGS: function start/end, n_calls: -1746154.177985 -1746156.439526 101
cycle:   2 max_shift: 0.089398 LBFGS: function start/end, n_calls: -1746156.439526 -1746157.379488 101
cycle:   3 max_shift: 0.053320 LBFGS: function start/end, n_calls: -1746157.379488 -1746157.837032 101
cycle:   4 max_shift: 0.037008 LBFGS: function start/end, n_calls: -1746157.837032 -1746158.198939 101
cycle:   5 max_shift: 0.015978 LBFGS: function start/end, n_calls: -1746158.198939 -1746158.392459 101
cycle:   6 max_shift: 0.071379 LBFGS: function start/end, n_calls: -1746158.392459 -1746158.807926 101
cycle:   7 max_shift: 0.017407 LBFGS: function start/end, n_calls: -1746158.807926 -1746159.092446 101
cycle:   8 max_shift: 0.025623 LBFGS: function start/end, n_calls: -1746159.092446 -1746159.291091 101
cycle:   9 max_shift: 0.009097 LBFGS: function start/end, n_calls: -1746159.291091 -1746159.421925 101
cycle:  10 max_shift: 0.010253 LBFGS: function start/end, n_calls: -1746159.421925 -1746159.503387 101
cycle:  11 max_shift: 0.006531 LBFGS: function start/end, n_calls: -1746159.503387 -1746159.570375 101
cycle:  12 max_shift: 0.012668 LBFGS: function start/end, n_calls: -1746159.570375 -1746159.658309 101
cycle:  13 max_shift: 0.023342 LBFGS: function start/end, n_calls: -1746159.658309 -1746159.829911 101
cycle:  14 max_shift: 0.013414 LBFGS: function start/end, n_calls: -1746159.829911 -1746159.976604 101
cycle:  15 max_shift: 0.007991 LBFGS: function start/end, n_calls: -1746159.976604 -1746160.059862 101
cycle:  16 max_shift: 0.008254 LBFGS: function start/end, n_calls: -1746160.059862 -1746160.120715 101
cycle:  17 max_shift: 0.013601 LBFGS: function start/end, n_calls: -1746160.120715 -1746160.228285 101
cycle:  18 max_shift: 0.014457 LBFGS: function start/end, n_calls: -1746160.228285 -1746160.348459 101
cycle:  19 max_shift: 0.027632 LBFGS: function start/end, n_calls: -1746160.348459 -1746160.568460 101
cycle:  20 max_shift: 0.009246 LBFGS: function start/end, n_calls: -1746160.568460 -1746160.687887 101
cycle:  21 max_shift: 0.301303 LBFGS: function start/end, n_calls: -1746160.687887 -1746162.246448 101
cycle:  22 max_shift: 0.014438 LBFGS: function start/end, n_calls: -1746162.246448 -1746162.694343 101
cycle:  23 max_shift: 0.005270 LBFGS: function start/end, n_calls: -1746162.694343 -1746162.732531 101
cycle:  24 max_shift: 0.006293 LBFGS: function start/end, n_calls: -1746162.732531 -1746162.767801 101
cycle:  25 max_shift: 0.003754 LBFGS: function start/end, n_calls: -1746162.767801 -1746162.794207 101
cycle:  26 max_shift: 0.005548 LBFGS: function start/end, n_calls: -1746162.794207 -1746162.826598 101
cycle:  27 max_shift: 0.006318 LBFGS: function start/end, n_calls: -1746162.826598 -1746162.859736 101
cycle:  28 max_shift: 0.004628 LBFGS: function start/end, n_calls: -1746162.859736 -1746162.887863 101
cycle:  29 max_shift: 0.002492 LBFGS: function start/end, n_calls: -1746162.887863 -1746162.901066 101
cycle:  30 max_shift: 0.005253 LBFGS: function start/end, n_calls: -1746162.901066 -1746162.936449 101
cycle:  31 max_shift: 0.002906 LBFGS: function start/end, n_calls: -1746162.936449 -1746162.955412 101
cycle:  32 max_shift: 0.001893 LBFGS: function start/end, n_calls: -1746162.955412 -1746162.970747 101
cycle:  33 max_shift: 0.001890 LBFGS: function start/end, n_calls: -1746162.970747 -1746162.981930 101
cycle:  34 max_shift: 0.002707 LBFGS: function start/end, n_calls: -1746162.981930 -1746163.005045 101
cycle:  35 max_shift: 0.004363 LBFGS: function start/end, n_calls: -1746163.005045 -1746163.026551 101
cycle:  36 max_shift: 0.002680 LBFGS: function start/end, n_calls: -1746163.026551 -1746163.044280 101
cycle:  37 max_shift: 0.007766 LBFGS: function start/end, n_calls: -1746163.044280 -1746162.623016 101
cycle:  38 max_shift: 0.007307 LBFGS: function start/end, n_calls: -1746162.623016 -1746163.108612 101
cycle:  39 max_shift: 0.002539 LBFGS: function start/end, n_calls: -1746163.108612 -1746163.129894 101
cycle:  40 max_shift: 0.002285 LBFGS: function start/end, n_calls: -1746163.129894 -1746163.140966 101
cycle:  41 max_shift: 0.002540 LBFGS: function start/end, n_calls: -1746163.140966 -1746163.163220 101
cycle:  42 max_shift: 0.002368 LBFGS: function start/end, n_calls: -1746163.163220 -1746163.173655 101
cycle:  43 max_shift: 0.002201 LBFGS: function start/end, n_calls: -1746163.173655 -1746163.188729 101
cycle:  44 max_shift: 0.002650 LBFGS: function start/end, n_calls: -1746163.188729 -1746163.199201 101
cycle:  45 max_shift: 0.002228 LBFGS: function start/end, n_calls: -1746163.199201 -1746163.221194 101
cycle:  46 max_shift: 0.002156 LBFGS: function start/end, n_calls: -1746163.221194 -1746163.236529 101
cycle:  47 max_shift: 0.002059 LBFGS: function start/end, n_calls: -1746163.236529 -1746163.249657 101
cycle:  48 max_shift: 0.001977 LBFGS: function start/end, n_calls: -1746163.249657 -1746163.241391 101
cycle:  49 max_shift: 0.003262 LBFGS: function start/end, n_calls: -1746163.241391 -1746163.269967 101
cycle:  50 max_shift: 0.002253 LBFGS: function start/end, n_calls: -1746163.269967 -1746163.294914 101
cycle:  51 max_shift: 0.001946 LBFGS: function start/end, n_calls: -1746163.294914 -1746163.299328 101
cycle:  52 max_shift: 0.002158 LBFGS: function start/end, n_calls: -1746163.299328 -1746163.314962 101
cycle:  53 max_shift: 0.002277 LBFGS: function start/end, n_calls: -1746163.314962 -1746163.310025 101
cycle:  54 max_shift: 0.002086 LBFGS: function start/end, n_calls: -1746163.310025 -1746163.345333 101
cycle:  55 max_shift: 0.001564 LBFGS: function start/end, n_calls: -1746163.345333 -1746163.347390 101
cycle:  56 max_shift: 0.001915 LBFGS: function start/end, n_calls: -1746163.347390 -1746163.364445 101
cycle:  57 max_shift: 0.001950 LBFGS: function start/end, n_calls: -1746163.364445 -1746163.376152 101
cycle:  58 max_shift: 0.002753 LBFGS: function start/end, n_calls: -1746163.376152 -1746163.388570 101
cycle:  59 max_shift: 0.001532 LBFGS: function start/end, n_calls: -1746163.388570 -1746163.403681 101
cycle:  60 max_shift: 0.001764 LBFGS: function start/end, n_calls: -1746163.403681 -1746163.413667 101
cycle:  61 max_shift: 0.001506 LBFGS: function start/end, n_calls: -1746163.413667 -1746163.417819 101
cycle:  62 max_shift: 0.001549 LBFGS: function start/end, n_calls: -1746163.417819 -1746163.430124 101
cycle:  63 max_shift: 0.001498 LBFGS: function start/end, n_calls: -1746163.430124 -1746163.443664 101
cycle:  64 max_shift: 0.001455 LBFGS: function start/end, n_calls: -1746163.443664 -1746163.449910 101
cycle:  65 max_shift: 0.001579 LBFGS: function start/end, n_calls: -1746163.449910 -1746163.458026 101
cycle:  66 max_shift: 0.001270 LBFGS: function start/end, n_calls: -1746163.458026 -1746163.463263 101
cycle:  67 max_shift: 0.001531 LBFGS: function start/end, n_calls: -1746163.463263 -1746163.472763 101
cycle:  68 max_shift: 0.002786 LBFGS: function start/end, n_calls: -1746163.472763 -1746163.488061 101
cycle:  69 max_shift: 0.005174 LBFGS: function start/end, n_calls: -1746163.488061 -1746163.443178 101
cycle:  70 max_shift: 0.004014 LBFGS: function start/end, n_calls: -1746163.443178 -1746163.516561 101
cycle:  71 max_shift: 0.001554 LBFGS: function start/end, n_calls: -1746163.516561 -1746163.525201 101
cycle:  72 max_shift: 0.001022 LBFGS: function start/end, n_calls: -1746163.525201 -1746163.528081 101
cycle:  73 max_shift: 0.001233 LBFGS: function start/end, n_calls: -1746163.528081 -1746163.536796 101
cycle:  74 max_shift: 0.003573 LBFGS: function start/end, n_calls: -1746163.536796 -1746163.557143 101
cycle:  75 max_shift: 0.001238 LBFGS: function start/end, n_calls: -1746163.557143 -1746163.563202 101
cycle:  76 max_shift: 0.001176 LBFGS: function start/end, n_calls: -1746163.563202 -1746163.572029 101
cycle:  77 max_shift: 0.001083 LBFGS: function start/end, n_calls: -1746163.572029 -1746163.580258 101
cycle:  78 max_shift: 0.001717 LBFGS: function start/end, n_calls: -1746163.580258 -1746163.581754 101
cycle:  79 max_shift: 0.001521 LBFGS: function start/end, n_calls: -1746163.581754 -1746163.598548 101
cycle:  80 max_shift: 0.001131 LBFGS: function start/end, n_calls: -1746163.598548 -1746163.602063 101
cycle:  81 max_shift: 0.001062 LBFGS: function start/end, n_calls: -1746163.602063 -1746163.607225 101
cycle:  82 max_shift: 0.001136 LBFGS: function start/end, n_calls: -1746163.607225 -1746163.612424 101
cycle:  83 max_shift: 0.001208 LBFGS: function start/end, n_calls: -1746163.612424 -1746163.618969 101
cycle:  84 max_shift: 0.001185 LBFGS: function start/end, n_calls: -1746163.618969 -1746163.626038 101
cycle:  85 max_shift: 0.001387 LBFGS: function start/end, n_calls: -1746163.626038 -1746163.633182 101
cycle:  86 max_shift: 0.001085 LBFGS: function start/end, n_calls: -1746163.633182 -1746163.638007 101
cycle:  87 max_shift: 0.001166 LBFGS: function start/end, n_calls: -1746163.638007 -1746163.643618 101
cycle:  88 max_shift: 0.001082 LBFGS: function start/end, n_calls: -1746163.643618 -1746163.649452 101
cycle:  89 max_shift: 0.001139 LBFGS: function start/end, n_calls: -1746163.649452 -1746163.657307 101
cycle:  90 max_shift: 0.001133 LBFGS: function start/end, n_calls: -1746163.657307 -1746163.664937 101
cycle:  91 max_shift: 0.001218 LBFGS: function start/end, n_calls: -1746163.664937 -1746163.655549 101
cycle:  92 max_shift: 0.001433 LBFGS: function start/end, n_calls: -1746163.655549 -1746163.677654 101
cycle:  93 max_shift: 0.001012 LBFGS: function start/end, n_calls: -1746163.677654 -1746163.681618 101
cycle:  94 max_shift: 0.001001 LBFGS: function start/end, n_calls: -1746163.681618 -1746163.683563 101
cycle:  95 max_shift: 0.003061 LBFGS: function start/end, n_calls: -1746163.683563 -1746163.594957 101
cycle:  96 max_shift: 0.004104 LBFGS: function start/end, n_calls: -1746163.594957 -1746163.696056 101
cycle:  97 max_shift: 0.001243 LBFGS: function start/end, n_calls: -1746163.696056 -1746163.703611 101
cycle:  98 max_shift: 0.003650 LBFGS: function start/end, n_calls: -1746163.703611 -1746163.665049 101
cycle:  99 max_shift: 0.002600 LBFGS: function start/end, n_calls: -1746163.665049 -1746163.735740 101
final: bond:  0.009 angle:   1.57 clash:   0.0 rota:  0.00 rama: f:  90.91 o:   9.09 Z:  -4.95 cb:   0.00
See 5_refined.pdb in pdb folder.
Time: 967.1237
