Starting Q|R
version:   v1.0-208-g2886d5-dirty  
Running refinement
   input {
     xray_data {
       file_name = None
       labels = None
       high_resolution = None
       low_resolution = None
       outliers_rejection = True
       french_wilson_scale = True
       french_wilson {
         max_bins = 60
         min_bin_size = 40
       }
       sigma_fobs_rejection_criterion = None
       sigma_iobs_rejection_criterion = None
       ignore_all_zeros = True
       force_anomalous_flag_to_be_equal_to = None
       convert_to_non_anomalous_if_ratio_pairs_lone_less_than_threshold = 0.5
       r_free_flags {
         file_name = None
         label = None
         test_flag_value = None
         ignore_r_free_flags = False
         disable_suitability_test = False
         ignore_pdb_hexdigest = False
         generate = False
         fraction = 0.1
         max_free = 2000
         lattice_symmetry_max_delta = 5
         use_lattice_symmetry = True
         use_dataman_shells = False
         n_shells = 20
       }
     }
     pdb {
       file_name = None
     }
     monomers {
       file_name = None
     }
     maps {
       map_file_name = None
       d_min = None
       map_coefficients_file_name = None
       map_coefficients_label = None
     }
     sequence = None
     scattering_table = wk1995 it1992 *n_gaussian neutron electron
     wavelength = None
     energy = None
     twin_law = Auto
   }
   max_atoms = 15000
   debug = False
   cluster {
     fast_interaction = True
     charge_cutoff = 8.0
     clustering = false
     charge_embedding = False
     two_buffers = False
     maxnum_residues_in_cluster = 15
     select_within_radius = 10
     clustering_method = gnc *bcc
     altloc_method = average *subtract
     g_scan = 10 15 20
     g_mode = None
     save_clusters = True
     bond_with_altloc = True
     re_calculate_rmsd_tolerance = 0.5
   }
   restraints = cctbx *qm
   expansion = False
   quantum {
     engine_name = mopac ani *torchani terachem turbomole pyscf orca gaussian \
                   xtb
     basis = Auto
     charge = None
     method = Auto
     memory = None
     nproc = None
     qm_addon = gcp dftd3 gcp-d3
     qm_addon_method = None
   }
   refine {
     dry_run = False
     sf_algorithm = *direct fft
     refinement_target_name = *ml ls_wunit_k1
     mode = *opt refine gtest
     number_of_macro_cycles = 1
     number_of_weight_search_cycles = 50
     number_of_refine_cycles = 5
     number_of_micro_cycles = 100
     data_weight = None
     choose_best_use_r_work = False
     skip_weight_search = False
     adjust_restraints_weight_scale_value = 2
     max_iterations_weight = 50
     max_iterations_refine = 50
     use_ase_lbfgs = False
     line_search = True
     stpmax = 0.2
     gradient_only = true
     update_all_scales = True
     refine_sites = True
     refine_adp = False
     restraints_weight_scale = 1.0
     shake_sites = False
     use_convergence_test = True
     max_bond_rmsd = 0.03
     max_r_work_r_free_gap = 5.0
     r_tolerance = 0.001
     rmsd_tolerance = 0.01
     opt_log = False
     pre_opt = False
     pre_opt_stpmax = 0.1
     pre_opt_iter = 10
     pre_opt_switch = 2
     pre_opt_gconv = 3000
     minimizer = *lbfgs lbfgsb
   }
   parallel {
     method = *multiprocessing slurm pbs sge lsf threading
     nproc = None
     qsub_command = None
   }
   output_file_name_prefix = None
   output_folder_name = "pdb"
   rst_file = None
   dump_gradients = None

Setting QM defaults
  Setting QM method to HF
  Setting QM basis to 6-31g


***********************************************************
restart info will be stored in /home/yanting/work/aniserver_1_qr/ani_qr_test/cctbx_lbfgs/qr-ani-test/qr-ani/lbfgs/1.5/pdb/6.rst.pickle
***********************************************************

start: bond:  0.012 angle:   1.33 clash:   0.0 rota:  0.00 rama: f:  72.73 o:   9.09 Z:  -5.75 cb:   0.00
cycle:   0 max_shift: 0.346659 LBFGS: function start/end, n_calls: -1746102.771756 -1746150.555331 101
cycle:   1 max_shift: 0.172190 LBFGS: function start/end, n_calls: -1746150.555331 -1746152.365910 101
cycle:   2 max_shift: 0.078274 LBFGS: function start/end, n_calls: -1746152.365910 -1746153.605989 101
cycle:   3 max_shift: 0.065649 LBFGS: function start/end, n_calls: -1746153.605989 -1746154.357816 101
cycle:   4 max_shift: 0.042754 LBFGS: function start/end, n_calls: -1746154.357816 -1746155.030425 101
cycle:   5 max_shift: 0.085419 LBFGS: function start/end, n_calls: -1746155.030425 -1746155.745635 101
cycle:   6 max_shift: 0.033355 LBFGS: function start/end, n_calls: -1746155.745635 -1746156.392436 101
cycle:   7 max_shift: 0.086532 LBFGS: function start/end, n_calls: -1746156.392436 -1746157.037928 101
cycle:   8 max_shift: 0.022640 LBFGS: function start/end, n_calls: -1746157.037928 -1746157.594215 101
cycle:   9 max_shift: 0.092210 LBFGS: function start/end, n_calls: -1746157.594215 -1746158.156075 101
cycle:  10 max_shift: 0.032991 LBFGS: function start/end, n_calls: -1746158.156075 -1746158.632321 101
cycle:  11 max_shift: 0.103551 LBFGS: function start/end, n_calls: -1746158.632321 -1746159.124874 101
cycle:  12 max_shift: 0.019755 LBFGS: function start/end, n_calls: -1746159.124874 -1746159.525156 101
cycle:  13 max_shift: 0.159297 LBFGS: function start/end, n_calls: -1746159.525156 -1746160.335854 101
cycle:  14 max_shift: 0.019966 LBFGS: function start/end, n_calls: -1746160.335854 -1746160.796990 101
cycle:  15 max_shift: 0.011871 LBFGS: function start/end, n_calls: -1746160.796990 -1746160.893862 101
cycle:  16 max_shift: 0.020790 LBFGS: function start/end, n_calls: -1746160.893862 -1746161.040293 101
cycle:  17 max_shift: 0.009676 LBFGS: function start/end, n_calls: -1746161.040293 -1746161.141766 101
cycle:  18 max_shift: 0.008670 LBFGS: function start/end, n_calls: -1746161.141766 -1746161.219825 101
cycle:  19 max_shift: 0.018560 LBFGS: function start/end, n_calls: -1746161.219825 -1746161.341832 101
cycle:  20 max_shift: 0.006037 LBFGS: function start/end, n_calls: -1746161.341832 -1746161.420302 101
cycle:  21 max_shift: 0.022516 LBFGS: function start/end, n_calls: -1746161.420302 -1746161.562244 101
cycle:  22 max_shift: 0.008679 LBFGS: function start/end, n_calls: -1746161.562244 -1746161.671385 101
cycle:  23 max_shift: 0.009170 LBFGS: function start/end, n_calls: -1746161.671385 -1746161.745965 101
cycle:  24 max_shift: 0.005286 LBFGS: function start/end, n_calls: -1746161.745965 -1746161.797394 101
cycle:  25 max_shift: 0.009951 LBFGS: function start/end, n_calls: -1746161.797394 -1746161.883569 101
cycle:  26 max_shift: 0.003695 LBFGS: function start/end, n_calls: -1746161.883569 -1746161.925647 101
cycle:  27 max_shift: 0.007377 LBFGS: function start/end, n_calls: -1746161.925647 -1746161.984182 101
cycle:  28 max_shift: 0.004019 LBFGS: function start/end, n_calls: -1746161.984182 -1746162.032394 101
cycle:  29 max_shift: 0.003592 LBFGS: function start/end, n_calls: -1746162.032394 -1746162.072190 101
cycle:  30 max_shift: 0.005234 LBFGS: function start/end, n_calls: -1746162.072190 -1746162.118569 101
cycle:  31 max_shift: 0.005304 LBFGS: function start/end, n_calls: -1746162.118569 -1746162.164125 101
cycle:  32 max_shift: 0.003675 LBFGS: function start/end, n_calls: -1746162.164125 -1746162.207849 101
cycle:  33 max_shift: 0.002640 LBFGS: function start/end, n_calls: -1746162.207849 -1746162.234479 101
cycle:  34 max_shift: 0.004233 LBFGS: function start/end, n_calls: -1746162.234479 -1746162.272891 101
cycle:  35 max_shift: 0.032478 LBFGS: function start/end, n_calls: -1746162.272891 -1746161.878969 101
cycle:  36 max_shift: 0.027701 LBFGS: function start/end, n_calls: -1746161.878969 -1746162.381882 101
cycle:  37 max_shift: 0.038137 LBFGS: function start/end, n_calls: -1746162.381882 -1746147.290132 101
cycle:  38 max_shift: 0.036823 LBFGS: function start/end, n_calls: -1746147.290132 -1746162.514511 101
cycle:  39 max_shift: 0.003195 LBFGS: function start/end, n_calls: -1746162.514511 -1746162.547800 101
cycle:  40 max_shift: 0.024623 LBFGS: function start/end, n_calls: -1746162.547800 -1746157.348855 101
cycle:  41 max_shift: 0.021804 LBFGS: function start/end, n_calls: -1746157.348855 -1746162.685964 101
cycle:  42 max_shift: 0.003151 LBFGS: function start/end, n_calls: -1746162.685964 -1746162.707172 101
cycle:  43 max_shift: 0.004578 LBFGS: function start/end, n_calls: -1746162.707172 -1746162.743639 101
cycle:  44 max_shift: 0.002291 LBFGS: function start/end, n_calls: -1746162.743639 -1746162.778461 101
cycle:  45 max_shift: 0.001773 LBFGS: function start/end, n_calls: -1746162.778461 -1746162.791739 101
cycle:  46 max_shift: 0.004478 LBFGS: function start/end, n_calls: -1746162.791739 -1746162.819865 101
cycle:  47 max_shift: 0.003836 LBFGS: function start/end, n_calls: -1746162.819865 -1746162.861793 101
cycle:  48 max_shift: 0.003335 LBFGS: function start/end, n_calls: -1746162.861793 -1746162.890706 101
cycle:  49 max_shift: 0.003930 LBFGS: function start/end, n_calls: -1746162.890706 -1746162.923695 101
cycle:  50 max_shift: 0.090649 LBFGS: function start/end, n_calls: -1746162.923695 -1746130.159459 101
cycle:  51 max_shift: 0.052007 LBFGS: function start/end, n_calls: -1746130.159459 -1746163.429713 101
cycle:  52 max_shift: 0.003453 LBFGS: function start/end, n_calls: -1746163.429713 -1746163.465507 101
cycle:  53 max_shift: 0.003238 LBFGS: function start/end, n_calls: -1746163.465507 -1746163.488996 101
cycle:  54 max_shift: 0.001701 LBFGS: function start/end, n_calls: -1746163.488996 -1746163.504106 101
cycle:  55 max_shift: 0.002164 LBFGS: function start/end, n_calls: -1746163.504106 -1746163.529203 101
cycle:  56 max_shift: 0.002242 LBFGS: function start/end, n_calls: -1746163.529203 -1746163.543341 101
cycle:  57 max_shift: 0.001777 LBFGS: function start/end, n_calls: -1746163.543341 -1746163.559574 101
cycle:  58 max_shift: 0.001564 LBFGS: function start/end, n_calls: -1746163.559574 -1746163.567167 101
cycle:  59 max_shift: 0.001677 LBFGS: function start/end, n_calls: -1746163.567167 -1746163.582464 101
cycle:  60 max_shift: 0.001361 LBFGS: function start/end, n_calls: -1746163.582464 -1746163.590805 101
cycle:  61 max_shift: 0.003081 LBFGS: function start/end, n_calls: -1746163.590805 -1746163.617324 101
cycle:  62 max_shift: 0.001705 LBFGS: function start/end, n_calls: -1746163.617324 -1746163.622261 101
cycle:  63 max_shift: 0.002742 LBFGS: function start/end, n_calls: -1746163.622261 -1746163.643356 101
cycle:  64 max_shift: 0.002038 LBFGS: function start/end, n_calls: -1746163.643356 -1746163.653941 101
cycle:  65 max_shift: 0.003844 LBFGS: function start/end, n_calls: -1746163.653941 -1746163.438278 101
cycle:  66 max_shift: 0.005982 LBFGS: function start/end, n_calls: -1746163.438278 -1746163.692241 101
cycle:  67 max_shift: 0.001912 LBFGS: function start/end, n_calls: -1746163.692241 -1746163.703387 101
cycle:  68 max_shift: 0.002203 LBFGS: function start/end, n_calls: -1746163.703387 -1746163.719881 101
cycle:  69 max_shift: 0.002077 LBFGS: function start/end, n_calls: -1746163.719881 -1746163.739405 101
cycle:  70 max_shift: 0.002367 LBFGS: function start/end, n_calls: -1746163.739405 -1746163.755975 101
cycle:  71 max_shift: 0.002138 LBFGS: function start/end, n_calls: -1746163.755975 -1746163.772095 101
cycle:  72 max_shift: 0.001802 LBFGS: function start/end, n_calls: -1746163.772095 -1746163.788141 101
cycle:  73 max_shift: 0.001519 LBFGS: function start/end, n_calls: -1746163.788141 -1746163.799848 101
cycle:  74 max_shift: 0.001674 LBFGS: function start/end, n_calls: -1746163.799848 -1746163.810395 101
cycle:  75 max_shift: 0.001457 LBFGS: function start/end, n_calls: -1746163.810395 -1746163.818699 101
cycle:  76 max_shift: 0.002212 LBFGS: function start/end, n_calls: -1746163.818699 -1746163.832724 101
cycle:  77 max_shift: 0.001578 LBFGS: function start/end, n_calls: -1746163.832724 -1746163.849107 101
cycle:  78 max_shift: 0.001611 LBFGS: function start/end, n_calls: -1746163.849107 -1746163.854867 101
cycle:  79 max_shift: 0.001909 LBFGS: function start/end, n_calls: -1746163.854867 -1746163.863881 101
cycle:  80 max_shift: 0.001586 LBFGS: function start/end, n_calls: -1746163.863881 -1746163.886060 101
cycle:  81 max_shift: 0.001991 LBFGS: function start/end, n_calls: -1746163.886060 -1746163.892120 101
cycle:  82 max_shift: 0.001890 LBFGS: function start/end, n_calls: -1746163.892120 -1746163.908128 101
cycle:  83 max_shift: 0.001909 LBFGS: function start/end, n_calls: -1746163.908128 -1746163.921742 101
cycle:  84 max_shift: 0.001782 LBFGS: function start/end, n_calls: -1746163.921742 -1746163.933936 101
cycle:  85 max_shift: 0.001361 LBFGS: function start/end, n_calls: -1746163.933936 -1746163.946091 101
cycle:  86 max_shift: 0.001952 LBFGS: function start/end, n_calls: -1746163.946091 -1746163.962436 101
cycle:  87 max_shift: 0.001313 LBFGS: function start/end, n_calls: -1746163.962436 -1746163.971450 101
cycle:  88 max_shift: 0.001480 LBFGS: function start/end, n_calls: -1746163.971450 -1746163.976911 101
cycle:  89 max_shift: 0.002011 LBFGS: function start/end, n_calls: -1746163.976911 -1746163.993705 101
cycle:  90 max_shift: 0.001749 LBFGS: function start/end, n_calls: -1746163.993705 -1746164.006272 101
cycle:  91 max_shift: 0.002016 LBFGS: function start/end, n_calls: -1746164.006272 -1746164.011359 101
cycle:  92 max_shift: 0.001896 LBFGS: function start/end, n_calls: -1746164.011359 -1746164.032117 101
cycle:  93 max_shift: 0.002076 LBFGS: function start/end, n_calls: -1746164.032117 -1746164.039298 101
cycle:  94 max_shift: 0.001682 LBFGS: function start/end, n_calls: -1746164.039298 -1746164.057102 101
cycle:  95 max_shift: 0.001466 LBFGS: function start/end, n_calls: -1746164.057102 -1746164.070081 101
cycle:  96 max_shift: 0.002435 LBFGS: function start/end, n_calls: -1746164.070081 -1746164.080553 101
cycle:  97 max_shift: 0.002267 LBFGS: function start/end, n_calls: -1746164.080553 -1746164.098132 101
cycle:  98 max_shift: 0.001756 LBFGS: function start/end, n_calls: -1746164.098132 -1746164.110400 101
cycle:  99 max_shift: 0.001197 LBFGS: function start/end, n_calls: -1746164.110400 -1746164.114515 101
final: bond:  0.009 angle:   1.44 clash:   0.0 rota:  0.00 rama: f:  81.82 o:   0.00 Z:  -4.02 cb:   0.00
See 6_refined.pdb in pdb folder.
Time: 968.7523
