Starting Q|R
version:   v1.0-208-g2886d5-dirty  
Running refinement
   input {
     xray_data {
       file_name = None
       labels = None
       high_resolution = None
       low_resolution = None
       outliers_rejection = True
       french_wilson_scale = True
       french_wilson {
         max_bins = 60
         min_bin_size = 40
       }
       sigma_fobs_rejection_criterion = None
       sigma_iobs_rejection_criterion = None
       ignore_all_zeros = True
       force_anomalous_flag_to_be_equal_to = None
       convert_to_non_anomalous_if_ratio_pairs_lone_less_than_threshold = 0.5
       r_free_flags {
         file_name = None
         label = None
         test_flag_value = None
         ignore_r_free_flags = False
         disable_suitability_test = False
         ignore_pdb_hexdigest = False
         generate = False
         fraction = 0.1
         max_free = 2000
         lattice_symmetry_max_delta = 5
         use_lattice_symmetry = True
         use_dataman_shells = False
         n_shells = 20
       }
     }
     pdb {
       file_name = None
     }
     monomers {
       file_name = None
     }
     maps {
       map_file_name = None
       d_min = None
       map_coefficients_file_name = None
       map_coefficients_label = None
     }
     sequence = None
     scattering_table = wk1995 it1992 *n_gaussian neutron electron
     wavelength = None
     energy = None
     twin_law = Auto
   }
   max_atoms = 15000
   debug = False
   cluster {
     fast_interaction = True
     charge_cutoff = 8.0
     clustering = false
     charge_embedding = False
     two_buffers = False
     maxnum_residues_in_cluster = 15
     select_within_radius = 10
     clustering_method = gnc *bcc
     altloc_method = average *subtract
     g_scan = 10 15 20
     g_mode = None
     save_clusters = True
     bond_with_altloc = True
     re_calculate_rmsd_tolerance = 0.5
   }
   restraints = cctbx *qm
   expansion = False
   quantum {
     engine_name = mopac ani *torchani terachem turbomole pyscf orca gaussian \
                   xtb
     basis = Auto
     charge = None
     method = Auto
     memory = None
     nproc = None
     qm_addon = gcp dftd3 gcp-d3
     qm_addon_method = None
   }
   refine {
     dry_run = False
     sf_algorithm = *direct fft
     refinement_target_name = *ml ls_wunit_k1
     mode = *opt refine gtest
     number_of_macro_cycles = 1
     number_of_weight_search_cycles = 50
     number_of_refine_cycles = 5
     number_of_micro_cycles = 100
     data_weight = None
     choose_best_use_r_work = False
     skip_weight_search = False
     adjust_restraints_weight_scale_value = 2
     max_iterations_weight = 50
     max_iterations_refine = 50
     use_ase_lbfgs = False
     line_search = True
     stpmax = 0.2
     gradient_only = true
     update_all_scales = True
     refine_sites = True
     refine_adp = False
     restraints_weight_scale = 1.0
     shake_sites = False
     use_convergence_test = True
     max_bond_rmsd = 0.03
     max_r_work_r_free_gap = 5.0
     r_tolerance = 0.001
     rmsd_tolerance = 0.01
     opt_log = False
     pre_opt = False
     pre_opt_stpmax = 0.1
     pre_opt_iter = 10
     pre_opt_switch = 2
     pre_opt_gconv = 3000
     minimizer = *lbfgs lbfgsb
   }
   parallel {
     method = *multiprocessing slurm pbs sge lsf threading
     nproc = None
     qsub_command = None
   }
   output_file_name_prefix = None
   output_folder_name = "pdb"
   rst_file = None
   dump_gradients = None

Setting QM defaults
  Setting QM method to HF
  Setting QM basis to 6-31g


***********************************************************
restart info will be stored in /home/yanting/work/aniserver_1_qr/ani_qr_test/cctbx_lbfgs/qr-ani-test/qr-ani/lbfgs/1.5/pdb/7.rst.pickle
***********************************************************

start: bond:  0.012 angle:   1.34 clash:   0.0 rota:  0.00 rama: f:  90.91 o:   0.00 Z:  -3.95 cb:   0.00
cycle:   0 max_shift: 0.282790 LBFGS: function start/end, n_calls: -1746116.823344 -1746161.664428 101
cycle:   1 max_shift: 0.230736 LBFGS: function start/end, n_calls: -1746161.664428 -1746164.120724 101
cycle:   2 max_shift: 0.120610 LBFGS: function start/end, n_calls: -1746164.120724 -1746165.464258 101
cycle:   3 max_shift: 0.056056 LBFGS: function start/end, n_calls: -1746165.464258 -1746165.971772 101
cycle:   4 max_shift: 0.056511 LBFGS: function start/end, n_calls: -1746165.971772 -1746166.305440 101
cycle:   5 max_shift: 0.019819 LBFGS: function start/end, n_calls: -1746166.305440 -1746166.501616 101
cycle:   6 max_shift: 0.010657 LBFGS: function start/end, n_calls: -1746166.501616 -1746166.592092 101
cycle:   7 max_shift: 0.015194 LBFGS: function start/end, n_calls: -1746166.592092 -1746166.680848 101
cycle:   8 max_shift: 0.025334 LBFGS: function start/end, n_calls: -1746166.680848 -1746166.846915 101
cycle:   9 max_shift: 0.003918 LBFGS: function start/end, n_calls: -1746166.846915 -1746166.912071 101
cycle:  10 max_shift: 0.004235 LBFGS: function start/end, n_calls: -1746166.912071 -1746166.939187 101
cycle:  11 max_shift: 0.002421 LBFGS: function start/end, n_calls: -1746166.939187 -1746166.962302 101
cycle:  12 max_shift: 0.010623 LBFGS: function start/end, n_calls: -1746166.962302 -1746165.501586 101
cycle:  13 max_shift: 0.009801 LBFGS: function start/end, n_calls: -1746165.501586 -1746167.037144 101
cycle:  14 max_shift: 0.003633 LBFGS: function start/end, n_calls: -1746167.037144 -1746167.038828 101
cycle:  15 max_shift: 0.003013 LBFGS: function start/end, n_calls: -1746167.038828 -1746167.085543 101
cycle:  16 max_shift: 0.002022 LBFGS: function start/end, n_calls: -1746167.085543 -1746167.104731 101
cycle:  17 max_shift: 0.003029 LBFGS: function start/end, n_calls: -1746167.104731 -1746167.119879 101
cycle:  18 max_shift: 0.001962 LBFGS: function start/end, n_calls: -1746167.119879 -1746167.140113 101
cycle:  19 max_shift: 0.002392 LBFGS: function start/end, n_calls: -1746167.140113 -1746167.148230 101
cycle:  20 max_shift: 0.001852 LBFGS: function start/end, n_calls: -1746167.148230 -1746167.167904 101
cycle:  21 max_shift: 0.001743 LBFGS: function start/end, n_calls: -1746167.167904 -1746167.185408 101
cycle:  22 max_shift: 0.001892 LBFGS: function start/end, n_calls: -1746167.185408 -1746167.197788 101
cycle:  23 max_shift: 0.001510 LBFGS: function start/end, n_calls: -1746167.197788 -1746167.208822 101
cycle:  24 max_shift: 0.002176 LBFGS: function start/end, n_calls: -1746167.208822 -1746167.210019 101
cycle:  25 max_shift: 0.002060 LBFGS: function start/end, n_calls: -1746167.210019 -1746167.237397 101
cycle:  26 max_shift: 0.001520 LBFGS: function start/end, n_calls: -1746167.237397 -1746167.243905 101
cycle:  27 max_shift: 0.001442 LBFGS: function start/end, n_calls: -1746167.243905 -1746167.258268 101
cycle:  28 max_shift: 0.001489 LBFGS: function start/end, n_calls: -1746167.258268 -1746167.262981 101
cycle:  29 max_shift: 0.001813 LBFGS: function start/end, n_calls: -1746167.262981 -1746167.279400 101
cycle:  30 max_shift: 0.001144 LBFGS: function start/end, n_calls: -1746167.279400 -1746167.284674 101
cycle:  31 max_shift: 0.001463 LBFGS: function start/end, n_calls: -1746167.284674 -1746167.296531 101
cycle:  32 max_shift: 0.001160 LBFGS: function start/end, n_calls: -1746167.296531 -1746167.302216 101
cycle:  33 max_shift: 0.002216 LBFGS: function start/end, n_calls: -1746167.302216 -1746167.312315 101
cycle:  34 max_shift: 0.001784 LBFGS: function start/end, n_calls: -1746167.312315 -1746167.327762 101
cycle:  35 max_shift: 0.001454 LBFGS: function start/end, n_calls: -1746167.327762 -1746167.339955 101
cycle:  36 max_shift: 0.001246 LBFGS: function start/end, n_calls: -1746167.339955 -1746167.350502 101
cycle:  37 max_shift: 0.001169 LBFGS: function start/end, n_calls: -1746167.350502 -1746167.351026 101
cycle:  38 max_shift: 0.001235 LBFGS: function start/end, n_calls: -1746167.351026 -1746167.362172 101
cycle:  39 max_shift: 0.001110 LBFGS: function start/end, n_calls: -1746167.362172 -1746167.366660 101
cycle:  40 max_shift: 0.001164 LBFGS: function start/end, n_calls: -1746167.366660 -1746167.376759 101
cycle:  41 max_shift: 0.001064 LBFGS: function start/end, n_calls: -1746167.376759 -1746167.381921 101
cycle:  42 max_shift: 0.001396 LBFGS: function start/end, n_calls: -1746167.381921 -1746167.390710 101
cycle:  43 max_shift: 0.002119 LBFGS: function start/end, n_calls: -1746167.390710 -1746167.403352 101
cycle:  44 max_shift: 0.001195 LBFGS: function start/end, n_calls: -1746167.403352 -1746167.407953 101
cycle:  45 max_shift: 0.001074 LBFGS: function start/end, n_calls: -1746167.407953 -1746167.417640 101
cycle:  46 max_shift: 0.000976 LBFGS: function start/end, n_calls: -1746167.417640 -1746167.422016 101
cycle:  47 max_shift: 0.001578 LBFGS: function start/end, n_calls: -1746167.422016 -1746167.431591 101
cycle:  48 max_shift: 0.001624 LBFGS: function start/end, n_calls: -1746167.431591 -1746167.437127 101
cycle:  49 max_shift: 0.001481 LBFGS: function start/end, n_calls: -1746167.437127 -1746167.449694 101
cycle:  50 max_shift: 0.001357 LBFGS: function start/end, n_calls: -1746167.449694 -1746167.453210 101
cycle:  51 max_shift: 0.001702 LBFGS: function start/end, n_calls: -1746167.453210 -1746167.462785 101
cycle:  52 max_shift: 0.001709 LBFGS: function start/end, n_calls: -1746167.462785 -1746167.475128 101
cycle:  53 max_shift: 0.001463 LBFGS: function start/end, n_calls: -1746167.475128 -1746167.482384 101
cycle:  54 max_shift: 0.001532 LBFGS: function start/end, n_calls: -1746167.482384 -1746167.491248 101
cycle:  55 max_shift: 0.001441 LBFGS: function start/end, n_calls: -1746167.491248 -1746167.504189 101
cycle:  56 max_shift: 0.001251 LBFGS: function start/end, n_calls: -1746167.504189 -1746167.510922 101
cycle:  57 max_shift: 0.001303 LBFGS: function start/end, n_calls: -1746167.510922 -1746167.517505 101
cycle:  58 max_shift: 0.001459 LBFGS: function start/end, n_calls: -1746167.517505 -1746167.513764 101
cycle:  59 max_shift: 0.001371 LBFGS: function start/end, n_calls: -1746167.513764 -1746167.527828 101
cycle:  60 max_shift: 0.002358 LBFGS: function start/end, n_calls: -1746167.527828 -1746167.537702 101
cycle:  61 max_shift: 0.001530 LBFGS: function start/end, n_calls: -1746167.537702 -1746167.550568 101
cycle:  62 max_shift: 0.001251 LBFGS: function start/end, n_calls: -1746167.550568 -1746167.560218 101
cycle:  63 max_shift: 0.001682 LBFGS: function start/end, n_calls: -1746167.560218 -1746167.561976 101
cycle:  64 max_shift: 0.001270 LBFGS: function start/end, n_calls: -1746167.561976 -1746167.575553 101
cycle:  65 max_shift: 0.000925 LBFGS: function start/end, n_calls: -1746167.575553 -1746167.578097 101
cycle:  66 max_shift: 0.001155 LBFGS: function start/end, n_calls: -1746167.578097 -1746167.587148 101
cycle:  67 max_shift: 0.001483 LBFGS: function start/end, n_calls: -1746167.587148 -1746167.589991 101
cycle:  68 max_shift: 0.001023 LBFGS: function start/end, n_calls: -1746167.589991 -1746167.597658 101
cycle:  69 max_shift: 0.001132 LBFGS: function start/end, n_calls: -1746167.597658 -1746167.603904 101
cycle:  70 max_shift: 0.001315 LBFGS: function start/end, n_calls: -1746167.603904 -1746167.612469 101
cycle:  71 max_shift: 0.001947 LBFGS: function start/end, n_calls: -1746167.612469 -1746167.618828 101
cycle:  72 max_shift: 0.001267 LBFGS: function start/end, n_calls: -1746167.618828 -1746167.627393 101
cycle:  73 max_shift: 0.001196 LBFGS: function start/end, n_calls: -1746167.627393 -1746167.634537 101
cycle:  74 max_shift: 0.000790 LBFGS: function start/end, n_calls: -1746167.634537 -1746167.638277 101
Convergence reached. Stopping now.
final: bond:  0.009 angle:   1.38 clash:   0.0 rota:  0.00 rama: f:  90.91 o:   0.00 Z:  -2.55 cb:   0.00
See 7_refined.pdb in pdb folder.
Time: 706.8345
