Starting Q|R
version:   v1.0-208-g2886d5-dirty  
Running refinement
   input {
     xray_data {
       file_name = None
       labels = None
       high_resolution = None
       low_resolution = None
       outliers_rejection = True
       french_wilson_scale = True
       french_wilson {
         max_bins = 60
         min_bin_size = 40
       }
       sigma_fobs_rejection_criterion = None
       sigma_iobs_rejection_criterion = None
       ignore_all_zeros = True
       force_anomalous_flag_to_be_equal_to = None
       convert_to_non_anomalous_if_ratio_pairs_lone_less_than_threshold = 0.5
       r_free_flags {
         file_name = None
         label = None
         test_flag_value = None
         ignore_r_free_flags = False
         disable_suitability_test = False
         ignore_pdb_hexdigest = False
         generate = False
         fraction = 0.1
         max_free = 2000
         lattice_symmetry_max_delta = 5
         use_lattice_symmetry = True
         use_dataman_shells = False
         n_shells = 20
       }
     }
     pdb {
       file_name = None
     }
     monomers {
       file_name = None
     }
     maps {
       map_file_name = None
       d_min = None
       map_coefficients_file_name = None
       map_coefficients_label = None
     }
     sequence = None
     scattering_table = wk1995 it1992 *n_gaussian neutron electron
     wavelength = None
     energy = None
     twin_law = Auto
   }
   max_atoms = 15000
   debug = False
   cluster {
     fast_interaction = True
     charge_cutoff = 8.0
     clustering = false
     charge_embedding = False
     two_buffers = False
     maxnum_residues_in_cluster = 15
     select_within_radius = 10
     clustering_method = gnc *bcc
     altloc_method = average *subtract
     g_scan = 10 15 20
     g_mode = None
     save_clusters = True
     bond_with_altloc = True
     re_calculate_rmsd_tolerance = 0.5
   }
   restraints = cctbx *qm
   expansion = False
   quantum {
     engine_name = mopac ani *torchani terachem turbomole pyscf orca gaussian \
                   xtb
     basis = Auto
     charge = None
     method = Auto
     memory = None
     nproc = None
     qm_addon = gcp dftd3 gcp-d3
     qm_addon_method = None
   }
   refine {
     dry_run = False
     sf_algorithm = *direct fft
     refinement_target_name = *ml ls_wunit_k1
     mode = *opt refine gtest
     number_of_macro_cycles = 1
     number_of_weight_search_cycles = 50
     number_of_refine_cycles = 5
     number_of_micro_cycles = 50
     data_weight = None
     choose_best_use_r_work = False
     skip_weight_search = False
     adjust_restraints_weight_scale_value = 2
     max_iterations_weight = 50
     max_iterations_refine = 50
     use_ase_lbfgs = False
     line_search = True
     stpmax = 0.2
     gradient_only = true
     update_all_scales = True
     refine_sites = True
     refine_adp = False
     restraints_weight_scale = 1.0
     shake_sites = False
     use_convergence_test = true
     max_bond_rmsd = 0.03
     max_r_work_r_free_gap = 5.0
     r_tolerance = 0.001
     rmsd_tolerance = 0.01
     opt_log = 1
     pre_opt = False
     pre_opt_stpmax = 0.1
     pre_opt_iter = 10
     pre_opt_switch = 2
     pre_opt_gconv = 3000
     minimizer = *lbfgs lbfgsb
   }
   parallel {
     method = *multiprocessing slurm pbs sge lsf threading
     nproc = None
     qsub_command = None
   }
   output_file_name_prefix = None
   output_folder_name = "pdb"
   rst_file = None
   dump_gradients = None

Setting QM defaults
  Setting QM method to HF
  Setting QM basis to 6-31g


***********************************************************
restart info will be stored in /home/yanting/work/aniserver_1_qr/ani_qr_test/cctbx_lbfgs/qr-ani-test/qr-ani-1us0/pdb/1us0H_mod_P1box.rst.pickle
***********************************************************

start: bond:  0.018 angle:   2.16 clash:   1.4 rota:  0.72 rama: f:  98.71 o:   0.00 Z:  -0.20 cb:   0.00
cycle:   0 max_shift: 0.570564 LBFGS: function start/end, n_calls: -78402269.156978 -78404204.812479 101
cycle:   1 max_shift: 0.590251 LBFGS: function start/end, n_calls: -78404204.812479 -78404453.361230 101
cycle:   2 max_shift: 0.358123 LBFGS: function start/end, n_calls: -78404453.361230 -78404535.749616 101
cycle:   3 max_shift: 0.402312 LBFGS: function start/end, n_calls: -78404535.749616 -78404630.619060 101
cycle:   4 max_shift: 0.066466 LBFGS: function start/end, n_calls: -78404630.619060 -78404641.979838 101
cycle:   5 max_shift: 0.026832 LBFGS: function start/end, n_calls: -78404641.979838 -78404649.711679 101
cycle:   6 max_shift: 0.184761 LBFGS: function start/end, n_calls: -78404649.711679 -78404662.879745 101
cycle:   7 max_shift: 0.201904 LBFGS: function start/end, n_calls: -78404662.879745 -78404732.600361 101
cycle:   8 max_shift: 0.245352 LBFGS: function start/end, n_calls: -78404732.600361 -78404755.937114 101
cycle:   9 max_shift: 0.319096 LBFGS: function start/end, n_calls: -78404755.937114 -78404858.799318 101
cycle:  10 max_shift: 0.207017 LBFGS: function start/end, n_calls: -78404858.799318 -78404873.633440 101
cycle:  11 max_shift: 0.270048 LBFGS: function start/end, n_calls: -78404873.633440 -78404892.709303 101
cycle:  12 max_shift: 0.059059 LBFGS: function start/end, n_calls: -78404892.709303 -78404899.258627 101
cycle:  13 max_shift: 0.022170 LBFGS: function start/end, n_calls: -78404899.258627 -78404902.504564 101
cycle:  14 max_shift: 0.027374 LBFGS: function start/end, n_calls: -78404902.504564 -78404904.328608 101
cycle:  15 max_shift: 0.020871 LBFGS: function start/end, n_calls: -78404904.328608 -78404905.961151 101
cycle:  16 max_shift: 0.009264 LBFGS: function start/end, n_calls: -78404905.961151 -78404907.799558 101
cycle:  17 max_shift: 0.007198 LBFGS: function start/end, n_calls: -78404907.799558 -78404909.025162 101
cycle:  18 max_shift: 0.013161 LBFGS: function start/end, n_calls: -78404909.025162 -78404910.020966 101
cycle:  19 max_shift: 0.007477 LBFGS: function start/end, n_calls: -78404910.020966 -78404911.179545 101
cycle:  20 max_shift: 0.008482 LBFGS: function start/end, n_calls: -78404911.179545 -78404911.907248 101
cycle:  21 max_shift: 0.012650 LBFGS: function start/end, n_calls: -78404911.907248 -78404912.852782 101
cycle:  22 max_shift: 0.015295 LBFGS: function start/end, n_calls: -78404912.852782 -78404914.336913 100
cycle:  23 max_shift: 0.009018 LBFGS: function start/end, n_calls: -78404914.336913 -78404915.569699 101
cycle:  24 max_shift: 0.006102 LBFGS: function start/end, n_calls: -78404915.569699 -78404916.563108 101
cycle:  25 max_shift: 0.009487 LBFGS: function start/end, n_calls: -78404916.563108 -78404917.740838 101
cycle:  26 max_shift: 0.005200 LBFGS: function start/end, n_calls: -78404917.740838 -78404918.698341 101
cycle:  27 max_shift: 0.008822 LBFGS: function start/end, n_calls: -78404918.698341 -78404919.481100 101
cycle:  28 max_shift: 0.014984 LBFGS: function start/end, n_calls: -78404919.481100 -78404920.610954 101
cycle:  29 max_shift: 0.009232 LBFGS: function start/end, n_calls: -78404920.610954 -78404921.740808 101
cycle:  30 max_shift: 0.008950 LBFGS: function start/end, n_calls: -78404921.740808 -78404922.906569 101
cycle:  31 max_shift: 0.007766 LBFGS: function start/end, n_calls: -78404922.906569 -78404923.811410 101
cycle:  32 max_shift: 0.008330 LBFGS: function start/end, n_calls: -78404923.811410 -78404924.680344 101
cycle:  33 max_shift: 0.012010 LBFGS: function start/end, n_calls: -78404924.680344 -78404925.704873 101
cycle:  34 max_shift: 0.010019 LBFGS: function start/end, n_calls: -78404925.704873 -78404926.537901 101
cycle:  35 max_shift: 0.007422 LBFGS: function start/end, n_calls: -78404926.537901 -78404927.191397 101
cycle:  36 max_shift: 0.005777 LBFGS: function start/end, n_calls: -78404927.191397 -78404927.756324 101
cycle:  37 max_shift: 0.008363 LBFGS: function start/end, n_calls: -78404927.756324 -78404928.572596 101
cycle:  38 max_shift: 0.046629 LBFGS: function start/end, n_calls: -78404928.572596 -78404928.718615 101
cycle:  39 max_shift: 0.038141 LBFGS: function start/end, n_calls: -78404928.718615 -78404930.559415 101
cycle:  40 max_shift: 0.010338 LBFGS: function start/end, n_calls: -78404930.559415 -78404931.775445 101
cycle:  41 max_shift: 0.008134 LBFGS: function start/end, n_calls: -78404931.775445 -78404932.481604 101
cycle:  42 max_shift: 0.010637 LBFGS: function start/end, n_calls: -78404932.481604 -78404933.233244 101
cycle:  43 max_shift: 0.008299 LBFGS: function start/end, n_calls: -78404933.233244 -78404933.872377 101
cycle:  44 max_shift: 0.008307 LBFGS: function start/end, n_calls: -78404933.872377 -78404934.413367 101
cycle:  45 max_shift: 0.009528 LBFGS: function start/end, n_calls: -78404934.413367 -78404935.198520 101
cycle:  46 max_shift: 0.009563 LBFGS: function start/end, n_calls: -78404935.198520 -78404935.916647 101
cycle:  47 max_shift: 0.009717 LBFGS: function start/end, n_calls: -78404935.916647 -78404936.718556 101
cycle:  48 max_shift: 0.020063 LBFGS: function start/end, n_calls: -78404936.718556 -78404937.276302 101
cycle:  49 max_shift: 0.012822 LBFGS: function start/end, n_calls: -78404937.276302 -78404938.159599 101
final: bond:  0.011 angle:   1.60 clash:   0.6 rota:  0.72 rama: f:  98.39 o:   0.00 Z:  -1.01 cb:   0.00
See 1us0H_mod_P1box_refined.pdb in pdb folder.
Time: 1679.3490
