Starting Q|R
version:   v1.0-208-g2886d5-dirty  
Running refinement
   input {
     xray_data {
       file_name = None
       labels = None
       high_resolution = None
       low_resolution = None
       outliers_rejection = True
       french_wilson_scale = True
       french_wilson {
         max_bins = 60
         min_bin_size = 40
       }
       sigma_fobs_rejection_criterion = None
       sigma_iobs_rejection_criterion = None
       ignore_all_zeros = True
       force_anomalous_flag_to_be_equal_to = None
       convert_to_non_anomalous_if_ratio_pairs_lone_less_than_threshold = 0.5
       r_free_flags {
         file_name = None
         label = None
         test_flag_value = None
         ignore_r_free_flags = False
         disable_suitability_test = False
         ignore_pdb_hexdigest = False
         generate = False
         fraction = 0.1
         max_free = 2000
         lattice_symmetry_max_delta = 5
         use_lattice_symmetry = True
         use_dataman_shells = False
         n_shells = 20
       }
     }
     pdb {
       file_name = None
     }
     monomers {
       file_name = None
     }
     maps {
       map_file_name = None
       d_min = None
       map_coefficients_file_name = None
       map_coefficients_label = None
     }
     sequence = None
     scattering_table = wk1995 it1992 *n_gaussian neutron electron
     wavelength = None
     energy = None
     twin_law = Auto
   }
   max_atoms = 15000
   debug = False
   cluster {
     fast_interaction = True
     charge_cutoff = 8.0
     clustering = false
     charge_embedding = False
     two_buffers = False
     maxnum_residues_in_cluster = 15
     select_within_radius = 10
     clustering_method = gnc *bcc
     altloc_method = average *subtract
     g_scan = 10 15 20
     g_mode = None
     save_clusters = True
     bond_with_altloc = True
     re_calculate_rmsd_tolerance = 0.5
   }
   restraints = *cctbx qm
   expansion = False
   quantum {
     engine_name = *mopac ani torchani terachem turbomole pyscf orca gaussian \
                   xtb
     basis = Auto
     charge = None
     method = Auto
     memory = None
     nproc = None
     qm_addon = gcp dftd3 gcp-d3
     qm_addon_method = None
   }
   refine {
     dry_run = False
     sf_algorithm = *direct fft
     refinement_target_name = *ml ls_wunit_k1
     mode = *opt refine gtest
     number_of_macro_cycles = 1
     number_of_weight_search_cycles = 50
     number_of_refine_cycles = 5
     number_of_micro_cycles = 100
     data_weight = None
     choose_best_use_r_work = False
     skip_weight_search = False
     adjust_restraints_weight_scale_value = 2
     max_iterations_weight = 50
     max_iterations_refine = 50
     use_ase_lbfgs = False
     line_search = True
     stpmax = 0.2
     gradient_only = False
     update_all_scales = True
     refine_sites = True
     refine_adp = False
     restraints_weight_scale = 1.0
     shake_sites = False
     use_convergence_test = True
     max_bond_rmsd = 0.03
     max_r_work_r_free_gap = 5.0
     r_tolerance = 0.001
     rmsd_tolerance = 0.01
     opt_log = False
     pre_opt = False
     pre_opt_stpmax = 0.1
     pre_opt_iter = 10
     pre_opt_switch = 2
     pre_opt_gconv = 3000
     minimizer = lbfgs *lbfgsb
   }
   parallel {
     method = *multiprocessing slurm pbs sge lsf threading
     nproc = None
     qsub_command = None
   }
   output_file_name_prefix = None
   output_folder_name = "pdb"
   rst_file = None
   dump_gradients = None

Setting QM defaults
  Setting QM method to PM7


***********************************************************
restart info will be stored in /home/yanting/work/aniserver_1_qr/ani_qr_test/cctbx_lbfgs/qr-ani-test/qr-cctbx/lbfgs_b/0.9/pdb/1.rst.pickle
***********************************************************

start: bond:  0.013 angle:   1.52 clash:   0.0 rota:  0.00 rama: f:  81.82 o:   0.00 Z:  -5.61 cb:   0.00
cycle:   0 max_shift: 0.154742 LBFGS-B: function start/end, n_calls: 263.578242931 51.1098309497 51
cycle:   1 max_shift: 0.138535 LBFGS-B: function start/end, n_calls: 51.1098309497 47.2287688844 52
cycle:   2 max_shift: 0.057098 LBFGS-B: function start/end, n_calls: 47.2287688844 46.1113844761 52
cycle:   3 max_shift: 0.093283 LBFGS-B: function start/end, n_calls: 46.1113844761 45.2255900291 52
cycle:   4 max_shift: 0.042262 LBFGS-B: function start/end, n_calls: 45.2255900291 44.518759275 51
cycle:   5 max_shift: 0.071290 LBFGS-B: function start/end, n_calls: 44.518759275 44.0419004902 51
cycle:   6 max_shift: 0.044468 LBFGS-B: function start/end, n_calls: 44.0419004902 43.5849399482 52
cycle:   7 max_shift: 0.058992 LBFGS-B: function start/end, n_calls: 43.5849399482 43.2011714564 52
cycle:   8 max_shift: 0.046571 LBFGS-B: function start/end, n_calls: 43.2011714564 42.8685730147 51
cycle:   9 max_shift: 0.043928 LBFGS-B: function start/end, n_calls: 42.8685730147 42.5783741172 51
cycle:  10 max_shift: 0.072181 LBFGS-B: function start/end, n_calls: 42.5783741172 42.2633651083 52
cycle:  11 max_shift: 0.022151 LBFGS-B: function start/end, n_calls: 42.2633651083 41.9866407689 51
cycle:  12 max_shift: 0.055363 LBFGS-B: function start/end, n_calls: 41.9866407689 41.7744715807 52
cycle:  13 max_shift: 0.023212 LBFGS-B: function start/end, n_calls: 41.7744715807 41.5911210338 52
cycle:  14 max_shift: 0.021081 LBFGS-B: function start/end, n_calls: 41.5911210338 41.4873231245 52
cycle:  15 max_shift: 0.017395 LBFGS-B: function start/end, n_calls: 41.4873231245 41.3888636315 51
cycle:  16 max_shift: 0.020846 LBFGS-B: function start/end, n_calls: 41.3888636315 41.2963733619 52
cycle:  17 max_shift: 0.015354 LBFGS-B: function start/end, n_calls: 41.2963733619 41.2162786617 52
cycle:  18 max_shift: 0.016415 LBFGS-B: function start/end, n_calls: 41.2162786617 41.1475455426 52
cycle:  19 max_shift: 0.014434 LBFGS-B: function start/end, n_calls: 41.1475455426 41.0806949679 52
cycle:  20 max_shift: 0.011472 LBFGS-B: function start/end, n_calls: 41.0806949679 41.0238549975 51
cycle:  21 max_shift: 0.025458 LBFGS-B: function start/end, n_calls: 41.0238549975 40.9365880599 52
cycle:  22 max_shift: 0.009850 LBFGS-B: function start/end, n_calls: 40.9365880599 40.8684479623 51
cycle:  23 max_shift: 0.014437 LBFGS-B: function start/end, n_calls: 40.8684479623 40.8224812565 51
cycle:  24 max_shift: 0.008800 LBFGS-B: function start/end, n_calls: 40.8224812565 40.7834451072 51
cycle:  25 max_shift: 0.013596 LBFGS-B: function start/end, n_calls: 40.7834451072 40.7458722726 52
cycle:  26 max_shift: 0.007897 LBFGS-B: function start/end, n_calls: 40.7458722726 40.7126703491 51
cycle:  27 max_shift: 0.010656 LBFGS-B: function start/end, n_calls: 40.7126703491 40.6809198982 52
cycle:  28 max_shift: 0.007929 LBFGS-B: function start/end, n_calls: 40.6809198982 40.6550900867 51
cycle:  29 max_shift: 0.008920 LBFGS-B: function start/end, n_calls: 40.6550900867 40.6326967187 51
cycle:  30 max_shift: 0.007836 LBFGS-B: function start/end, n_calls: 40.6326967187 40.6108978053 52
cycle:  31 max_shift: 0.007672 LBFGS-B: function start/end, n_calls: 40.6108978053 40.5913528536 52
cycle:  32 max_shift: 0.016758 LBFGS-B: function start/end, n_calls: 40.5913528536 40.5627695413 52
cycle:  33 max_shift: 0.007245 LBFGS-B: function start/end, n_calls: 40.5627695413 40.5366391812 51
cycle:  34 max_shift: 0.023726 LBFGS-B: function start/end, n_calls: 40.5366391812 40.5004243468 52
cycle:  35 max_shift: 0.006282 LBFGS-B: function start/end, n_calls: 40.5004243468 40.4752045167 51
cycle:  36 max_shift: 0.014694 LBFGS-B: function start/end, n_calls: 40.4752045167 40.4571038254 51
cycle:  37 max_shift: 0.005504 LBFGS-B: function start/end, n_calls: 40.4571038254 40.4412065385 51
cycle:  38 max_shift: 0.019482 LBFGS-B: function start/end, n_calls: 40.4412065385 40.4206509403 52
cycle:  39 max_shift: 0.006003 LBFGS-B: function start/end, n_calls: 40.4206509403 40.403502041 51
cycle:  40 max_shift: 0.024642 LBFGS-B: function start/end, n_calls: 40.403502041 40.3844190609 52
cycle:  41 max_shift: 0.006491 LBFGS-B: function start/end, n_calls: 40.3844190609 40.3651072618 52
cycle:  42 max_shift: 0.019551 LBFGS-B: function start/end, n_calls: 40.3651072618 40.3501378349 51
cycle:  43 max_shift: 0.003814 LBFGS-B: function start/end, n_calls: 40.3501378349 40.3384575175 52
cycle:  44 max_shift: 0.029157 LBFGS-B: function start/end, n_calls: 40.3384575175 40.3243642806 51
cycle:  45 max_shift: 0.004755 LBFGS-B: function start/end, n_calls: 40.3243642806 40.3099271561 51
cycle:  46 max_shift: 0.008627 LBFGS-B: function start/end, n_calls: 40.3099271561 40.3041721418 52
cycle:  47 max_shift: 0.004645 LBFGS-B: function start/end, n_calls: 40.3041721418 40.2997052525 51
cycle:  48 max_shift: 0.004578 LBFGS-B: function start/end, n_calls: 40.2997052525 40.2962084189 51
cycle:  49 max_shift: 0.003577 LBFGS-B: function start/end, n_calls: 40.2962084189 40.2929887643 51
cycle:  50 max_shift: 0.009329 LBFGS-B: function start/end, n_calls: 40.2929887643 40.2885584039 52
cycle:  51 max_shift: 0.002762 LBFGS-B: function start/end, n_calls: 40.2885584039 40.2842853657 51
cycle:  52 max_shift: 0.006932 LBFGS-B: function start/end, n_calls: 40.2842853657 40.2810362516 52
cycle:  53 max_shift: 0.002469 LBFGS-B: function start/end, n_calls: 40.2810362516 40.2777727607 52
cycle:  54 max_shift: 0.013560 LBFGS-B: function start/end, n_calls: 40.2777727607 40.2736451627 52
cycle:  55 max_shift: 0.002598 LBFGS-B: function start/end, n_calls: 40.2736451627 40.2676556203 52
cycle:  56 max_shift: 0.013057 LBFGS-B: function start/end, n_calls: 40.2676556203 40.2629681295 52
cycle:  57 max_shift: 0.002387 LBFGS-B: function start/end, n_calls: 40.2629681295 40.258620064 51
cycle:  58 max_shift: 0.011280 LBFGS-B: function start/end, n_calls: 40.258620064 40.2548216791 51
cycle:  59 max_shift: 0.002316 LBFGS-B: function start/end, n_calls: 40.2548216791 40.2509703196 51
cycle:  60 max_shift: 0.017850 LBFGS-B: function start/end, n_calls: 40.2509703196 40.2456054553 52
cycle:  61 max_shift: 0.002762 LBFGS-B: function start/end, n_calls: 40.2456054553 40.2400103617 52
cycle:  62 max_shift: 0.028944 LBFGS-B: function start/end, n_calls: 40.2400103617 40.2318066007 51
cycle:  63 max_shift: 0.003091 LBFGS-B: function start/end, n_calls: 40.2318066007 40.2240689569 51
cycle:  64 max_shift: 0.028881 LBFGS-B: function start/end, n_calls: 40.2240689569 40.2156946488 51
cycle:  65 max_shift: 0.003075 LBFGS-B: function start/end, n_calls: 40.2156946488 40.2085575047 51
cycle:  66 max_shift: 0.021974 LBFGS-B: function start/end, n_calls: 40.2085575047 40.2023749456 52
cycle:  67 max_shift: 0.002842 LBFGS-B: function start/end, n_calls: 40.2023749456 40.196969968 51
cycle:  68 max_shift: 0.011158 LBFGS-B: function start/end, n_calls: 40.196969968 40.193323286 51
cycle:  69 max_shift: 0.003884 LBFGS-B: function start/end, n_calls: 40.193323286 40.1897779592 51
cycle:  70 max_shift: 0.008581 LBFGS-B: function start/end, n_calls: 40.1897779592 40.1868606906 52
cycle:  71 max_shift: 0.003456 LBFGS-B: function start/end, n_calls: 40.1868606906 40.1838667349 52
cycle:  72 max_shift: 0.007025 LBFGS-B: function start/end, n_calls: 40.1838667349 40.1812486128 51
cycle:  73 max_shift: 0.003907 LBFGS-B: function start/end, n_calls: 40.1812486128 40.1786109157 52
cycle:  74 max_shift: 0.009204 LBFGS-B: function start/end, n_calls: 40.1786109157 40.1759253351 51
cycle:  75 max_shift: 0.005237 LBFGS-B: function start/end, n_calls: 40.1759253351 40.1718685276 51
cycle:  76 max_shift: 0.006535 LBFGS-B: function start/end, n_calls: 40.1718685276 40.1691860987 51
cycle:  77 max_shift: 0.004568 LBFGS-B: function start/end, n_calls: 40.1691860987 40.1665753024 51
cycle:  78 max_shift: 0.005794 LBFGS-B: function start/end, n_calls: 40.1665753024 40.1642757648 51
cycle:  79 max_shift: 0.004761 LBFGS-B: function start/end, n_calls: 40.1642757648 40.1617352301 51
cycle:  80 max_shift: 0.006475 LBFGS-B: function start/end, n_calls: 40.1617352301 40.1591417778 51
cycle:  81 max_shift: 0.004717 LBFGS-B: function start/end, n_calls: 40.1591417778 40.1564481496 51
cycle:  82 max_shift: 0.006511 LBFGS-B: function start/end, n_calls: 40.1564481496 40.1536659604 52
cycle:  83 max_shift: 0.004141 LBFGS-B: function start/end, n_calls: 40.1536659604 40.1510824691 51
cycle:  84 max_shift: 0.007405 LBFGS-B: function start/end, n_calls: 40.1510824691 40.1483468309 51
cycle:  85 max_shift: 0.004168 LBFGS-B: function start/end, n_calls: 40.1483468309 40.1454017501 51
cycle:  86 max_shift: 0.009597 LBFGS-B: function start/end, n_calls: 40.1454017501 40.1421656486 51
cycle:  87 max_shift: 0.005623 LBFGS-B: function start/end, n_calls: 40.1421656486 40.1380271299 52
cycle:  88 max_shift: 0.007341 LBFGS-B: function start/end, n_calls: 40.1380271299 40.134816881 51
cycle:  89 max_shift: 0.010961 LBFGS-B: function start/end, n_calls: 40.134816881 40.1304006569 52
cycle:  90 max_shift: 0.004708 LBFGS-B: function start/end, n_calls: 40.1304006569 40.126551854 51
cycle:  91 max_shift: 0.020735 LBFGS-B: function start/end, n_calls: 40.126551854 40.120636527 52
cycle:  92 max_shift: 0.004143 LBFGS-B: function start/end, n_calls: 40.120636527 40.1140647787 52
cycle:  93 max_shift: 0.012834 LBFGS-B: function start/end, n_calls: 40.1140647787 40.109947119 51
cycle:  94 max_shift: 0.004394 LBFGS-B: function start/end, n_calls: 40.109947119 40.1056098584 51
cycle:  95 max_shift: 0.013075 LBFGS-B: function start/end, n_calls: 40.1056098584 40.1014359449 52
cycle:  96 max_shift: 0.004490 LBFGS-B: function start/end, n_calls: 40.1014359449 40.0966561224 52
cycle:  97 max_shift: 0.014428 LBFGS-B: function start/end, n_calls: 40.0966561224 40.0919087182 52
cycle:  98 max_shift: 0.004679 LBFGS-B: function start/end, n_calls: 40.0919087182 40.0867956733 52
cycle:  99 max_shift: 0.015807 LBFGS-B: function start/end, n_calls: 40.0867956733 40.0816290087 52
final: bond:  0.000 angle:   0.23 clash:   0.0 rota:  0.00 rama: f: 100.00 o:   0.00 Z:  -4.01 cb:   0.00
See 1_refined.pdb in pdb folder.
Time: 4.9959
