Starting Q|R
version:   v1.0-208-g2886d5-dirty  
Running refinement
   input {
     xray_data {
       file_name = None
       labels = None
       high_resolution = None
       low_resolution = None
       outliers_rejection = True
       french_wilson_scale = True
       french_wilson {
         max_bins = 60
         min_bin_size = 40
       }
       sigma_fobs_rejection_criterion = None
       sigma_iobs_rejection_criterion = None
       ignore_all_zeros = True
       force_anomalous_flag_to_be_equal_to = None
       convert_to_non_anomalous_if_ratio_pairs_lone_less_than_threshold = 0.5
       r_free_flags {
         file_name = None
         label = None
         test_flag_value = None
         ignore_r_free_flags = False
         disable_suitability_test = False
         ignore_pdb_hexdigest = False
         generate = False
         fraction = 0.1
         max_free = 2000
         lattice_symmetry_max_delta = 5
         use_lattice_symmetry = True
         use_dataman_shells = False
         n_shells = 20
       }
     }
     pdb {
       file_name = None
     }
     monomers {
       file_name = None
     }
     maps {
       map_file_name = None
       d_min = None
       map_coefficients_file_name = None
       map_coefficients_label = None
     }
     sequence = None
     scattering_table = wk1995 it1992 *n_gaussian neutron electron
     wavelength = None
     energy = None
     twin_law = Auto
   }
   max_atoms = 15000
   debug = False
   cluster {
     fast_interaction = True
     charge_cutoff = 8.0
     clustering = false
     charge_embedding = False
     two_buffers = False
     maxnum_residues_in_cluster = 15
     select_within_radius = 10
     clustering_method = gnc *bcc
     altloc_method = average *subtract
     g_scan = 10 15 20
     g_mode = None
     save_clusters = True
     bond_with_altloc = True
     re_calculate_rmsd_tolerance = 0.5
   }
   restraints = *cctbx qm
   expansion = False
   quantum {
     engine_name = *mopac ani torchani terachem turbomole pyscf orca gaussian \
                   xtb
     basis = Auto
     charge = None
     method = Auto
     memory = None
     nproc = None
     qm_addon = gcp dftd3 gcp-d3
     qm_addon_method = None
   }
   refine {
     dry_run = False
     sf_algorithm = *direct fft
     refinement_target_name = *ml ls_wunit_k1
     mode = *opt refine gtest
     number_of_macro_cycles = 1
     number_of_weight_search_cycles = 50
     number_of_refine_cycles = 5
     number_of_micro_cycles = 100
     data_weight = None
     choose_best_use_r_work = False
     skip_weight_search = False
     adjust_restraints_weight_scale_value = 2
     max_iterations_weight = 50
     max_iterations_refine = 50
     use_ase_lbfgs = False
     line_search = True
     stpmax = 0.2
     gradient_only = False
     update_all_scales = True
     refine_sites = True
     refine_adp = False
     restraints_weight_scale = 1.0
     shake_sites = False
     use_convergence_test = True
     max_bond_rmsd = 0.03
     max_r_work_r_free_gap = 5.0
     r_tolerance = 0.001
     rmsd_tolerance = 0.01
     opt_log = False
     pre_opt = False
     pre_opt_stpmax = 0.1
     pre_opt_iter = 10
     pre_opt_switch = 2
     pre_opt_gconv = 3000
     minimizer = lbfgs *lbfgsb
   }
   parallel {
     method = *multiprocessing slurm pbs sge lsf threading
     nproc = None
     qsub_command = None
   }
   output_file_name_prefix = None
   output_folder_name = "pdb"
   rst_file = None
   dump_gradients = None

Setting QM defaults
  Setting QM method to PM7


***********************************************************
restart info will be stored in /home/yanting/work/aniserver_1_qr/ani_qr_test/cctbx_lbfgs/qr-ani-test/qr-cctbx/lbfgs_b/0.9/pdb/2.rst.pickle
***********************************************************

start: bond:  0.013 angle:   1.30 clash:   0.0 rota:  0.00 rama: f:  90.91 o:   0.00 Z:  -5.43 cb:   0.00
cycle:   0 max_shift: 0.148603 LBFGS-B: function start/end, n_calls: 286.27814463 49.5752813814 52
cycle:   1 max_shift: 0.154068 LBFGS-B: function start/end, n_calls: 49.5752813814 43.4868138992 52
cycle:   2 max_shift: 0.026887 LBFGS-B: function start/end, n_calls: 43.4868138992 42.6235446333 51
cycle:   3 max_shift: 0.061136 LBFGS-B: function start/end, n_calls: 42.6235446333 42.2062005938 52
cycle:   4 max_shift: 0.019435 LBFGS-B: function start/end, n_calls: 42.2062005938 42.0314265801 52
cycle:   5 max_shift: 0.021721 LBFGS-B: function start/end, n_calls: 42.0314265801 41.9405959108 51
cycle:   6 max_shift: 0.018587 LBFGS-B: function start/end, n_calls: 41.9405959108 41.8545703521 52
cycle:   7 max_shift: 0.022211 LBFGS-B: function start/end, n_calls: 41.8545703521 41.7816169114 52
cycle:   8 max_shift: 0.015382 LBFGS-B: function start/end, n_calls: 41.7816169114 41.7106067467 51
cycle:   9 max_shift: 0.016060 LBFGS-B: function start/end, n_calls: 41.7106067467 41.6537173096 51
cycle:  10 max_shift: 0.022186 LBFGS-B: function start/end, n_calls: 41.6537173096 41.5901264597 51
cycle:  11 max_shift: 0.011543 LBFGS-B: function start/end, n_calls: 41.5901264597 41.5387131009 52
cycle:  12 max_shift: 0.024028 LBFGS-B: function start/end, n_calls: 41.5387131009 41.4810666233 51
cycle:  13 max_shift: 0.011051 LBFGS-B: function start/end, n_calls: 41.4810666233 41.4276926094 51
cycle:  14 max_shift: 0.026337 LBFGS-B: function start/end, n_calls: 41.4276926094 41.3739488807 52
cycle:  15 max_shift: 0.010343 LBFGS-B: function start/end, n_calls: 41.3739488807 41.317006722 52
cycle:  16 max_shift: 0.030220 LBFGS-B: function start/end, n_calls: 41.317006722 41.2570592247 51
cycle:  17 max_shift: 0.008638 LBFGS-B: function start/end, n_calls: 41.2570592247 41.201472756 52
cycle:  18 max_shift: 0.044188 LBFGS-B: function start/end, n_calls: 41.201472756 41.1277836619 52
cycle:  19 max_shift: 0.010186 LBFGS-B: function start/end, n_calls: 41.1277836619 41.0567850666 52
cycle:  20 max_shift: 0.067892 LBFGS-B: function start/end, n_calls: 41.0567850666 40.9535331632 52
cycle:  21 max_shift: 0.010234 LBFGS-B: function start/end, n_calls: 40.9535331632 40.8596492168 52
cycle:  22 max_shift: 0.055030 LBFGS-B: function start/end, n_calls: 40.8596492168 40.7862382513 52
cycle:  23 max_shift: 0.010119 LBFGS-B: function start/end, n_calls: 40.7862382513 40.694002464 52
cycle:  24 max_shift: 0.058156 LBFGS-B: function start/end, n_calls: 40.694002464 40.6142388165 52
cycle:  25 max_shift: 0.008053 LBFGS-B: function start/end, n_calls: 40.6142388165 40.5484822046 51
cycle:  26 max_shift: 0.027549 LBFGS-B: function start/end, n_calls: 40.5484822046 40.4995254602 52
cycle:  27 max_shift: 0.007655 LBFGS-B: function start/end, n_calls: 40.4995254602 40.4581418328 52
cycle:  28 max_shift: 0.024298 LBFGS-B: function start/end, n_calls: 40.4581418328 40.4266741292 52
cycle:  29 max_shift: 0.006358 LBFGS-B: function start/end, n_calls: 40.4266741292 40.3930743893 52
cycle:  30 max_shift: 0.014853 LBFGS-B: function start/end, n_calls: 40.3930743893 40.365897186 51
cycle:  31 max_shift: 0.005888 LBFGS-B: function start/end, n_calls: 40.365897186 40.3396683916 52
cycle:  32 max_shift: 0.039496 LBFGS-B: function start/end, n_calls: 40.3396683916 40.2917298307 52
cycle:  33 max_shift: 0.007213 LBFGS-B: function start/end, n_calls: 40.2917298307 40.2313363492 51
cycle:  34 max_shift: 0.052960 LBFGS-B: function start/end, n_calls: 40.2313363492 40.1667126721 52
cycle:  35 max_shift: 0.008770 LBFGS-B: function start/end, n_calls: 40.1667126721 40.1054678994 52
cycle:  36 max_shift: 0.019330 LBFGS-B: function start/end, n_calls: 40.1054678994 40.0801171717 51
cycle:  37 max_shift: 0.006437 LBFGS-B: function start/end, n_calls: 40.0801171717 40.0617496445 51
cycle:  38 max_shift: 0.011670 LBFGS-B: function start/end, n_calls: 40.0617496445 40.0438121913 51
cycle:  39 max_shift: 0.022418 LBFGS-B: function start/end, n_calls: 40.0438121913 40.0136352181 51
cycle:  40 max_shift: 0.005939 LBFGS-B: function start/end, n_calls: 40.0136352181 39.9913649893 51
cycle:  41 max_shift: 0.011061 LBFGS-B: function start/end, n_calls: 39.9913649893 39.9780864759 52
cycle:  42 max_shift: 0.004381 LBFGS-B: function start/end, n_calls: 39.9780864759 39.9653716885 51
cycle:  43 max_shift: 0.020242 LBFGS-B: function start/end, n_calls: 39.9653716885 39.9446329687 51
cycle:  44 max_shift: 0.003094 LBFGS-B: function start/end, n_calls: 39.9446329687 39.9275045284 51
cycle:  45 max_shift: 0.026545 LBFGS-B: function start/end, n_calls: 39.9275045284 39.9053394877 52
cycle:  46 max_shift: 0.005630 LBFGS-B: function start/end, n_calls: 39.9053394877 39.8827492028 51
cycle:  47 max_shift: 0.014461 LBFGS-B: function start/end, n_calls: 39.8827492028 39.8704638714 51
cycle:  48 max_shift: 0.004113 LBFGS-B: function start/end, n_calls: 39.8704638714 39.8578586772 52
cycle:  49 max_shift: 0.012902 LBFGS-B: function start/end, n_calls: 39.8578586772 39.845762904 52
cycle:  50 max_shift: 0.004180 LBFGS-B: function start/end, n_calls: 39.845762904 39.8347051065 51
cycle:  51 max_shift: 0.008120 LBFGS-B: function start/end, n_calls: 39.8347051065 39.8272305715 51
cycle:  52 max_shift: 0.003260 LBFGS-B: function start/end, n_calls: 39.8272305715 39.8201366331 51
cycle:  53 max_shift: 0.011138 LBFGS-B: function start/end, n_calls: 39.8201366331 39.8112850709 51
cycle:  54 max_shift: 0.003811 LBFGS-B: function start/end, n_calls: 39.8112850709 39.8028850989 52
cycle:  55 max_shift: 0.005890 LBFGS-B: function start/end, n_calls: 39.8028850989 39.7973792907 52
cycle:  56 max_shift: 0.002980 LBFGS-B: function start/end, n_calls: 39.7973792907 39.7931941654 52
cycle:  57 max_shift: 0.010504 LBFGS-B: function start/end, n_calls: 39.7931941654 39.7877269911 52
cycle:  58 max_shift: 0.003620 LBFGS-B: function start/end, n_calls: 39.7877269911 39.7791502235 51
cycle:  59 max_shift: 0.008686 LBFGS-B: function start/end, n_calls: 39.7791502235 39.7728514964 51
cycle:  60 max_shift: 0.002750 LBFGS-B: function start/end, n_calls: 39.7728514964 39.7686728841 52
cycle:  61 max_shift: 0.007667 LBFGS-B: function start/end, n_calls: 39.7686728841 39.7654965449 51
cycle:  62 max_shift: 0.002949 LBFGS-B: function start/end, n_calls: 39.7654965449 39.7593610289 52
cycle:  63 max_shift: 0.014588 LBFGS-B: function start/end, n_calls: 39.7593610289 39.7517864446 51
cycle:  64 max_shift: 0.002792 LBFGS-B: function start/end, n_calls: 39.7517864446 39.7447297584 52
cycle:  65 max_shift: 0.008723 LBFGS-B: function start/end, n_calls: 39.7447297584 39.7393685509 52
cycle:  66 max_shift: 0.002458 LBFGS-B: function start/end, n_calls: 39.7393685509 39.7352284355 52
cycle:  67 max_shift: 0.006282 LBFGS-B: function start/end, n_calls: 39.7352284355 39.7317125872 51
cycle:  68 max_shift: 0.002152 LBFGS-B: function start/end, n_calls: 39.7317125872 39.7287651123 52
cycle:  69 max_shift: 0.002681 LBFGS-B: function start/end, n_calls: 39.7287651123 39.7268954634 52
cycle:  70 max_shift: 0.002869 LBFGS-B: function start/end, n_calls: 39.7268954634 39.7248508128 51
cycle:  71 max_shift: 0.002252 LBFGS-B: function start/end, n_calls: 39.7248508128 39.7230331641 51
cycle:  72 max_shift: 0.004418 LBFGS-B: function start/end, n_calls: 39.7230331641 39.7207198932 51
cycle:  73 max_shift: 0.002120 LBFGS-B: function start/end, n_calls: 39.7207198932 39.718297549 52
cycle:  74 max_shift: 0.005358 LBFGS-B: function start/end, n_calls: 39.718297549 39.715930822 51
cycle:  75 max_shift: 0.002532 LBFGS-B: function start/end, n_calls: 39.715930822 39.7131880051 51
cycle:  76 max_shift: 0.004093 LBFGS-B: function start/end, n_calls: 39.7131880051 39.7108580904 51
cycle:  77 max_shift: 0.002269 LBFGS-B: function start/end, n_calls: 39.7108580904 39.7089927246 51
cycle:  78 max_shift: 0.002379 LBFGS-B: function start/end, n_calls: 39.7089927246 39.707446152 51
cycle:  79 max_shift: 0.001978 LBFGS-B: function start/end, n_calls: 39.707446152 39.7058839534 52
cycle:  80 max_shift: 0.004013 LBFGS-B: function start/end, n_calls: 39.7058839534 39.7037596121 51
cycle:  81 max_shift: 0.002313 LBFGS-B: function start/end, n_calls: 39.7037596121 39.7016508752 51
cycle:  82 max_shift: 0.008537 LBFGS-B: function start/end, n_calls: 39.7016508752 39.6979916276 52
cycle:  83 max_shift: 0.002948 LBFGS-B: function start/end, n_calls: 39.6979916276 39.6944312106 51
cycle:  84 max_shift: 0.002997 LBFGS-B: function start/end, n_calls: 39.6944312106 39.6927544085 52
cycle:  85 max_shift: 0.003166 LBFGS-B: function start/end, n_calls: 39.6927544085 39.6909216105 51
cycle:  86 max_shift: 0.001832 LBFGS-B: function start/end, n_calls: 39.6909216105 39.6893045942 52
cycle:  87 max_shift: 0.004800 LBFGS-B: function start/end, n_calls: 39.6893045942 39.687248727 52
cycle:  88 max_shift: 0.001817 LBFGS-B: function start/end, n_calls: 39.687248727 39.6851297914 51
cycle:  89 max_shift: 0.006230 LBFGS-B: function start/end, n_calls: 39.6851297914 39.6824218814 51
cycle:  90 max_shift: 0.002323 LBFGS-B: function start/end, n_calls: 39.6824218814 39.6800258762 51
cycle:  91 max_shift: 0.002707 LBFGS-B: function start/end, n_calls: 39.6800258762 39.6785983669 52
cycle:  92 max_shift: 0.001749 LBFGS-B: function start/end, n_calls: 39.6785983669 39.6772964504 51
cycle:  93 max_shift: 0.002206 LBFGS-B: function start/end, n_calls: 39.6772964504 39.6761497013 52
cycle:  94 max_shift: 0.002012 LBFGS-B: function start/end, n_calls: 39.6761497013 39.6749460961 51
cycle:  95 max_shift: 0.001746 LBFGS-B: function start/end, n_calls: 39.6749460961 39.6738896612 52
cycle:  96 max_shift: 0.005725 LBFGS-B: function start/end, n_calls: 39.6738896612 39.6715035229 52
cycle:  97 max_shift: 0.002814 LBFGS-B: function start/end, n_calls: 39.6715035229 39.6687701396 51
cycle:  98 max_shift: 0.002024 LBFGS-B: function start/end, n_calls: 39.6687701396 39.6674474046 51
cycle:  99 max_shift: 0.002521 LBFGS-B: function start/end, n_calls: 39.6674474046 39.6661887912 52
final: bond:  0.000 angle:   0.24 clash:   0.0 rota:  0.00 rama: f: 100.00 o:   0.00 Z:  -1.07 cb:   0.00
See 2_refined.pdb in pdb folder.
Time: 5.0990
