Starting Q|R
version:   v1.0-208-g2886d5-dirty  
Running refinement
   input {
     xray_data {
       file_name = None
       labels = None
       high_resolution = None
       low_resolution = None
       outliers_rejection = True
       french_wilson_scale = True
       french_wilson {
         max_bins = 60
         min_bin_size = 40
       }
       sigma_fobs_rejection_criterion = None
       sigma_iobs_rejection_criterion = None
       ignore_all_zeros = True
       force_anomalous_flag_to_be_equal_to = None
       convert_to_non_anomalous_if_ratio_pairs_lone_less_than_threshold = 0.5
       r_free_flags {
         file_name = None
         label = None
         test_flag_value = None
         ignore_r_free_flags = False
         disable_suitability_test = False
         ignore_pdb_hexdigest = False
         generate = False
         fraction = 0.1
         max_free = 2000
         lattice_symmetry_max_delta = 5
         use_lattice_symmetry = True
         use_dataman_shells = False
         n_shells = 20
       }
     }
     pdb {
       file_name = None
     }
     monomers {
       file_name = None
     }
     maps {
       map_file_name = None
       d_min = None
       map_coefficients_file_name = None
       map_coefficients_label = None
     }
     sequence = None
     scattering_table = wk1995 it1992 *n_gaussian neutron electron
     wavelength = None
     energy = None
     twin_law = Auto
   }
   max_atoms = 15000
   debug = False
   cluster {
     fast_interaction = True
     charge_cutoff = 8.0
     clustering = false
     charge_embedding = False
     two_buffers = False
     maxnum_residues_in_cluster = 15
     select_within_radius = 10
     clustering_method = gnc *bcc
     altloc_method = average *subtract
     g_scan = 10 15 20
     g_mode = None
     save_clusters = True
     bond_with_altloc = True
     re_calculate_rmsd_tolerance = 0.5
   }
   restraints = *cctbx qm
   expansion = False
   quantum {
     engine_name = *mopac ani torchani terachem turbomole pyscf orca gaussian \
                   xtb
     basis = Auto
     charge = None
     method = Auto
     memory = None
     nproc = None
     qm_addon = gcp dftd3 gcp-d3
     qm_addon_method = None
   }
   refine {
     dry_run = False
     sf_algorithm = *direct fft
     refinement_target_name = *ml ls_wunit_k1
     mode = *opt refine gtest
     number_of_macro_cycles = 1
     number_of_weight_search_cycles = 50
     number_of_refine_cycles = 5
     number_of_micro_cycles = 100
     data_weight = None
     choose_best_use_r_work = False
     skip_weight_search = False
     adjust_restraints_weight_scale_value = 2
     max_iterations_weight = 50
     max_iterations_refine = 50
     use_ase_lbfgs = False
     line_search = True
     stpmax = 0.2
     gradient_only = False
     update_all_scales = True
     refine_sites = True
     refine_adp = False
     restraints_weight_scale = 1.0
     shake_sites = False
     use_convergence_test = True
     max_bond_rmsd = 0.03
     max_r_work_r_free_gap = 5.0
     r_tolerance = 0.001
     rmsd_tolerance = 0.01
     opt_log = False
     pre_opt = False
     pre_opt_stpmax = 0.1
     pre_opt_iter = 10
     pre_opt_switch = 2
     pre_opt_gconv = 3000
     minimizer = lbfgs *lbfgsb
   }
   parallel {
     method = *multiprocessing slurm pbs sge lsf threading
     nproc = None
     qsub_command = None
   }
   output_file_name_prefix = None
   output_folder_name = "pdb"
   rst_file = None
   dump_gradients = None

Setting QM defaults
  Setting QM method to PM7


***********************************************************
restart info will be stored in /home/yanting/work/aniserver_1_qr/ani_qr_test/cctbx_lbfgs/qr-ani-test/qr-cctbx/lbfgs_b/0.9/pdb/3.rst.pickle
***********************************************************

start: bond:  0.012 angle:   1.48 clash:   0.0 rota:  0.00 rama: f:  90.91 o:   0.00 Z:  -5.46 cb:   0.00
cycle:   0 max_shift: 0.179659 LBFGS-B: function start/end, n_calls: 279.583367341 52.9682201006 52
cycle:   1 max_shift: 0.180999 LBFGS-B: function start/end, n_calls: 52.9682201006 47.2856740022 52
cycle:   2 max_shift: 0.122948 LBFGS-B: function start/end, n_calls: 47.2856740022 45.3726589852 52
cycle:   3 max_shift: 0.058563 LBFGS-B: function start/end, n_calls: 45.3726589852 44.427626055 52
cycle:   4 max_shift: 0.129545 LBFGS-B: function start/end, n_calls: 44.427626055 43.4786987759 52
cycle:   5 max_shift: 0.050248 LBFGS-B: function start/end, n_calls: 43.4786987759 42.7748442852 51
cycle:   6 max_shift: 0.081203 LBFGS-B: function start/end, n_calls: 42.7748442852 42.3105153729 51
cycle:   7 max_shift: 0.050160 LBFGS-B: function start/end, n_calls: 42.3105153729 41.9293192092 51
cycle:   8 max_shift: 0.055438 LBFGS-B: function start/end, n_calls: 41.9293192092 41.629009492 51
cycle:   9 max_shift: 0.040354 LBFGS-B: function start/end, n_calls: 41.629009492 41.3861948211 52
cycle:  10 max_shift: 0.044066 LBFGS-B: function start/end, n_calls: 41.3861948211 41.1879832205 51
cycle:  11 max_shift: 0.027098 LBFGS-B: function start/end, n_calls: 41.1879832205 41.0220318062 52
cycle:  12 max_shift: 0.069940 LBFGS-B: function start/end, n_calls: 41.0220318062 40.7957971398 52
cycle:  13 max_shift: 0.017579 LBFGS-B: function start/end, n_calls: 40.7957971398 40.6489584252 52
cycle:  14 max_shift: 0.031702 LBFGS-B: function start/end, n_calls: 40.6489584252 40.5734362226 51
cycle:  15 max_shift: 0.013111 LBFGS-B: function start/end, n_calls: 40.5734362226 40.5075719492 51
cycle:  16 max_shift: 0.030365 LBFGS-B: function start/end, n_calls: 40.5075719492 40.4487424052 51
cycle:  17 max_shift: 0.010207 LBFGS-B: function start/end, n_calls: 40.4487424052 40.3913118342 52
cycle:  18 max_shift: 0.029098 LBFGS-B: function start/end, n_calls: 40.3913118342 40.3354697313 51
cycle:  19 max_shift: 0.008082 LBFGS-B: function start/end, n_calls: 40.3354697313 40.2849828794 52
cycle:  20 max_shift: 0.020172 LBFGS-B: function start/end, n_calls: 40.2849828794 40.2484084697 51
cycle:  21 max_shift: 0.009143 LBFGS-B: function start/end, n_calls: 40.2484084697 40.2139228889 52
cycle:  22 max_shift: 0.012614 LBFGS-B: function start/end, n_calls: 40.2139228889 40.1930779444 51
cycle:  23 max_shift: 0.011033 LBFGS-B: function start/end, n_calls: 40.1930779444 40.1683625884 52
cycle:  24 max_shift: 0.015490 LBFGS-B: function start/end, n_calls: 40.1683625884 40.1410699521 52
cycle:  25 max_shift: 0.006402 LBFGS-B: function start/end, n_calls: 40.1410699521 40.1212970666 51
cycle:  26 max_shift: 0.013587 LBFGS-B: function start/end, n_calls: 40.1212970666 40.1023694703 51
cycle:  27 max_shift: 0.005415 LBFGS-B: function start/end, n_calls: 40.1023694703 40.0840019037 52
cycle:  28 max_shift: 0.021096 LBFGS-B: function start/end, n_calls: 40.0840019037 40.0567882437 52
cycle:  29 max_shift: 0.005559 LBFGS-B: function start/end, n_calls: 40.0567882437 40.0323359841 52
cycle:  30 max_shift: 0.012069 LBFGS-B: function start/end, n_calls: 40.0323359841 40.0128198858 51
cycle:  31 max_shift: 0.014820 LBFGS-B: function start/end, n_calls: 40.0128198858 39.9943996905 52
cycle:  32 max_shift: 0.007397 LBFGS-B: function start/end, n_calls: 39.9943996905 39.9789131666 51
cycle:  33 max_shift: 0.008673 LBFGS-B: function start/end, n_calls: 39.9789131666 39.9684985894 52
cycle:  34 max_shift: 0.005247 LBFGS-B: function start/end, n_calls: 39.9684985894 39.9596978998 51
cycle:  35 max_shift: 0.011128 LBFGS-B: function start/end, n_calls: 39.9596978998 39.9479925277 52
cycle:  36 max_shift: 0.005356 LBFGS-B: function start/end, n_calls: 39.9479925277 39.9374909275 52
cycle:  37 max_shift: 0.009497 LBFGS-B: function start/end, n_calls: 39.9374909275 39.9280384855 51
cycle:  38 max_shift: 0.004882 LBFGS-B: function start/end, n_calls: 39.9280384855 39.9181943664 52
cycle:  39 max_shift: 0.010951 LBFGS-B: function start/end, n_calls: 39.9181943664 39.9083121939 51
cycle:  40 max_shift: 0.004557 LBFGS-B: function start/end, n_calls: 39.9083121939 39.8992711975 51
cycle:  41 max_shift: 0.008102 LBFGS-B: function start/end, n_calls: 39.8992711975 39.8913620035 52
cycle:  42 max_shift: 0.004059 LBFGS-B: function start/end, n_calls: 39.8913620035 39.8850013981 51
cycle:  43 max_shift: 0.005944 LBFGS-B: function start/end, n_calls: 39.8850013981 39.8794540117 51
cycle:  44 max_shift: 0.003528 LBFGS-B: function start/end, n_calls: 39.8794540117 39.8739560959 52
cycle:  45 max_shift: 0.009245 LBFGS-B: function start/end, n_calls: 39.8739560959 39.866422908 52
cycle:  46 max_shift: 0.003475 LBFGS-B: function start/end, n_calls: 39.866422908 39.8591856372 51
cycle:  47 max_shift: 0.014056 LBFGS-B: function start/end, n_calls: 39.8591856372 39.8504588919 52
cycle:  48 max_shift: 0.004484 LBFGS-B: function start/end, n_calls: 39.8504588919 39.8399875817 52
cycle:  49 max_shift: 0.020915 LBFGS-B: function start/end, n_calls: 39.8399875817 39.8306749956 51
cycle:  50 max_shift: 0.004795 LBFGS-B: function start/end, n_calls: 39.8306749956 39.8143351051 51
cycle:  51 max_shift: 0.014742 LBFGS-B: function start/end, n_calls: 39.8143351051 39.8032353007 51
cycle:  52 max_shift: 0.003278 LBFGS-B: function start/end, n_calls: 39.8032353007 39.7952831835 51
cycle:  53 max_shift: 0.007479 LBFGS-B: function start/end, n_calls: 39.7952831835 39.790657978 51
cycle:  54 max_shift: 0.004564 LBFGS-B: function start/end, n_calls: 39.790657978 39.7856592385 52
cycle:  55 max_shift: 0.002522 LBFGS-B: function start/end, n_calls: 39.7856592385 39.7828105764 51
cycle:  56 max_shift: 0.003656 LBFGS-B: function start/end, n_calls: 39.7828105764 39.779989233 52
cycle:  57 max_shift: 0.001856 LBFGS-B: function start/end, n_calls: 39.779989233 39.7772452552 51
cycle:  58 max_shift: 0.002989 LBFGS-B: function start/end, n_calls: 39.7772452552 39.7748778626 52
cycle:  59 max_shift: 0.001974 LBFGS-B: function start/end, n_calls: 39.7748778626 39.7727209249 51
cycle:  60 max_shift: 0.002942 LBFGS-B: function start/end, n_calls: 39.7727209249 39.7705157566 51
cycle:  61 max_shift: 0.001921 LBFGS-B: function start/end, n_calls: 39.7705157566 39.7682319011 52
cycle:  62 max_shift: 0.003219 LBFGS-B: function start/end, n_calls: 39.7682319011 39.7660610595 52
cycle:  63 max_shift: 0.001902 LBFGS-B: function start/end, n_calls: 39.7660610595 39.763754459 51
cycle:  64 max_shift: 0.002721 LBFGS-B: function start/end, n_calls: 39.763754459 39.7618434926 51
cycle:  65 max_shift: 0.001916 LBFGS-B: function start/end, n_calls: 39.7618434926 39.7598702303 52
cycle:  66 max_shift: 0.002461 LBFGS-B: function start/end, n_calls: 39.7598702303 39.7578371162 52
cycle:  67 max_shift: 0.004395 LBFGS-B: function start/end, n_calls: 39.7578371162 39.7551779078 52
cycle:  68 max_shift: 0.002102 LBFGS-B: function start/end, n_calls: 39.7551779078 39.7529713537 51
cycle:  69 max_shift: 0.009702 LBFGS-B: function start/end, n_calls: 39.7529713537 39.749223232 52
cycle:  70 max_shift: 0.002205 LBFGS-B: function start/end, n_calls: 39.749223232 39.7447188117 51
cycle:  71 max_shift: 0.010143 LBFGS-B: function start/end, n_calls: 39.7447188117 39.7403139605 52
cycle:  72 max_shift: 0.002306 LBFGS-B: function start/end, n_calls: 39.7403139605 39.7367015868 52
cycle:  73 max_shift: 0.010466 LBFGS-B: function start/end, n_calls: 39.7367015868 39.7328666191 51
cycle:  74 max_shift: 0.002885 LBFGS-B: function start/end, n_calls: 39.7328666191 39.7290910387 51
cycle:  75 max_shift: 0.039846 LBFGS-B: function start/end, n_calls: 39.7290910387 39.715966446 52
cycle:  76 max_shift: 0.002009 LBFGS-B: function start/end, n_calls: 39.715966446 39.7055091898 52
cycle:  77 max_shift: 0.003275 LBFGS-B: function start/end, n_calls: 39.7055091898 39.7042449722 52
cycle:  78 max_shift: 0.001419 LBFGS-B: function start/end, n_calls: 39.7042449722 39.703212544 51
cycle:  79 max_shift: 0.003374 LBFGS-B: function start/end, n_calls: 39.703212544 39.7020718162 51
cycle:  80 max_shift: 0.001506 LBFGS-B: function start/end, n_calls: 39.7020718162 39.7010156537 51
cycle:  81 max_shift: 0.002967 LBFGS-B: function start/end, n_calls: 39.7010156537 39.7000067798 51
cycle:  82 max_shift: 0.001432 LBFGS-B: function start/end, n_calls: 39.7000067798 39.6990805372 52
cycle:  83 max_shift: 0.004215 LBFGS-B: function start/end, n_calls: 39.6990805372 39.6980275831 52
cycle:  84 max_shift: 0.001815 LBFGS-B: function start/end, n_calls: 39.6980275831 39.6966540865 51
cycle:  85 max_shift: 0.003484 LBFGS-B: function start/end, n_calls: 39.6966540865 39.6956369921 52
cycle:  86 max_shift: 0.001441 LBFGS-B: function start/end, n_calls: 39.6956369921 39.6946823192 51
cycle:  87 max_shift: 0.008914 LBFGS-B: function start/end, n_calls: 39.6946823192 39.6931648601 51
cycle:  88 max_shift: 0.002217 LBFGS-B: function start/end, n_calls: 39.6931648601 39.6904286671 51
cycle:  89 max_shift: 0.017905 LBFGS-B: function start/end, n_calls: 39.6904286671 39.6863911811 52
cycle:  90 max_shift: 0.002563 LBFGS-B: function start/end, n_calls: 39.6863911811 39.6828384445 51
cycle:  91 max_shift: 0.011303 LBFGS-B: function start/end, n_calls: 39.6828384445 39.6806982041 51
cycle:  92 max_shift: 0.001199 LBFGS-B: function start/end, n_calls: 39.6806982041 39.6783846178 51
cycle:  93 max_shift: 0.006724 LBFGS-B: function start/end, n_calls: 39.6783846178 39.6770120029 52
cycle:  94 max_shift: 0.001191 LBFGS-B: function start/end, n_calls: 39.6770120029 39.6757720899 51
cycle:  95 max_shift: 0.003766 LBFGS-B: function start/end, n_calls: 39.6757720899 39.6748854573 51
cycle:  96 max_shift: 0.001229 LBFGS-B: function start/end, n_calls: 39.6748854573 39.6742100168 51
cycle:  97 max_shift: 0.002447 LBFGS-B: function start/end, n_calls: 39.6742100168 39.6736248598 52
cycle:  98 max_shift: 0.001078 LBFGS-B: function start/end, n_calls: 39.6736248598 39.6730283232 51
cycle:  99 max_shift: 0.002158 LBFGS-B: function start/end, n_calls: 39.6730283232 39.6725758454 51
final: bond:  0.000 angle:   0.25 clash:   0.0 rota:  0.00 rama: f: 100.00 o:   0.00 Z:  -2.24 cb:   0.00
See 3_refined.pdb in pdb folder.
Time: 5.0469
