Starting Q|R
version:   v1.0-208-g2886d5-dirty  
Running refinement
   input {
     xray_data {
       file_name = None
       labels = None
       high_resolution = None
       low_resolution = None
       outliers_rejection = True
       french_wilson_scale = True
       french_wilson {
         max_bins = 60
         min_bin_size = 40
       }
       sigma_fobs_rejection_criterion = None
       sigma_iobs_rejection_criterion = None
       ignore_all_zeros = True
       force_anomalous_flag_to_be_equal_to = None
       convert_to_non_anomalous_if_ratio_pairs_lone_less_than_threshold = 0.5
       r_free_flags {
         file_name = None
         label = None
         test_flag_value = None
         ignore_r_free_flags = False
         disable_suitability_test = False
         ignore_pdb_hexdigest = False
         generate = False
         fraction = 0.1
         max_free = 2000
         lattice_symmetry_max_delta = 5
         use_lattice_symmetry = True
         use_dataman_shells = False
         n_shells = 20
       }
     }
     pdb {
       file_name = None
     }
     monomers {
       file_name = None
     }
     maps {
       map_file_name = None
       d_min = None
       map_coefficients_file_name = None
       map_coefficients_label = None
     }
     sequence = None
     scattering_table = wk1995 it1992 *n_gaussian neutron electron
     wavelength = None
     energy = None
     twin_law = Auto
   }
   max_atoms = 15000
   debug = False
   cluster {
     fast_interaction = True
     charge_cutoff = 8.0
     clustering = false
     charge_embedding = False
     two_buffers = False
     maxnum_residues_in_cluster = 15
     select_within_radius = 10
     clustering_method = gnc *bcc
     altloc_method = average *subtract
     g_scan = 10 15 20
     g_mode = None
     save_clusters = True
     bond_with_altloc = True
     re_calculate_rmsd_tolerance = 0.5
   }
   restraints = *cctbx qm
   expansion = False
   quantum {
     engine_name = *mopac ani torchani terachem turbomole pyscf orca gaussian \
                   xtb
     basis = Auto
     charge = None
     method = Auto
     memory = None
     nproc = None
     qm_addon = gcp dftd3 gcp-d3
     qm_addon_method = None
   }
   refine {
     dry_run = False
     sf_algorithm = *direct fft
     refinement_target_name = *ml ls_wunit_k1
     mode = *opt refine gtest
     number_of_macro_cycles = 1
     number_of_weight_search_cycles = 50
     number_of_refine_cycles = 5
     number_of_micro_cycles = 100
     data_weight = None
     choose_best_use_r_work = False
     skip_weight_search = False
     adjust_restraints_weight_scale_value = 2
     max_iterations_weight = 50
     max_iterations_refine = 50
     use_ase_lbfgs = False
     line_search = True
     stpmax = 0.2
     gradient_only = False
     update_all_scales = True
     refine_sites = True
     refine_adp = False
     restraints_weight_scale = 1.0
     shake_sites = False
     use_convergence_test = True
     max_bond_rmsd = 0.03
     max_r_work_r_free_gap = 5.0
     r_tolerance = 0.001
     rmsd_tolerance = 0.01
     opt_log = False
     pre_opt = False
     pre_opt_stpmax = 0.1
     pre_opt_iter = 10
     pre_opt_switch = 2
     pre_opt_gconv = 3000
     minimizer = lbfgs *lbfgsb
   }
   parallel {
     method = *multiprocessing slurm pbs sge lsf threading
     nproc = None
     qsub_command = None
   }
   output_file_name_prefix = None
   output_folder_name = "pdb"
   rst_file = None
   dump_gradients = None

Setting QM defaults
  Setting QM method to PM7


***********************************************************
restart info will be stored in /home/yanting/work/aniserver_1_qr/ani_qr_test/cctbx_lbfgs/qr-ani-test/qr-cctbx/lbfgs_b/0.9/pdb/4.rst.pickle
***********************************************************

start: bond:  0.013 angle:   1.72 clash:   0.0 rota:  0.00 rama: f:  81.82 o:   0.00 Z:  -3.95 cb:   0.00
cycle:   0 max_shift: 0.217174 LBFGS-B: function start/end, n_calls: 292.904980531 49.106906646 52
cycle:   1 max_shift: 0.146166 LBFGS-B: function start/end, n_calls: 49.106906646 44.8977009611 51
cycle:   2 max_shift: 0.064960 LBFGS-B: function start/end, n_calls: 44.8977009611 43.8696142477 52
cycle:   3 max_shift: 0.037008 LBFGS-B: function start/end, n_calls: 43.8696142477 43.3852491694 52
cycle:   4 max_shift: 0.034290 LBFGS-B: function start/end, n_calls: 43.3852491694 43.0438765831 51
cycle:   5 max_shift: 0.027594 LBFGS-B: function start/end, n_calls: 43.0438765831 42.7960607019 51
cycle:   6 max_shift: 0.028068 LBFGS-B: function start/end, n_calls: 42.7960607019 42.5666595227 51
cycle:   7 max_shift: 0.027477 LBFGS-B: function start/end, n_calls: 42.5666595227 42.3788328405 51
cycle:   8 max_shift: 0.027014 LBFGS-B: function start/end, n_calls: 42.3788328405 42.2102215218 52
cycle:   9 max_shift: 0.031152 LBFGS-B: function start/end, n_calls: 42.2102215218 42.0592608597 52
cycle:  10 max_shift: 0.023183 LBFGS-B: function start/end, n_calls: 42.0592608597 41.9262972014 52
cycle:  11 max_shift: 0.028284 LBFGS-B: function start/end, n_calls: 41.9262972014 41.8137605277 52
cycle:  12 max_shift: 0.023562 LBFGS-B: function start/end, n_calls: 41.8137605277 41.7106148079 51
cycle:  13 max_shift: 0.019599 LBFGS-B: function start/end, n_calls: 41.7106148079 41.6222219354 51
cycle:  14 max_shift: 0.028616 LBFGS-B: function start/end, n_calls: 41.6222219354 41.5390507749 51
cycle:  15 max_shift: 0.014985 LBFGS-B: function start/end, n_calls: 41.5390507749 41.4439556342 51
cycle:  16 max_shift: 0.055335 LBFGS-B: function start/end, n_calls: 41.4439556342 41.3129516166 52
cycle:  17 max_shift: 0.012485 LBFGS-B: function start/end, n_calls: 41.3129516166 41.1753902579 51
cycle:  18 max_shift: 0.073507 LBFGS-B: function start/end, n_calls: 41.1753902579 41.0426490377 51
cycle:  19 max_shift: 0.013180 LBFGS-B: function start/end, n_calls: 41.0426490377 40.9029717813 52
cycle:  20 max_shift: 0.102660 LBFGS-B: function start/end, n_calls: 40.9029717813 40.755131689 52
cycle:  21 max_shift: 0.013432 LBFGS-B: function start/end, n_calls: 40.755131689 40.6303976178 52
cycle:  22 max_shift: 0.069873 LBFGS-B: function start/end, n_calls: 40.6303976178 40.544061206 52
cycle:  23 max_shift: 0.010471 LBFGS-B: function start/end, n_calls: 40.544061206 40.4764351138 51
cycle:  24 max_shift: 0.034323 LBFGS-B: function start/end, n_calls: 40.4764351138 40.4305628604 52
cycle:  25 max_shift: 0.013907 LBFGS-B: function start/end, n_calls: 40.4305628604 40.3975528851 52
cycle:  26 max_shift: 0.020421 LBFGS-B: function start/end, n_calls: 40.3975528851 40.3753015397 51
cycle:  27 max_shift: 0.011587 LBFGS-B: function start/end, n_calls: 40.3753015397 40.3527480762 52
cycle:  28 max_shift: 0.021236 LBFGS-B: function start/end, n_calls: 40.3527480762 40.3302364212 52
cycle:  29 max_shift: 0.011665 LBFGS-B: function start/end, n_calls: 40.3302364212 40.3083781491 52
cycle:  30 max_shift: 0.017860 LBFGS-B: function start/end, n_calls: 40.3083781491 40.2897288354 52
cycle:  31 max_shift: 0.009909 LBFGS-B: function start/end, n_calls: 40.2897288354 40.2727125338 51
cycle:  32 max_shift: 0.016787 LBFGS-B: function start/end, n_calls: 40.2727125338 40.2565182775 51
cycle:  33 max_shift: 0.011335 LBFGS-B: function start/end, n_calls: 40.2565182775 40.238852841 52
cycle:  34 max_shift: 0.014766 LBFGS-B: function start/end, n_calls: 40.238852841 40.2240221613 52
cycle:  35 max_shift: 0.008831 LBFGS-B: function start/end, n_calls: 40.2240221613 40.2100738621 51
cycle:  36 max_shift: 0.017529 LBFGS-B: function start/end, n_calls: 40.2100738621 40.1945247394 51
cycle:  37 max_shift: 0.009555 LBFGS-B: function start/end, n_calls: 40.1945247394 40.179328302 51
cycle:  38 max_shift: 0.013628 LBFGS-B: function start/end, n_calls: 40.179328302 40.1667932357 51
cycle:  39 max_shift: 0.008308 LBFGS-B: function start/end, n_calls: 40.1667932357 40.1542644251 52
cycle:  40 max_shift: 0.012648 LBFGS-B: function start/end, n_calls: 40.1542644251 40.1431131652 52
cycle:  41 max_shift: 0.013763 LBFGS-B: function start/end, n_calls: 40.1431131652 40.129110104 52
cycle:  42 max_shift: 0.009623 LBFGS-B: function start/end, n_calls: 40.129110104 40.1169503582 52
cycle:  43 max_shift: 0.014382 LBFGS-B: function start/end, n_calls: 40.1169503582 40.1053812313 52
cycle:  44 max_shift: 0.009439 LBFGS-B: function start/end, n_calls: 40.1053812313 40.0934406193 51
cycle:  45 max_shift: 0.013534 LBFGS-B: function start/end, n_calls: 40.0934406193 40.082406167 51
cycle:  46 max_shift: 0.008149 LBFGS-B: function start/end, n_calls: 40.082406167 40.0720357914 52
cycle:  47 max_shift: 0.019537 LBFGS-B: function start/end, n_calls: 40.0720357914 40.0578746596 52
cycle:  48 max_shift: 0.009072 LBFGS-B: function start/end, n_calls: 40.0578746596 40.0449576253 52
cycle:  49 max_shift: 0.016847 LBFGS-B: function start/end, n_calls: 40.0449576253 40.0327944126 52
cycle:  50 max_shift: 0.007370 LBFGS-B: function start/end, n_calls: 40.0327944126 40.0222998644 51
cycle:  51 max_shift: 0.023880 LBFGS-B: function start/end, n_calls: 40.0222998644 40.0087436724 52
cycle:  52 max_shift: 0.006505 LBFGS-B: function start/end, n_calls: 40.0087436724 39.9929065375 51
cycle:  53 max_shift: 0.027693 LBFGS-B: function start/end, n_calls: 39.9929065375 39.9775455111 52
cycle:  54 max_shift: 0.008068 LBFGS-B: function start/end, n_calls: 39.9775455111 39.9612189204 51
cycle:  55 max_shift: 0.013846 LBFGS-B: function start/end, n_calls: 39.9612189204 39.9522281253 51
cycle:  56 max_shift: 0.005893 LBFGS-B: function start/end, n_calls: 39.9522281253 39.9442250804 51
cycle:  57 max_shift: 0.022697 LBFGS-B: function start/end, n_calls: 39.9442250804 39.9301030696 52
cycle:  58 max_shift: 0.005672 LBFGS-B: function start/end, n_calls: 39.9301030696 39.9179515171 52
cycle:  59 max_shift: 0.022239 LBFGS-B: function start/end, n_calls: 39.9179515171 39.9048574005 52
cycle:  60 max_shift: 0.005116 LBFGS-B: function start/end, n_calls: 39.9048574005 39.8933610059 51
cycle:  61 max_shift: 0.057786 LBFGS-B: function start/end, n_calls: 39.8933610059 39.8713459827 52
cycle:  62 max_shift: 0.008085 LBFGS-B: function start/end, n_calls: 39.8713459827 39.8383221419 51
cycle:  63 max_shift: 0.029366 LBFGS-B: function start/end, n_calls: 39.8383221419 39.8279226613 51
cycle:  64 max_shift: 0.004837 LBFGS-B: function start/end, n_calls: 39.8279226613 39.8171626255 52
cycle:  65 max_shift: 0.010504 LBFGS-B: function start/end, n_calls: 39.8171626255 39.8113122292 51
cycle:  66 max_shift: 0.003186 LBFGS-B: function start/end, n_calls: 39.8113122292 39.8062139865 51
cycle:  67 max_shift: 0.010467 LBFGS-B: function start/end, n_calls: 39.8062139865 39.8015338314 52
cycle:  68 max_shift: 0.003239 LBFGS-B: function start/end, n_calls: 39.8015338314 39.7976770602 52
cycle:  69 max_shift: 0.005921 LBFGS-B: function start/end, n_calls: 39.7976770602 39.7939466228 51
cycle:  70 max_shift: 0.005563 LBFGS-B: function start/end, n_calls: 39.7939466228 39.7899607647 51
cycle:  71 max_shift: 0.002912 LBFGS-B: function start/end, n_calls: 39.7899607647 39.7870288364 52
cycle:  72 max_shift: 0.006292 LBFGS-B: function start/end, n_calls: 39.7870288364 39.7838118722 52
cycle:  73 max_shift: 0.002654 LBFGS-B: function start/end, n_calls: 39.7838118722 39.780911848 52
cycle:  74 max_shift: 0.010002 LBFGS-B: function start/end, n_calls: 39.780911848 39.7766487583 52
cycle:  75 max_shift: 0.003220 LBFGS-B: function start/end, n_calls: 39.7766487583 39.7725978226 52
cycle:  76 max_shift: 0.011874 LBFGS-B: function start/end, n_calls: 39.7725978226 39.7682186499 52
cycle:  77 max_shift: 0.002640 LBFGS-B: function start/end, n_calls: 39.7682186499 39.7636789605 52
cycle:  78 max_shift: 0.042876 LBFGS-B: function start/end, n_calls: 39.7636789605 39.752330984 52
cycle:  79 max_shift: 0.004903 LBFGS-B: function start/end, n_calls: 39.752330984 39.736463807 52
cycle:  80 max_shift: 0.023376 LBFGS-B: function start/end, n_calls: 39.736463807 39.7293484734 52
cycle:  81 max_shift: 0.004265 LBFGS-B: function start/end, n_calls: 39.7293484734 39.7227300656 52
cycle:  82 max_shift: 0.009729 LBFGS-B: function start/end, n_calls: 39.7227300656 39.7189825219 52
cycle:  83 max_shift: 0.003018 LBFGS-B: function start/end, n_calls: 39.7189825219 39.7159030325 52
cycle:  84 max_shift: 0.003429 LBFGS-B: function start/end, n_calls: 39.7159030325 39.7144213414 52
cycle:  85 max_shift: 0.002493 LBFGS-B: function start/end, n_calls: 39.7144213414 39.7128395636 52
cycle:  86 max_shift: 0.003515 LBFGS-B: function start/end, n_calls: 39.7128395636 39.7111137334 52
cycle:  87 max_shift: 0.002417 LBFGS-B: function start/end, n_calls: 39.7111137334 39.7096046064 52
cycle:  88 max_shift: 0.002330 LBFGS-B: function start/end, n_calls: 39.7096046064 39.7083020853 51
cycle:  89 max_shift: 0.004104 LBFGS-B: function start/end, n_calls: 39.7083020853 39.7066597188 52
cycle:  90 max_shift: 0.002056 LBFGS-B: function start/end, n_calls: 39.7066597188 39.7050769433 51
cycle:  91 max_shift: 0.003296 LBFGS-B: function start/end, n_calls: 39.7050769433 39.7035257621 52
cycle:  92 max_shift: 0.001910 LBFGS-B: function start/end, n_calls: 39.7035257621 39.7022352658 51
cycle:  93 max_shift: 0.004130 LBFGS-B: function start/end, n_calls: 39.7022352658 39.7005665419 52
cycle:  94 max_shift: 0.010465 LBFGS-B: function start/end, n_calls: 39.7005665419 39.6970318088 51
cycle:  95 max_shift: 0.002277 LBFGS-B: function start/end, n_calls: 39.6970318088 39.6939334631 52
cycle:  96 max_shift: 0.010804 LBFGS-B: function start/end, n_calls: 39.6939334631 39.6906692769 52
cycle:  97 max_shift: 0.002199 LBFGS-B: function start/end, n_calls: 39.6906692769 39.6878945026 52
cycle:  98 max_shift: 0.007027 LBFGS-B: function start/end, n_calls: 39.6878945026 39.685945301 51
cycle:  99 max_shift: 0.002664 LBFGS-B: function start/end, n_calls: 39.685945301 39.6836774713 51
final: bond:  0.000 angle:   0.24 clash:   0.0 rota:  0.00 rama: f: 100.00 o:   0.00 Z:  -2.49 cb:   0.00
See 4_refined.pdb in pdb folder.
Time: 5.1660
