Starting Q|R
version:   v1.0-208-g2886d5-dirty  
Running refinement
   input {
     xray_data {
       file_name = None
       labels = None
       high_resolution = None
       low_resolution = None
       outliers_rejection = True
       french_wilson_scale = True
       french_wilson {
         max_bins = 60
         min_bin_size = 40
       }
       sigma_fobs_rejection_criterion = None
       sigma_iobs_rejection_criterion = None
       ignore_all_zeros = True
       force_anomalous_flag_to_be_equal_to = None
       convert_to_non_anomalous_if_ratio_pairs_lone_less_than_threshold = 0.5
       r_free_flags {
         file_name = None
         label = None
         test_flag_value = None
         ignore_r_free_flags = False
         disable_suitability_test = False
         ignore_pdb_hexdigest = False
         generate = False
         fraction = 0.1
         max_free = 2000
         lattice_symmetry_max_delta = 5
         use_lattice_symmetry = True
         use_dataman_shells = False
         n_shells = 20
       }
     }
     pdb {
       file_name = None
     }
     monomers {
       file_name = None
     }
     maps {
       map_file_name = None
       d_min = None
       map_coefficients_file_name = None
       map_coefficients_label = None
     }
     sequence = None
     scattering_table = wk1995 it1992 *n_gaussian neutron electron
     wavelength = None
     energy = None
     twin_law = Auto
   }
   max_atoms = 15000
   debug = False
   cluster {
     fast_interaction = True
     charge_cutoff = 8.0
     clustering = false
     charge_embedding = False
     two_buffers = False
     maxnum_residues_in_cluster = 15
     select_within_radius = 10
     clustering_method = gnc *bcc
     altloc_method = average *subtract
     g_scan = 10 15 20
     g_mode = None
     save_clusters = True
     bond_with_altloc = True
     re_calculate_rmsd_tolerance = 0.5
   }
   restraints = *cctbx qm
   expansion = False
   quantum {
     engine_name = *mopac ani torchani terachem turbomole pyscf orca gaussian \
                   xtb
     basis = Auto
     charge = None
     method = Auto
     memory = None
     nproc = None
     qm_addon = gcp dftd3 gcp-d3
     qm_addon_method = None
   }
   refine {
     dry_run = False
     sf_algorithm = *direct fft
     refinement_target_name = *ml ls_wunit_k1
     mode = *opt refine gtest
     number_of_macro_cycles = 1
     number_of_weight_search_cycles = 50
     number_of_refine_cycles = 5
     number_of_micro_cycles = 100
     data_weight = None
     choose_best_use_r_work = False
     skip_weight_search = False
     adjust_restraints_weight_scale_value = 2
     max_iterations_weight = 50
     max_iterations_refine = 50
     use_ase_lbfgs = False
     line_search = True
     stpmax = 0.2
     gradient_only = False
     update_all_scales = True
     refine_sites = True
     refine_adp = False
     restraints_weight_scale = 1.0
     shake_sites = False
     use_convergence_test = True
     max_bond_rmsd = 0.03
     max_r_work_r_free_gap = 5.0
     r_tolerance = 0.001
     rmsd_tolerance = 0.01
     opt_log = False
     pre_opt = False
     pre_opt_stpmax = 0.1
     pre_opt_iter = 10
     pre_opt_switch = 2
     pre_opt_gconv = 3000
     minimizer = lbfgs *lbfgsb
   }
   parallel {
     method = *multiprocessing slurm pbs sge lsf threading
     nproc = None
     qsub_command = None
   }
   output_file_name_prefix = None
   output_folder_name = "pdb"
   rst_file = None
   dump_gradients = None

Setting QM defaults
  Setting QM method to PM7


***********************************************************
restart info will be stored in /home/yanting/work/aniserver_1_qr/ani_qr_test/cctbx_lbfgs/qr-ani-test/qr-cctbx/lbfgs_b/0.9/pdb/8.rst.pickle
***********************************************************

start: bond:  0.014 angle:   1.39 clash:   0.0 rota:  0.00 rama: f: 100.00 o:   0.00 Z:  -4.56 cb:   0.00
cycle:   0 max_shift: 0.206542 LBFGS-B: function start/end, n_calls: 310.339613451 50.7309615274 52
cycle:   1 max_shift: 0.189755 LBFGS-B: function start/end, n_calls: 50.7309615274 45.1271441958 51
cycle:   2 max_shift: 0.059478 LBFGS-B: function start/end, n_calls: 45.1271441958 43.5399485787 51
cycle:   3 max_shift: 0.066453 LBFGS-B: function start/end, n_calls: 43.5399485787 42.7244582666 52
cycle:   4 max_shift: 0.042180 LBFGS-B: function start/end, n_calls: 42.7244582666 42.2548188236 52
cycle:   5 max_shift: 0.047709 LBFGS-B: function start/end, n_calls: 42.2548188236 41.9418916026 52
cycle:   6 max_shift: 0.033793 LBFGS-B: function start/end, n_calls: 41.9418916026 41.6762034386 52
cycle:   7 max_shift: 0.041429 LBFGS-B: function start/end, n_calls: 41.6762034386 41.499964041 52
cycle:   8 max_shift: 0.028239 LBFGS-B: function start/end, n_calls: 41.499964041 41.3291019518 52
cycle:   9 max_shift: 0.025442 LBFGS-B: function start/end, n_calls: 41.3291019518 41.2174396844 51
cycle:  10 max_shift: 0.025383 LBFGS-B: function start/end, n_calls: 41.2174396844 41.1143233483 51
cycle:  11 max_shift: 0.018486 LBFGS-B: function start/end, n_calls: 41.1143233483 41.026344847 51
cycle:  12 max_shift: 0.029134 LBFGS-B: function start/end, n_calls: 41.026344847 40.9332178965 52
cycle:  13 max_shift: 0.016129 LBFGS-B: function start/end, n_calls: 40.9332178965 40.8466951656 51
cycle:  14 max_shift: 0.023626 LBFGS-B: function start/end, n_calls: 40.8466951656 40.7776932044 52
cycle:  15 max_shift: 0.013590 LBFGS-B: function start/end, n_calls: 40.7776932044 40.712301438 52
cycle:  16 max_shift: 0.017167 LBFGS-B: function start/end, n_calls: 40.712301438 40.65229877 51
cycle:  17 max_shift: 0.015097 LBFGS-B: function start/end, n_calls: 40.65229877 40.5987379815 51
cycle:  18 max_shift: 0.020763 LBFGS-B: function start/end, n_calls: 40.5987379815 40.5387019698 52
cycle:  19 max_shift: 0.010648 LBFGS-B: function start/end, n_calls: 40.5387019698 40.4850122223 52
cycle:  20 max_shift: 0.016799 LBFGS-B: function start/end, n_calls: 40.4850122223 40.4404724939 52
cycle:  21 max_shift: 0.008603 LBFGS-B: function start/end, n_calls: 40.4404724939 40.4025850611 52
cycle:  22 max_shift: 0.013125 LBFGS-B: function start/end, n_calls: 40.4025850611 40.3747073326 51
cycle:  23 max_shift: 0.008624 LBFGS-B: function start/end, n_calls: 40.3747073326 40.3457751729 51
cycle:  24 max_shift: 0.012908 LBFGS-B: function start/end, n_calls: 40.3457751729 40.319055417 52
cycle:  25 max_shift: 0.007737 LBFGS-B: function start/end, n_calls: 40.319055417 40.2946331066 52
cycle:  26 max_shift: 0.010118 LBFGS-B: function start/end, n_calls: 40.2946331066 40.2740929917 51
cycle:  27 max_shift: 0.010363 LBFGS-B: function start/end, n_calls: 40.2740929917 40.2529765175 52
cycle:  28 max_shift: 0.008147 LBFGS-B: function start/end, n_calls: 40.2529765175 40.2324916457 52
cycle:  29 max_shift: 0.011915 LBFGS-B: function start/end, n_calls: 40.2324916457 40.2096354113 51
cycle:  30 max_shift: 0.007872 LBFGS-B: function start/end, n_calls: 40.2096354113 40.1940126635 51
cycle:  31 max_shift: 0.015822 LBFGS-B: function start/end, n_calls: 40.1940126635 40.17181276 52
cycle:  32 max_shift: 0.007100 LBFGS-B: function start/end, n_calls: 40.17181276 40.1530389513 52
cycle:  33 max_shift: 0.015758 LBFGS-B: function start/end, n_calls: 40.1530389513 40.1368421773 51
cycle:  34 max_shift: 0.007713 LBFGS-B: function start/end, n_calls: 40.1368421773 40.1190001968 52
cycle:  35 max_shift: 0.013105 LBFGS-B: function start/end, n_calls: 40.1190001968 40.1051184645 52
cycle:  36 max_shift: 0.006396 LBFGS-B: function start/end, n_calls: 40.1051184645 40.0924936783 52
cycle:  37 max_shift: 0.012590 LBFGS-B: function start/end, n_calls: 40.0924936783 40.0811217167 51
cycle:  38 max_shift: 0.005048 LBFGS-B: function start/end, n_calls: 40.0811217167 40.0688435993 51
cycle:  39 max_shift: 0.008408 LBFGS-B: function start/end, n_calls: 40.0688435993 40.0592723343 51
cycle:  40 max_shift: 0.007276 LBFGS-B: function start/end, n_calls: 40.0592723343 40.051287475 52
cycle:  41 max_shift: 0.004377 LBFGS-B: function start/end, n_calls: 40.051287475 40.0442760301 51
cycle:  42 max_shift: 0.005076 LBFGS-B: function start/end, n_calls: 40.0442760301 40.038718289 52
cycle:  43 max_shift: 0.004461 LBFGS-B: function start/end, n_calls: 40.038718289 40.0328624381 52
cycle:  44 max_shift: 0.005541 LBFGS-B: function start/end, n_calls: 40.0328624381 40.026914986 52
cycle:  45 max_shift: 0.003341 LBFGS-B: function start/end, n_calls: 40.026914986 40.0221272344 51
cycle:  46 max_shift: 0.005040 LBFGS-B: function start/end, n_calls: 40.0221272344 40.017703632 51
cycle:  47 max_shift: 0.003019 LBFGS-B: function start/end, n_calls: 40.017703632 40.0133015679 52
cycle:  48 max_shift: 0.005082 LBFGS-B: function start/end, n_calls: 40.0133015679 40.009244362 52
cycle:  49 max_shift: 0.006763 LBFGS-B: function start/end, n_calls: 40.009244362 40.0026586057 51
cycle:  50 max_shift: 0.003645 LBFGS-B: function start/end, n_calls: 40.0026586057 39.9969455233 52
cycle:  51 max_shift: 0.013807 LBFGS-B: function start/end, n_calls: 39.9969455233 39.9873371884 52
cycle:  52 max_shift: 0.004682 LBFGS-B: function start/end, n_calls: 39.9873371884 39.9790151533 51
cycle:  53 max_shift: 0.010494 LBFGS-B: function start/end, n_calls: 39.9790151533 39.971939936 52
cycle:  54 max_shift: 0.002959 LBFGS-B: function start/end, n_calls: 39.971939936 39.9667095198 52
cycle:  55 max_shift: 0.008928 LBFGS-B: function start/end, n_calls: 39.9667095198 39.9597055912 52
cycle:  56 max_shift: 0.003565 LBFGS-B: function start/end, n_calls: 39.9597055912 39.955956225 52
cycle:  57 max_shift: 0.002962 LBFGS-B: function start/end, n_calls: 39.955956225 39.9530504635 52
cycle:  58 max_shift: 0.003714 LBFGS-B: function start/end, n_calls: 39.9530504635 39.9505988227 52
cycle:  59 max_shift: 0.002122 LBFGS-B: function start/end, n_calls: 39.9505988227 39.9485505451 51
cycle:  60 max_shift: 0.004925 LBFGS-B: function start/end, n_calls: 39.9485505451 39.9459873517 52
cycle:  61 max_shift: 0.002133 LBFGS-B: function start/end, n_calls: 39.9459873517 39.9431137648 52
cycle:  62 max_shift: 0.004585 LBFGS-B: function start/end, n_calls: 39.9431137648 39.9407938932 52
cycle:  63 max_shift: 0.001982 LBFGS-B: function start/end, n_calls: 39.9407938932 39.9384663969 51
cycle:  64 max_shift: 0.005575 LBFGS-B: function start/end, n_calls: 39.9384663969 39.9357860384 51
cycle:  65 max_shift: 0.002023 LBFGS-B: function start/end, n_calls: 39.9357860384 39.9332843127 51
cycle:  66 max_shift: 0.005452 LBFGS-B: function start/end, n_calls: 39.9332843127 39.9310220562 52
cycle:  67 max_shift: 0.002515 LBFGS-B: function start/end, n_calls: 39.9310220562 39.9281760914 52
cycle:  68 max_shift: 0.004927 LBFGS-B: function start/end, n_calls: 39.9281760914 39.9258021195 52
cycle:  69 max_shift: 0.002206 LBFGS-B: function start/end, n_calls: 39.9258021195 39.9235881259 52
cycle:  70 max_shift: 0.003733 LBFGS-B: function start/end, n_calls: 39.9235881259 39.9219356094 52
cycle:  71 max_shift: 0.002098 LBFGS-B: function start/end, n_calls: 39.9219356094 39.9201730774 52
cycle:  72 max_shift: 0.002574 LBFGS-B: function start/end, n_calls: 39.9201730774 39.9188815619 51
cycle:  73 max_shift: 0.002578 LBFGS-B: function start/end, n_calls: 39.9188815619 39.9173446745 52
cycle:  74 max_shift: 0.002994 LBFGS-B: function start/end, n_calls: 39.9173446745 39.9156996586 52
cycle:  75 max_shift: 0.002085 LBFGS-B: function start/end, n_calls: 39.9156996586 39.9141849033 52
cycle:  76 max_shift: 0.002879 LBFGS-B: function start/end, n_calls: 39.9141849033 39.9128169622 52
cycle:  77 max_shift: 0.001979 LBFGS-B: function start/end, n_calls: 39.9128169622 39.9114488802 51
cycle:  78 max_shift: 0.003816 LBFGS-B: function start/end, n_calls: 39.9114488802 39.9098752065 51
cycle:  79 max_shift: 0.001769 LBFGS-B: function start/end, n_calls: 39.9098752065 39.9081897137 52
cycle:  80 max_shift: 0.003271 LBFGS-B: function start/end, n_calls: 39.9081897137 39.9067470938 51
cycle:  81 max_shift: 0.001852 LBFGS-B: function start/end, n_calls: 39.9067470938 39.9052547611 52
cycle:  82 max_shift: 0.003329 LBFGS-B: function start/end, n_calls: 39.9052547611 39.9037593523 52
cycle:  83 max_shift: 0.001915 LBFGS-B: function start/end, n_calls: 39.9037593523 39.9024213828 51
cycle:  84 max_shift: 0.004552 LBFGS-B: function start/end, n_calls: 39.9024213828 39.9007346508 51
cycle:  85 max_shift: 0.001738 LBFGS-B: function start/end, n_calls: 39.9007346508 39.8990078215 51
cycle:  86 max_shift: 0.004256 LBFGS-B: function start/end, n_calls: 39.8990078215 39.8974507155 51
cycle:  87 max_shift: 0.001733 LBFGS-B: function start/end, n_calls: 39.8974507155 39.89589075 52
cycle:  88 max_shift: 0.006372 LBFGS-B: function start/end, n_calls: 39.89589075 39.8941021842 52
cycle:  89 max_shift: 0.001736 LBFGS-B: function start/end, n_calls: 39.8941021842 39.8918594534 51
cycle:  90 max_shift: 0.008008 LBFGS-B: function start/end, n_calls: 39.8918594534 39.8892974632 52
cycle:  91 max_shift: 0.001766 LBFGS-B: function start/end, n_calls: 39.8892974632 39.8871205794 51
cycle:  92 max_shift: 0.006259 LBFGS-B: function start/end, n_calls: 39.8871205794 39.8853240704 52
cycle:  93 max_shift: 0.001697 LBFGS-B: function start/end, n_calls: 39.8853240704 39.8833935213 52
cycle:  94 max_shift: 0.011209 LBFGS-B: function start/end, n_calls: 39.8833935213 39.8803135848 52
cycle:  95 max_shift: 0.001971 LBFGS-B: function start/end, n_calls: 39.8803135848 39.8773354112 51
cycle:  96 max_shift: 0.007446 LBFGS-B: function start/end, n_calls: 39.8773354112 39.8755579758 51
cycle:  97 max_shift: 0.002014 LBFGS-B: function start/end, n_calls: 39.8755579758 39.8733071749 51
cycle:  98 max_shift: 0.004951 LBFGS-B: function start/end, n_calls: 39.8733071749 39.8717966756 51
cycle:  99 max_shift: 0.001551 LBFGS-B: function start/end, n_calls: 39.8717966756 39.8705151372 51
final: bond:  0.000 angle:   0.25 clash:   0.0 rota:  0.00 rama: f: 100.00 o:   0.00 Z:  -3.03 cb:   0.00
See 8_refined.pdb in pdb folder.
Time: 4.9899
