Starting Q|R
version:   v1.0-208-g2886d5-dirty  
Running refinement
   input {
     xray_data {
       file_name = None
       labels = None
       high_resolution = None
       low_resolution = None
       outliers_rejection = True
       french_wilson_scale = True
       french_wilson {
         max_bins = 60
         min_bin_size = 40
       }
       sigma_fobs_rejection_criterion = None
       sigma_iobs_rejection_criterion = None
       ignore_all_zeros = True
       force_anomalous_flag_to_be_equal_to = None
       convert_to_non_anomalous_if_ratio_pairs_lone_less_than_threshold = 0.5
       r_free_flags {
         file_name = None
         label = None
         test_flag_value = None
         ignore_r_free_flags = False
         disable_suitability_test = False
         ignore_pdb_hexdigest = False
         generate = False
         fraction = 0.1
         max_free = 2000
         lattice_symmetry_max_delta = 5
         use_lattice_symmetry = True
         use_dataman_shells = False
         n_shells = 20
       }
     }
     pdb {
       file_name = None
     }
     monomers {
       file_name = None
     }
     maps {
       map_file_name = None
       d_min = None
       map_coefficients_file_name = None
       map_coefficients_label = None
     }
     sequence = None
     scattering_table = wk1995 it1992 *n_gaussian neutron electron
     wavelength = None
     energy = None
     twin_law = Auto
   }
   max_atoms = 15000
   debug = False
   cluster {
     fast_interaction = True
     charge_cutoff = 8.0
     clustering = false
     charge_embedding = False
     two_buffers = False
     maxnum_residues_in_cluster = 15
     select_within_radius = 10
     clustering_method = gnc *bcc
     altloc_method = average *subtract
     g_scan = 10 15 20
     g_mode = None
     save_clusters = True
     bond_with_altloc = True
     re_calculate_rmsd_tolerance = 0.5
   }
   restraints = *cctbx qm
   expansion = False
   quantum {
     engine_name = *mopac ani torchani terachem turbomole pyscf orca gaussian \
                   xtb
     basis = Auto
     charge = None
     method = Auto
     memory = None
     nproc = None
     qm_addon = gcp dftd3 gcp-d3
     qm_addon_method = None
   }
   refine {
     dry_run = False
     sf_algorithm = *direct fft
     refinement_target_name = *ml ls_wunit_k1
     mode = *opt refine gtest
     number_of_macro_cycles = 1
     number_of_weight_search_cycles = 50
     number_of_refine_cycles = 5
     number_of_micro_cycles = 100
     data_weight = None
     choose_best_use_r_work = False
     skip_weight_search = False
     adjust_restraints_weight_scale_value = 2
     max_iterations_weight = 50
     max_iterations_refine = 50
     use_ase_lbfgs = False
     line_search = True
     stpmax = 0.2
     gradient_only = False
     update_all_scales = True
     refine_sites = True
     refine_adp = False
     restraints_weight_scale = 1.0
     shake_sites = False
     use_convergence_test = True
     max_bond_rmsd = 0.03
     max_r_work_r_free_gap = 5.0
     r_tolerance = 0.001
     rmsd_tolerance = 0.01
     opt_log = False
     pre_opt = False
     pre_opt_stpmax = 0.1
     pre_opt_iter = 10
     pre_opt_switch = 2
     pre_opt_gconv = 3000
     minimizer = lbfgs *lbfgsb
   }
   parallel {
     method = *multiprocessing slurm pbs sge lsf threading
     nproc = None
     qsub_command = None
   }
   output_file_name_prefix = None
   output_folder_name = "pdb"
   rst_file = None
   dump_gradients = None

Setting QM defaults
  Setting QM method to PM7


***********************************************************
restart info will be stored in /home/yanting/work/aniserver_1_qr/ani_qr_test/cctbx_lbfgs/qr-ani-test/qr-cctbx/lbfgs_b/0.9/pdb/9.rst.pickle
***********************************************************

start: bond:  0.013 angle:   1.69 clash:   0.0 rota:  0.00 rama: f: 100.00 o:   0.00 Z:  -4.17 cb:   0.00
cycle:   0 max_shift: 0.162768 LBFGS-B: function start/end, n_calls: 269.591285887 50.2314066385 52
cycle:   1 max_shift: 0.128999 LBFGS-B: function start/end, n_calls: 50.2314066385 46.772839275 52
cycle:   2 max_shift: 0.053644 LBFGS-B: function start/end, n_calls: 46.772839275 45.4171462077 51
cycle:   3 max_shift: 0.060002 LBFGS-B: function start/end, n_calls: 45.4171462077 44.7665165974 51
cycle:   4 max_shift: 0.070968 LBFGS-B: function start/end, n_calls: 44.7665165974 44.3203407234 52
cycle:   5 max_shift: 0.054339 LBFGS-B: function start/end, n_calls: 44.3203407234 43.9347985836 52
cycle:   6 max_shift: 0.059747 LBFGS-B: function start/end, n_calls: 43.9347985836 43.6443517373 52
cycle:   7 max_shift: 0.067463 LBFGS-B: function start/end, n_calls: 43.6443517373 43.3357136056 52
cycle:   8 max_shift: 0.070978 LBFGS-B: function start/end, n_calls: 43.3357136056 43.0283159775 52
cycle:   9 max_shift: 0.048583 LBFGS-B: function start/end, n_calls: 43.0283159775 42.7674017277 52
cycle:  10 max_shift: 0.093125 LBFGS-B: function start/end, n_calls: 42.7674017277 42.503385999 52
cycle:  11 max_shift: 0.033722 LBFGS-B: function start/end, n_calls: 42.503385999 42.2176044297 51
cycle:  12 max_shift: 0.129822 LBFGS-B: function start/end, n_calls: 42.2176044297 41.8968798275 52
cycle:  13 max_shift: 0.021355 LBFGS-B: function start/end, n_calls: 41.8968798275 41.6643206527 52
cycle:  14 max_shift: 0.091826 LBFGS-B: function start/end, n_calls: 41.6643206527 41.5061339267 52
cycle:  15 max_shift: 0.015896 LBFGS-B: function start/end, n_calls: 41.5061339267 41.3734166791 52
cycle:  16 max_shift: 0.057007 LBFGS-B: function start/end, n_calls: 41.3734166791 41.2933792925 52
cycle:  17 max_shift: 0.013263 LBFGS-B: function start/end, n_calls: 41.2933792925 41.2155229116 51
cycle:  18 max_shift: 0.039792 LBFGS-B: function start/end, n_calls: 41.2155229116 41.1465742077 52
cycle:  19 max_shift: 0.011009 LBFGS-B: function start/end, n_calls: 41.1465742077 41.0841463793 52
cycle:  20 max_shift: 0.029458 LBFGS-B: function start/end, n_calls: 41.0841463793 41.0392587362 52
cycle:  21 max_shift: 0.013189 LBFGS-B: function start/end, n_calls: 41.0392587362 40.9962744653 51
cycle:  22 max_shift: 0.018468 LBFGS-B: function start/end, n_calls: 40.9962744653 40.9634652262 52
cycle:  23 max_shift: 0.011646 LBFGS-B: function start/end, n_calls: 40.9634652262 40.931050349 52
cycle:  24 max_shift: 0.017963 LBFGS-B: function start/end, n_calls: 40.931050349 40.9000447305 52
cycle:  25 max_shift: 0.012437 LBFGS-B: function start/end, n_calls: 40.9000447305 40.8690746172 52
cycle:  26 max_shift: 0.011223 LBFGS-B: function start/end, n_calls: 40.8690746172 40.8478596381 52
cycle:  27 max_shift: 0.015812 LBFGS-B: function start/end, n_calls: 40.8478596381 40.8191785695 52
cycle:  28 max_shift: 0.007061 LBFGS-B: function start/end, n_calls: 40.8191785695 40.7962592708 51
cycle:  29 max_shift: 0.017967 LBFGS-B: function start/end, n_calls: 40.7962592708 40.7707272978 52
cycle:  30 max_shift: 0.006668 LBFGS-B: function start/end, n_calls: 40.7707272978 40.7443079932 51
cycle:  31 max_shift: 0.018095 LBFGS-B: function start/end, n_calls: 40.7443079932 40.7181015788 52
cycle:  32 max_shift: 0.006345 LBFGS-B: function start/end, n_calls: 40.7181015788 40.6925301862 51
cycle:  33 max_shift: 0.070307 LBFGS-B: function start/end, n_calls: 40.6925301862 40.6277401815 52
cycle:  34 max_shift: 0.010001 LBFGS-B: function start/end, n_calls: 40.6277401815 40.5340442616 52
cycle:  35 max_shift: 0.026224 LBFGS-B: function start/end, n_calls: 40.5340442616 40.5030211797 51
cycle:  36 max_shift: 0.007432 LBFGS-B: function start/end, n_calls: 40.5030211797 40.476789479 52
cycle:  37 max_shift: 0.019305 LBFGS-B: function start/end, n_calls: 40.476789479 40.4574281101 52
cycle:  38 max_shift: 0.006038 LBFGS-B: function start/end, n_calls: 40.4574281101 40.4364465488 52
cycle:  39 max_shift: 0.022914 LBFGS-B: function start/end, n_calls: 40.4364465488 40.4145881367 52
cycle:  40 max_shift: 0.005547 LBFGS-B: function start/end, n_calls: 40.4145881367 40.3915821333 51
cycle:  41 max_shift: 0.035788 LBFGS-B: function start/end, n_calls: 40.3915821333 40.3587251504 52
cycle:  42 max_shift: 0.005795 LBFGS-B: function start/end, n_calls: 40.3587251504 40.3295872228 52
cycle:  43 max_shift: 0.019779 LBFGS-B: function start/end, n_calls: 40.3295872228 40.3126550133 52
cycle:  44 max_shift: 0.006227 LBFGS-B: function start/end, n_calls: 40.3126550133 40.2936018517 52
cycle:  45 max_shift: 0.022295 LBFGS-B: function start/end, n_calls: 40.2936018517 40.2738105193 52
cycle:  46 max_shift: 0.006199 LBFGS-B: function start/end, n_calls: 40.2738105193 40.2551163783 52
cycle:  47 max_shift: 0.027361 LBFGS-B: function start/end, n_calls: 40.2551163783 40.2315807948 52
cycle:  48 max_shift: 0.005797 LBFGS-B: function start/end, n_calls: 40.2315807948 40.2099627986 52
cycle:  49 max_shift: 0.068416 LBFGS-B: function start/end, n_calls: 40.2099627986 40.1617293305 52
cycle:  50 max_shift: 0.007270 LBFGS-B: function start/end, n_calls: 40.1617293305 40.1146821979 52
cycle:  51 max_shift: 0.027281 LBFGS-B: function start/end, n_calls: 40.1146821979 40.0901848224 52
cycle:  52 max_shift: 0.005065 LBFGS-B: function start/end, n_calls: 40.0901848224 40.0735165283 51
cycle:  53 max_shift: 0.015641 LBFGS-B: function start/end, n_calls: 40.0735165283 40.0605893943 52
cycle:  54 max_shift: 0.004962 LBFGS-B: function start/end, n_calls: 40.0605893943 40.0483009365 51
cycle:  55 max_shift: 0.013450 LBFGS-B: function start/end, n_calls: 40.0483009365 40.0359456259 52
cycle:  56 max_shift: 0.005304 LBFGS-B: function start/end, n_calls: 40.0359456259 40.0256419605 51
cycle:  57 max_shift: 0.012825 LBFGS-B: function start/end, n_calls: 40.0256419605 40.0136859319 52
cycle:  58 max_shift: 0.005114 LBFGS-B: function start/end, n_calls: 40.0136859319 40.0038325417 51
cycle:  59 max_shift: 0.010887 LBFGS-B: function start/end, n_calls: 40.0038325417 39.9933420999 52
cycle:  60 max_shift: 0.006129 LBFGS-B: function start/end, n_calls: 39.9933420999 39.9841944267 51
cycle:  61 max_shift: 0.006442 LBFGS-B: function start/end, n_calls: 39.9841944267 39.9763744119 51
cycle:  62 max_shift: 0.013198 LBFGS-B: function start/end, n_calls: 39.9763744119 39.9649492994 52
cycle:  63 max_shift: 0.004896 LBFGS-B: function start/end, n_calls: 39.9649492994 39.9549000638 52
cycle:  64 max_shift: 0.009284 LBFGS-B: function start/end, n_calls: 39.9549000638 39.9466341713 52
cycle:  65 max_shift: 0.007345 LBFGS-B: function start/end, n_calls: 39.9466341713 39.9381086073 52
cycle:  66 max_shift: 0.005125 LBFGS-B: function start/end, n_calls: 39.9381086073 39.9308118415 52
cycle:  67 max_shift: 0.010259 LBFGS-B: function start/end, n_calls: 39.9308118415 39.9221561037 52
cycle:  68 max_shift: 0.004751 LBFGS-B: function start/end, n_calls: 39.9221561037 39.9142628975 51
cycle:  69 max_shift: 0.013910 LBFGS-B: function start/end, n_calls: 39.9142628975 39.9032884931 52
cycle:  70 max_shift: 0.003989 LBFGS-B: function start/end, n_calls: 39.9032884931 39.8946931792 52
cycle:  71 max_shift: 0.014530 LBFGS-B: function start/end, n_calls: 39.8946931792 39.8856607608 52
cycle:  72 max_shift: 0.003795 LBFGS-B: function start/end, n_calls: 39.8856607608 39.8761961719 51
cycle:  73 max_shift: 0.011865 LBFGS-B: function start/end, n_calls: 39.8761961719 39.8686857717 51
cycle:  74 max_shift: 0.003737 LBFGS-B: function start/end, n_calls: 39.8686857717 39.8606149599 51
cycle:  75 max_shift: 0.016170 LBFGS-B: function start/end, n_calls: 39.8606149599 39.8500063785 52
cycle:  76 max_shift: 0.004698 LBFGS-B: function start/end, n_calls: 39.8500063785 39.8411517718 51
cycle:  77 max_shift: 0.007292 LBFGS-B: function start/end, n_calls: 39.8411517718 39.8350572922 52
cycle:  78 max_shift: 0.003829 LBFGS-B: function start/end, n_calls: 39.8350572922 39.8300738931 51
cycle:  79 max_shift: 0.015037 LBFGS-B: function start/end, n_calls: 39.8300738931 39.8218829826 51
cycle:  80 max_shift: 0.003659 LBFGS-B: function start/end, n_calls: 39.8218829826 39.8127400298 52
cycle:  81 max_shift: 0.010577 LBFGS-B: function start/end, n_calls: 39.8127400298 39.8066588555 51
cycle:  82 max_shift: 0.003407 LBFGS-B: function start/end, n_calls: 39.8066588555 39.8004633644 52
cycle:  83 max_shift: 0.008024 LBFGS-B: function start/end, n_calls: 39.8004633644 39.7956004369 51
cycle:  84 max_shift: 0.003268 LBFGS-B: function start/end, n_calls: 39.7956004369 39.7911021607 51
cycle:  85 max_shift: 0.009456 LBFGS-B: function start/end, n_calls: 39.7911021607 39.785963587 52
cycle:  86 max_shift: 0.002526 LBFGS-B: function start/end, n_calls: 39.785963587 39.7810557547 51
cycle:  87 max_shift: 0.019663 LBFGS-B: function start/end, n_calls: 39.7810557547 39.7715743951 52
cycle:  88 max_shift: 0.004000 LBFGS-B: function start/end, n_calls: 39.7715743951 39.763795991 52
cycle:  89 max_shift: 0.006322 LBFGS-B: function start/end, n_calls: 39.763795991 39.7601244771 51
cycle:  90 max_shift: 0.003084 LBFGS-B: function start/end, n_calls: 39.7601244771 39.7565806 51
cycle:  91 max_shift: 0.004809 LBFGS-B: function start/end, n_calls: 39.7565806 39.7535133829 51
cycle:  92 max_shift: 0.002949 LBFGS-B: function start/end, n_calls: 39.7535133829 39.7506017142 51
cycle:  93 max_shift: 0.007439 LBFGS-B: function start/end, n_calls: 39.7506017142 39.7465290583 51
cycle:  94 max_shift: 0.002442 LBFGS-B: function start/end, n_calls: 39.7465290583 39.7431042394 51
cycle:  95 max_shift: 0.006936 LBFGS-B: function start/end, n_calls: 39.7431042394 39.738928072 51
cycle:  96 max_shift: 0.005556 LBFGS-B: function start/end, n_calls: 39.738928072 39.7353207171 51
cycle:  97 max_shift: 0.005165 LBFGS-B: function start/end, n_calls: 39.7353207171 39.7313691657 52
cycle:  98 max_shift: 0.003449 LBFGS-B: function start/end, n_calls: 39.7313691657 39.7285629317 51
cycle:  99 max_shift: 0.003767 LBFGS-B: function start/end, n_calls: 39.7285629317 39.7256431943 52
final: bond:  0.000 angle:   0.22 clash:   0.0 rota:  0.00 rama: f: 100.00 o:   0.00 Z:  -3.88 cb:   0.00
See 9_refined.pdb in pdb folder.
Time: 4.9931
