Starting Q|R
version:   v1.0-208-g2886d5-dirty  
Running refinement
   input {
     xray_data {
       file_name = None
       labels = None
       high_resolution = None
       low_resolution = None
       outliers_rejection = True
       french_wilson_scale = True
       french_wilson {
         max_bins = 60
         min_bin_size = 40
       }
       sigma_fobs_rejection_criterion = None
       sigma_iobs_rejection_criterion = None
       ignore_all_zeros = True
       force_anomalous_flag_to_be_equal_to = None
       convert_to_non_anomalous_if_ratio_pairs_lone_less_than_threshold = 0.5
       r_free_flags {
         file_name = None
         label = None
         test_flag_value = None
         ignore_r_free_flags = False
         disable_suitability_test = False
         ignore_pdb_hexdigest = False
         generate = False
         fraction = 0.1
         max_free = 2000
         lattice_symmetry_max_delta = 5
         use_lattice_symmetry = True
         use_dataman_shells = False
         n_shells = 20
       }
     }
     pdb {
       file_name = None
     }
     monomers {
       file_name = None
     }
     maps {
       map_file_name = None
       d_min = None
       map_coefficients_file_name = None
       map_coefficients_label = None
     }
     sequence = None
     scattering_table = wk1995 it1992 *n_gaussian neutron electron
     wavelength = None
     energy = None
     twin_law = Auto
   }
   max_atoms = 15000
   debug = False
   cluster {
     fast_interaction = True
     charge_cutoff = 8.0
     clustering = false
     charge_embedding = False
     two_buffers = False
     maxnum_residues_in_cluster = 15
     select_within_radius = 10
     clustering_method = gnc *bcc
     altloc_method = average *subtract
     g_scan = 10 15 20
     g_mode = None
     save_clusters = True
     bond_with_altloc = True
     re_calculate_rmsd_tolerance = 0.5
   }
   restraints = *cctbx qm
   expansion = False
   quantum {
     engine_name = *mopac ani torchani terachem turbomole pyscf orca gaussian \
                   xtb
     basis = Auto
     charge = None
     method = Auto
     memory = None
     nproc = None
     qm_addon = gcp dftd3 gcp-d3
     qm_addon_method = None
   }
   refine {
     dry_run = False
     sf_algorithm = *direct fft
     refinement_target_name = *ml ls_wunit_k1
     mode = *opt refine gtest
     number_of_macro_cycles = 1
     number_of_weight_search_cycles = 50
     number_of_refine_cycles = 5
     number_of_micro_cycles = 100
     data_weight = None
     choose_best_use_r_work = False
     skip_weight_search = False
     adjust_restraints_weight_scale_value = 2
     max_iterations_weight = 50
     max_iterations_refine = 50
     use_ase_lbfgs = False
     line_search = True
     stpmax = 0.2
     gradient_only = False
     update_all_scales = True
     refine_sites = True
     refine_adp = False
     restraints_weight_scale = 1.0
     shake_sites = False
     use_convergence_test = True
     max_bond_rmsd = 0.03
     max_r_work_r_free_gap = 5.0
     r_tolerance = 0.001
     rmsd_tolerance = 0.01
     opt_log = False
     pre_opt = False
     pre_opt_stpmax = 0.1
     pre_opt_iter = 10
     pre_opt_switch = 2
     pre_opt_gconv = 3000
     minimizer = lbfgs *lbfgsb
   }
   parallel {
     method = *multiprocessing slurm pbs sge lsf threading
     nproc = None
     qsub_command = None
   }
   output_file_name_prefix = None
   output_folder_name = "pdb"
   rst_file = None
   dump_gradients = None

Setting QM defaults
  Setting QM method to PM7


***********************************************************
restart info will be stored in /home/yanting/work/aniserver_1_qr/ani_qr_test/cctbx_lbfgs/qr-ani-test/qr-cctbx/lbfgs_b/0.6/pdb/0.rst.pickle
***********************************************************

start: bond:  0.014 angle:   1.78 clash:   0.0 rota:  0.00 rama: f: 100.00 o:   0.00 Z:  -1.42 cb:   0.00
cycle:   0 max_shift: 0.146650 LBFGS-B: function start/end, n_calls: 290.637535137 55.7898185255 52
cycle:   1 max_shift: 0.148045 LBFGS-B: function start/end, n_calls: 55.7898185255 51.4111022698 51
cycle:   2 max_shift: 0.077846 LBFGS-B: function start/end, n_calls: 51.4111022698 49.7353746767 52
cycle:   3 max_shift: 0.061168 LBFGS-B: function start/end, n_calls: 49.7353746767 48.668491494 52
cycle:   4 max_shift: 0.052157 LBFGS-B: function start/end, n_calls: 48.668491494 47.9097233531 52
cycle:   5 max_shift: 0.050011 LBFGS-B: function start/end, n_calls: 47.9097233531 47.2556785452 52
cycle:   6 max_shift: 0.059463 LBFGS-B: function start/end, n_calls: 47.2556785452 46.6210906513 52
cycle:   7 max_shift: 0.046607 LBFGS-B: function start/end, n_calls: 46.6210906513 46.0519193339 52
cycle:   8 max_shift: 0.048374 LBFGS-B: function start/end, n_calls: 46.0519193339 45.5821972435 51
cycle:   9 max_shift: 0.039357 LBFGS-B: function start/end, n_calls: 45.5821972435 45.1419363151 51
cycle:  10 max_shift: 0.043090 LBFGS-B: function start/end, n_calls: 45.1419363151 44.7727633238 51
cycle:  11 max_shift: 0.034976 LBFGS-B: function start/end, n_calls: 44.7727633238 44.4302436885 51
cycle:  12 max_shift: 0.028408 LBFGS-B: function start/end, n_calls: 44.4302436885 44.1456452531 52
cycle:  13 max_shift: 0.033513 LBFGS-B: function start/end, n_calls: 44.1456452531 43.8763877355 52
cycle:  14 max_shift: 0.023195 LBFGS-B: function start/end, n_calls: 43.8763877355 43.6251510124 52
cycle:  15 max_shift: 0.034831 LBFGS-B: function start/end, n_calls: 43.6251510124 43.3730719141 51
cycle:  16 max_shift: 0.020152 LBFGS-B: function start/end, n_calls: 43.3730719141 43.1257666817 52
cycle:  17 max_shift: 0.029173 LBFGS-B: function start/end, n_calls: 43.1257666817 42.9032085637 51
cycle:  18 max_shift: 0.018847 LBFGS-B: function start/end, n_calls: 42.9032085637 42.7066891272 52
cycle:  19 max_shift: 0.025732 LBFGS-B: function start/end, n_calls: 42.7066891272 42.520023619 52
cycle:  20 max_shift: 0.014570 LBFGS-B: function start/end, n_calls: 42.520023619 42.3570423607 52
cycle:  21 max_shift: 0.023643 LBFGS-B: function start/end, n_calls: 42.3570423607 42.2021655937 52
cycle:  22 max_shift: 0.016674 LBFGS-B: function start/end, n_calls: 42.2021655937 42.0525099035 52
cycle:  23 max_shift: 0.019100 LBFGS-B: function start/end, n_calls: 42.0525099035 41.9316081154 52
cycle:  24 max_shift: 0.015077 LBFGS-B: function start/end, n_calls: 41.9316081154 41.8114202371 52
cycle:  25 max_shift: 0.016708 LBFGS-B: function start/end, n_calls: 41.8114202371 41.7141638449 52
cycle:  26 max_shift: 0.012798 LBFGS-B: function start/end, n_calls: 41.7141638449 41.6199399872 51
cycle:  27 max_shift: 0.014715 LBFGS-B: function start/end, n_calls: 41.6199399872 41.5185494717 52
cycle:  28 max_shift: 0.011694 LBFGS-B: function start/end, n_calls: 41.5185494717 41.4268195975 52
cycle:  29 max_shift: 0.016151 LBFGS-B: function start/end, n_calls: 41.4268195975 41.3186511915 52
cycle:  30 max_shift: 0.009864 LBFGS-B: function start/end, n_calls: 41.3186511915 41.2334981003 51
cycle:  31 max_shift: 0.015442 LBFGS-B: function start/end, n_calls: 41.2334981003 41.1595510374 52
cycle:  32 max_shift: 0.010768 LBFGS-B: function start/end, n_calls: 41.1595510374 41.087448528 52
cycle:  33 max_shift: 0.021618 LBFGS-B: function start/end, n_calls: 41.087448528 41.0055499249 52
cycle:  34 max_shift: 0.011156 LBFGS-B: function start/end, n_calls: 41.0055499249 40.9109661336 52
cycle:  35 max_shift: 0.019324 LBFGS-B: function start/end, n_calls: 40.9109661336 40.8428049254 51
cycle:  36 max_shift: 0.010313 LBFGS-B: function start/end, n_calls: 40.8428049254 40.7652986619 51
cycle:  37 max_shift: 0.023239 LBFGS-B: function start/end, n_calls: 40.7652986619 40.6797651952 52
cycle:  38 max_shift: 0.008644 LBFGS-B: function start/end, n_calls: 40.6797651952 40.6134962738 52
cycle:  39 max_shift: 0.025177 LBFGS-B: function start/end, n_calls: 40.6134962738 40.5413599067 52
cycle:  40 max_shift: 0.010073 LBFGS-B: function start/end, n_calls: 40.5413599067 40.4642632785 51
cycle:  41 max_shift: 0.038394 LBFGS-B: function start/end, n_calls: 40.4642632785 40.3677648766 52
cycle:  42 max_shift: 0.010439 LBFGS-B: function start/end, n_calls: 40.3677648766 40.2775442797 51
cycle:  43 max_shift: 0.031844 LBFGS-B: function start/end, n_calls: 40.2775442797 40.2114785723 52
cycle:  44 max_shift: 0.008702 LBFGS-B: function start/end, n_calls: 40.2114785723 40.1454545318 51
cycle:  45 max_shift: 0.011169 LBFGS-B: function start/end, n_calls: 40.1454545318 40.1187632344 52
cycle:  46 max_shift: 0.005772 LBFGS-B: function start/end, n_calls: 40.1187632344 40.0939464071 52
cycle:  47 max_shift: 0.023131 LBFGS-B: function start/end, n_calls: 40.0939464071 40.0570883629 52
cycle:  48 max_shift: 0.005483 LBFGS-B: function start/end, n_calls: 40.0570883629 40.0131405057 52
cycle:  49 max_shift: 0.013963 LBFGS-B: function start/end, n_calls: 40.0131405057 39.9852104813 51
cycle:  50 max_shift: 0.004433 LBFGS-B: function start/end, n_calls: 39.9852104813 39.9592086744 51
cycle:  51 max_shift: 0.009657 LBFGS-B: function start/end, n_calls: 39.9592086744 39.9407812729 51
cycle:  52 max_shift: 0.005158 LBFGS-B: function start/end, n_calls: 39.9407812729 39.9254994606 52
cycle:  53 max_shift: 0.004401 LBFGS-B: function start/end, n_calls: 39.9254994606 39.9130226762 51
cycle:  54 max_shift: 0.005843 LBFGS-B: function start/end, n_calls: 39.9130226762 39.8999642513 52
cycle:  55 max_shift: 0.003332 LBFGS-B: function start/end, n_calls: 39.8999642513 39.8882517501 51
cycle:  56 max_shift: 0.033130 LBFGS-B: function start/end, n_calls: 39.8882517501 39.842426343 52
cycle:  57 max_shift: 0.007843 LBFGS-B: function start/end, n_calls: 39.842426343 39.7948315925 52
cycle:  58 max_shift: 0.027704 LBFGS-B: function start/end, n_calls: 39.7948315925 39.762709998 52
cycle:  59 max_shift: 0.004320 LBFGS-B: function start/end, n_calls: 39.762709998 39.7335034949 52
cycle:  60 max_shift: 0.010959 LBFGS-B: function start/end, n_calls: 39.7335034949 39.7205907309 52
cycle:  61 max_shift: 0.004226 LBFGS-B: function start/end, n_calls: 39.7205907309 39.7105669595 52
cycle:  62 max_shift: 0.003916 LBFGS-B: function start/end, n_calls: 39.7105669595 39.705829606 51
cycle:  63 max_shift: 0.002807 LBFGS-B: function start/end, n_calls: 39.705829606 39.7009275067 52
cycle:  64 max_shift: 0.009113 LBFGS-B: function start/end, n_calls: 39.7009275067 39.6928683328 52
cycle:  65 max_shift: 0.003406 LBFGS-B: function start/end, n_calls: 39.6928683328 39.6836055231 52
cycle:  66 max_shift: 0.013321 LBFGS-B: function start/end, n_calls: 39.6836055231 39.6742702586 51
cycle:  67 max_shift: 0.003982 LBFGS-B: function start/end, n_calls: 39.6742702586 39.6624787854 51
cycle:  68 max_shift: 0.019477 LBFGS-B: function start/end, n_calls: 39.6624787854 39.6496201025 52
cycle:  69 max_shift: 0.002977 LBFGS-B: function start/end, n_calls: 39.6496201025 39.6375746734 51
cycle:  70 max_shift: 0.009268 LBFGS-B: function start/end, n_calls: 39.6375746734 39.6320570031 51
cycle:  71 max_shift: 0.002959 LBFGS-B: function start/end, n_calls: 39.6320570031 39.6264632265 52
cycle:  72 max_shift: 0.003436 LBFGS-B: function start/end, n_calls: 39.6264632265 39.6236016623 51
cycle:  73 max_shift: 0.002100 LBFGS-B: function start/end, n_calls: 39.6236016623 39.6213722095 52
cycle:  74 max_shift: 0.002039 LBFGS-B: function start/end, n_calls: 39.6213722095 39.6195557855 51
cycle:  75 max_shift: 0.001806 LBFGS-B: function start/end, n_calls: 39.6195557855 39.6177292738 51
cycle:  76 max_shift: 0.001901 LBFGS-B: function start/end, n_calls: 39.6177292738 39.6160446329 51
cycle:  77 max_shift: 0.002042 LBFGS-B: function start/end, n_calls: 39.6160446329 39.6140661402 52
cycle:  78 max_shift: 0.040993 LBFGS-B: function start/end, n_calls: 39.6140661402 39.5954151445 51
cycle:  79 max_shift: 0.002947 LBFGS-B: function start/end, n_calls: 39.5954151445 39.5828434482 52
cycle:  80 max_shift: 0.006375 LBFGS-B: function start/end, n_calls: 39.5828434482 39.5811305879 52
cycle:  81 max_shift: 0.002008 LBFGS-B: function start/end, n_calls: 39.5811305879 39.5791202078 51
cycle:  82 max_shift: 0.004870 LBFGS-B: function start/end, n_calls: 39.5791202078 39.5777708638 51
cycle:  83 max_shift: 0.001314 LBFGS-B: function start/end, n_calls: 39.5777708638 39.5765761564 51
cycle:  84 max_shift: 0.001936 LBFGS-B: function start/end, n_calls: 39.5765761564 39.575896773 52
cycle:  85 max_shift: 0.000975 LBFGS-B: function start/end, n_calls: 39.575896773 39.5752701426 51
cycle:  86 max_shift: 0.003367 LBFGS-B: function start/end, n_calls: 39.5752701426 39.5743700539 52
cycle:  87 max_shift: 0.001420 LBFGS-B: function start/end, n_calls: 39.5743700539 39.5734135785 51
cycle:  88 max_shift: 0.006249 LBFGS-B: function start/end, n_calls: 39.5734135785 39.5718876593 52
cycle:  89 max_shift: 0.001815 LBFGS-B: function start/end, n_calls: 39.5718876593 39.5704142788 51
cycle:  90 max_shift: 0.003061 LBFGS-B: function start/end, n_calls: 39.5704142788 39.5696817829 51
cycle:  91 max_shift: 0.001163 LBFGS-B: function start/end, n_calls: 39.5696817829 39.5689371336 52
cycle:  92 max_shift: 0.003910 LBFGS-B: function start/end, n_calls: 39.5689371336 39.5680910685 51
cycle:  93 max_shift: 0.001501 LBFGS-B: function start/end, n_calls: 39.5680910685 39.5671877435 51
cycle:  94 max_shift: 0.001393 LBFGS-B: function start/end, n_calls: 39.5671877435 39.5667668456 51
cycle:  95 max_shift: 0.000986 LBFGS-B: function start/end, n_calls: 39.5667668456 39.5663899086 52
cycle:  96 max_shift: 0.001897 LBFGS-B: function start/end, n_calls: 39.5663899086 39.5658920422 51
cycle:  97 max_shift: 0.000850 LBFGS-B: function start/end, n_calls: 39.5658920422 39.5654231775 52
Convergence reached. Stopping now.
final: bond:  0.000 angle:   0.27 clash:   0.0 rota:  0.00 rama: f: 100.00 o:   0.00 Z:   0.09 cb:   0.00
See 0_refined.pdb in pdb folder.
Time: 5.1241
