Starting Q|R
version:   v1.0-208-g2886d5-dirty  
Running refinement
   input {
     xray_data {
       file_name = None
       labels = None
       high_resolution = None
       low_resolution = None
       outliers_rejection = True
       french_wilson_scale = True
       french_wilson {
         max_bins = 60
         min_bin_size = 40
       }
       sigma_fobs_rejection_criterion = None
       sigma_iobs_rejection_criterion = None
       ignore_all_zeros = True
       force_anomalous_flag_to_be_equal_to = None
       convert_to_non_anomalous_if_ratio_pairs_lone_less_than_threshold = 0.5
       r_free_flags {
         file_name = None
         label = None
         test_flag_value = None
         ignore_r_free_flags = False
         disable_suitability_test = False
         ignore_pdb_hexdigest = False
         generate = False
         fraction = 0.1
         max_free = 2000
         lattice_symmetry_max_delta = 5
         use_lattice_symmetry = True
         use_dataman_shells = False
         n_shells = 20
       }
     }
     pdb {
       file_name = None
     }
     monomers {
       file_name = None
     }
     maps {
       map_file_name = None
       d_min = None
       map_coefficients_file_name = None
       map_coefficients_label = None
     }
     sequence = None
     scattering_table = wk1995 it1992 *n_gaussian neutron electron
     wavelength = None
     energy = None
     twin_law = Auto
   }
   max_atoms = 15000
   debug = False
   cluster {
     fast_interaction = True
     charge_cutoff = 8.0
     clustering = false
     charge_embedding = False
     two_buffers = False
     maxnum_residues_in_cluster = 15
     select_within_radius = 10
     clustering_method = gnc *bcc
     altloc_method = average *subtract
     g_scan = 10 15 20
     g_mode = None
     save_clusters = True
     bond_with_altloc = True
     re_calculate_rmsd_tolerance = 0.5
   }
   restraints = *cctbx qm
   expansion = False
   quantum {
     engine_name = *mopac ani torchani terachem turbomole pyscf orca gaussian \
                   xtb
     basis = Auto
     charge = None
     method = Auto
     memory = None
     nproc = None
     qm_addon = gcp dftd3 gcp-d3
     qm_addon_method = None
   }
   refine {
     dry_run = False
     sf_algorithm = *direct fft
     refinement_target_name = *ml ls_wunit_k1
     mode = *opt refine gtest
     number_of_macro_cycles = 1
     number_of_weight_search_cycles = 50
     number_of_refine_cycles = 5
     number_of_micro_cycles = 100
     data_weight = None
     choose_best_use_r_work = False
     skip_weight_search = False
     adjust_restraints_weight_scale_value = 2
     max_iterations_weight = 50
     max_iterations_refine = 50
     use_ase_lbfgs = False
     line_search = True
     stpmax = 0.2
     gradient_only = False
     update_all_scales = True
     refine_sites = True
     refine_adp = False
     restraints_weight_scale = 1.0
     shake_sites = False
     use_convergence_test = True
     max_bond_rmsd = 0.03
     max_r_work_r_free_gap = 5.0
     r_tolerance = 0.001
     rmsd_tolerance = 0.01
     opt_log = False
     pre_opt = False
     pre_opt_stpmax = 0.1
     pre_opt_iter = 10
     pre_opt_switch = 2
     pre_opt_gconv = 3000
     minimizer = lbfgs *lbfgsb
   }
   parallel {
     method = *multiprocessing slurm pbs sge lsf threading
     nproc = None
     qsub_command = None
   }
   output_file_name_prefix = None
   output_folder_name = "pdb"
   rst_file = None
   dump_gradients = None

Setting QM defaults
  Setting QM method to PM7


***********************************************************
restart info will be stored in /home/yanting/work/aniserver_1_qr/ani_qr_test/cctbx_lbfgs/qr-ani-test/qr-cctbx/lbfgs_b/0.6/pdb/2.rst.pickle
***********************************************************

start: bond:  0.017 angle:   1.52 clash:  22.0 rota:  0.00 rama: f:  81.82 o:   9.09 Z:  -5.56 cb:   0.00
cycle:   0 max_shift: 0.225678 LBFGS-B: function start/end, n_calls: 324.447562006 62.5774560223 52
cycle:   1 max_shift: 0.191205 LBFGS-B: function start/end, n_calls: 62.5774560223 54.1073031816 52
cycle:   2 max_shift: 0.121613 LBFGS-B: function start/end, n_calls: 54.1073031816 51.3833997883 51
cycle:   3 max_shift: 0.078916 LBFGS-B: function start/end, n_calls: 51.3833997883 49.7921673928 52
cycle:   4 max_shift: 0.108418 LBFGS-B: function start/end, n_calls: 49.7921673928 48.4646792265 52
cycle:   5 max_shift: 0.064575 LBFGS-B: function start/end, n_calls: 48.4646792265 47.4378909041 51
cycle:   6 max_shift: 0.100164 LBFGS-B: function start/end, n_calls: 47.4378909041 46.4541049922 52
cycle:   7 max_shift: 0.057365 LBFGS-B: function start/end, n_calls: 46.4541049922 45.5416414709 52
cycle:   8 max_shift: 0.092955 LBFGS-B: function start/end, n_calls: 45.5416414709 44.8094848511 52
cycle:   9 max_shift: 0.046939 LBFGS-B: function start/end, n_calls: 44.8094848511 44.1850442565 52
cycle:  10 max_shift: 0.073411 LBFGS-B: function start/end, n_calls: 44.1850442565 43.6453122221 51
cycle:  11 max_shift: 0.043254 LBFGS-B: function start/end, n_calls: 43.6453122221 43.1767635168 52
cycle:  12 max_shift: 0.061018 LBFGS-B: function start/end, n_calls: 43.1767635168 42.7537357338 52
cycle:  13 max_shift: 0.029669 LBFGS-B: function start/end, n_calls: 42.7537357338 42.4450739526 51
cycle:  14 max_shift: 0.067328 LBFGS-B: function start/end, n_calls: 42.4450739526 42.1174978833 51
cycle:  15 max_shift: 0.030425 LBFGS-B: function start/end, n_calls: 42.1174978833 41.8166348487 52
cycle:  16 max_shift: 0.068742 LBFGS-B: function start/end, n_calls: 41.8166348487 41.5467977585 52
cycle:  17 max_shift: 0.023997 LBFGS-B: function start/end, n_calls: 41.5467977585 41.3103873 53
cycle:  18 max_shift: 0.045106 LBFGS-B: function start/end, n_calls: 41.3103873 41.1545023543 52
cycle:  19 max_shift: 0.018350 LBFGS-B: function start/end, n_calls: 41.1545023543 41.0044068803 52
cycle:  20 max_shift: 0.051433 LBFGS-B: function start/end, n_calls: 41.0044068803 40.8501181971 52
cycle:  21 max_shift: 0.017280 LBFGS-B: function start/end, n_calls: 40.8501181971 40.7102461015 51
cycle:  22 max_shift: 0.062755 LBFGS-B: function start/end, n_calls: 40.7102461015 40.560290611 52
cycle:  23 max_shift: 0.015446 LBFGS-B: function start/end, n_calls: 40.560290611 40.4284554866 51
cycle:  24 max_shift: 0.080843 LBFGS-B: function start/end, n_calls: 40.4284554866 40.2927184206 52
cycle:  25 max_shift: 0.016791 LBFGS-B: function start/end, n_calls: 40.2927184206 40.161980824 52
cycle:  26 max_shift: 0.052489 LBFGS-B: function start/end, n_calls: 40.161980824 40.082009043 52
cycle:  27 max_shift: 0.012163 LBFGS-B: function start/end, n_calls: 40.082009043 40.0073831977 52
cycle:  28 max_shift: 0.040828 LBFGS-B: function start/end, n_calls: 40.0073831977 39.9524391216 51
cycle:  29 max_shift: 0.009042 LBFGS-B: function start/end, n_calls: 39.9524391216 39.9130695733 51
cycle:  30 max_shift: 0.013403 LBFGS-B: function start/end, n_calls: 39.9130695733 39.8899197712 52
cycle:  31 max_shift: 0.006686 LBFGS-B: function start/end, n_calls: 39.8899197712 39.8697633495 51
cycle:  32 max_shift: 0.019652 LBFGS-B: function start/end, n_calls: 39.8697633495 39.846418933 52
cycle:  33 max_shift: 0.007631 LBFGS-B: function start/end, n_calls: 39.846418933 39.8255396085 51
cycle:  34 max_shift: 0.017883 LBFGS-B: function start/end, n_calls: 39.8255396085 39.8005057102 52
cycle:  35 max_shift: 0.005210 LBFGS-B: function start/end, n_calls: 39.8005057102 39.7808652732 52
cycle:  36 max_shift: 0.011061 LBFGS-B: function start/end, n_calls: 39.7808652732 39.7671699295 51
cycle:  37 max_shift: 0.004995 LBFGS-B: function start/end, n_calls: 39.7671699295 39.7538174727 52
cycle:  38 max_shift: 0.011540 LBFGS-B: function start/end, n_calls: 39.7538174727 39.7398266509 51
cycle:  39 max_shift: 0.004288 LBFGS-B: function start/end, n_calls: 39.7398266509 39.7286139426 52
cycle:  40 max_shift: 0.007099 LBFGS-B: function start/end, n_calls: 39.7286139426 39.7195937999 51
cycle:  41 max_shift: 0.003990 LBFGS-B: function start/end, n_calls: 39.7195937999 39.7113163915 51
cycle:  42 max_shift: 0.005189 LBFGS-B: function start/end, n_calls: 39.7113163915 39.7043597992 51
cycle:  43 max_shift: 0.004349 LBFGS-B: function start/end, n_calls: 39.7043597992 39.6969601109 52
cycle:  44 max_shift: 0.004391 LBFGS-B: function start/end, n_calls: 39.6969601109 39.6903315589 52
cycle:  45 max_shift: 0.003691 LBFGS-B: function start/end, n_calls: 39.6903315589 39.6844444391 52
cycle:  46 max_shift: 0.004018 LBFGS-B: function start/end, n_calls: 39.6844444391 39.6788906302 52
cycle:  47 max_shift: 0.004084 LBFGS-B: function start/end, n_calls: 39.6788906302 39.6736857989 51
cycle:  48 max_shift: 0.003342 LBFGS-B: function start/end, n_calls: 39.6736857989 39.668878395 51
cycle:  49 max_shift: 0.006625 LBFGS-B: function start/end, n_calls: 39.668878395 39.6629184202 52
cycle:  50 max_shift: 0.003462 LBFGS-B: function start/end, n_calls: 39.6629184202 39.6559676347 51
cycle:  51 max_shift: 0.005773 LBFGS-B: function start/end, n_calls: 39.6559676347 39.6509671071 51
cycle:  52 max_shift: 0.004427 LBFGS-B: function start/end, n_calls: 39.6509671071 39.6445753749 51
cycle:  53 max_shift: 0.003106 LBFGS-B: function start/end, n_calls: 39.6445753749 39.6405459144 52
cycle:  54 max_shift: 0.002922 LBFGS-B: function start/end, n_calls: 39.6405459144 39.6370302003 52
cycle:  55 max_shift: 0.004211 LBFGS-B: function start/end, n_calls: 39.6370302003 39.6332371869 52
cycle:  56 max_shift: 0.003528 LBFGS-B: function start/end, n_calls: 39.6332371869 39.6290320121 52
cycle:  57 max_shift: 0.003048 LBFGS-B: function start/end, n_calls: 39.6290320121 39.6255142242 52
cycle:  58 max_shift: 0.002188 LBFGS-B: function start/end, n_calls: 39.6255142242 39.6226832249 51
cycle:  59 max_shift: 0.006206 LBFGS-B: function start/end, n_calls: 39.6226832249 39.6185618084 52
cycle:  60 max_shift: 0.003294 LBFGS-B: function start/end, n_calls: 39.6185618084 39.613788928 51
cycle:  61 max_shift: 0.007659 LBFGS-B: function start/end, n_calls: 39.613788928 39.6088554096 51
cycle:  62 max_shift: 0.003684 LBFGS-B: function start/end, n_calls: 39.6088554096 39.6042430684 51
cycle:  63 max_shift: 0.005674 LBFGS-B: function start/end, n_calls: 39.6042430684 39.6010854582 52
cycle:  64 max_shift: 0.002948 LBFGS-B: function start/end, n_calls: 39.6010854582 39.5973274066 51
cycle:  65 max_shift: 0.007246 LBFGS-B: function start/end, n_calls: 39.5973274066 39.5931872757 51
cycle:  66 max_shift: 0.002843 LBFGS-B: function start/end, n_calls: 39.5931872757 39.58974005 51
cycle:  67 max_shift: 0.007649 LBFGS-B: function start/end, n_calls: 39.58974005 39.5860774397 51
cycle:  68 max_shift: 0.002765 LBFGS-B: function start/end, n_calls: 39.5860774397 39.5825034131 52
cycle:  69 max_shift: 0.049225 LBFGS-B: function start/end, n_calls: 39.5825034131 39.5598996919 52
cycle:  70 max_shift: 0.003184 LBFGS-B: function start/end, n_calls: 39.5598996919 39.5527009905 51
cycle:  71 max_shift: 0.002677 LBFGS-B: function start/end, n_calls: 39.5527009905 39.5519094521 52
cycle:  72 max_shift: 0.001522 LBFGS-B: function start/end, n_calls: 39.5519094521 39.5513391645 51
cycle:  73 max_shift: 0.001698 LBFGS-B: function start/end, n_calls: 39.5513391645 39.5508898506 52
cycle:  74 max_shift: 0.001484 LBFGS-B: function start/end, n_calls: 39.5508898506 39.5504529492 51
cycle:  75 max_shift: 0.001036 LBFGS-B: function start/end, n_calls: 39.5504529492 39.550070273 51
cycle:  76 max_shift: 0.002198 LBFGS-B: function start/end, n_calls: 39.550070273 39.5495720224 51
cycle:  77 max_shift: 0.000943 LBFGS-B: function start/end, n_calls: 39.5495720224 39.5490728407 51
cycle:  78 max_shift: 0.001626 LBFGS-B: function start/end, n_calls: 39.5490728407 39.5485769902 52
cycle:  79 max_shift: 0.001372 LBFGS-B: function start/end, n_calls: 39.5485769902 39.5481948263 51
cycle:  80 max_shift: 0.001164 LBFGS-B: function start/end, n_calls: 39.5481948263 39.5478523437 51
cycle:  81 max_shift: 0.001274 LBFGS-B: function start/end, n_calls: 39.5478523437 39.5475368394 52
cycle:  82 max_shift: 0.000837 LBFGS-B: function start/end, n_calls: 39.5475368394 39.5472194738 52
cycle:  83 max_shift: 0.001641 LBFGS-B: function start/end, n_calls: 39.5472194738 39.5468227851 52
cycle:  84 max_shift: 0.001170 LBFGS-B: function start/end, n_calls: 39.5468227851 39.5464689461 52
cycle:  85 max_shift: 0.001203 LBFGS-B: function start/end, n_calls: 39.5464689461 39.5461929078 52
cycle:  86 max_shift: 0.001036 LBFGS-B: function start/end, n_calls: 39.5461929078 39.5459016295 52
cycle:  87 max_shift: 0.000834 LBFGS-B: function start/end, n_calls: 39.5459016295 39.5456475142 51
Convergence reached. Stopping now.
final: bond:  0.000 angle:   0.26 clash:   0.0 rota:  0.00 rama: f: 100.00 o:   0.00 Z:  -0.01 cb:   0.00
See 2_refined.pdb in pdb folder.
Time: 4.9168
