Starting Q|R
version:   v1.0-208-g2886d5-dirty  
Running refinement
   input {
     xray_data {
       file_name = None
       labels = None
       high_resolution = None
       low_resolution = None
       outliers_rejection = True
       french_wilson_scale = True
       french_wilson {
         max_bins = 60
         min_bin_size = 40
       }
       sigma_fobs_rejection_criterion = None
       sigma_iobs_rejection_criterion = None
       ignore_all_zeros = True
       force_anomalous_flag_to_be_equal_to = None
       convert_to_non_anomalous_if_ratio_pairs_lone_less_than_threshold = 0.5
       r_free_flags {
         file_name = None
         label = None
         test_flag_value = None
         ignore_r_free_flags = False
         disable_suitability_test = False
         ignore_pdb_hexdigest = False
         generate = False
         fraction = 0.1
         max_free = 2000
         lattice_symmetry_max_delta = 5
         use_lattice_symmetry = True
         use_dataman_shells = False
         n_shells = 20
       }
     }
     pdb {
       file_name = None
     }
     monomers {
       file_name = None
     }
     maps {
       map_file_name = None
       d_min = None
       map_coefficients_file_name = None
       map_coefficients_label = None
     }
     sequence = None
     scattering_table = wk1995 it1992 *n_gaussian neutron electron
     wavelength = None
     energy = None
     twin_law = Auto
   }
   max_atoms = 15000
   debug = False
   cluster {
     fast_interaction = True
     charge_cutoff = 8.0
     clustering = false
     charge_embedding = False
     two_buffers = False
     maxnum_residues_in_cluster = 15
     select_within_radius = 10
     clustering_method = gnc *bcc
     altloc_method = average *subtract
     g_scan = 10 15 20
     g_mode = None
     save_clusters = True
     bond_with_altloc = True
     re_calculate_rmsd_tolerance = 0.5
   }
   restraints = *cctbx qm
   expansion = False
   quantum {
     engine_name = *mopac ani torchani terachem turbomole pyscf orca gaussian \
                   xtb
     basis = Auto
     charge = None
     method = Auto
     memory = None
     nproc = None
     qm_addon = gcp dftd3 gcp-d3
     qm_addon_method = None
   }
   refine {
     dry_run = False
     sf_algorithm = *direct fft
     refinement_target_name = *ml ls_wunit_k1
     mode = *opt refine gtest
     number_of_macro_cycles = 1
     number_of_weight_search_cycles = 50
     number_of_refine_cycles = 5
     number_of_micro_cycles = 100
     data_weight = None
     choose_best_use_r_work = False
     skip_weight_search = False
     adjust_restraints_weight_scale_value = 2
     max_iterations_weight = 50
     max_iterations_refine = 50
     use_ase_lbfgs = False
     line_search = True
     stpmax = 0.2
     gradient_only = False
     update_all_scales = True
     refine_sites = True
     refine_adp = False
     restraints_weight_scale = 1.0
     shake_sites = False
     use_convergence_test = True
     max_bond_rmsd = 0.03
     max_r_work_r_free_gap = 5.0
     r_tolerance = 0.001
     rmsd_tolerance = 0.01
     opt_log = False
     pre_opt = False
     pre_opt_stpmax = 0.1
     pre_opt_iter = 10
     pre_opt_switch = 2
     pre_opt_gconv = 3000
     minimizer = lbfgs *lbfgsb
   }
   parallel {
     method = *multiprocessing slurm pbs sge lsf threading
     nproc = None
     qsub_command = None
   }
   output_file_name_prefix = None
   output_folder_name = "pdb"
   rst_file = None
   dump_gradients = None

Setting QM defaults
  Setting QM method to PM7


***********************************************************
restart info will be stored in /home/yanting/work/aniserver_1_qr/ani_qr_test/cctbx_lbfgs/qr-ani-test/qr-cctbx/lbfgs_b/0.6/pdb/3.rst.pickle
***********************************************************

start: bond:  0.014 angle:   1.31 clash:   0.0 rota:  0.00 rama: f: 100.00 o:   0.00 Z:  -6.38 cb:   0.00
cycle:   0 max_shift: 0.162511 LBFGS-B: function start/end, n_calls: 286.613762509 53.3269620084 52
cycle:   1 max_shift: 0.237213 LBFGS-B: function start/end, n_calls: 53.3269620084 45.8291037952 52
cycle:   2 max_shift: 0.074500 LBFGS-B: function start/end, n_calls: 45.8291037952 43.639117666 52
cycle:   3 max_shift: 0.063642 LBFGS-B: function start/end, n_calls: 43.639117666 42.7204151119 51
cycle:   4 max_shift: 0.042564 LBFGS-B: function start/end, n_calls: 42.7204151119 42.2147402603 52
cycle:   5 max_shift: 0.066505 LBFGS-B: function start/end, n_calls: 42.2147402603 41.7695992694 52
cycle:   6 max_shift: 0.024631 LBFGS-B: function start/end, n_calls: 41.7695992694 41.5076400206 51
cycle:   7 max_shift: 0.042823 LBFGS-B: function start/end, n_calls: 41.5076400206 41.3217243864 51
cycle:   8 max_shift: 0.017778 LBFGS-B: function start/end, n_calls: 41.3217243864 41.1846113923 52
cycle:   9 max_shift: 0.042642 LBFGS-B: function start/end, n_calls: 41.1846113923 41.0488415766 52
cycle:  10 max_shift: 0.014628 LBFGS-B: function start/end, n_calls: 41.0488415766 40.9438231448 52
cycle:  11 max_shift: 0.027307 LBFGS-B: function start/end, n_calls: 40.9438231448 40.8567488625 51
cycle:  12 max_shift: 0.026646 LBFGS-B: function start/end, n_calls: 40.8567488625 40.7694467153 52
cycle:  13 max_shift: 0.013438 LBFGS-B: function start/end, n_calls: 40.7694467153 40.6957650231 51
cycle:  14 max_shift: 0.040687 LBFGS-B: function start/end, n_calls: 40.6957650231 40.6164790656 52
cycle:  15 max_shift: 0.011048 LBFGS-B: function start/end, n_calls: 40.6164790656 40.5297365764 52
cycle:  16 max_shift: 0.060371 LBFGS-B: function start/end, n_calls: 40.5297365764 40.4377543451 52
cycle:  17 max_shift: 0.011033 LBFGS-B: function start/end, n_calls: 40.4377543451 40.333182022 52
cycle:  18 max_shift: 0.043815 LBFGS-B: function start/end, n_calls: 40.333182022 40.2694764723 52
cycle:  19 max_shift: 0.010962 LBFGS-B: function start/end, n_calls: 40.2694764723 40.202246631 52
cycle:  20 max_shift: 0.040593 LBFGS-B: function start/end, n_calls: 40.202246631 40.1452122509 52
cycle:  21 max_shift: 0.010078 LBFGS-B: function start/end, n_calls: 40.1452122509 40.0945725547 52
cycle:  22 max_shift: 0.026777 LBFGS-B: function start/end, n_calls: 40.0945725547 40.0628941817 52
cycle:  23 max_shift: 0.010801 LBFGS-B: function start/end, n_calls: 40.0628941817 40.0285494797 52
cycle:  24 max_shift: 0.024403 LBFGS-B: function start/end, n_calls: 40.0285494797 40.0039685695 51
cycle:  25 max_shift: 0.008068 LBFGS-B: function start/end, n_calls: 40.0039685695 39.9714639692 51
cycle:  26 max_shift: 0.036429 LBFGS-B: function start/end, n_calls: 39.9714639692 39.9440918601 51
cycle:  27 max_shift: 0.008448 LBFGS-B: function start/end, n_calls: 39.9440918601 39.900762157 52
cycle:  28 max_shift: 0.039663 LBFGS-B: function start/end, n_calls: 39.900762157 39.8649778185 52
cycle:  29 max_shift: 0.007293 LBFGS-B: function start/end, n_calls: 39.8649778185 39.8309535776 52
cycle:  30 max_shift: 0.027600 LBFGS-B: function start/end, n_calls: 39.8309535776 39.8089822138 51
cycle:  31 max_shift: 0.006426 LBFGS-B: function start/end, n_calls: 39.8089822138 39.7862220643 52
cycle:  32 max_shift: 0.035292 LBFGS-B: function start/end, n_calls: 39.7862220643 39.761035398 52
cycle:  33 max_shift: 0.006485 LBFGS-B: function start/end, n_calls: 39.761035398 39.7368207619 51
cycle:  34 max_shift: 0.017408 LBFGS-B: function start/end, n_calls: 39.7368207619 39.7233780083 52
cycle:  35 max_shift: 0.005880 LBFGS-B: function start/end, n_calls: 39.7233780083 39.7130663764 51
cycle:  36 max_shift: 0.017747 LBFGS-B: function start/end, n_calls: 39.7130663764 39.6988599972 51
cycle:  37 max_shift: 0.005248 LBFGS-B: function start/end, n_calls: 39.6988599972 39.689442269 51
cycle:  38 max_shift: 0.014036 LBFGS-B: function start/end, n_calls: 39.689442269 39.680210655 52
cycle:  39 max_shift: 0.003889 LBFGS-B: function start/end, n_calls: 39.680210655 39.6713957517 51
cycle:  40 max_shift: 0.014446 LBFGS-B: function start/end, n_calls: 39.6713957517 39.6631204951 52
cycle:  41 max_shift: 0.003389 LBFGS-B: function start/end, n_calls: 39.6631204951 39.6553774472 51
cycle:  42 max_shift: 0.018607 LBFGS-B: function start/end, n_calls: 39.6553774472 39.645840327 52
cycle:  43 max_shift: 0.004018 LBFGS-B: function start/end, n_calls: 39.645840327 39.6370113929 52
cycle:  44 max_shift: 0.016070 LBFGS-B: function start/end, n_calls: 39.6370113929 39.6280443855 52
cycle:  45 max_shift: 0.003410 LBFGS-B: function start/end, n_calls: 39.6280443855 39.6218081614 52
cycle:  46 max_shift: 0.014944 LBFGS-B: function start/end, n_calls: 39.6218081614 39.6157231266 52
cycle:  47 max_shift: 0.003288 LBFGS-B: function start/end, n_calls: 39.6157231266 39.6094558958 52
cycle:  48 max_shift: 0.010513 LBFGS-B: function start/end, n_calls: 39.6094558958 39.6051007561 51
cycle:  49 max_shift: 0.003607 LBFGS-B: function start/end, n_calls: 39.6051007561 39.6007094355 52
cycle:  50 max_shift: 0.006869 LBFGS-B: function start/end, n_calls: 39.6007094355 39.5974886832 51
cycle:  51 max_shift: 0.002513 LBFGS-B: function start/end, n_calls: 39.5974886832 39.5950965972 52
cycle:  52 max_shift: 0.005963 LBFGS-B: function start/end, n_calls: 39.5950965972 39.5927522532 52
cycle:  53 max_shift: 0.002821 LBFGS-B: function start/end, n_calls: 39.5927522532 39.5904173637 51
cycle:  54 max_shift: 0.005095 LBFGS-B: function start/end, n_calls: 39.5904173637 39.588133226 52
cycle:  55 max_shift: 0.002745 LBFGS-B: function start/end, n_calls: 39.588133226 39.5861465803 53
cycle:  56 max_shift: 0.003207 LBFGS-B: function start/end, n_calls: 39.5861465803 39.5845106292 51
cycle:  57 max_shift: 0.007301 LBFGS-B: function start/end, n_calls: 39.5845106292 39.5814966608 52
cycle:  58 max_shift: 0.001997 LBFGS-B: function start/end, n_calls: 39.5814966608 39.5787673035 52
cycle:  59 max_shift: 0.008621 LBFGS-B: function start/end, n_calls: 39.5787673035 39.576292715 52
cycle:  60 max_shift: 0.002145 LBFGS-B: function start/end, n_calls: 39.576292715 39.5731265347 52
cycle:  61 max_shift: 0.006583 LBFGS-B: function start/end, n_calls: 39.5731265347 39.5710769579 52
cycle:  62 max_shift: 0.001674 LBFGS-B: function start/end, n_calls: 39.5710769579 39.5691253527 52
cycle:  63 max_shift: 0.005404 LBFGS-B: function start/end, n_calls: 39.5691253527 39.5673222366 52
cycle:  64 max_shift: 0.001331 LBFGS-B: function start/end, n_calls: 39.5673222366 39.5658461349 51
cycle:  65 max_shift: 0.015653 LBFGS-B: function start/end, n_calls: 39.5658461349 39.5623660744 52
cycle:  66 max_shift: 0.001454 LBFGS-B: function start/end, n_calls: 39.5623660744 39.5581766743 51
cycle:  67 max_shift: 0.002623 LBFGS-B: function start/end, n_calls: 39.5581766743 39.5573990742 51
cycle:  68 max_shift: 0.001412 LBFGS-B: function start/end, n_calls: 39.5573990742 39.5566526147 52
cycle:  69 max_shift: 0.002769 LBFGS-B: function start/end, n_calls: 39.5566526147 39.5559543401 52
cycle:  70 max_shift: 0.001563 LBFGS-B: function start/end, n_calls: 39.5559543401 39.5551983565 52
cycle:  71 max_shift: 0.001990 LBFGS-B: function start/end, n_calls: 39.5551983565 39.5545883707 51
cycle:  72 max_shift: 0.002194 LBFGS-B: function start/end, n_calls: 39.5545883707 39.5538780174 51
cycle:  73 max_shift: 0.001301 LBFGS-B: function start/end, n_calls: 39.5538780174 39.5533273802 51
cycle:  74 max_shift: 0.001863 LBFGS-B: function start/end, n_calls: 39.5533273802 39.5527885153 52
cycle:  75 max_shift: 0.001292 LBFGS-B: function start/end, n_calls: 39.5527885153 39.5522826134 51
cycle:  76 max_shift: 0.001716 LBFGS-B: function start/end, n_calls: 39.5522826134 39.5517497592 52
cycle:  77 max_shift: 0.000996 LBFGS-B: function start/end, n_calls: 39.5517497592 39.5512887381 52
cycle:  78 max_shift: 0.003018 LBFGS-B: function start/end, n_calls: 39.5512887381 39.5506048281 51
cycle:  79 max_shift: 0.000950 LBFGS-B: function start/end, n_calls: 39.5506048281 39.5499754226 52
cycle:  80 max_shift: 0.002720 LBFGS-B: function start/end, n_calls: 39.5499754226 39.5493409811 51
cycle:  81 max_shift: 0.000988 LBFGS-B: function start/end, n_calls: 39.5493409811 39.5488037751 52
Convergence reached. Stopping now.
final: bond:  0.000 angle:   0.25 clash:   0.0 rota:  0.00 rama: f: 100.00 o:   0.00 Z:  -2.91 cb:   0.00
See 3_refined.pdb in pdb folder.
Time: 4.9322
