Starting Q|R
version:   v1.0-208-g2886d5-dirty  
Running refinement
   input {
     xray_data {
       file_name = None
       labels = None
       high_resolution = None
       low_resolution = None
       outliers_rejection = True
       french_wilson_scale = True
       french_wilson {
         max_bins = 60
         min_bin_size = 40
       }
       sigma_fobs_rejection_criterion = None
       sigma_iobs_rejection_criterion = None
       ignore_all_zeros = True
       force_anomalous_flag_to_be_equal_to = None
       convert_to_non_anomalous_if_ratio_pairs_lone_less_than_threshold = 0.5
       r_free_flags {
         file_name = None
         label = None
         test_flag_value = None
         ignore_r_free_flags = False
         disable_suitability_test = False
         ignore_pdb_hexdigest = False
         generate = False
         fraction = 0.1
         max_free = 2000
         lattice_symmetry_max_delta = 5
         use_lattice_symmetry = True
         use_dataman_shells = False
         n_shells = 20
       }
     }
     pdb {
       file_name = None
     }
     monomers {
       file_name = None
     }
     maps {
       map_file_name = None
       d_min = None
       map_coefficients_file_name = None
       map_coefficients_label = None
     }
     sequence = None
     scattering_table = wk1995 it1992 *n_gaussian neutron electron
     wavelength = None
     energy = None
     twin_law = Auto
   }
   max_atoms = 15000
   debug = False
   cluster {
     fast_interaction = True
     charge_cutoff = 8.0
     clustering = false
     charge_embedding = False
     two_buffers = False
     maxnum_residues_in_cluster = 15
     select_within_radius = 10
     clustering_method = gnc *bcc
     altloc_method = average *subtract
     g_scan = 10 15 20
     g_mode = None
     save_clusters = True
     bond_with_altloc = True
     re_calculate_rmsd_tolerance = 0.5
   }
   restraints = *cctbx qm
   expansion = False
   quantum {
     engine_name = *mopac ani torchani terachem turbomole pyscf orca gaussian \
                   xtb
     basis = Auto
     charge = None
     method = Auto
     memory = None
     nproc = None
     qm_addon = gcp dftd3 gcp-d3
     qm_addon_method = None
   }
   refine {
     dry_run = False
     sf_algorithm = *direct fft
     refinement_target_name = *ml ls_wunit_k1
     mode = *opt refine gtest
     number_of_macro_cycles = 1
     number_of_weight_search_cycles = 50
     number_of_refine_cycles = 5
     number_of_micro_cycles = 100
     data_weight = None
     choose_best_use_r_work = False
     skip_weight_search = False
     adjust_restraints_weight_scale_value = 2
     max_iterations_weight = 50
     max_iterations_refine = 50
     use_ase_lbfgs = False
     line_search = True
     stpmax = 0.2
     gradient_only = False
     update_all_scales = True
     refine_sites = True
     refine_adp = False
     restraints_weight_scale = 1.0
     shake_sites = False
     use_convergence_test = True
     max_bond_rmsd = 0.03
     max_r_work_r_free_gap = 5.0
     r_tolerance = 0.001
     rmsd_tolerance = 0.01
     opt_log = False
     pre_opt = False
     pre_opt_stpmax = 0.1
     pre_opt_iter = 10
     pre_opt_switch = 2
     pre_opt_gconv = 3000
     minimizer = lbfgs *lbfgsb
   }
   parallel {
     method = *multiprocessing slurm pbs sge lsf threading
     nproc = None
     qsub_command = None
   }
   output_file_name_prefix = None
   output_folder_name = "pdb"
   rst_file = None
   dump_gradients = None

Setting QM defaults
  Setting QM method to PM7


***********************************************************
restart info will be stored in /home/yanting/work/aniserver_1_qr/ani_qr_test/cctbx_lbfgs/qr-ani-test/qr-cctbx/lbfgs_b/0.6/pdb/4.rst.pickle
***********************************************************

start: bond:  0.015 angle:   1.87 clash:   0.0 rota:  0.00 rama: f:  90.91 o:   0.00 Z:  -3.42 cb:   0.00
cycle:   0 max_shift: 0.162938 LBFGS-B: function start/end, n_calls: 295.522005777 56.017995825 52
cycle:   1 max_shift: 0.225985 LBFGS-B: function start/end, n_calls: 56.017995825 49.1156188363 53
cycle:   2 max_shift: 0.113365 LBFGS-B: function start/end, n_calls: 49.1156188363 46.4880992575 52
cycle:   3 max_shift: 0.078367 LBFGS-B: function start/end, n_calls: 46.4880992575 45.2201694597 52
cycle:   4 max_shift: 0.083470 LBFGS-B: function start/end, n_calls: 45.2201694597 44.2687959734 52
cycle:   5 max_shift: 0.060108 LBFGS-B: function start/end, n_calls: 44.2687959734 43.5851762767 51
cycle:   6 max_shift: 0.060652 LBFGS-B: function start/end, n_calls: 43.5851762767 43.0208113548 52
cycle:   7 max_shift: 0.070029 LBFGS-B: function start/end, n_calls: 43.0208113548 42.527062573 52
cycle:   8 max_shift: 0.038427 LBFGS-B: function start/end, n_calls: 42.527062573 42.1759577743 51
cycle:   9 max_shift: 0.061126 LBFGS-B: function start/end, n_calls: 42.1759577743 41.893956644 52
cycle:  10 max_shift: 0.027562 LBFGS-B: function start/end, n_calls: 41.893956644 41.6698233638 52
cycle:  11 max_shift: 0.048235 LBFGS-B: function start/end, n_calls: 41.6698233638 41.4706245246 51
cycle:  12 max_shift: 0.023014 LBFGS-B: function start/end, n_calls: 41.4706245246 41.3075946004 52
cycle:  13 max_shift: 0.029353 LBFGS-B: function start/end, n_calls: 41.3075946004 41.196613526 52
cycle:  14 max_shift: 0.018553 LBFGS-B: function start/end, n_calls: 41.196613526 41.0952881108 52
cycle:  15 max_shift: 0.021496 LBFGS-B: function start/end, n_calls: 41.0952881108 41.0047312901 52
cycle:  16 max_shift: 0.014674 LBFGS-B: function start/end, n_calls: 41.0047312901 40.926861057 51
cycle:  17 max_shift: 0.024037 LBFGS-B: function start/end, n_calls: 40.926861057 40.8447120989 51
cycle:  18 max_shift: 0.012765 LBFGS-B: function start/end, n_calls: 40.8447120989 40.768417114 52
cycle:  19 max_shift: 0.032877 LBFGS-B: function start/end, n_calls: 40.768417114 40.6507055799 52
cycle:  20 max_shift: 0.006678 LBFGS-B: function start/end, n_calls: 40.6507055799 40.5614936653 51
cycle:  21 max_shift: 0.020246 LBFGS-B: function start/end, n_calls: 40.5614936653 40.5007686191 52
cycle:  22 max_shift: 0.007475 LBFGS-B: function start/end, n_calls: 40.5007686191 40.4476988615 51
cycle:  23 max_shift: 0.019749 LBFGS-B: function start/end, n_calls: 40.4476988615 40.3956408284 52
cycle:  24 max_shift: 0.008628 LBFGS-B: function start/end, n_calls: 40.3956408284 40.3497312195 51
cycle:  25 max_shift: 0.024300 LBFGS-B: function start/end, n_calls: 40.3497312195 40.3035449537 52
cycle:  26 max_shift: 0.010514 LBFGS-B: function start/end, n_calls: 40.3035449537 40.2478139479 52
cycle:  27 max_shift: 0.024392 LBFGS-B: function start/end, n_calls: 40.2478139479 40.1993691627 52
cycle:  28 max_shift: 0.007525 LBFGS-B: function start/end, n_calls: 40.1993691627 40.1586222907 52
cycle:  29 max_shift: 0.019958 LBFGS-B: function start/end, n_calls: 40.1586222907 40.1250923764 51
cycle:  30 max_shift: 0.006637 LBFGS-B: function start/end, n_calls: 40.1250923764 40.095203831 51
cycle:  31 max_shift: 0.016156 LBFGS-B: function start/end, n_calls: 40.095203831 40.0672668591 52
cycle:  32 max_shift: 0.005052 LBFGS-B: function start/end, n_calls: 40.0672668591 40.0438771927 52
cycle:  33 max_shift: 0.018484 LBFGS-B: function start/end, n_calls: 40.0438771927 40.0172312581 52
cycle:  34 max_shift: 0.005256 LBFGS-B: function start/end, n_calls: 40.0172312581 39.9920384153 51
cycle:  35 max_shift: 0.021413 LBFGS-B: function start/end, n_calls: 39.9920384153 39.9660049448 52
cycle:  36 max_shift: 0.004756 LBFGS-B: function start/end, n_calls: 39.9660049448 39.9391141191 51
cycle:  37 max_shift: 0.054071 LBFGS-B: function start/end, n_calls: 39.9391141191 39.8827146179 52
cycle:  38 max_shift: 0.006586 LBFGS-B: function start/end, n_calls: 39.8827146179 39.8349948942 51
cycle:  39 max_shift: 0.020485 LBFGS-B: function start/end, n_calls: 39.8349948942 39.8162806209 52
cycle:  40 max_shift: 0.005531 LBFGS-B: function start/end, n_calls: 39.8162806209 39.8010099588 52
cycle:  41 max_shift: 0.004546 LBFGS-B: function start/end, n_calls: 39.8010099588 39.7940844955 51
cycle:  42 max_shift: 0.010116 LBFGS-B: function start/end, n_calls: 39.7940844955 39.7841504203 52
cycle:  43 max_shift: 0.003358 LBFGS-B: function start/end, n_calls: 39.7841504203 39.775133899 52
cycle:  44 max_shift: 0.016488 LBFGS-B: function start/end, n_calls: 39.775133899 39.7618284206 52
cycle:  45 max_shift: 0.004158 LBFGS-B: function start/end, n_calls: 39.7618284206 39.7485512935 52
cycle:  46 max_shift: 0.011186 LBFGS-B: function start/end, n_calls: 39.7485512935 39.7407489398 51
cycle:  47 max_shift: 0.003616 LBFGS-B: function start/end, n_calls: 39.7407489398 39.7334533613 52
cycle:  48 max_shift: 0.007874 LBFGS-B: function start/end, n_calls: 39.7334533613 39.728263205 51
cycle:  49 max_shift: 0.002514 LBFGS-B: function start/end, n_calls: 39.728263205 39.7217533348 52
cycle:  50 max_shift: 0.010537 LBFGS-B: function start/end, n_calls: 39.7217533348 39.7157545052 51
cycle:  51 max_shift: 0.002641 LBFGS-B: function start/end, n_calls: 39.7157545052 39.7092529835 51
cycle:  52 max_shift: 0.010094 LBFGS-B: function start/end, n_calls: 39.7092529835 39.7034048897 51
cycle:  53 max_shift: 0.002855 LBFGS-B: function start/end, n_calls: 39.7034048897 39.6968657837 51
cycle:  54 max_shift: 0.018948 LBFGS-B: function start/end, n_calls: 39.6968657837 39.6875357105 52
cycle:  55 max_shift: 0.003276 LBFGS-B: function start/end, n_calls: 39.6875357105 39.6798703368 52
cycle:  56 max_shift: 0.002937 LBFGS-B: function start/end, n_calls: 39.6798703368 39.6772462621 51
cycle:  57 max_shift: 0.003646 LBFGS-B: function start/end, n_calls: 39.6772462621 39.6750875856 52
cycle:  58 max_shift: 0.002750 LBFGS-B: function start/end, n_calls: 39.6750875856 39.6727800108 51
cycle:  59 max_shift: 0.002764 LBFGS-B: function start/end, n_calls: 39.6727800108 39.6707156099 52
cycle:  60 max_shift: 0.005243 LBFGS-B: function start/end, n_calls: 39.6707156099 39.6679155351 52
cycle:  61 max_shift: 0.002273 LBFGS-B: function start/end, n_calls: 39.6679155351 39.6650967334 51
cycle:  62 max_shift: 0.007602 LBFGS-B: function start/end, n_calls: 39.6650967334 39.6616678728 52
cycle:  63 max_shift: 0.002035 LBFGS-B: function start/end, n_calls: 39.6616678728 39.6580859945 52
cycle:  64 max_shift: 0.005868 LBFGS-B: function start/end, n_calls: 39.6580859945 39.6554974724 52
cycle:  65 max_shift: 0.001940 LBFGS-B: function start/end, n_calls: 39.6554974724 39.6528458187 51
cycle:  66 max_shift: 0.006418 LBFGS-B: function start/end, n_calls: 39.6528458187 39.6502047059 51
cycle:  67 max_shift: 0.001846 LBFGS-B: function start/end, n_calls: 39.6502047059 39.6474528026 52
cycle:  68 max_shift: 0.012193 LBFGS-B: function start/end, n_calls: 39.6474528026 39.6429578472 52
cycle:  69 max_shift: 0.001725 LBFGS-B: function start/end, n_calls: 39.6429578472 39.6380112779 51
cycle:  70 max_shift: 0.012618 LBFGS-B: function start/end, n_calls: 39.6380112779 39.6334518363 51
cycle:  71 max_shift: 0.001816 LBFGS-B: function start/end, n_calls: 39.6334518363 39.6292267502 52
cycle:  72 max_shift: 0.005523 LBFGS-B: function start/end, n_calls: 39.6292267502 39.6273369781 51
cycle:  73 max_shift: 0.001531 LBFGS-B: function start/end, n_calls: 39.6273369781 39.6252556816 51
cycle:  74 max_shift: 0.012875 LBFGS-B: function start/end, n_calls: 39.6252556816 39.6207159954 52
cycle:  75 max_shift: 0.002784 LBFGS-B: function start/end, n_calls: 39.6207159954 39.6173705906 51
cycle:  76 max_shift: 0.002012 LBFGS-B: function start/end, n_calls: 39.6173705906 39.6163255607 51
cycle:  77 max_shift: 0.001858 LBFGS-B: function start/end, n_calls: 39.6163255607 39.615562517 51
cycle:  78 max_shift: 0.002765 LBFGS-B: function start/end, n_calls: 39.615562517 39.6145305282 51
cycle:  79 max_shift: 0.001569 LBFGS-B: function start/end, n_calls: 39.6145305282 39.6135561321 51
cycle:  80 max_shift: 0.002679 LBFGS-B: function start/end, n_calls: 39.6135561321 39.6127013261 52
cycle:  81 max_shift: 0.001496 LBFGS-B: function start/end, n_calls: 39.6127013261 39.6117555837 52
cycle:  82 max_shift: 0.002023 LBFGS-B: function start/end, n_calls: 39.6117555837 39.6110308167 51
cycle:  83 max_shift: 0.001612 LBFGS-B: function start/end, n_calls: 39.6110308167 39.6102662994 52
cycle:  84 max_shift: 0.002102 LBFGS-B: function start/end, n_calls: 39.6102662994 39.6095909907 51
cycle:  85 max_shift: 0.001311 LBFGS-B: function start/end, n_calls: 39.6095909907 39.6088829456 52
cycle:  86 max_shift: 0.002489 LBFGS-B: function start/end, n_calls: 39.6088829456 39.6080572012 51
cycle:  87 max_shift: 0.001260 LBFGS-B: function start/end, n_calls: 39.6080572012 39.6073137519 51
cycle:  88 max_shift: 0.002836 LBFGS-B: function start/end, n_calls: 39.6073137519 39.6065004139 51
cycle:  89 max_shift: 0.001614 LBFGS-B: function start/end, n_calls: 39.6065004139 39.6055529613 51
cycle:  90 max_shift: 0.003245 LBFGS-B: function start/end, n_calls: 39.6055529613 39.6045251419 51
cycle:  91 max_shift: 0.001727 LBFGS-B: function start/end, n_calls: 39.6045251419 39.6035515671 52
cycle:  92 max_shift: 0.001642 LBFGS-B: function start/end, n_calls: 39.6035515671 39.6029551437 52
cycle:  93 max_shift: 0.001830 LBFGS-B: function start/end, n_calls: 39.6029551437 39.6022265793 51
cycle:  94 max_shift: 0.003218 LBFGS-B: function start/end, n_calls: 39.6022265793 39.6010792 52
cycle:  95 max_shift: 0.001304 LBFGS-B: function start/end, n_calls: 39.6010792 39.6002665057 51
cycle:  96 max_shift: 0.002036 LBFGS-B: function start/end, n_calls: 39.6002665057 39.599694863 51
cycle:  97 max_shift: 0.000956 LBFGS-B: function start/end, n_calls: 39.599694863 39.5991335539 52
cycle:  98 max_shift: 0.014732 LBFGS-B: function start/end, n_calls: 39.5991335539 39.5949718999 52
cycle:  99 max_shift: 0.001775 LBFGS-B: function start/end, n_calls: 39.5949718999 39.5919724414 52
final: bond:  0.000 angle:   0.26 clash:   0.0 rota:  0.00 rama: f: 100.00 o:   0.00 Z:  -1.69 cb:   0.00
See 4_refined.pdb in pdb folder.
Time: 5.1513
