Starting Q|R
version:   v1.0-208-g2886d5-dirty  
Running refinement
   input {
     xray_data {
       file_name = None
       labels = None
       high_resolution = None
       low_resolution = None
       outliers_rejection = True
       french_wilson_scale = True
       french_wilson {
         max_bins = 60
         min_bin_size = 40
       }
       sigma_fobs_rejection_criterion = None
       sigma_iobs_rejection_criterion = None
       ignore_all_zeros = True
       force_anomalous_flag_to_be_equal_to = None
       convert_to_non_anomalous_if_ratio_pairs_lone_less_than_threshold = 0.5
       r_free_flags {
         file_name = None
         label = None
         test_flag_value = None
         ignore_r_free_flags = False
         disable_suitability_test = False
         ignore_pdb_hexdigest = False
         generate = False
         fraction = 0.1
         max_free = 2000
         lattice_symmetry_max_delta = 5
         use_lattice_symmetry = True
         use_dataman_shells = False
         n_shells = 20
       }
     }
     pdb {
       file_name = None
     }
     monomers {
       file_name = None
     }
     maps {
       map_file_name = None
       d_min = None
       map_coefficients_file_name = None
       map_coefficients_label = None
     }
     sequence = None
     scattering_table = wk1995 it1992 *n_gaussian neutron electron
     wavelength = None
     energy = None
     twin_law = Auto
   }
   max_atoms = 15000
   debug = False
   cluster {
     fast_interaction = True
     charge_cutoff = 8.0
     clustering = false
     charge_embedding = False
     two_buffers = False
     maxnum_residues_in_cluster = 15
     select_within_radius = 10
     clustering_method = gnc *bcc
     altloc_method = average *subtract
     g_scan = 10 15 20
     g_mode = None
     save_clusters = True
     bond_with_altloc = True
     re_calculate_rmsd_tolerance = 0.5
   }
   restraints = *cctbx qm
   expansion = False
   quantum {
     engine_name = *mopac ani torchani terachem turbomole pyscf orca gaussian \
                   xtb
     basis = Auto
     charge = None
     method = Auto
     memory = None
     nproc = None
     qm_addon = gcp dftd3 gcp-d3
     qm_addon_method = None
   }
   refine {
     dry_run = False
     sf_algorithm = *direct fft
     refinement_target_name = *ml ls_wunit_k1
     mode = *opt refine gtest
     number_of_macro_cycles = 1
     number_of_weight_search_cycles = 50
     number_of_refine_cycles = 5
     number_of_micro_cycles = 100
     data_weight = None
     choose_best_use_r_work = False
     skip_weight_search = False
     adjust_restraints_weight_scale_value = 2
     max_iterations_weight = 50
     max_iterations_refine = 50
     use_ase_lbfgs = False
     line_search = True
     stpmax = 0.2
     gradient_only = False
     update_all_scales = True
     refine_sites = True
     refine_adp = False
     restraints_weight_scale = 1.0
     shake_sites = False
     use_convergence_test = True
     max_bond_rmsd = 0.03
     max_r_work_r_free_gap = 5.0
     r_tolerance = 0.001
     rmsd_tolerance = 0.01
     opt_log = False
     pre_opt = False
     pre_opt_stpmax = 0.1
     pre_opt_iter = 10
     pre_opt_switch = 2
     pre_opt_gconv = 3000
     minimizer = lbfgs *lbfgsb
   }
   parallel {
     method = *multiprocessing slurm pbs sge lsf threading
     nproc = None
     qsub_command = None
   }
   output_file_name_prefix = None
   output_folder_name = "pdb"
   rst_file = None
   dump_gradients = None

Setting QM defaults
  Setting QM method to PM7


***********************************************************
restart info will be stored in /home/yanting/work/aniserver_1_qr/ani_qr_test/cctbx_lbfgs/qr-ani-test/qr-cctbx/lbfgs_b/0.6/pdb/5.rst.pickle
***********************************************************

start: bond:  0.014 angle:   1.51 clash:   0.0 rota:  0.00 rama: f: 100.00 o:   0.00 Z:  -4.44 cb:   0.00
cycle:   0 max_shift: 0.176271 LBFGS-B: function start/end, n_calls: 289.729438214 51.4456804306 52
cycle:   1 max_shift: 0.166016 LBFGS-B: function start/end, n_calls: 51.4456804306 45.1476216334 51
cycle:   2 max_shift: 0.083013 LBFGS-B: function start/end, n_calls: 45.1476216334 43.5802128118 52
cycle:   3 max_shift: 0.036246 LBFGS-B: function start/end, n_calls: 43.5802128118 42.7922237551 52
cycle:   4 max_shift: 0.048136 LBFGS-B: function start/end, n_calls: 42.7922237551 42.3272041522 51
cycle:   5 max_shift: 0.020340 LBFGS-B: function start/end, n_calls: 42.3272041522 42.0317733372 51
cycle:   6 max_shift: 0.057185 LBFGS-B: function start/end, n_calls: 42.0317733372 41.6627353396 51
cycle:   7 max_shift: 0.018440 LBFGS-B: function start/end, n_calls: 41.6627353396 41.434074629 52
cycle:   8 max_shift: 0.046470 LBFGS-B: function start/end, n_calls: 41.434074629 41.2200113034 52
cycle:   9 max_shift: 0.015964 LBFGS-B: function start/end, n_calls: 41.2200113034 41.0626243779 52
cycle:  10 max_shift: 0.048992 LBFGS-B: function start/end, n_calls: 41.0626243779 40.8881859755 52
cycle:  11 max_shift: 0.013107 LBFGS-B: function start/end, n_calls: 40.8881859755 40.7616991389 52
cycle:  12 max_shift: 0.026169 LBFGS-B: function start/end, n_calls: 40.7616991389 40.6827472501 51
cycle:  13 max_shift: 0.014846 LBFGS-B: function start/end, n_calls: 40.6827472501 40.6074709608 52
cycle:  14 max_shift: 0.014018 LBFGS-B: function start/end, n_calls: 40.6074709608 40.5637190113 52
cycle:  15 max_shift: 0.010757 LBFGS-B: function start/end, n_calls: 40.5637190113 40.5249900463 51
cycle:  16 max_shift: 0.013776 LBFGS-B: function start/end, n_calls: 40.5249900463 40.4909859055 51
cycle:  17 max_shift: 0.009722 LBFGS-B: function start/end, n_calls: 40.4909859055 40.4547109772 52
cycle:  18 max_shift: 0.011170 LBFGS-B: function start/end, n_calls: 40.4547109772 40.4258684426 52
cycle:  19 max_shift: 0.010311 LBFGS-B: function start/end, n_calls: 40.4258684426 40.3990881572 51
cycle:  20 max_shift: 0.008842 LBFGS-B: function start/end, n_calls: 40.3990881572 40.3744021091 51
cycle:  21 max_shift: 0.010347 LBFGS-B: function start/end, n_calls: 40.3744021091 40.3487235866 52
cycle:  22 max_shift: 0.012020 LBFGS-B: function start/end, n_calls: 40.3487235866 40.3218970281 52
cycle:  23 max_shift: 0.007562 LBFGS-B: function start/end, n_calls: 40.3218970281 40.2966959552 52
cycle:  24 max_shift: 0.009119 LBFGS-B: function start/end, n_calls: 40.2966959552 40.2753807488 52
cycle:  25 max_shift: 0.011165 LBFGS-B: function start/end, n_calls: 40.2753807488 40.2535931252 52
cycle:  26 max_shift: 0.007745 LBFGS-B: function start/end, n_calls: 40.2535931252 40.2340781463 51
cycle:  27 max_shift: 0.009113 LBFGS-B: function start/end, n_calls: 40.2340781463 40.2186990478 51
cycle:  28 max_shift: 0.006656 LBFGS-B: function start/end, n_calls: 40.2186990478 40.2041046574 51
cycle:  29 max_shift: 0.007871 LBFGS-B: function start/end, n_calls: 40.2041046574 40.1908251241 51
cycle:  30 max_shift: 0.007666 LBFGS-B: function start/end, n_calls: 40.1908251241 40.1774948246 52
cycle:  31 max_shift: 0.006762 LBFGS-B: function start/end, n_calls: 40.1774948246 40.1646598933 51
cycle:  32 max_shift: 0.007534 LBFGS-B: function start/end, n_calls: 40.1646598933 40.1525878425 51
cycle:  33 max_shift: 0.006424 LBFGS-B: function start/end, n_calls: 40.1525878425 40.1394860664 52
cycle:  34 max_shift: 0.015635 LBFGS-B: function start/end, n_calls: 40.1394860664 40.119010714 52
cycle:  35 max_shift: 0.005786 LBFGS-B: function start/end, n_calls: 40.119010714 40.0996240117 51
cycle:  36 max_shift: 0.017672 LBFGS-B: function start/end, n_calls: 40.0996240117 40.0791004537 52
cycle:  37 max_shift: 0.005156 LBFGS-B: function start/end, n_calls: 40.0791004537 40.059969972 52
cycle:  38 max_shift: 0.020721 LBFGS-B: function start/end, n_calls: 40.059969972 40.0410252678 52
cycle:  39 max_shift: 0.005597 LBFGS-B: function start/end, n_calls: 40.0410252678 40.0209600614 51
cycle:  40 max_shift: 0.024174 LBFGS-B: function start/end, n_calls: 40.0209600614 39.9986324308 51
cycle:  41 max_shift: 0.005459 LBFGS-B: function start/end, n_calls: 39.9986324308 39.9773301756 51
cycle:  42 max_shift: 0.044350 LBFGS-B: function start/end, n_calls: 39.9773301756 39.9376637493 51
cycle:  43 max_shift: 0.005589 LBFGS-B: function start/end, n_calls: 39.9376637493 39.9020831214 52
cycle:  44 max_shift: 0.022634 LBFGS-B: function start/end, n_calls: 39.9020831214 39.8830951364 52
cycle:  45 max_shift: 0.005040 LBFGS-B: function start/end, n_calls: 39.8830951364 39.8636989907 52
cycle:  46 max_shift: 0.032017 LBFGS-B: function start/end, n_calls: 39.8636989907 39.8383106071 52
cycle:  47 max_shift: 0.006433 LBFGS-B: function start/end, n_calls: 39.8383106071 39.8115826442 51
cycle:  48 max_shift: 0.040030 LBFGS-B: function start/end, n_calls: 39.8115826442 39.786999998 52
cycle:  49 max_shift: 0.008050 LBFGS-B: function start/end, n_calls: 39.786999998 39.7516642711 51
cycle:  50 max_shift: 0.036213 LBFGS-B: function start/end, n_calls: 39.7516642711 39.7264756186 52
cycle:  51 max_shift: 0.006909 LBFGS-B: function start/end, n_calls: 39.7264756186 39.7033939769 52
cycle:  52 max_shift: 0.011289 LBFGS-B: function start/end, n_calls: 39.7033939769 39.6932686203 51
cycle:  53 max_shift: 0.005397 LBFGS-B: function start/end, n_calls: 39.6932686203 39.6845314955 51
cycle:  54 max_shift: 0.018800 LBFGS-B: function start/end, n_calls: 39.6845314955 39.6742269438 52
cycle:  55 max_shift: 0.004173 LBFGS-B: function start/end, n_calls: 39.6742269438 39.6612256484 52
cycle:  56 max_shift: 0.014347 LBFGS-B: function start/end, n_calls: 39.6612256484 39.651225432 52
cycle:  57 max_shift: 0.010905 LBFGS-B: function start/end, n_calls: 39.651225432 39.6420422783 51
cycle:  58 max_shift: 0.007250 LBFGS-B: function start/end, n_calls: 39.6420422783 39.6350430562 51
cycle:  59 max_shift: 0.005195 LBFGS-B: function start/end, n_calls: 39.6350430562 39.6299103119 51
cycle:  60 max_shift: 0.007116 LBFGS-B: function start/end, n_calls: 39.6299103119 39.6253815877 52
cycle:  61 max_shift: 0.004411 LBFGS-B: function start/end, n_calls: 39.6253815877 39.6213164306 52
cycle:  62 max_shift: 0.004809 LBFGS-B: function start/end, n_calls: 39.6213164306 39.6181177847 51
cycle:  63 max_shift: 0.004772 LBFGS-B: function start/end, n_calls: 39.6181177847 39.6148866012 51
cycle:  64 max_shift: 0.005823 LBFGS-B: function start/end, n_calls: 39.6148866012 39.6117801768 51
cycle:  65 max_shift: 0.003507 LBFGS-B: function start/end, n_calls: 39.6117801768 39.6086784387 52
cycle:  66 max_shift: 0.008649 LBFGS-B: function start/end, n_calls: 39.6086784387 39.6048437945 52
cycle:  67 max_shift: 0.003399 LBFGS-B: function start/end, n_calls: 39.6048437945 39.6017490102 52
cycle:  68 max_shift: 0.006948 LBFGS-B: function start/end, n_calls: 39.6017490102 39.5994294739 52
cycle:  69 max_shift: 0.003003 LBFGS-B: function start/end, n_calls: 39.5994294739 39.5964516506 52
cycle:  70 max_shift: 0.006822 LBFGS-B: function start/end, n_calls: 39.5964516506 39.594009009 51
cycle:  71 max_shift: 0.002349 LBFGS-B: function start/end, n_calls: 39.594009009 39.5917732482 52
cycle:  72 max_shift: 0.007442 LBFGS-B: function start/end, n_calls: 39.5917732482 39.589442948 52
cycle:  73 max_shift: 0.002965 LBFGS-B: function start/end, n_calls: 39.589442948 39.5870497715 52
cycle:  74 max_shift: 0.004605 LBFGS-B: function start/end, n_calls: 39.5870497715 39.5852821109 52
cycle:  75 max_shift: 0.002100 LBFGS-B: function start/end, n_calls: 39.5852821109 39.5837191917 52
cycle:  76 max_shift: 0.004987 LBFGS-B: function start/end, n_calls: 39.5837191917 39.5821143417 52
cycle:  77 max_shift: 0.003623 LBFGS-B: function start/end, n_calls: 39.5821143417 39.5803601327 52
cycle:  78 max_shift: 0.002868 LBFGS-B: function start/end, n_calls: 39.5803601327 39.5789777728 52
cycle:  79 max_shift: 0.004652 LBFGS-B: function start/end, n_calls: 39.5789777728 39.5773881226 53
cycle:  80 max_shift: 0.005128 LBFGS-B: function start/end, n_calls: 39.5773881226 39.5753341285 52
cycle:  81 max_shift: 0.002152 LBFGS-B: function start/end, n_calls: 39.5753341285 39.5741031254 51
cycle:  82 max_shift: 0.003926 LBFGS-B: function start/end, n_calls: 39.5741031254 39.5729488202 51
cycle:  83 max_shift: 0.002359 LBFGS-B: function start/end, n_calls: 39.5729488202 39.5717779625 51
cycle:  84 max_shift: 0.004268 LBFGS-B: function start/end, n_calls: 39.5717779625 39.5705748034 52
cycle:  85 max_shift: 0.002027 LBFGS-B: function start/end, n_calls: 39.5705748034 39.5695279148 51
cycle:  86 max_shift: 0.005302 LBFGS-B: function start/end, n_calls: 39.5695279148 39.5682773678 52
cycle:  87 max_shift: 0.001623 LBFGS-B: function start/end, n_calls: 39.5682773678 39.5670740515 52
cycle:  88 max_shift: 0.007660 LBFGS-B: function start/end, n_calls: 39.5670740515 39.5655070013 52
cycle:  89 max_shift: 0.001536 LBFGS-B: function start/end, n_calls: 39.5655070013 39.564040764 51
cycle:  90 max_shift: 0.006733 LBFGS-B: function start/end, n_calls: 39.564040764 39.5627952167 52
cycle:  91 max_shift: 0.002071 LBFGS-B: function start/end, n_calls: 39.5627952167 39.5615326213 51
cycle:  92 max_shift: 0.004818 LBFGS-B: function start/end, n_calls: 39.5615326213 39.5606291261 52
cycle:  93 max_shift: 0.001546 LBFGS-B: function start/end, n_calls: 39.5606291261 39.5597198606 51
cycle:  94 max_shift: 0.004821 LBFGS-B: function start/end, n_calls: 39.5597198606 39.558852401 52
cycle:  95 max_shift: 0.001567 LBFGS-B: function start/end, n_calls: 39.558852401 39.5580399874 51
cycle:  96 max_shift: 0.004886 LBFGS-B: function start/end, n_calls: 39.5580399874 39.557302075 51
cycle:  97 max_shift: 0.001948 LBFGS-B: function start/end, n_calls: 39.557302075 39.5563896974 51
cycle:  98 max_shift: 0.007381 LBFGS-B: function start/end, n_calls: 39.5563896974 39.5553455859 51
cycle:  99 max_shift: 0.001566 LBFGS-B: function start/end, n_calls: 39.5553455859 39.554130397 51
final: bond:  0.000 angle:   0.26 clash:   0.0 rota:  0.00 rama: f: 100.00 o:   0.00 Z:   0.43 cb:   0.00
See 5_refined.pdb in pdb folder.
Time: 5.1660
