Starting Q|R
version:   v1.0-208-g2886d5-dirty  
Running refinement
   input {
     xray_data {
       file_name = None
       labels = None
       high_resolution = None
       low_resolution = None
       outliers_rejection = True
       french_wilson_scale = True
       french_wilson {
         max_bins = 60
         min_bin_size = 40
       }
       sigma_fobs_rejection_criterion = None
       sigma_iobs_rejection_criterion = None
       ignore_all_zeros = True
       force_anomalous_flag_to_be_equal_to = None
       convert_to_non_anomalous_if_ratio_pairs_lone_less_than_threshold = 0.5
       r_free_flags {
         file_name = None
         label = None
         test_flag_value = None
         ignore_r_free_flags = False
         disable_suitability_test = False
         ignore_pdb_hexdigest = False
         generate = False
         fraction = 0.1
         max_free = 2000
         lattice_symmetry_max_delta = 5
         use_lattice_symmetry = True
         use_dataman_shells = False
         n_shells = 20
       }
     }
     pdb {
       file_name = None
     }
     monomers {
       file_name = None
     }
     maps {
       map_file_name = None
       d_min = None
       map_coefficients_file_name = None
       map_coefficients_label = None
     }
     sequence = None
     scattering_table = wk1995 it1992 *n_gaussian neutron electron
     wavelength = None
     energy = None
     twin_law = Auto
   }
   max_atoms = 15000
   debug = False
   cluster {
     fast_interaction = True
     charge_cutoff = 8.0
     clustering = false
     charge_embedding = False
     two_buffers = False
     maxnum_residues_in_cluster = 15
     select_within_radius = 10
     clustering_method = gnc *bcc
     altloc_method = average *subtract
     g_scan = 10 15 20
     g_mode = None
     save_clusters = True
     bond_with_altloc = True
     re_calculate_rmsd_tolerance = 0.5
   }
   restraints = *cctbx qm
   expansion = False
   quantum {
     engine_name = *mopac ani torchani terachem turbomole pyscf orca gaussian \
                   xtb
     basis = Auto
     charge = None
     method = Auto
     memory = None
     nproc = None
     qm_addon = gcp dftd3 gcp-d3
     qm_addon_method = None
   }
   refine {
     dry_run = False
     sf_algorithm = *direct fft
     refinement_target_name = *ml ls_wunit_k1
     mode = *opt refine gtest
     number_of_macro_cycles = 1
     number_of_weight_search_cycles = 50
     number_of_refine_cycles = 5
     number_of_micro_cycles = 100
     data_weight = None
     choose_best_use_r_work = False
     skip_weight_search = False
     adjust_restraints_weight_scale_value = 2
     max_iterations_weight = 50
     max_iterations_refine = 50
     use_ase_lbfgs = False
     line_search = True
     stpmax = 0.2
     gradient_only = False
     update_all_scales = True
     refine_sites = True
     refine_adp = False
     restraints_weight_scale = 1.0
     shake_sites = False
     use_convergence_test = True
     max_bond_rmsd = 0.03
     max_r_work_r_free_gap = 5.0
     r_tolerance = 0.001
     rmsd_tolerance = 0.01
     opt_log = False
     pre_opt = False
     pre_opt_stpmax = 0.1
     pre_opt_iter = 10
     pre_opt_switch = 2
     pre_opt_gconv = 3000
     minimizer = lbfgs *lbfgsb
   }
   parallel {
     method = *multiprocessing slurm pbs sge lsf threading
     nproc = None
     qsub_command = None
   }
   output_file_name_prefix = None
   output_folder_name = "pdb"
   rst_file = None
   dump_gradients = None

Setting QM defaults
  Setting QM method to PM7


***********************************************************
restart info will be stored in /home/yanting/work/aniserver_1_qr/ani_qr_test/cctbx_lbfgs/qr-ani-test/qr-cctbx/lbfgs_b/0.6/pdb/6.rst.pickle
***********************************************************

start: bond:  0.014 angle:   1.37 clash:   0.0 rota:  0.00 rama: f:  81.82 o:   9.09 Z:  -5.96 cb:   0.00
cycle:   0 max_shift: 0.197153 LBFGS-B: function start/end, n_calls: 281.417596007 53.5658832984 52
cycle:   1 max_shift: 0.226623 LBFGS-B: function start/end, n_calls: 53.5658832984 45.8981627271 52
cycle:   2 max_shift: 0.079448 LBFGS-B: function start/end, n_calls: 45.8981627271 44.0775784522 52
cycle:   3 max_shift: 0.055678 LBFGS-B: function start/end, n_calls: 44.0775784522 43.1920829209 51
cycle:   4 max_shift: 0.043406 LBFGS-B: function start/end, n_calls: 43.1920829209 42.6362568731 51
cycle:   5 max_shift: 0.046821 LBFGS-B: function start/end, n_calls: 42.6362568731 42.2057662312 52
cycle:   6 max_shift: 0.036892 LBFGS-B: function start/end, n_calls: 42.2057662312 41.8895703953 51
cycle:   7 max_shift: 0.027525 LBFGS-B: function start/end, n_calls: 41.8895703953 41.6607593349 51
cycle:   8 max_shift: 0.032938 LBFGS-B: function start/end, n_calls: 41.6607593349 41.4590516275 52
cycle:   9 max_shift: 0.025176 LBFGS-B: function start/end, n_calls: 41.4590516275 41.295589147 52
cycle:  10 max_shift: 0.023847 LBFGS-B: function start/end, n_calls: 41.295589147 41.1630874853 52
cycle:  11 max_shift: 0.019208 LBFGS-B: function start/end, n_calls: 41.1630874853 41.0583986407 51
cycle:  12 max_shift: 0.021557 LBFGS-B: function start/end, n_calls: 41.0583986407 40.9655191739 52
cycle:  13 max_shift: 0.017308 LBFGS-B: function start/end, n_calls: 40.9655191739 40.8801028996 52
cycle:  14 max_shift: 0.021698 LBFGS-B: function start/end, n_calls: 40.8801028996 40.7980533336 52
cycle:  15 max_shift: 0.012046 LBFGS-B: function start/end, n_calls: 40.7980533336 40.7371975616 51
cycle:  16 max_shift: 0.030895 LBFGS-B: function start/end, n_calls: 40.7371975616 40.6548086048 51
cycle:  17 max_shift: 0.013244 LBFGS-B: function start/end, n_calls: 40.6548086048 40.5710370686 51
cycle:  18 max_shift: 0.018526 LBFGS-B: function start/end, n_calls: 40.5710370686 40.5231765979 52
cycle:  19 max_shift: 0.010867 LBFGS-B: function start/end, n_calls: 40.5231765979 40.4819061867 52
cycle:  20 max_shift: 0.017576 LBFGS-B: function start/end, n_calls: 40.4819061867 40.4513813259 52
cycle:  21 max_shift: 0.007768 LBFGS-B: function start/end, n_calls: 40.4513813259 40.4158856134 51
cycle:  22 max_shift: 0.033189 LBFGS-B: function start/end, n_calls: 40.4158856134 40.372255877 51
cycle:  23 max_shift: 0.007444 LBFGS-B: function start/end, n_calls: 40.372255877 40.3339952267 52
cycle:  24 max_shift: 0.045097 LBFGS-B: function start/end, n_calls: 40.3339952267 40.2918912601 52
cycle:  25 max_shift: 0.007963 LBFGS-B: function start/end, n_calls: 40.2918912601 40.2468552088 51
cycle:  26 max_shift: 0.046615 LBFGS-B: function start/end, n_calls: 40.2468552088 40.2056100944 51
cycle:  27 max_shift: 0.005829 LBFGS-B: function start/end, n_calls: 40.2056100944 40.1711582589 51
cycle:  28 max_shift: 0.045578 LBFGS-B: function start/end, n_calls: 40.1711582589 40.1429216591 52
cycle:  29 max_shift: 0.007843 LBFGS-B: function start/end, n_calls: 40.1429216591 40.1118227831 52
cycle:  30 max_shift: 0.025676 LBFGS-B: function start/end, n_calls: 40.1118227831 40.0923903862 51
cycle:  31 max_shift: 0.011662 LBFGS-B: function start/end, n_calls: 40.0923903862 40.0739609386 52
cycle:  32 max_shift: 0.009154 LBFGS-B: function start/end, n_calls: 40.0739609386 40.0628819957 51
cycle:  33 max_shift: 0.014851 LBFGS-B: function start/end, n_calls: 40.0628819957 40.0518572361 52
cycle:  34 max_shift: 0.006833 LBFGS-B: function start/end, n_calls: 40.0518572361 40.0400535321 52
cycle:  35 max_shift: 0.022314 LBFGS-B: function start/end, n_calls: 40.0400535321 40.0250333008 52
cycle:  36 max_shift: 0.008787 LBFGS-B: function start/end, n_calls: 40.0250333008 40.011707075 51
cycle:  37 max_shift: 0.023796 LBFGS-B: function start/end, n_calls: 40.011707075 39.9968921647 51
cycle:  38 max_shift: 0.005700 LBFGS-B: function start/end, n_calls: 39.9968921647 39.9826638817 51
cycle:  39 max_shift: 0.020286 LBFGS-B: function start/end, n_calls: 39.9826638817 39.9712550118 52
cycle:  40 max_shift: 0.008470 LBFGS-B: function start/end, n_calls: 39.9712550118 39.9571778216 52
cycle:  41 max_shift: 0.041341 LBFGS-B: function start/end, n_calls: 39.9571778216 39.937702686 52
cycle:  42 max_shift: 0.006305 LBFGS-B: function start/end, n_calls: 39.937702686 39.9153022643 51
cycle:  43 max_shift: 0.085366 LBFGS-B: function start/end, n_calls: 39.9153022643 39.879011093 51
cycle:  44 max_shift: 0.009181 LBFGS-B: function start/end, n_calls: 39.879011093 39.8398109965 51
cycle:  45 max_shift: 0.069836 LBFGS-B: function start/end, n_calls: 39.8398109965 39.810524336 52
cycle:  46 max_shift: 0.005378 LBFGS-B: function start/end, n_calls: 39.810524336 39.7812668112 51
cycle:  47 max_shift: 0.018930 LBFGS-B: function start/end, n_calls: 39.7812668112 39.771138924 51
cycle:  48 max_shift: 0.005247 LBFGS-B: function start/end, n_calls: 39.771138924 39.7634399462 52
cycle:  49 max_shift: 0.016537 LBFGS-B: function start/end, n_calls: 39.7634399462 39.755062087 52
cycle:  50 max_shift: 0.006229 LBFGS-B: function start/end, n_calls: 39.755062087 39.7471548632 52
cycle:  51 max_shift: 0.008006 LBFGS-B: function start/end, n_calls: 39.7471548632 39.7419402167 51
cycle:  52 max_shift: 0.006882 LBFGS-B: function start/end, n_calls: 39.7419402167 39.7368230294 51
cycle:  53 max_shift: 0.012616 LBFGS-B: function start/end, n_calls: 39.7368230294 39.7297568896 52
cycle:  54 max_shift: 0.005930 LBFGS-B: function start/end, n_calls: 39.7297568896 39.723511516 51
cycle:  55 max_shift: 0.007370 LBFGS-B: function start/end, n_calls: 39.723511516 39.71886338 52
cycle:  56 max_shift: 0.007723 LBFGS-B: function start/end, n_calls: 39.71886338 39.7144960873 51
cycle:  57 max_shift: 0.005088 LBFGS-B: function start/end, n_calls: 39.7144960873 39.7099295888 51
cycle:  58 max_shift: 0.009654 LBFGS-B: function start/end, n_calls: 39.7099295888 39.7050777939 52
cycle:  59 max_shift: 0.006819 LBFGS-B: function start/end, n_calls: 39.7050777939 39.7003975473 51
cycle:  60 max_shift: 0.005612 LBFGS-B: function start/end, n_calls: 39.7003975473 39.6963839691 51
cycle:  61 max_shift: 0.010705 LBFGS-B: function start/end, n_calls: 39.6963839691 39.6913075789 51
cycle:  62 max_shift: 0.005085 LBFGS-B: function start/end, n_calls: 39.6913075789 39.6861495509 52
cycle:  63 max_shift: 0.009624 LBFGS-B: function start/end, n_calls: 39.6861495509 39.681773921 51
cycle:  64 max_shift: 0.004789 LBFGS-B: function start/end, n_calls: 39.681773921 39.6774873044 52
cycle:  65 max_shift: 0.008103 LBFGS-B: function start/end, n_calls: 39.6774873044 39.6738065159 51
cycle:  66 max_shift: 0.004673 LBFGS-B: function start/end, n_calls: 39.6738065159 39.67008436 52
cycle:  67 max_shift: 0.007095 LBFGS-B: function start/end, n_calls: 39.67008436 39.6668010561 51
cycle:  68 max_shift: 0.004645 LBFGS-B: function start/end, n_calls: 39.6668010561 39.6634208713 51
cycle:  69 max_shift: 0.008952 LBFGS-B: function start/end, n_calls: 39.6634208713 39.6597251939 51
cycle:  70 max_shift: 0.004203 LBFGS-B: function start/end, n_calls: 39.6597251939 39.65594235 52
cycle:  71 max_shift: 0.010352 LBFGS-B: function start/end, n_calls: 39.65594235 39.6518183774 51
cycle:  72 max_shift: 0.003768 LBFGS-B: function start/end, n_calls: 39.6518183774 39.6480818395 51
cycle:  73 max_shift: 0.010675 LBFGS-B: function start/end, n_calls: 39.6480818395 39.6438384978 52
cycle:  74 max_shift: 0.003608 LBFGS-B: function start/end, n_calls: 39.6438384978 39.6403882458 52
cycle:  75 max_shift: 0.010078 LBFGS-B: function start/end, n_calls: 39.6403882458 39.6370860864 52
cycle:  76 max_shift: 0.002987 LBFGS-B: function start/end, n_calls: 39.6370860864 39.63334262 52
cycle:  77 max_shift: 0.013035 LBFGS-B: function start/end, n_calls: 39.63334262 39.6294533398 52
cycle:  78 max_shift: 0.002481 LBFGS-B: function start/end, n_calls: 39.6294533398 39.6254698425 51
cycle:  79 max_shift: 0.014826 LBFGS-B: function start/end, n_calls: 39.6254698425 39.6219252865 52
cycle:  80 max_shift: 0.002313 LBFGS-B: function start/end, n_calls: 39.6219252865 39.6171625583 52
cycle:  81 max_shift: 0.023166 LBFGS-B: function start/end, n_calls: 39.6171625583 39.6118292665 52
cycle:  82 max_shift: 0.002492 LBFGS-B: function start/end, n_calls: 39.6118292665 39.6057123429 52
cycle:  83 max_shift: 0.009684 LBFGS-B: function start/end, n_calls: 39.6057123429 39.6030799921 52
cycle:  84 max_shift: 0.001839 LBFGS-B: function start/end, n_calls: 39.6030799921 39.600874039 52
cycle:  85 max_shift: 0.012802 LBFGS-B: function start/end, n_calls: 39.600874039 39.5968339614 51
cycle:  86 max_shift: 0.003225 LBFGS-B: function start/end, n_calls: 39.5968339614 39.5946141295 51
cycle:  87 max_shift: 0.002636 LBFGS-B: function start/end, n_calls: 39.5946141295 39.5934974247 51
cycle:  88 max_shift: 0.003139 LBFGS-B: function start/end, n_calls: 39.5934974247 39.5924202575 52
cycle:  89 max_shift: 0.002762 LBFGS-B: function start/end, n_calls: 39.5924202575 39.5912445393 51
cycle:  90 max_shift: 0.003557 LBFGS-B: function start/end, n_calls: 39.5912445393 39.5901277541 51
cycle:  91 max_shift: 0.003454 LBFGS-B: function start/end, n_calls: 39.5901277541 39.5887079774 51
cycle:  92 max_shift: 0.002716 LBFGS-B: function start/end, n_calls: 39.5887079774 39.5876399085 52
cycle:  93 max_shift: 0.002682 LBFGS-B: function start/end, n_calls: 39.5876399085 39.5866377642 51
cycle:  94 max_shift: 0.003830 LBFGS-B: function start/end, n_calls: 39.5866377642 39.5854563425 52
cycle:  95 max_shift: 0.002511 LBFGS-B: function start/end, n_calls: 39.5854563425 39.5843992829 51
cycle:  96 max_shift: 0.002226 LBFGS-B: function start/end, n_calls: 39.5843992829 39.5835667884 51
cycle:  97 max_shift: 0.002686 LBFGS-B: function start/end, n_calls: 39.5835667884 39.5827427319 51
cycle:  98 max_shift: 0.002565 LBFGS-B: function start/end, n_calls: 39.5827427319 39.5818198451 51
cycle:  99 max_shift: 0.002902 LBFGS-B: function start/end, n_calls: 39.5818198451 39.5810223617 52
final: bond:  0.000 angle:   0.24 clash:   0.0 rota:  0.00 rama: f: 100.00 o:   0.00 Z:  -1.98 cb:   0.00
See 6_refined.pdb in pdb folder.
Time: 5.0667
