Starting Q|R
version:   v1.0-208-g2886d5-dirty  
Running refinement
   input {
     xray_data {
       file_name = None
       labels = None
       high_resolution = None
       low_resolution = None
       outliers_rejection = True
       french_wilson_scale = True
       french_wilson {
         max_bins = 60
         min_bin_size = 40
       }
       sigma_fobs_rejection_criterion = None
       sigma_iobs_rejection_criterion = None
       ignore_all_zeros = True
       force_anomalous_flag_to_be_equal_to = None
       convert_to_non_anomalous_if_ratio_pairs_lone_less_than_threshold = 0.5
       r_free_flags {
         file_name = None
         label = None
         test_flag_value = None
         ignore_r_free_flags = False
         disable_suitability_test = False
         ignore_pdb_hexdigest = False
         generate = False
         fraction = 0.1
         max_free = 2000
         lattice_symmetry_max_delta = 5
         use_lattice_symmetry = True
         use_dataman_shells = False
         n_shells = 20
       }
     }
     pdb {
       file_name = None
     }
     monomers {
       file_name = None
     }
     maps {
       map_file_name = None
       d_min = None
       map_coefficients_file_name = None
       map_coefficients_label = None
     }
     sequence = None
     scattering_table = wk1995 it1992 *n_gaussian neutron electron
     wavelength = None
     energy = None
     twin_law = Auto
   }
   max_atoms = 15000
   debug = False
   cluster {
     fast_interaction = True
     charge_cutoff = 8.0
     clustering = false
     charge_embedding = False
     two_buffers = False
     maxnum_residues_in_cluster = 15
     select_within_radius = 10
     clustering_method = gnc *bcc
     altloc_method = average *subtract
     g_scan = 10 15 20
     g_mode = None
     save_clusters = True
     bond_with_altloc = True
     re_calculate_rmsd_tolerance = 0.5
   }
   restraints = *cctbx qm
   expansion = False
   quantum {
     engine_name = *mopac ani torchani terachem turbomole pyscf orca gaussian \
                   xtb
     basis = Auto
     charge = None
     method = Auto
     memory = None
     nproc = None
     qm_addon = gcp dftd3 gcp-d3
     qm_addon_method = None
   }
   refine {
     dry_run = False
     sf_algorithm = *direct fft
     refinement_target_name = *ml ls_wunit_k1
     mode = *opt refine gtest
     number_of_macro_cycles = 1
     number_of_weight_search_cycles = 50
     number_of_refine_cycles = 5
     number_of_micro_cycles = 100
     data_weight = None
     choose_best_use_r_work = False
     skip_weight_search = False
     adjust_restraints_weight_scale_value = 2
     max_iterations_weight = 50
     max_iterations_refine = 50
     use_ase_lbfgs = False
     line_search = True
     stpmax = 0.2
     gradient_only = False
     update_all_scales = True
     refine_sites = True
     refine_adp = False
     restraints_weight_scale = 1.0
     shake_sites = False
     use_convergence_test = True
     max_bond_rmsd = 0.03
     max_r_work_r_free_gap = 5.0
     r_tolerance = 0.001
     rmsd_tolerance = 0.01
     opt_log = False
     pre_opt = False
     pre_opt_stpmax = 0.1
     pre_opt_iter = 10
     pre_opt_switch = 2
     pre_opt_gconv = 3000
     minimizer = lbfgs *lbfgsb
   }
   parallel {
     method = *multiprocessing slurm pbs sge lsf threading
     nproc = None
     qsub_command = None
   }
   output_file_name_prefix = None
   output_folder_name = "pdb"
   rst_file = None
   dump_gradients = None

Setting QM defaults
  Setting QM method to PM7


***********************************************************
restart info will be stored in /home/yanting/work/aniserver_1_qr/ani_qr_test/cctbx_lbfgs/qr-ani-test/qr-cctbx/lbfgs_b/0.6/pdb/7.rst.pickle
***********************************************************

start: bond:  0.016 angle:   1.60 clash:   0.0 rota:  0.00 rama: f:  90.91 o:   0.00 Z:  -5.49 cb:   0.00
cycle:   0 max_shift: 0.203832 LBFGS-B: function start/end, n_calls: 303.634491735 57.1043042357 51
cycle:   1 max_shift: 0.222835 LBFGS-B: function start/end, n_calls: 57.1043042357 48.4299941736 52
cycle:   2 max_shift: 0.070744 LBFGS-B: function start/end, n_calls: 48.4299941736 46.8452485578 52
cycle:   3 max_shift: 0.072067 LBFGS-B: function start/end, n_calls: 46.8452485578 46.0849719874 52
cycle:   4 max_shift: 0.031890 LBFGS-B: function start/end, n_calls: 46.0849719874 45.6305228963 51
cycle:   5 max_shift: 0.049343 LBFGS-B: function start/end, n_calls: 45.6305228963 45.2601398887 52
cycle:   6 max_shift: 0.021727 LBFGS-B: function start/end, n_calls: 45.2601398887 44.988493722 51
cycle:   7 max_shift: 0.051506 LBFGS-B: function start/end, n_calls: 44.988493722 44.7393778629 52
cycle:   8 max_shift: 0.018669 LBFGS-B: function start/end, n_calls: 44.7393778629 44.4943345948 52
cycle:   9 max_shift: 0.064327 LBFGS-B: function start/end, n_calls: 44.4943345948 44.2768437426 52
cycle:  10 max_shift: 0.016869 LBFGS-B: function start/end, n_calls: 44.2768437426 44.0655778292 52
cycle:  11 max_shift: 0.037621 LBFGS-B: function start/end, n_calls: 44.0655778292 43.9499573919 52
cycle:  12 max_shift: 0.015515 LBFGS-B: function start/end, n_calls: 43.9499573919 43.8455736995 52
cycle:  13 max_shift: 0.027770 LBFGS-B: function start/end, n_calls: 43.8455736995 43.7623947252 52
cycle:  14 max_shift: 0.014147 LBFGS-B: function start/end, n_calls: 43.7623947252 43.6901783746 51
cycle:  15 max_shift: 0.018169 LBFGS-B: function start/end, n_calls: 43.6901783746 43.6363321337 51
cycle:  16 max_shift: 0.012060 LBFGS-B: function start/end, n_calls: 43.6363321337 43.5807327139 51
cycle:  17 max_shift: 0.024156 LBFGS-B: function start/end, n_calls: 43.5807327139 43.5240115851 52
cycle:  18 max_shift: 0.011435 LBFGS-B: function start/end, n_calls: 43.5240115851 43.4713301883 51
cycle:  19 max_shift: 0.035220 LBFGS-B: function start/end, n_calls: 43.4713301883 43.4120589225 52
cycle:  20 max_shift: 0.011766 LBFGS-B: function start/end, n_calls: 43.4120589225 43.3525239717 51
cycle:  21 max_shift: 0.041520 LBFGS-B: function start/end, n_calls: 43.3525239717 43.2918596017 52
cycle:  22 max_shift: 0.015012 LBFGS-B: function start/end, n_calls: 43.2918596017 43.2305271775 52
cycle:  23 max_shift: 0.026627 LBFGS-B: function start/end, n_calls: 43.2305271775 43.1872606891 51
cycle:  24 max_shift: 0.020842 LBFGS-B: function start/end, n_calls: 43.1872606891 43.1396646309 51
cycle:  25 max_shift: 0.034792 LBFGS-B: function start/end, n_calls: 43.1396646309 43.0889415552 52
cycle:  26 max_shift: 0.019694 LBFGS-B: function start/end, n_calls: 43.0889415552 43.0299685133 52
cycle:  27 max_shift: 0.033331 LBFGS-B: function start/end, n_calls: 43.0299685133 42.9769509848 52
cycle:  28 max_shift: 0.029002 LBFGS-B: function start/end, n_calls: 42.9769509848 42.910200211 52
cycle:  29 max_shift: 0.032933 LBFGS-B: function start/end, n_calls: 42.910200211 42.8404214343 51
cycle:  30 max_shift: 0.042880 LBFGS-B: function start/end, n_calls: 42.8404214343 42.7574651123 52
cycle:  31 max_shift: 0.028349 LBFGS-B: function start/end, n_calls: 42.7574651123 42.6670453668 52
cycle:  32 max_shift: 0.054188 LBFGS-B: function start/end, n_calls: 42.6670453668 42.5659090476 51
cycle:  33 max_shift: 0.027030 LBFGS-B: function start/end, n_calls: 42.5659090476 42.4436094863 52
cycle:  34 max_shift: 0.120062 LBFGS-B: function start/end, n_calls: 42.4436094863 42.2366995998 52
cycle:  35 max_shift: 0.031289 LBFGS-B: function start/end, n_calls: 42.2366995998 41.9755338791 52
cycle:  36 max_shift: 0.102204 LBFGS-B: function start/end, n_calls: 41.9755338791 41.7532621602 51
cycle:  37 max_shift: 0.042075 LBFGS-B: function start/end, n_calls: 41.7532621602 41.4737751949 52
cycle:  38 max_shift: 0.100040 LBFGS-B: function start/end, n_calls: 41.4737751949 41.2081361384 52
cycle:  39 max_shift: 0.045452 LBFGS-B: function start/end, n_calls: 41.2081361384 40.9443420575 52
cycle:  40 max_shift: 0.069188 LBFGS-B: function start/end, n_calls: 40.9443420575 40.7402362151 52
cycle:  41 max_shift: 0.044688 LBFGS-B: function start/end, n_calls: 40.7402362151 40.5546454571 52
cycle:  42 max_shift: 0.055403 LBFGS-B: function start/end, n_calls: 40.5546454571 40.4058830003 52
cycle:  43 max_shift: 0.033889 LBFGS-B: function start/end, n_calls: 40.4058830003 40.290420267 52
cycle:  44 max_shift: 0.035865 LBFGS-B: function start/end, n_calls: 40.290420267 40.2066341206 51
cycle:  45 max_shift: 0.021376 LBFGS-B: function start/end, n_calls: 40.2066341206 40.1402888927 51
cycle:  46 max_shift: 0.036352 LBFGS-B: function start/end, n_calls: 40.1402888927 40.0833727151 52
cycle:  47 max_shift: 0.014407 LBFGS-B: function start/end, n_calls: 40.0833727151 40.0351976856 52
cycle:  48 max_shift: 0.035204 LBFGS-B: function start/end, n_calls: 40.0351976856 39.9942593328 52
cycle:  49 max_shift: 0.007777 LBFGS-B: function start/end, n_calls: 39.9942593328 39.9556780554 52
cycle:  50 max_shift: 0.028282 LBFGS-B: function start/end, n_calls: 39.9556780554 39.9251522499 52
cycle:  51 max_shift: 0.006575 LBFGS-B: function start/end, n_calls: 39.9251522499 39.8966855537 52
cycle:  52 max_shift: 0.017987 LBFGS-B: function start/end, n_calls: 39.8966855537 39.8763265065 51
cycle:  53 max_shift: 0.005448 LBFGS-B: function start/end, n_calls: 39.8763265065 39.853128616 51
cycle:  54 max_shift: 0.035710 LBFGS-B: function start/end, n_calls: 39.853128616 39.8183394176 52
cycle:  55 max_shift: 0.005954 LBFGS-B: function start/end, n_calls: 39.8183394176 39.7892657683 52
cycle:  56 max_shift: 0.016681 LBFGS-B: function start/end, n_calls: 39.7892657683 39.773700671 52
cycle:  57 max_shift: 0.004721 LBFGS-B: function start/end, n_calls: 39.773700671 39.760153851 51
cycle:  58 max_shift: 0.008641 LBFGS-B: function start/end, n_calls: 39.760153851 39.7514488134 52
cycle:  59 max_shift: 0.007911 LBFGS-B: function start/end, n_calls: 39.7514488134 39.7408020727 52
cycle:  60 max_shift: 0.006065 LBFGS-B: function start/end, n_calls: 39.7408020727 39.7325173211 51
cycle:  61 max_shift: 0.018760 LBFGS-B: function start/end, n_calls: 39.7325173211 39.7176842645 52
cycle:  62 max_shift: 0.005256 LBFGS-B: function start/end, n_calls: 39.7176842645 39.7042617168 52
cycle:  63 max_shift: 0.011453 LBFGS-B: function start/end, n_calls: 39.7042617168 39.6961498955 52
cycle:  64 max_shift: 0.003468 LBFGS-B: function start/end, n_calls: 39.6961498955 39.6886838936 51
cycle:  65 max_shift: 0.007482 LBFGS-B: function start/end, n_calls: 39.6886838936 39.6830075775 51
cycle:  66 max_shift: 0.006032 LBFGS-B: function start/end, n_calls: 39.6830075775 39.6764069249 52
cycle:  67 max_shift: 0.006789 LBFGS-B: function start/end, n_calls: 39.6764069249 39.6705049783 52
cycle:  68 max_shift: 0.006495 LBFGS-B: function start/end, n_calls: 39.6705049783 39.6646142502 51
cycle:  69 max_shift: 0.003090 LBFGS-B: function start/end, n_calls: 39.6646142502 39.6599903242 51
cycle:  70 max_shift: 0.005499 LBFGS-B: function start/end, n_calls: 39.6599903242 39.6558120728 52
cycle:  71 max_shift: 0.004449 LBFGS-B: function start/end, n_calls: 39.6558120728 39.6520625465 52
cycle:  72 max_shift: 0.007750 LBFGS-B: function start/end, n_calls: 39.6520625465 39.646908802 52
cycle:  73 max_shift: 0.002458 LBFGS-B: function start/end, n_calls: 39.646908802 39.642770677 51
cycle:  74 max_shift: 0.007933 LBFGS-B: function start/end, n_calls: 39.642770677 39.638636522 51
cycle:  75 max_shift: 0.002483 LBFGS-B: function start/end, n_calls: 39.638636522 39.6347429804 52
cycle:  76 max_shift: 0.009436 LBFGS-B: function start/end, n_calls: 39.6347429804 39.6317141284 51
cycle:  77 max_shift: 0.002790 LBFGS-B: function start/end, n_calls: 39.6317141284 39.6262193312 51
cycle:  78 max_shift: 0.007924 LBFGS-B: function start/end, n_calls: 39.6262193312 39.6228717107 52
cycle:  79 max_shift: 0.002701 LBFGS-B: function start/end, n_calls: 39.6228717107 39.61919115 51
cycle:  80 max_shift: 0.003920 LBFGS-B: function start/end, n_calls: 39.61919115 39.6169911812 51
cycle:  81 max_shift: 0.002706 LBFGS-B: function start/end, n_calls: 39.6169911812 39.6147042531 51
cycle:  82 max_shift: 0.007568 LBFGS-B: function start/end, n_calls: 39.6147042531 39.61125807 52
cycle:  83 max_shift: 0.002661 LBFGS-B: function start/end, n_calls: 39.61125807 39.6082301065 51
cycle:  84 max_shift: 0.003524 LBFGS-B: function start/end, n_calls: 39.6082301065 39.6062624958 52
cycle:  85 max_shift: 0.002124 LBFGS-B: function start/end, n_calls: 39.6062624958 39.6045911776 51
cycle:  86 max_shift: 0.003075 LBFGS-B: function start/end, n_calls: 39.6045911776 39.602872434 52
cycle:  87 max_shift: 0.002353 LBFGS-B: function start/end, n_calls: 39.602872434 39.6012743646 51
cycle:  88 max_shift: 0.002040 LBFGS-B: function start/end, n_calls: 39.6012743646 39.5998908371 52
cycle:  89 max_shift: 0.007228 LBFGS-B: function start/end, n_calls: 39.5998908371 39.5972623597 52
cycle:  90 max_shift: 0.001584 LBFGS-B: function start/end, n_calls: 39.5972623597 39.5948210542 51
cycle:  91 max_shift: 0.006602 LBFGS-B: function start/end, n_calls: 39.5948210542 39.5921148472 52
cycle:  92 max_shift: 0.001361 LBFGS-B: function start/end, n_calls: 39.5921148472 39.5905138445 51
cycle:  93 max_shift: 0.005082 LBFGS-B: function start/end, n_calls: 39.5905138445 39.5890782832 51
cycle:  94 max_shift: 0.001641 LBFGS-B: function start/end, n_calls: 39.5890782832 39.587184575 51
cycle:  95 max_shift: 0.007032 LBFGS-B: function start/end, n_calls: 39.587184575 39.5847303464 52
cycle:  96 max_shift: 0.001533 LBFGS-B: function start/end, n_calls: 39.5847303464 39.5829709023 52
cycle:  97 max_shift: 0.005543 LBFGS-B: function start/end, n_calls: 39.5829709023 39.5811906553 52
cycle:  98 max_shift: 0.001464 LBFGS-B: function start/end, n_calls: 39.5811906553 39.5797076013 51
cycle:  99 max_shift: 0.009357 LBFGS-B: function start/end, n_calls: 39.5797076013 39.5772661722 52
final: bond:  0.000 angle:   0.25 clash:   0.0 rota:  0.00 rama: f: 100.00 o:   0.00 Z:   1.58 cb:   0.00
See 7_refined.pdb in pdb folder.
Time: 5.0956
