Starting Q|R
version:   v1.0-208-g2886d5-dirty  
Running refinement
   input {
     xray_data {
       file_name = None
       labels = None
       high_resolution = None
       low_resolution = None
       outliers_rejection = True
       french_wilson_scale = True
       french_wilson {
         max_bins = 60
         min_bin_size = 40
       }
       sigma_fobs_rejection_criterion = None
       sigma_iobs_rejection_criterion = None
       ignore_all_zeros = True
       force_anomalous_flag_to_be_equal_to = None
       convert_to_non_anomalous_if_ratio_pairs_lone_less_than_threshold = 0.5
       r_free_flags {
         file_name = None
         label = None
         test_flag_value = None
         ignore_r_free_flags = False
         disable_suitability_test = False
         ignore_pdb_hexdigest = False
         generate = False
         fraction = 0.1
         max_free = 2000
         lattice_symmetry_max_delta = 5
         use_lattice_symmetry = True
         use_dataman_shells = False
         n_shells = 20
       }
     }
     pdb {
       file_name = None
     }
     monomers {
       file_name = None
     }
     maps {
       map_file_name = None
       d_min = None
       map_coefficients_file_name = None
       map_coefficients_label = None
     }
     sequence = None
     scattering_table = wk1995 it1992 *n_gaussian neutron electron
     wavelength = None
     energy = None
     twin_law = Auto
   }
   max_atoms = 15000
   debug = False
   cluster {
     fast_interaction = True
     charge_cutoff = 8.0
     clustering = false
     charge_embedding = False
     two_buffers = False
     maxnum_residues_in_cluster = 15
     select_within_radius = 10
     clustering_method = gnc *bcc
     altloc_method = average *subtract
     g_scan = 10 15 20
     g_mode = None
     save_clusters = True
     bond_with_altloc = True
     re_calculate_rmsd_tolerance = 0.5
   }
   restraints = *cctbx qm
   expansion = False
   quantum {
     engine_name = *mopac ani torchani terachem turbomole pyscf orca gaussian \
                   xtb
     basis = Auto
     charge = None
     method = Auto
     memory = None
     nproc = None
     qm_addon = gcp dftd3 gcp-d3
     qm_addon_method = None
   }
   refine {
     dry_run = False
     sf_algorithm = *direct fft
     refinement_target_name = *ml ls_wunit_k1
     mode = *opt refine gtest
     number_of_macro_cycles = 1
     number_of_weight_search_cycles = 50
     number_of_refine_cycles = 5
     number_of_micro_cycles = 100
     data_weight = None
     choose_best_use_r_work = False
     skip_weight_search = False
     adjust_restraints_weight_scale_value = 2
     max_iterations_weight = 50
     max_iterations_refine = 50
     use_ase_lbfgs = False
     line_search = True
     stpmax = 0.2
     gradient_only = False
     update_all_scales = True
     refine_sites = True
     refine_adp = False
     restraints_weight_scale = 1.0
     shake_sites = False
     use_convergence_test = True
     max_bond_rmsd = 0.03
     max_r_work_r_free_gap = 5.0
     r_tolerance = 0.001
     rmsd_tolerance = 0.01
     opt_log = False
     pre_opt = False
     pre_opt_stpmax = 0.1
     pre_opt_iter = 10
     pre_opt_switch = 2
     pre_opt_gconv = 3000
     minimizer = lbfgs *lbfgsb
   }
   parallel {
     method = *multiprocessing slurm pbs sge lsf threading
     nproc = None
     qsub_command = None
   }
   output_file_name_prefix = None
   output_folder_name = "pdb"
   rst_file = None
   dump_gradients = None

Setting QM defaults
  Setting QM method to PM7


***********************************************************
restart info will be stored in /home/yanting/work/aniserver_1_qr/ani_qr_test/cctbx_lbfgs/qr-ani-test/qr-cctbx/lbfgs_b/0.6/pdb/8.rst.pickle
***********************************************************

start: bond:  0.015 angle:   1.21 clash:  11.0 rota:  0.00 rama: f:  90.91 o:   0.00 Z:  -3.76 cb:   0.00
cycle:   0 max_shift: 0.231991 LBFGS-B: function start/end, n_calls: 266.567395176 59.1131929294 52
cycle:   1 max_shift: 0.240177 LBFGS-B: function start/end, n_calls: 59.1131929294 49.6308327797 51
cycle:   2 max_shift: 0.090389 LBFGS-B: function start/end, n_calls: 49.6308327797 47.4014949251 52
cycle:   3 max_shift: 0.058408 LBFGS-B: function start/end, n_calls: 47.4014949251 46.1326734976 51
cycle:   4 max_shift: 0.066905 LBFGS-B: function start/end, n_calls: 46.1326734976 45.1119801345 51
cycle:   5 max_shift: 0.057373 LBFGS-B: function start/end, n_calls: 45.1119801345 44.2793649473 52
cycle:   6 max_shift: 0.033679 LBFGS-B: function start/end, n_calls: 44.2793649473 43.7394370883 51
cycle:   7 max_shift: 0.047981 LBFGS-B: function start/end, n_calls: 43.7394370883 43.2753219836 52
cycle:   8 max_shift: 0.027802 LBFGS-B: function start/end, n_calls: 43.2753219836 42.8818789053 51
cycle:   9 max_shift: 0.076007 LBFGS-B: function start/end, n_calls: 42.8818789053 42.4064575203 52
cycle:  10 max_shift: 0.019774 LBFGS-B: function start/end, n_calls: 42.4064575203 42.0372356971 51
cycle:  11 max_shift: 0.048090 LBFGS-B: function start/end, n_calls: 42.0372356971 41.7971238109 51
cycle:  12 max_shift: 0.015659 LBFGS-B: function start/end, n_calls: 41.7971238109 41.60458385 51
cycle:  13 max_shift: 0.053685 LBFGS-B: function start/end, n_calls: 41.60458385 41.4234521546 51
cycle:  14 max_shift: 0.015166 LBFGS-B: function start/end, n_calls: 41.4234521546 41.2053457952 52
cycle:  15 max_shift: 0.062893 LBFGS-B: function start/end, n_calls: 41.2053457952 40.9883102823 52
cycle:  16 max_shift: 0.017407 LBFGS-B: function start/end, n_calls: 40.9883102823 40.8123542696 51
cycle:  17 max_shift: 0.036493 LBFGS-B: function start/end, n_calls: 40.8123542696 40.7008207963 52
cycle:  18 max_shift: 0.014998 LBFGS-B: function start/end, n_calls: 40.7008207963 40.600189872 52
cycle:  19 max_shift: 0.024360 LBFGS-B: function start/end, n_calls: 40.600189872 40.5302196312 52
cycle:  20 max_shift: 0.013481 LBFGS-B: function start/end, n_calls: 40.5302196312 40.4614186426 51
cycle:  21 max_shift: 0.012323 LBFGS-B: function start/end, n_calls: 40.4614186426 40.4161015057 52
cycle:  22 max_shift: 0.010919 LBFGS-B: function start/end, n_calls: 40.4161015057 40.3691250335 51
cycle:  23 max_shift: 0.009676 LBFGS-B: function start/end, n_calls: 40.3691250335 40.3291548381 52
cycle:  24 max_shift: 0.009405 LBFGS-B: function start/end, n_calls: 40.3291548381 40.2898838908 51
cycle:  25 max_shift: 0.029112 LBFGS-B: function start/end, n_calls: 40.2898838908 40.2167216781 51
cycle:  26 max_shift: 0.011741 LBFGS-B: function start/end, n_calls: 40.2167216781 40.1564984901 51
cycle:  27 max_shift: 0.019958 LBFGS-B: function start/end, n_calls: 40.1564984901 40.1082938827 52
cycle:  28 max_shift: 0.005976 LBFGS-B: function start/end, n_calls: 40.1082938827 40.0732660351 52
cycle:  29 max_shift: 0.011303 LBFGS-B: function start/end, n_calls: 40.0732660351 40.0472043432 52
cycle:  30 max_shift: 0.006369 LBFGS-B: function start/end, n_calls: 40.0472043432 40.0211524141 52
cycle:  31 max_shift: 0.015345 LBFGS-B: function start/end, n_calls: 40.0211524141 39.988579167 52
cycle:  32 max_shift: 0.006268 LBFGS-B: function start/end, n_calls: 39.988579167 39.9621843563 52
cycle:  33 max_shift: 0.013312 LBFGS-B: function start/end, n_calls: 39.9621843563 39.9375577409 51
cycle:  34 max_shift: 0.005863 LBFGS-B: function start/end, n_calls: 39.9375577409 39.9147740775 51
cycle:  35 max_shift: 0.008919 LBFGS-B: function start/end, n_calls: 39.9147740775 39.8937327948 52
cycle:  36 max_shift: 0.011688 LBFGS-B: function start/end, n_calls: 39.8937327948 39.8691880958 51
cycle:  37 max_shift: 0.006335 LBFGS-B: function start/end, n_calls: 39.8691880958 39.8506587922 52
cycle:  38 max_shift: 0.005648 LBFGS-B: function start/end, n_calls: 39.8506587922 39.8364772059 52
cycle:  39 max_shift: 0.004323 LBFGS-B: function start/end, n_calls: 39.8364772059 39.825913631 51
cycle:  40 max_shift: 0.015526 LBFGS-B: function start/end, n_calls: 39.825913631 39.8043951195 52
cycle:  41 max_shift: 0.005090 LBFGS-B: function start/end, n_calls: 39.8043951195 39.7856616451 52
cycle:  42 max_shift: 0.015733 LBFGS-B: function start/end, n_calls: 39.7856616451 39.7676818712 51
cycle:  43 max_shift: 0.005384 LBFGS-B: function start/end, n_calls: 39.7676818712 39.7485727155 52
cycle:  44 max_shift: 0.019977 LBFGS-B: function start/end, n_calls: 39.7485727155 39.7308159175 51
cycle:  45 max_shift: 0.004821 LBFGS-B: function start/end, n_calls: 39.7308159175 39.70810228 52
cycle:  46 max_shift: 0.015883 LBFGS-B: function start/end, n_calls: 39.70810228 39.6927765959 52
cycle:  47 max_shift: 0.003914 LBFGS-B: function start/end, n_calls: 39.6927765959 39.6784895859 51
cycle:  48 max_shift: 0.011608 LBFGS-B: function start/end, n_calls: 39.6784895859 39.6692253136 51
cycle:  49 max_shift: 0.003933 LBFGS-B: function start/end, n_calls: 39.6692253136 39.6589887784 52
cycle:  50 max_shift: 0.009941 LBFGS-B: function start/end, n_calls: 39.6589887784 39.6510331408 52
cycle:  51 max_shift: 0.003431 LBFGS-B: function start/end, n_calls: 39.6510331408 39.6439763853 52
cycle:  52 max_shift: 0.004172 LBFGS-B: function start/end, n_calls: 39.6439763853 39.640377569 52
cycle:  53 max_shift: 0.002118 LBFGS-B: function start/end, n_calls: 39.640377569 39.6371580319 51
cycle:  54 max_shift: 0.004308 LBFGS-B: function start/end, n_calls: 39.6371580319 39.6334936383 51
cycle:  55 max_shift: 0.002348 LBFGS-B: function start/end, n_calls: 39.6334936383 39.6301766153 51
cycle:  56 max_shift: 0.005247 LBFGS-B: function start/end, n_calls: 39.6301766153 39.6252152086 52
cycle:  57 max_shift: 0.008781 LBFGS-B: function start/end, n_calls: 39.6252152086 39.6177485257 52
cycle:  58 max_shift: 0.002380 LBFGS-B: function start/end, n_calls: 39.6177485257 39.6129192607 52
cycle:  59 max_shift: 0.006374 LBFGS-B: function start/end, n_calls: 39.6129192607 39.6089559138 52
cycle:  60 max_shift: 0.002969 LBFGS-B: function start/end, n_calls: 39.6089559138 39.6051067275 51
cycle:  61 max_shift: 0.008195 LBFGS-B: function start/end, n_calls: 39.6051067275 39.6003652605 52
cycle:  62 max_shift: 0.002802 LBFGS-B: function start/end, n_calls: 39.6003652605 39.5961177004 51
cycle:  63 max_shift: 0.003500 LBFGS-B: function start/end, n_calls: 39.5961177004 39.5942493888 51
cycle:  64 max_shift: 0.001821 LBFGS-B: function start/end, n_calls: 39.5942493888 39.5922315152 51
cycle:  65 max_shift: 0.003974 LBFGS-B: function start/end, n_calls: 39.5922315152 39.5900711379 52
cycle:  66 max_shift: 0.002065 LBFGS-B: function start/end, n_calls: 39.5900711379 39.5877738719 51
cycle:  67 max_shift: 0.003776 LBFGS-B: function start/end, n_calls: 39.5877738719 39.5859590041 51
cycle:  68 max_shift: 0.001964 LBFGS-B: function start/end, n_calls: 39.5859590041 39.5840025705 51
cycle:  69 max_shift: 0.002632 LBFGS-B: function start/end, n_calls: 39.5840025705 39.5826389952 51
cycle:  70 max_shift: 0.001577 LBFGS-B: function start/end, n_calls: 39.5826389952 39.5813965992 52
cycle:  71 max_shift: 0.001686 LBFGS-B: function start/end, n_calls: 39.5813965992 39.5802649043 52
cycle:  72 max_shift: 0.002751 LBFGS-B: function start/end, n_calls: 39.5802649043 39.5788598097 51
cycle:  73 max_shift: 0.002667 LBFGS-B: function start/end, n_calls: 39.5788598097 39.5774354188 52
cycle:  74 max_shift: 0.001545 LBFGS-B: function start/end, n_calls: 39.5774354188 39.5765339881 51
cycle:  75 max_shift: 0.002718 LBFGS-B: function start/end, n_calls: 39.5765339881 39.5755661694 52
cycle:  76 max_shift: 0.001493 LBFGS-B: function start/end, n_calls: 39.5755661694 39.5744629028 51
cycle:  77 max_shift: 0.006705 LBFGS-B: function start/end, n_calls: 39.5744629028 39.572304267 52
cycle:  78 max_shift: 0.002453 LBFGS-B: function start/end, n_calls: 39.572304267 39.5698497752 52
cycle:  79 max_shift: 0.022736 LBFGS-B: function start/end, n_calls: 39.5698497752 39.5626144332 51
cycle:  80 max_shift: 0.001786 LBFGS-B: function start/end, n_calls: 39.5626144332 39.5582130483 52
cycle:  81 max_shift: 0.001633 LBFGS-B: function start/end, n_calls: 39.5582130483 39.5577866487 52
cycle:  82 max_shift: 0.001144 LBFGS-B: function start/end, n_calls: 39.5577866487 39.5574248899 51
cycle:  83 max_shift: 0.001427 LBFGS-B: function start/end, n_calls: 39.5574248899 39.5570966187 52
cycle:  84 max_shift: 0.001185 LBFGS-B: function start/end, n_calls: 39.5570966187 39.5567090006 52
cycle:  85 max_shift: 0.001858 LBFGS-B: function start/end, n_calls: 39.5567090006 39.5562903734 51
cycle:  86 max_shift: 0.001321 LBFGS-B: function start/end, n_calls: 39.5562903734 39.555843872 52
cycle:  87 max_shift: 0.001836 LBFGS-B: function start/end, n_calls: 39.555843872 39.5554604593 51
cycle:  88 max_shift: 0.001036 LBFGS-B: function start/end, n_calls: 39.5554604593 39.5550538468 52
cycle:  89 max_shift: 0.003855 LBFGS-B: function start/end, n_calls: 39.5550538468 39.5543056374 52
cycle:  90 max_shift: 0.001021 LBFGS-B: function start/end, n_calls: 39.5543056374 39.5536183603 52
cycle:  91 max_shift: 0.002311 LBFGS-B: function start/end, n_calls: 39.5536183603 39.5532621962 51
cycle:  92 max_shift: 0.000721 LBFGS-B: function start/end, n_calls: 39.5532621962 39.5527910681 52
cycle:  93 max_shift: 0.002934 LBFGS-B: function start/end, n_calls: 39.5527910681 39.5522608538 52
cycle:  94 max_shift: 0.000560 LBFGS-B: function start/end, n_calls: 39.5522608538 39.5517822159 52
cycle:  95 max_shift: 0.002628 LBFGS-B: function start/end, n_calls: 39.5517822159 39.5513409989 51
cycle:  96 max_shift: 0.000655 LBFGS-B: function start/end, n_calls: 39.5513409989 39.5509121071 52
Convergence reached. Stopping now.
final: bond:  0.000 angle:   0.26 clash:   0.0 rota:  0.00 rama: f: 100.00 o:   0.00 Z:  -1.76 cb:   0.00
See 8_refined.pdb in pdb folder.
Time: 5.1465
