Starting Q|R
version:   v1.0-208-g2886d5-dirty  
Running refinement
   input {
     xray_data {
       file_name = None
       labels = None
       high_resolution = None
       low_resolution = None
       outliers_rejection = True
       french_wilson_scale = True
       french_wilson {
         max_bins = 60
         min_bin_size = 40
       }
       sigma_fobs_rejection_criterion = None
       sigma_iobs_rejection_criterion = None
       ignore_all_zeros = True
       force_anomalous_flag_to_be_equal_to = None
       convert_to_non_anomalous_if_ratio_pairs_lone_less_than_threshold = 0.5
       r_free_flags {
         file_name = None
         label = None
         test_flag_value = None
         ignore_r_free_flags = False
         disable_suitability_test = False
         ignore_pdb_hexdigest = False
         generate = False
         fraction = 0.1
         max_free = 2000
         lattice_symmetry_max_delta = 5
         use_lattice_symmetry = True
         use_dataman_shells = False
         n_shells = 20
       }
     }
     pdb {
       file_name = None
     }
     monomers {
       file_name = None
     }
     maps {
       map_file_name = None
       d_min = None
       map_coefficients_file_name = None
       map_coefficients_label = None
     }
     sequence = None
     scattering_table = wk1995 it1992 *n_gaussian neutron electron
     wavelength = None
     energy = None
     twin_law = Auto
   }
   max_atoms = 15000
   debug = False
   cluster {
     fast_interaction = True
     charge_cutoff = 8.0
     clustering = false
     charge_embedding = False
     two_buffers = False
     maxnum_residues_in_cluster = 15
     select_within_radius = 10
     clustering_method = gnc *bcc
     altloc_method = average *subtract
     g_scan = 10 15 20
     g_mode = None
     save_clusters = True
     bond_with_altloc = True
     re_calculate_rmsd_tolerance = 0.5
   }
   restraints = cctbx *qm
   expansion = False
   quantum {
     engine_name = mopac ani *torchani terachem turbomole pyscf orca gaussian \
                   xtb
     basis = Auto
     charge = None
     method = Auto
     memory = None
     nproc = None
     qm_addon = gcp dftd3 gcp-d3
     qm_addon_method = None
   }
   refine {
     dry_run = False
     sf_algorithm = *direct fft
     refinement_target_name = *ml ls_wunit_k1
     mode = *opt refine gtest
     number_of_macro_cycles = 1
     number_of_weight_search_cycles = 50
     number_of_refine_cycles = 5
     number_of_micro_cycles = 100
     data_weight = None
     choose_best_use_r_work = False
     skip_weight_search = False
     adjust_restraints_weight_scale_value = 2
     max_iterations_weight = 50
     max_iterations_refine = 50
     use_ase_lbfgs = False
     line_search = True
     stpmax = 0.2
     gradient_only = true
     update_all_scales = True
     refine_sites = True
     refine_adp = False
     restraints_weight_scale = 1.0
     shake_sites = False
     use_convergence_test = True
     max_bond_rmsd = 0.03
     max_r_work_r_free_gap = 5.0
     r_tolerance = 0.001
     rmsd_tolerance = 0.01
     opt_log = False
     pre_opt = False
     pre_opt_stpmax = 0.1
     pre_opt_iter = 10
     pre_opt_switch = 2
     pre_opt_gconv = 3000
     minimizer = *lbfgs lbfgsb
   }
   parallel {
     method = *multiprocessing slurm pbs sge lsf threading
     nproc = None
     qsub_command = None
   }
   output_file_name_prefix = None
   output_folder_name = "pdb"
   rst_file = None
   dump_gradients = None

Setting QM defaults
  Setting QM method to HF
  Setting QM basis to 6-31g


***********************************************************
restart info will be stored in /home/yanting/work/aniserver_1_qr/ani_qr_test/cctbx_lbfgs/qr-ani-test/qr-ani/lbfgs/1.2/pdb/0.rst.pickle
***********************************************************

start: bond:  0.013 angle:   1.30 clash:   0.0 rota:  0.00 rama: f: 100.00 o:   0.00 Z:  -5.08 cb:   0.00
cycle:   0 max_shift: 0.318510 LBFGS: function start/end, n_calls: -1746104.730337 -1746152.963153 101
cycle:   1 max_shift: 0.151506 LBFGS: function start/end, n_calls: -1746152.963153 -1746154.740144 101
cycle:   2 max_shift: 0.059092 LBFGS: function start/end, n_calls: -1746154.740144 -1746155.786928 101
cycle:   3 max_shift: 0.070758 LBFGS: function start/end, n_calls: -1746155.786928 -1746156.416860 101
cycle:   4 max_shift: 0.045550 LBFGS: function start/end, n_calls: -1746156.416860 -1746156.916856 101
cycle:   5 max_shift: 0.053607 LBFGS: function start/end, n_calls: -1746156.916856 -1746157.303336 101
cycle:   6 max_shift: 0.036342 LBFGS: function start/end, n_calls: -1746157.303336 -1746157.621744 101
cycle:   7 max_shift: 0.029206 LBFGS: function start/end, n_calls: -1746157.621744 -1746157.836097 101
cycle:   8 max_shift: 0.009881 LBFGS: function start/end, n_calls: -1746157.836097 -1746157.916700 101
cycle:   9 max_shift: 0.015864 LBFGS: function start/end, n_calls: -1746157.916700 -1746158.016826 101
cycle:  10 max_shift: 0.012852 LBFGS: function start/end, n_calls: -1746158.016826 -1746158.102066 101
cycle:  11 max_shift: 0.009500 LBFGS: function start/end, n_calls: -1746158.102066 -1746158.179415 101
cycle:  12 max_shift: 0.007275 LBFGS: function start/end, n_calls: -1746158.179415 -1746158.229010 101
cycle:  13 max_shift: 0.004860 LBFGS: function start/end, n_calls: -1746158.229010 -1746158.266113 101
cycle:  14 max_shift: 0.010210 LBFGS: function start/end, n_calls: -1746158.266113 -1746158.323339 101
cycle:  15 max_shift: 0.004510 LBFGS: function start/end, n_calls: -1746158.323339 -1746158.360143 101
cycle:  16 max_shift: 0.006135 LBFGS: function start/end, n_calls: -1746158.360143 -1746158.397396 101
cycle:  17 max_shift: 0.007789 LBFGS: function start/end, n_calls: -1746158.397396 -1746158.438763 101
cycle:  18 max_shift: 0.004553 LBFGS: function start/end, n_calls: -1746158.438763 -1746158.481327 101
cycle:  19 max_shift: 0.007770 LBFGS: function start/end, n_calls: -1746158.481327 -1746158.519852 101
cycle:  20 max_shift: 0.006163 LBFGS: function start/end, n_calls: -1746158.519852 -1746158.562154 101
cycle:  21 max_shift: 0.006992 LBFGS: function start/end, n_calls: -1746158.562154 -1746158.610291 101
cycle:  22 max_shift: 0.003175 LBFGS: function start/end, n_calls: -1746158.610291 -1746158.625626 101
cycle:  23 max_shift: 0.003151 LBFGS: function start/end, n_calls: -1746158.625626 -1746158.650387 101
cycle:  24 max_shift: 0.003418 LBFGS: function start/end, n_calls: -1746158.650387 -1746158.672903 101
cycle:  25 max_shift: 0.003940 LBFGS: function start/end, n_calls: -1746158.672903 -1746158.677877 101
cycle:  26 max_shift: 0.004164 LBFGS: function start/end, n_calls: -1746158.677877 -1746158.719656 101
cycle:  27 max_shift: 0.002746 LBFGS: function start/end, n_calls: -1746158.719656 -1746158.735739 101
cycle:  28 max_shift: 0.003111 LBFGS: function start/end, n_calls: -1746158.735739 -1746158.757844 101
cycle:  29 max_shift: 0.003243 LBFGS: function start/end, n_calls: -1746158.757844 -1746158.774451 101
cycle:  30 max_shift: 0.002210 LBFGS: function start/end, n_calls: -1746158.774451 -1746158.793077 101
cycle:  31 max_shift: 0.003982 LBFGS: function start/end, n_calls: -1746158.793077 -1746158.809871 101
cycle:  32 max_shift: 0.002763 LBFGS: function start/end, n_calls: -1746158.809871 -1746158.830592 101
cycle:  33 max_shift: 0.003592 LBFGS: function start/end, n_calls: -1746158.830592 -1746158.853781 101
cycle:  34 max_shift: 0.003288 LBFGS: function start/end, n_calls: -1746158.853781 -1746158.870837 101
cycle:  35 max_shift: 0.002415 LBFGS: function start/end, n_calls: -1746158.870837 -1746158.890548 101
cycle:  36 max_shift: 0.002037 LBFGS: function start/end, n_calls: -1746158.890548 -1746158.898589 101
cycle:  37 max_shift: 0.003177 LBFGS: function start/end, n_calls: -1746158.898589 -1746158.923312 101
cycle:  38 max_shift: 0.002903 LBFGS: function start/end, n_calls: -1746158.923312 -1746158.936104 101
cycle:  39 max_shift: 0.004039 LBFGS: function start/end, n_calls: -1746158.936104 -1746158.930980 101
cycle:  40 max_shift: 0.006115 LBFGS: function start/end, n_calls: -1746158.930980 -1746158.984129 101
cycle:  41 max_shift: 0.003226 LBFGS: function start/end, n_calls: -1746158.984129 -1746159.012667 101
cycle:  42 max_shift: 0.002261 LBFGS: function start/end, n_calls: -1746159.012667 -1746159.022953 101
cycle:  43 max_shift: 0.002636 LBFGS: function start/end, n_calls: -1746159.022953 -1746159.046928 101
cycle:  44 max_shift: 0.002219 LBFGS: function start/end, n_calls: -1746159.046928 -1746159.054670 101
cycle:  45 max_shift: 0.002029 LBFGS: function start/end, n_calls: -1746159.054670 -1746159.069930 101
cycle:  46 max_shift: 0.001666 LBFGS: function start/end, n_calls: -1746159.069930 -1746159.081188 101
cycle:  47 max_shift: 0.001372 LBFGS: function start/end, n_calls: -1746159.081188 -1746159.091586 101
cycle:  48 max_shift: 0.002309 LBFGS: function start/end, n_calls: -1746159.091586 -1746159.103555 101
cycle:  49 max_shift: 0.002053 LBFGS: function start/end, n_calls: -1746159.103555 -1746159.122630 101
cycle:  50 max_shift: 0.001401 LBFGS: function start/end, n_calls: -1746159.122630 -1746159.133103 101
cycle:  51 max_shift: 0.001634 LBFGS: function start/end, n_calls: -1746159.133103 -1746159.141257 101
cycle:  52 max_shift: 0.001627 LBFGS: function start/end, n_calls: -1746159.141257 -1746159.154834 101
cycle:  53 max_shift: 0.002921 LBFGS: function start/end, n_calls: -1746159.154834 -1746159.090464 101
cycle:  54 max_shift: 0.003377 LBFGS: function start/end, n_calls: -1746159.090464 -1746159.172226 101
cycle:  55 max_shift: 0.001581 LBFGS: function start/end, n_calls: -1746159.172226 -1746159.186813 101
cycle:  56 max_shift: 0.002686 LBFGS: function start/end, n_calls: -1746159.186813 -1746159.204355 101
cycle:  57 max_shift: 0.001439 LBFGS: function start/end, n_calls: -1746159.204355 -1746159.215501 101
cycle:  58 max_shift: 0.001793 LBFGS: function start/end, n_calls: -1746159.215501 -1746159.224851 101
cycle:  59 max_shift: 0.001596 LBFGS: function start/end, n_calls: -1746159.224851 -1746159.238204 101
cycle:  60 max_shift: 0.001320 LBFGS: function start/end, n_calls: -1746159.238204 -1746159.249425 101
cycle:  61 max_shift: 0.001389 LBFGS: function start/end, n_calls: -1746159.249425 -1746159.258252 101
cycle:  62 max_shift: 0.001153 LBFGS: function start/end, n_calls: -1746159.258252 -1746159.263787 101
cycle:  63 max_shift: 0.001266 LBFGS: function start/end, n_calls: -1746159.263787 -1746159.273587 101
cycle:  64 max_shift: 0.001402 LBFGS: function start/end, n_calls: -1746159.273587 -1746159.282862 101
cycle:  65 max_shift: 0.001019 LBFGS: function start/end, n_calls: -1746159.282862 -1746159.290306 101
cycle:  66 max_shift: 0.001162 LBFGS: function start/end, n_calls: -1746159.290306 -1746159.292550 101
cycle:  67 max_shift: 0.001185 LBFGS: function start/end, n_calls: -1746159.292550 -1746159.300516 101
cycle:  68 max_shift: 0.001306 LBFGS: function start/end, n_calls: -1746159.300516 -1746159.310952 101
cycle:  69 max_shift: 0.001348 LBFGS: function start/end, n_calls: -1746159.310952 -1746159.309044 101
cycle:  70 max_shift: 0.001507 LBFGS: function start/end, n_calls: -1746159.309044 -1746159.329466 101
cycle:  71 max_shift: 0.001195 LBFGS: function start/end, n_calls: -1746159.329466 -1746159.333655 101
cycle:  72 max_shift: 0.000879 LBFGS: function start/end, n_calls: -1746159.333655 -1746159.341958 101
cycle:  73 max_shift: 0.001338 LBFGS: function start/end, n_calls: -1746159.341958 -1746159.349140 101
cycle:  74 max_shift: 0.001376 LBFGS: function start/end, n_calls: -1746159.349140 -1746159.356321 101
cycle:  75 max_shift: 0.001064 LBFGS: function start/end, n_calls: -1746159.356321 -1746159.361707 101
cycle:  76 max_shift: 0.014630 LBFGS: function start/end, n_calls: -1746159.361707 -1746159.320228 101
cycle:  77 max_shift: 0.005234 LBFGS: function start/end, n_calls: -1746159.320228 -1746159.380932 101
cycle:  78 max_shift: 0.001640 LBFGS: function start/end, n_calls: -1746159.380932 -1746159.394509 101
cycle:  79 max_shift: 0.001199 LBFGS: function start/end, n_calls: -1746159.394509 -1746159.396678 101
cycle:  80 max_shift: 0.001252 LBFGS: function start/end, n_calls: -1746159.396678 -1746159.410480 101
cycle:  81 max_shift: 0.000927 LBFGS: function start/end, n_calls: -1746159.410480 -1746159.412574 101
cycle:  82 max_shift: 0.001037 LBFGS: function start/end, n_calls: -1746159.412574 -1746159.420466 101
cycle:  83 max_shift: 0.000918 LBFGS: function start/end, n_calls: -1746159.420466 -1746159.426563 101
Convergence reached. Stopping now.
final: bond:  0.010 angle:   1.48 clash:   0.0 rota:  0.00 rama: f: 100.00 o:   0.00 Z:  -4.18 cb:   0.00
See 0_refined.pdb in pdb folder.
Time: 802.7939
