Starting Q|R
version:   v1.0-208-g2886d5-dirty  
Running refinement
   input {
     xray_data {
       file_name = None
       labels = None
       high_resolution = None
       low_resolution = None
       outliers_rejection = True
       french_wilson_scale = True
       french_wilson {
         max_bins = 60
         min_bin_size = 40
       }
       sigma_fobs_rejection_criterion = None
       sigma_iobs_rejection_criterion = None
       ignore_all_zeros = True
       force_anomalous_flag_to_be_equal_to = None
       convert_to_non_anomalous_if_ratio_pairs_lone_less_than_threshold = 0.5
       r_free_flags {
         file_name = None
         label = None
         test_flag_value = None
         ignore_r_free_flags = False
         disable_suitability_test = False
         ignore_pdb_hexdigest = False
         generate = False
         fraction = 0.1
         max_free = 2000
         lattice_symmetry_max_delta = 5
         use_lattice_symmetry = True
         use_dataman_shells = False
         n_shells = 20
       }
     }
     pdb {
       file_name = None
     }
     monomers {
       file_name = None
     }
     maps {
       map_file_name = None
       d_min = None
       map_coefficients_file_name = None
       map_coefficients_label = None
     }
     sequence = None
     scattering_table = wk1995 it1992 *n_gaussian neutron electron
     wavelength = None
     energy = None
     twin_law = Auto
   }
   max_atoms = 15000
   debug = False
   cluster {
     fast_interaction = True
     charge_cutoff = 8.0
     clustering = false
     charge_embedding = False
     two_buffers = False
     maxnum_residues_in_cluster = 15
     select_within_radius = 10
     clustering_method = gnc *bcc
     altloc_method = average *subtract
     g_scan = 10 15 20
     g_mode = None
     save_clusters = True
     bond_with_altloc = True
     re_calculate_rmsd_tolerance = 0.5
   }
   restraints = cctbx *qm
   expansion = False
   quantum {
     engine_name = mopac ani *torchani terachem turbomole pyscf orca gaussian \
                   xtb
     basis = Auto
     charge = None
     method = Auto
     memory = None
     nproc = None
     qm_addon = gcp dftd3 gcp-d3
     qm_addon_method = None
   }
   refine {
     dry_run = False
     sf_algorithm = *direct fft
     refinement_target_name = *ml ls_wunit_k1
     mode = *opt refine gtest
     number_of_macro_cycles = 1
     number_of_weight_search_cycles = 50
     number_of_refine_cycles = 5
     number_of_micro_cycles = 100
     data_weight = None
     choose_best_use_r_work = False
     skip_weight_search = False
     adjust_restraints_weight_scale_value = 2
     max_iterations_weight = 50
     max_iterations_refine = 50
     use_ase_lbfgs = False
     line_search = True
     stpmax = 0.2
     gradient_only = true
     update_all_scales = True
     refine_sites = True
     refine_adp = False
     restraints_weight_scale = 1.0
     shake_sites = False
     use_convergence_test = True
     max_bond_rmsd = 0.03
     max_r_work_r_free_gap = 5.0
     r_tolerance = 0.001
     rmsd_tolerance = 0.01
     opt_log = False
     pre_opt = False
     pre_opt_stpmax = 0.1
     pre_opt_iter = 10
     pre_opt_switch = 2
     pre_opt_gconv = 3000
     minimizer = *lbfgs lbfgsb
   }
   parallel {
     method = *multiprocessing slurm pbs sge lsf threading
     nproc = None
     qsub_command = None
   }
   output_file_name_prefix = None
   output_folder_name = "pdb"
   rst_file = None
   dump_gradients = None

Setting QM defaults
  Setting QM method to HF
  Setting QM basis to 6-31g


***********************************************************
restart info will be stored in /home/yanting/work/aniserver_1_qr/ani_qr_test/cctbx_lbfgs/qr-ani-test/qr-ani/lbfgs/1.2/pdb/4.rst.pickle
***********************************************************

start: bond:  0.012 angle:   1.26 clash:   0.0 rota:  0.00 rama: f:  90.91 o:   9.09 Z:  -5.22 cb:   0.00
cycle:   0 max_shift: 0.375154 LBFGS: function start/end, n_calls: -1746110.468887 -1746152.754335 101
cycle:   1 max_shift: 0.507700 LBFGS: function start/end, n_calls: -1746152.754335 -1746157.986231 101
cycle:   2 max_shift: 0.140027 LBFGS: function start/end, n_calls: -1746157.986231 -1746160.712984 101
cycle:   3 max_shift: 0.111397 LBFGS: function start/end, n_calls: -1746160.712984 -1746161.730069 101
cycle:   4 max_shift: 0.046508 LBFGS: function start/end, n_calls: -1746161.730069 -1746162.427588 101
cycle:   5 max_shift: 0.060355 LBFGS: function start/end, n_calls: -1746162.427588 -1746162.920328 101
cycle:   6 max_shift: 0.022176 LBFGS: function start/end, n_calls: -1746162.920328 -1746163.241391 101
cycle:   7 max_shift: 0.077419 LBFGS: function start/end, n_calls: -1746163.241391 -1746163.678776 101
cycle:   8 max_shift: 0.016996 LBFGS: function start/end, n_calls: -1746163.678776 -1746163.991161 101
cycle:   9 max_shift: 0.014754 LBFGS: function start/end, n_calls: -1746163.991161 -1746164.099703 101
cycle:  10 max_shift: 0.026634 LBFGS: function start/end, n_calls: -1746164.099703 -1746164.262666 101
cycle:  11 max_shift: 0.008287 LBFGS: function start/end, n_calls: -1746164.262666 -1746164.373527 101
cycle:  12 max_shift: 0.005916 LBFGS: function start/end, n_calls: -1746164.373527 -1746164.419046 101
cycle:  13 max_shift: 0.007943 LBFGS: function start/end, n_calls: -1746164.419046 -1746164.460076 101
cycle:  14 max_shift: 0.014440 LBFGS: function start/end, n_calls: -1746164.460076 -1746163.964980 101
cycle:  15 max_shift: 0.011022 LBFGS: function start/end, n_calls: -1746163.964980 -1746164.631754 101
cycle:  16 max_shift: 0.021956 LBFGS: function start/end, n_calls: -1746164.631754 -1746164.743737 101
cycle:  17 max_shift: 0.008628 LBFGS: function start/end, n_calls: -1746164.743737 -1746164.831483 101
cycle:  18 max_shift: 0.028541 LBFGS: function start/end, n_calls: -1746164.831483 -1746164.984496 101
cycle:  19 max_shift: 0.011985 LBFGS: function start/end, n_calls: -1746164.984496 -1746165.091542 101
cycle:  20 max_shift: 0.005871 LBFGS: function start/end, n_calls: -1746165.091542 -1746165.150713 101
cycle:  21 max_shift: 0.004414 LBFGS: function start/end, n_calls: -1746165.150713 -1746165.176745 101
cycle:  22 max_shift: 0.012497 LBFGS: function start/end, n_calls: -1746165.176745 -1746165.243621 101
cycle:  23 max_shift: 0.008898 LBFGS: function start/end, n_calls: -1746165.243621 -1746165.308813 101
cycle:  24 max_shift: 0.006300 LBFGS: function start/end, n_calls: -1746165.308813 -1746165.337501 101
cycle:  25 max_shift: 0.011948 LBFGS: function start/end, n_calls: -1746165.337501 -1746165.410024 101
cycle:  26 max_shift: 0.005846 LBFGS: function start/end, n_calls: -1746165.410024 -1746165.453636 101
cycle:  27 max_shift: 0.004153 LBFGS: function start/end, n_calls: -1746165.453636 -1746165.477311 101
cycle:  28 max_shift: 0.009262 LBFGS: function start/end, n_calls: -1746165.477311 -1746165.527468 101
cycle:  29 max_shift: 0.004646 LBFGS: function start/end, n_calls: -1746165.527468 -1746165.567077 101
cycle:  30 max_shift: 0.007316 LBFGS: function start/end, n_calls: -1746165.567077 -1746165.594606 101
cycle:  31 max_shift: 0.034273 LBFGS: function start/end, n_calls: -1746165.594606 -1746165.593671 101
cycle:  32 max_shift: 0.016858 LBFGS: function start/end, n_calls: -1746165.593671 -1746165.736810 101
cycle:  33 max_shift: 0.009906 LBFGS: function start/end, n_calls: -1746165.736810 -1746165.801890 101
cycle:  34 max_shift: 0.004083 LBFGS: function start/end, n_calls: -1746165.801890 -1746165.832411 101
cycle:  35 max_shift: 0.003474 LBFGS: function start/end, n_calls: -1746165.832411 -1746165.852608 101
cycle:  36 max_shift: 0.003744 LBFGS: function start/end, n_calls: -1746165.852608 -1746165.867195 101
cycle:  37 max_shift: 0.004070 LBFGS: function start/end, n_calls: -1746165.867195 -1746165.890534 101
cycle:  38 max_shift: 0.003978 LBFGS: function start/end, n_calls: -1746165.890534 -1746165.912265 101
cycle:  39 max_shift: 0.003362 LBFGS: function start/end, n_calls: -1746165.912265 -1746165.927001 101
cycle:  40 max_shift: 0.003967 LBFGS: function start/end, n_calls: -1746165.927001 -1746165.951575 101
cycle:  41 max_shift: 0.010498 LBFGS: function start/end, n_calls: -1746165.951575 -1746165.687663 101
cycle:  42 max_shift: 0.008386 LBFGS: function start/end, n_calls: -1746165.687663 -1746166.032289 101
cycle:  43 max_shift: 0.003962 LBFGS: function start/end, n_calls: -1746166.032289 -1746166.051926 101
cycle:  44 max_shift: 0.003842 LBFGS: function start/end, n_calls: -1746166.051926 -1746166.078818 101
cycle:  45 max_shift: 0.003224 LBFGS: function start/end, n_calls: -1746166.078818 -1746166.092395 101
cycle:  46 max_shift: 0.004458 LBFGS: function start/end, n_calls: -1746166.092395 -1746166.113154 101
cycle:  47 max_shift: 0.002664 LBFGS: function start/end, n_calls: -1746166.113154 -1746166.127180 101
cycle:  48 max_shift: 0.004160 LBFGS: function start/end, n_calls: -1746166.127180 -1746166.146068 101
cycle:  49 max_shift: 0.005825 LBFGS: function start/end, n_calls: -1746166.146068 -1746166.171950 101
cycle:  50 max_shift: 0.006171 LBFGS: function start/end, n_calls: -1746166.171950 -1746166.204416 101
cycle:  51 max_shift: 0.003878 LBFGS: function start/end, n_calls: -1746166.204416 -1746166.229962 101
cycle:  52 max_shift: 0.006060 LBFGS: function start/end, n_calls: -1746166.229962 -1746166.257752 101
cycle:  53 max_shift: 0.003885 LBFGS: function start/end, n_calls: -1746166.257752 -1746166.277126 101
cycle:  54 max_shift: 0.072476 LBFGS: function start/end, n_calls: -1746166.277126 -1746131.896019 101
cycle:  55 max_shift: 0.045010 LBFGS: function start/end, n_calls: -1746131.896019 -1746165.979589 100
cycle:  56 max_shift: 0.004933 LBFGS: function start/end, n_calls: -1746165.979589 -1746166.011980 101
cycle:  57 max_shift: 0.003894 LBFGS: function start/end, n_calls: -1746166.011980 -1746166.041191 101
cycle:  58 max_shift: 0.005493 LBFGS: function start/end, n_calls: -1746166.041191 -1746166.062286 101
cycle:  59 max_shift: 0.004215 LBFGS: function start/end, n_calls: -1746166.062286 -1746166.080763 101
cycle:  60 max_shift: 0.003224 LBFGS: function start/end, n_calls: -1746166.080763 -1746166.105000 101
cycle:  61 max_shift: 0.002844 LBFGS: function start/end, n_calls: -1746166.105000 -1746166.114874 101
cycle:  62 max_shift: 0.004950 LBFGS: function start/end, n_calls: -1746166.114874 -1746166.139635 101
cycle:  63 max_shift: 0.004888 LBFGS: function start/end, n_calls: -1746166.139635 -1746166.158224 101
cycle:  64 max_shift: 0.003373 LBFGS: function start/end, n_calls: -1746166.158224 -1746166.180067 101
cycle:  65 max_shift: 0.003120 LBFGS: function start/end, n_calls: -1746166.180067 -1746166.194242 101
cycle:  66 max_shift: 0.004641 LBFGS: function start/end, n_calls: -1746166.194242 -1746166.213168 101
cycle:  67 max_shift: 0.003507 LBFGS: function start/end, n_calls: -1746166.213168 -1746166.225922 101
cycle:  68 max_shift: 0.006137 LBFGS: function start/end, n_calls: -1746166.225922 -1746166.261866 101
cycle:  69 max_shift: 0.007336 LBFGS: function start/end, n_calls: -1746166.261866 -1746166.298446 101
cycle:  70 max_shift: 0.003382 LBFGS: function start/end, n_calls: -1746166.298446 -1746166.313893 101
cycle:  71 max_shift: 0.003046 LBFGS: function start/end, n_calls: -1746166.313893 -1746166.329265 101
cycle:  72 max_shift: 0.003196 LBFGS: function start/end, n_calls: -1746166.329265 -1746166.342917 101
cycle:  73 max_shift: 0.005093 LBFGS: function start/end, n_calls: -1746166.342917 -1746166.367939 101
cycle:  74 max_shift: 0.004847 LBFGS: function start/end, n_calls: -1746166.367939 -1746166.381629 101
cycle:  75 max_shift: 0.003716 LBFGS: function start/end, n_calls: -1746166.381629 -1746166.405753 101
cycle:  76 max_shift: 0.004426 LBFGS: function start/end, n_calls: -1746166.405753 -1746166.428270 101
cycle:  77 max_shift: 0.034938 LBFGS: function start/end, n_calls: -1746166.428270 -1746160.903923 101
cycle:  78 max_shift: 0.032357 LBFGS: function start/end, n_calls: -1746160.903923 -1746166.394719 101
cycle:  79 max_shift: 0.003852 LBFGS: function start/end, n_calls: -1746166.394719 -1746166.421350 101
cycle:  80 max_shift: 0.003070 LBFGS: function start/end, n_calls: -1746166.421350 -1746166.435862 101
cycle:  81 max_shift: 0.006783 LBFGS: function start/end, n_calls: -1746166.435862 -1746166.464475 101
cycle:  82 max_shift: 0.003623 LBFGS: function start/end, n_calls: -1746166.464475 -1746166.486692 101
cycle:  83 max_shift: 0.003682 LBFGS: function start/end, n_calls: -1746166.486692 -1746166.501167 101
cycle:  84 max_shift: 0.004329 LBFGS: function start/end, n_calls: -1746166.501167 -1746166.520317 101
cycle:  85 max_shift: 0.003785 LBFGS: function start/end, n_calls: -1746166.520317 -1746166.539168 101
cycle:  86 max_shift: 0.006056 LBFGS: function start/end, n_calls: -1746166.539168 -1746166.562806 101
cycle:  87 max_shift: 0.005095 LBFGS: function start/end, n_calls: -1746166.562806 -1746166.589212 101
cycle:  88 max_shift: 0.003473 LBFGS: function start/end, n_calls: -1746166.589212 -1746166.605782 101
cycle:  89 max_shift: 0.004008 LBFGS: function start/end, n_calls: -1746166.605782 -1746166.622239 101
cycle:  90 max_shift: 0.003767 LBFGS: function start/end, n_calls: -1746166.622239 -1746166.642474 101
cycle:  91 max_shift: 0.003607 LBFGS: function start/end, n_calls: -1746166.642474 -1746166.637162 101
cycle:  92 max_shift: 0.004846 LBFGS: function start/end, n_calls: -1746166.637162 -1746166.681260 101
cycle:  93 max_shift: 0.002694 LBFGS: function start/end, n_calls: -1746166.681260 -1746166.688778 101
cycle:  94 max_shift: 0.005392 LBFGS: function start/end, n_calls: -1746166.688778 -1746166.711107 101
cycle:  95 max_shift: 0.004410 LBFGS: function start/end, n_calls: -1746166.711107 -1746166.731080 101
cycle:  96 max_shift: 0.003686 LBFGS: function start/end, n_calls: -1746166.731080 -1746166.750118 101
cycle:  97 max_shift: 0.004337 LBFGS: function start/end, n_calls: -1746166.750118 -1746166.765827 101
cycle:  98 max_shift: 0.002915 LBFGS: function start/end, n_calls: -1746166.765827 -1746166.777160 101
cycle:  99 max_shift: 0.002587 LBFGS: function start/end, n_calls: -1746166.777160 -1746166.789129 101
final: bond:  0.009 angle:   1.38 clash:   0.0 rota:  0.00 rama: f:  90.91 o:   0.00 Z:  -1.29 cb:   0.00
See 4_refined.pdb in pdb folder.
Time: 963.6256
