Starting Q|R
version:   v1.0-208-g2886d5-dirty  
Running refinement
   input {
     xray_data {
       file_name = None
       labels = None
       high_resolution = None
       low_resolution = None
       outliers_rejection = True
       french_wilson_scale = True
       french_wilson {
         max_bins = 60
         min_bin_size = 40
       }
       sigma_fobs_rejection_criterion = None
       sigma_iobs_rejection_criterion = None
       ignore_all_zeros = True
       force_anomalous_flag_to_be_equal_to = None
       convert_to_non_anomalous_if_ratio_pairs_lone_less_than_threshold = 0.5
       r_free_flags {
         file_name = None
         label = None
         test_flag_value = None
         ignore_r_free_flags = False
         disable_suitability_test = False
         ignore_pdb_hexdigest = False
         generate = False
         fraction = 0.1
         max_free = 2000
         lattice_symmetry_max_delta = 5
         use_lattice_symmetry = True
         use_dataman_shells = False
         n_shells = 20
       }
     }
     pdb {
       file_name = None
     }
     monomers {
       file_name = None
     }
     maps {
       map_file_name = None
       d_min = None
       map_coefficients_file_name = None
       map_coefficients_label = None
     }
     sequence = None
     scattering_table = wk1995 it1992 *n_gaussian neutron electron
     wavelength = None
     energy = None
     twin_law = Auto
   }
   max_atoms = 15000
   debug = False
   cluster {
     fast_interaction = True
     charge_cutoff = 8.0
     clustering = false
     charge_embedding = False
     two_buffers = False
     maxnum_residues_in_cluster = 15
     select_within_radius = 10
     clustering_method = gnc *bcc
     altloc_method = average *subtract
     g_scan = 10 15 20
     g_mode = None
     save_clusters = True
     bond_with_altloc = True
     re_calculate_rmsd_tolerance = 0.5
   }
   restraints = cctbx *qm
   expansion = False
   quantum {
     engine_name = mopac ani *torchani terachem turbomole pyscf orca gaussian \
                   xtb
     basis = Auto
     charge = None
     method = Auto
     memory = None
     nproc = None
     qm_addon = gcp dftd3 gcp-d3
     qm_addon_method = None
   }
   refine {
     dry_run = False
     sf_algorithm = *direct fft
     refinement_target_name = *ml ls_wunit_k1
     mode = *opt refine gtest
     number_of_macro_cycles = 1
     number_of_weight_search_cycles = 50
     number_of_refine_cycles = 5
     number_of_micro_cycles = 100
     data_weight = None
     choose_best_use_r_work = False
     skip_weight_search = False
     adjust_restraints_weight_scale_value = 2
     max_iterations_weight = 50
     max_iterations_refine = 50
     use_ase_lbfgs = False
     line_search = True
     stpmax = 0.2
     gradient_only = true
     update_all_scales = True
     refine_sites = True
     refine_adp = False
     restraints_weight_scale = 1.0
     shake_sites = False
     use_convergence_test = True
     max_bond_rmsd = 0.03
     max_r_work_r_free_gap = 5.0
     r_tolerance = 0.001
     rmsd_tolerance = 0.01
     opt_log = False
     pre_opt = False
     pre_opt_stpmax = 0.1
     pre_opt_iter = 10
     pre_opt_switch = 2
     pre_opt_gconv = 3000
     minimizer = *lbfgs lbfgsb
   }
   parallel {
     method = *multiprocessing slurm pbs sge lsf threading
     nproc = None
     qsub_command = None
   }
   output_file_name_prefix = None
   output_folder_name = "pdb"
   rst_file = None
   dump_gradients = None

Setting QM defaults
  Setting QM method to HF
  Setting QM basis to 6-31g


***********************************************************
restart info will be stored in /home/yanting/work/aniserver_1_qr/ani_qr_test/cctbx_lbfgs/qr-ani-test/qr-ani/lbfgs/1.2/pdb/5.rst.pickle
***********************************************************

start: bond:  0.014 angle:   1.33 clash:   0.0 rota:  0.00 rama: f:  90.91 o:   0.00 Z:  -3.97 cb:   0.00
cycle:   0 max_shift: 0.309336 LBFGS: function start/end, n_calls: -1746114.366973 -1746156.586518 101
cycle:   1 max_shift: 0.341388 LBFGS: function start/end, n_calls: -1746156.586518 -1746160.505325 101
cycle:   2 max_shift: 0.116794 LBFGS: function start/end, n_calls: -1746160.505325 -1746162.408513 101
cycle:   3 max_shift: 0.059674 LBFGS: function start/end, n_calls: -1746162.408513 -1746163.061560 101
cycle:   4 max_shift: 0.075249 LBFGS: function start/end, n_calls: -1746163.061560 -1746163.657082 101
cycle:   5 max_shift: 0.036325 LBFGS: function start/end, n_calls: -1746163.657082 -1746164.098581 101
cycle:   6 max_shift: 0.042125 LBFGS: function start/end, n_calls: -1746164.098581 -1746164.416390 101
cycle:   7 max_shift: 0.027894 LBFGS: function start/end, n_calls: -1746164.416390 -1746164.714451 101
cycle:   8 max_shift: 0.017664 LBFGS: function start/end, n_calls: -1746164.714451 -1746164.883884 101
cycle:   9 max_shift: 0.014993 LBFGS: function start/end, n_calls: -1746164.883884 -1746164.959474 101
cycle:  10 max_shift: 0.011861 LBFGS: function start/end, n_calls: -1746164.959474 -1746165.124008 101
cycle:  11 max_shift: 0.007170 LBFGS: function start/end, n_calls: -1746165.124008 -1746165.179027 101
cycle:  12 max_shift: 0.007580 LBFGS: function start/end, n_calls: -1746165.179027 -1746165.232662 101
cycle:  13 max_shift: 0.019518 LBFGS: function start/end, n_calls: -1746165.232662 -1746165.359531 101
cycle:  14 max_shift: 0.009272 LBFGS: function start/end, n_calls: -1746165.359531 -1746165.447913 101
cycle:  15 max_shift: 0.012159 LBFGS: function start/end, n_calls: -1746165.447913 -1746165.534762 101
cycle:  16 max_shift: 0.004308 LBFGS: function start/end, n_calls: -1746165.534762 -1746165.558737 101
cycle:  17 max_shift: 0.005282 LBFGS: function start/end, n_calls: -1746165.558737 -1746165.581216 101
cycle:  18 max_shift: 0.003391 LBFGS: function start/end, n_calls: -1746165.581216 -1746165.614466 101
cycle:  19 max_shift: 0.004840 LBFGS: function start/end, n_calls: -1746165.614466 -1746165.651682 101
cycle:  20 max_shift: 0.004179 LBFGS: function start/end, n_calls: -1746165.651682 -1746165.672515 101
cycle:  21 max_shift: 0.003261 LBFGS: function start/end, n_calls: -1746165.672515 -1746165.695181 101
cycle:  22 max_shift: 0.005938 LBFGS: function start/end, n_calls: -1746165.695181 -1746165.732396 101
cycle:  23 max_shift: 0.006042 LBFGS: function start/end, n_calls: -1746165.732396 -1746165.751696 101
cycle:  24 max_shift: 0.005176 LBFGS: function start/end, n_calls: -1746165.751696 -1746165.793961 101
cycle:  25 max_shift: 0.004533 LBFGS: function start/end, n_calls: -1746165.793961 -1746165.825005 101
cycle:  26 max_shift: 0.004340 LBFGS: function start/end, n_calls: -1746165.825005 -1746165.849765 101
cycle:  27 max_shift: 0.003827 LBFGS: function start/end, n_calls: -1746165.849765 -1746165.865213 101
cycle:  28 max_shift: 0.003072 LBFGS: function start/end, n_calls: -1746165.865213 -1746165.890310 101
cycle:  29 max_shift: 0.005728 LBFGS: function start/end, n_calls: -1746165.890310 -1746165.901717 101
cycle:  30 max_shift: 0.004667 LBFGS: function start/end, n_calls: -1746165.901717 -1746165.947199 101
cycle:  31 max_shift: 0.003542 LBFGS: function start/end, n_calls: -1746165.947199 -1746165.960626 101
cycle:  32 max_shift: 0.004502 LBFGS: function start/end, n_calls: -1746165.960626 -1746165.992942 101
cycle:  33 max_shift: 0.003497 LBFGS: function start/end, n_calls: -1746165.992942 -1746166.008876 101
cycle:  34 max_shift: 0.002795 LBFGS: function start/end, n_calls: -1746166.008876 -1746166.022453 101
cycle:  35 max_shift: 0.003098 LBFGS: function start/end, n_calls: -1746166.022453 -1746166.036703 101
cycle:  36 max_shift: 0.003101 LBFGS: function start/end, n_calls: -1746166.036703 -1746166.053609 101
cycle:  37 max_shift: 0.003783 LBFGS: function start/end, n_calls: -1746166.053609 -1746166.072684 101
cycle:  38 max_shift: 0.003555 LBFGS: function start/end, n_calls: -1746166.072684 -1746166.090338 101
cycle:  39 max_shift: 0.005461 LBFGS: function start/end, n_calls: -1746166.090338 -1746166.117081 101
cycle:  40 max_shift: 0.009700 LBFGS: function start/end, n_calls: -1746166.117081 -1746166.117418 101
cycle:  41 max_shift: 0.004916 LBFGS: function start/end, n_calls: -1746166.117418 -1746166.193868 101
cycle:  42 max_shift: 0.004468 LBFGS: function start/end, n_calls: -1746166.193868 -1746166.217170 101
cycle:  43 max_shift: 0.003876 LBFGS: function start/end, n_calls: -1746166.217170 -1746166.231084 101
cycle:  44 max_shift: 0.004033 LBFGS: function start/end, n_calls: -1746166.231084 -1746166.250271 101
cycle:  45 max_shift: 0.003592 LBFGS: function start/end, n_calls: -1746166.250271 -1746166.266092 101
cycle:  46 max_shift: 0.004052 LBFGS: function start/end, n_calls: -1746166.266092 -1746166.285205 101
cycle:  47 max_shift: 0.004131 LBFGS: function start/end, n_calls: -1746166.285205 -1746166.304954 101
cycle:  48 max_shift: 0.004209 LBFGS: function start/end, n_calls: -1746166.304954 -1746166.319166 101
cycle:  49 max_shift: 0.003707 LBFGS: function start/end, n_calls: -1746166.319166 -1746166.339439 101
cycle:  50 max_shift: 0.005178 LBFGS: function start/end, n_calls: -1746166.339439 -1746166.358402 101
cycle:  51 max_shift: 0.004373 LBFGS: function start/end, n_calls: -1746166.358402 -1746166.378674 101
cycle:  52 max_shift: 0.006318 LBFGS: function start/end, n_calls: -1746166.378674 -1746166.408858 101
cycle:  53 max_shift: 0.005278 LBFGS: function start/end, n_calls: -1746166.408858 -1746166.432608 101
cycle:  54 max_shift: 0.006622 LBFGS: function start/end, n_calls: -1746166.432608 -1746166.460959 101
cycle:  55 max_shift: 0.006398 LBFGS: function start/end, n_calls: -1746166.460959 -1746166.490881 101
cycle:  56 max_shift: 0.006347 LBFGS: function start/end, n_calls: -1746166.490881 -1746166.515081 101
cycle:  57 max_shift: 0.007100 LBFGS: function start/end, n_calls: -1746166.515081 -1746166.540290 101
cycle:  58 max_shift: 0.009757 LBFGS: function start/end, n_calls: -1746166.540290 -1746166.588128 101
cycle:  59 max_shift: 0.006257 LBFGS: function start/end, n_calls: -1746166.588128 -1746166.614833 101
cycle:  60 max_shift: 0.005056 LBFGS: function start/end, n_calls: -1746166.614833 -1746166.635629 101
cycle:  61 max_shift: 0.009016 LBFGS: function start/end, n_calls: -1746166.635629 -1746166.674864 101
cycle:  62 max_shift: 0.004704 LBFGS: function start/end, n_calls: -1746166.674864 -1746166.701831 101
cycle:  63 max_shift: 0.005557 LBFGS: function start/end, n_calls: -1746166.701831 -1746166.721991 101
cycle:  64 max_shift: 0.005469 LBFGS: function start/end, n_calls: -1746166.721991 -1746166.744881 101
cycle:  65 max_shift: 0.006842 LBFGS: function start/end, n_calls: -1746166.744881 -1746166.776898 101
cycle:  66 max_shift: 0.007948 LBFGS: function start/end, n_calls: -1746166.776898 -1746166.816021 101
cycle:  67 max_shift: 0.007373 LBFGS: function start/end, n_calls: -1746166.816021 -1746166.845083 101
cycle:  68 max_shift: 0.003320 LBFGS: function start/end, n_calls: -1746166.845083 -1746166.864756 101
cycle:  69 max_shift: 0.002703 LBFGS: function start/end, n_calls: -1746166.864756 -1746166.876501 101
cycle:  70 max_shift: 0.004180 LBFGS: function start/end, n_calls: -1746166.876501 -1746166.896287 101
cycle:  71 max_shift: 0.003715 LBFGS: function start/end, n_calls: -1746166.896287 -1746166.914838 101
cycle:  72 max_shift: 0.003477 LBFGS: function start/end, n_calls: -1746166.914838 -1746166.926097 101
cycle:  73 max_shift: 0.003121 LBFGS: function start/end, n_calls: -1746166.926097 -1746166.950034 101
cycle:  74 max_shift: 0.003000 LBFGS: function start/end, n_calls: -1746166.950034 -1746166.957963 101
cycle:  75 max_shift: 0.003188 LBFGS: function start/end, n_calls: -1746166.957963 -1746166.980517 101
cycle:  76 max_shift: 0.003393 LBFGS: function start/end, n_calls: -1746166.980517 -1746166.990391 101
cycle:  77 max_shift: 0.002358 LBFGS: function start/end, n_calls: -1746166.990391 -1746167.004941 101
cycle:  78 max_shift: 0.006307 LBFGS: function start/end, n_calls: -1746167.004941 -1746167.035761 101
cycle:  79 max_shift: 0.002974 LBFGS: function start/end, n_calls: -1746167.035761 -1746167.049974 101
cycle:  80 max_shift: 0.003016 LBFGS: function start/end, n_calls: -1746167.049974 -1746167.065309 101
cycle:  81 max_shift: 0.002881 LBFGS: function start/end, n_calls: -1746167.065309 -1746167.084833 101
cycle:  82 max_shift: 0.002341 LBFGS: function start/end, n_calls: -1746167.084833 -1746167.094108 101
cycle:  83 max_shift: 0.001810 LBFGS: function start/end, n_calls: -1746167.094108 -1746167.103870 101
cycle:  84 max_shift: 0.003880 LBFGS: function start/end, n_calls: -1746167.103870 -1746167.124629 101
cycle:  85 max_shift: 0.001711 LBFGS: function start/end, n_calls: -1746167.124629 -1746167.135027 101
cycle:  86 max_shift: 0.001944 LBFGS: function start/end, n_calls: -1746167.135027 -1746167.142694 101
cycle:  87 max_shift: 0.003272 LBFGS: function start/end, n_calls: -1746167.142694 -1746167.163004 101
cycle:  88 max_shift: 0.002225 LBFGS: function start/end, n_calls: -1746167.163004 -1746167.173177 101
cycle:  89 max_shift: 0.002456 LBFGS: function start/end, n_calls: -1746167.173177 -1746167.188737 101
cycle:  90 max_shift: 0.002118 LBFGS: function start/end, n_calls: -1746167.188737 -1746167.201042 101
cycle:  91 max_shift: 0.002191 LBFGS: function start/end, n_calls: -1746167.201042 -1746167.211926 101
cycle:  92 max_shift: 0.001912 LBFGS: function start/end, n_calls: -1746167.211926 -1746167.224643 101
cycle:  93 max_shift: 0.001933 LBFGS: function start/end, n_calls: -1746167.224643 -1746167.234704 101
cycle:  94 max_shift: 0.001673 LBFGS: function start/end, n_calls: -1746167.234704 -1746167.241699 101
cycle:  95 max_shift: 0.001715 LBFGS: function start/end, n_calls: -1746167.241699 -1746167.253817 101
cycle:  96 max_shift: 0.001780 LBFGS: function start/end, n_calls: -1746167.253817 -1746167.263953 101
cycle:  97 max_shift: 0.001320 LBFGS: function start/end, n_calls: -1746167.263953 -1746167.270835 101
cycle:  98 max_shift: 0.001336 LBFGS: function start/end, n_calls: -1746167.270835 -1746167.280485 101
cycle:  99 max_shift: 0.001374 LBFGS: function start/end, n_calls: -1746167.280485 -1746167.283926 101
final: bond:  0.009 angle:   1.47 clash:   0.0 rota:  0.00 rama: f: 100.00 o:   0.00 Z:  -4.23 cb:   0.00
See 5_refined.pdb in pdb folder.
Time: 960.3525
