Starting Q|R
version:   v1.0-208-g2886d5-dirty  
Running refinement
   input {
     xray_data {
       file_name = None
       labels = None
       high_resolution = None
       low_resolution = None
       outliers_rejection = True
       french_wilson_scale = True
       french_wilson {
         max_bins = 60
         min_bin_size = 40
       }
       sigma_fobs_rejection_criterion = None
       sigma_iobs_rejection_criterion = None
       ignore_all_zeros = True
       force_anomalous_flag_to_be_equal_to = None
       convert_to_non_anomalous_if_ratio_pairs_lone_less_than_threshold = 0.5
       r_free_flags {
         file_name = None
         label = None
         test_flag_value = None
         ignore_r_free_flags = False
         disable_suitability_test = False
         ignore_pdb_hexdigest = False
         generate = False
         fraction = 0.1
         max_free = 2000
         lattice_symmetry_max_delta = 5
         use_lattice_symmetry = True
         use_dataman_shells = False
         n_shells = 20
       }
     }
     pdb {
       file_name = None
     }
     monomers {
       file_name = None
     }
     maps {
       map_file_name = None
       d_min = None
       map_coefficients_file_name = None
       map_coefficients_label = None
     }
     sequence = None
     scattering_table = wk1995 it1992 *n_gaussian neutron electron
     wavelength = None
     energy = None
     twin_law = Auto
   }
   max_atoms = 15000
   debug = False
   cluster {
     fast_interaction = True
     charge_cutoff = 8.0
     clustering = false
     charge_embedding = False
     two_buffers = False
     maxnum_residues_in_cluster = 15
     select_within_radius = 10
     clustering_method = gnc *bcc
     altloc_method = average *subtract
     g_scan = 10 15 20
     g_mode = None
     save_clusters = True
     bond_with_altloc = True
     re_calculate_rmsd_tolerance = 0.5
   }
   restraints = cctbx *qm
   expansion = False
   quantum {
     engine_name = mopac ani *torchani terachem turbomole pyscf orca gaussian \
                   xtb
     basis = Auto
     charge = None
     method = Auto
     memory = None
     nproc = None
     qm_addon = gcp dftd3 gcp-d3
     qm_addon_method = None
   }
   refine {
     dry_run = False
     sf_algorithm = *direct fft
     refinement_target_name = *ml ls_wunit_k1
     mode = *opt refine gtest
     number_of_macro_cycles = 1
     number_of_weight_search_cycles = 50
     number_of_refine_cycles = 5
     number_of_micro_cycles = 100
     data_weight = None
     choose_best_use_r_work = False
     skip_weight_search = False
     adjust_restraints_weight_scale_value = 2
     max_iterations_weight = 50
     max_iterations_refine = 50
     use_ase_lbfgs = False
     line_search = True
     stpmax = 0.2
     gradient_only = true
     update_all_scales = True
     refine_sites = True
     refine_adp = False
     restraints_weight_scale = 1.0
     shake_sites = False
     use_convergence_test = True
     max_bond_rmsd = 0.03
     max_r_work_r_free_gap = 5.0
     r_tolerance = 0.001
     rmsd_tolerance = 0.01
     opt_log = False
     pre_opt = False
     pre_opt_stpmax = 0.1
     pre_opt_iter = 10
     pre_opt_switch = 2
     pre_opt_gconv = 3000
     minimizer = *lbfgs lbfgsb
   }
   parallel {
     method = *multiprocessing slurm pbs sge lsf threading
     nproc = None
     qsub_command = None
   }
   output_file_name_prefix = None
   output_folder_name = "pdb"
   rst_file = None
   dump_gradients = None

Setting QM defaults
  Setting QM method to HF
  Setting QM basis to 6-31g


***********************************************************
restart info will be stored in /home/yanting/work/aniserver_1_qr/ani_qr_test/cctbx_lbfgs/qr-ani-test/qr-ani/lbfgs/1.2/pdb/8.rst.pickle
***********************************************************

start: bond:  0.013 angle:   1.38 clash:   0.0 rota:  0.00 rama: f:  90.91 o:   0.00 Z:  -4.75 cb:   0.00
cycle:   0 max_shift: 0.348442 LBFGS: function start/end, n_calls: -1746111.743451 -1746163.174516 101
cycle:   1 max_shift: 0.252958 LBFGS: function start/end, n_calls: -1746163.174516 -1746165.600927 101
cycle:   2 max_shift: 0.071746 LBFGS: function start/end, n_calls: -1746165.600927 -1746166.925012 101
cycle:   3 max_shift: 0.049240 LBFGS: function start/end, n_calls: -1746166.925012 -1746167.423886 101
cycle:   4 max_shift: 0.030966 LBFGS: function start/end, n_calls: -1746167.423886 -1746167.749662 101
cycle:   5 max_shift: 0.026017 LBFGS: function start/end, n_calls: -1746167.749662 -1746168.016603 101
cycle:   6 max_shift: 0.013061 LBFGS: function start/end, n_calls: -1746168.016603 -1746168.189403 101
cycle:   7 max_shift: 0.005948 LBFGS: function start/end, n_calls: -1746168.189403 -1746168.245095 101
cycle:   8 max_shift: 0.010755 LBFGS: function start/end, n_calls: -1746168.245095 -1746168.339798 101
cycle:   9 max_shift: 0.004353 LBFGS: function start/end, n_calls: -1746168.339798 -1746168.400988 101
cycle:  10 max_shift: 0.006563 LBFGS: function start/end, n_calls: -1746168.400988 -1746168.457728 101
cycle:  11 max_shift: 0.003575 LBFGS: function start/end, n_calls: -1746168.457728 -1746168.495355 101
cycle:  12 max_shift: 0.008562 LBFGS: function start/end, n_calls: -1746168.495355 -1746168.560173 101
cycle:  13 max_shift: 0.005828 LBFGS: function start/end, n_calls: -1746168.560173 -1746168.618409 101
cycle:  14 max_shift: 0.003695 LBFGS: function start/end, n_calls: -1746168.618409 -1746168.654465 101
cycle:  15 max_shift: 0.010749 LBFGS: function start/end, n_calls: -1746168.654465 -1746168.731926 101
cycle:  16 max_shift: 0.007554 LBFGS: function start/end, n_calls: -1746168.731926 -1746168.802242 101
cycle:  17 max_shift: 0.003137 LBFGS: function start/end, n_calls: -1746168.802242 -1746168.850192 101
cycle:  18 max_shift: 0.002464 LBFGS: function start/end, n_calls: -1746168.850192 -1746168.866762 101
cycle:  19 max_shift: 0.004489 LBFGS: function start/end, n_calls: -1746168.866762 -1746168.906408 101
cycle:  20 max_shift: 0.002853 LBFGS: function start/end, n_calls: -1746168.906408 -1746168.926419 101
cycle:  21 max_shift: 0.007134 LBFGS: function start/end, n_calls: -1746168.926419 -1746168.990788 101
cycle:  22 max_shift: 0.003069 LBFGS: function start/end, n_calls: -1746168.990788 -1746169.015923 101
cycle:  23 max_shift: 0.002299 LBFGS: function start/end, n_calls: -1746169.015923 -1746169.026283 101
cycle:  24 max_shift: 0.003147 LBFGS: function start/end, n_calls: -1746169.026283 -1746169.051268 101
cycle:  25 max_shift: 0.002829 LBFGS: function start/end, n_calls: -1746169.051268 -1746169.075991 101
cycle:  26 max_shift: 0.002947 LBFGS: function start/end, n_calls: -1746169.075991 -1746169.103557 101
cycle:  27 max_shift: 0.002402 LBFGS: function start/end, n_calls: -1746169.103557 -1746169.120650 101
cycle:  28 max_shift: 0.001982 LBFGS: function start/end, n_calls: -1746169.120650 -1746169.140772 101
cycle:  29 max_shift: 0.002185 LBFGS: function start/end, n_calls: -1746169.140772 -1746169.152105 101
cycle:  30 max_shift: 0.014326 LBFGS: function start/end, n_calls: -1746169.152105 -1746167.289723 101
cycle:  31 max_shift: 0.014057 LBFGS: function start/end, n_calls: -1746167.289723 -1746169.241198 101
cycle:  32 max_shift: 0.003195 LBFGS: function start/end, n_calls: -1746169.241198 -1746169.269511 101
cycle:  33 max_shift: 0.003688 LBFGS: function start/end, n_calls: -1746169.269511 -1746169.289597 101
cycle:  34 max_shift: 0.002306 LBFGS: function start/end, n_calls: -1746169.289597 -1746169.315479 101
cycle:  35 max_shift: 0.001955 LBFGS: function start/end, n_calls: -1746169.315479 -1746169.330029 101
cycle:  36 max_shift: 0.002659 LBFGS: function start/end, n_calls: -1746169.330029 -1746169.348281 101
cycle:  37 max_shift: 0.003127 LBFGS: function start/end, n_calls: -1746169.348281 -1746169.372630 101
cycle:  38 max_shift: 0.002740 LBFGS: function start/end, n_calls: -1746169.372630 -1746169.387180 101
cycle:  39 max_shift: 0.002540 LBFGS: function start/end, n_calls: -1746169.387180 -1746169.406218 101
cycle:  40 max_shift: 0.002284 LBFGS: function start/end, n_calls: -1746169.406218 -1746169.425592 101
cycle:  41 max_shift: 0.004024 LBFGS: function start/end, n_calls: -1746169.425592 -1746169.442872 101
cycle:  42 max_shift: 0.002020 LBFGS: function start/end, n_calls: -1746169.442872 -1746169.461498 101
cycle:  43 max_shift: 0.002911 LBFGS: function start/end, n_calls: -1746169.461498 -1746169.479489 101
cycle:  44 max_shift: 0.001812 LBFGS: function start/end, n_calls: -1746169.479489 -1746169.493328 101
cycle:  45 max_shift: 0.002464 LBFGS: function start/end, n_calls: -1746169.493328 -1746169.508027 101
cycle:  46 max_shift: 0.001929 LBFGS: function start/end, n_calls: -1746169.508027 -1746169.520894 101
cycle:  47 max_shift: 0.002185 LBFGS: function start/end, n_calls: -1746169.520894 -1746169.534620 101
cycle:  48 max_shift: 0.001972 LBFGS: function start/end, n_calls: -1746169.534620 -1746169.543821 101
cycle:  49 max_shift: 0.001823 LBFGS: function start/end, n_calls: -1746169.543821 -1746169.559381 101
cycle:  50 max_shift: 0.004103 LBFGS: function start/end, n_calls: -1746169.559381 -1746169.580326 101
cycle:  51 max_shift: 0.002277 LBFGS: function start/end, n_calls: -1746169.580326 -1746169.599701 101
cycle:  52 max_shift: 0.001557 LBFGS: function start/end, n_calls: -1746169.599701 -1746169.605274 101
cycle:  53 max_shift: 0.001530 LBFGS: function start/end, n_calls: -1746169.605274 -1746169.618327 101
cycle:  54 max_shift: 0.001310 LBFGS: function start/end, n_calls: -1746169.618327 -1746169.625433 101
cycle:  55 max_shift: 0.001989 LBFGS: function start/end, n_calls: -1746169.625433 -1746169.634896 101
cycle:  56 max_shift: 0.001960 LBFGS: function start/end, n_calls: -1746169.634896 -1746169.643948 101
cycle:  57 max_shift: 0.001908 LBFGS: function start/end, n_calls: -1746169.643948 -1746169.657450 101
cycle:  58 max_shift: 0.001936 LBFGS: function start/end, n_calls: -1746169.657450 -1746169.672299 101
cycle:  59 max_shift: 0.001404 LBFGS: function start/end, n_calls: -1746169.672299 -1746169.673757 101
cycle:  60 max_shift: 0.002215 LBFGS: function start/end, n_calls: -1746169.673757 -1746169.691075 101
cycle:  61 max_shift: 0.001427 LBFGS: function start/end, n_calls: -1746169.691075 -1746169.698929 101
cycle:  62 max_shift: 0.003010 LBFGS: function start/end, n_calls: -1746169.698929 -1746169.714451 101
cycle:  63 max_shift: 0.001762 LBFGS: function start/end, n_calls: -1746169.714451 -1746169.722792 101
cycle:  64 max_shift: 0.001598 LBFGS: function start/end, n_calls: -1746169.722792 -1746169.730759 101
cycle:  65 max_shift: 0.001711 LBFGS: function start/end, n_calls: -1746169.730759 -1746169.743027 101
cycle:  66 max_shift: 0.003628 LBFGS: function start/end, n_calls: -1746169.743027 -1746169.761130 101
cycle:  67 max_shift: 0.002015 LBFGS: function start/end, n_calls: -1746169.761130 -1746169.775717 101
cycle:  68 max_shift: 0.002058 LBFGS: function start/end, n_calls: -1746169.775717 -1746169.784693 101
cycle:  69 max_shift: 0.002172 LBFGS: function start/end, n_calls: -1746169.784693 -1746169.793109 101
cycle:  70 max_shift: 0.002150 LBFGS: function start/end, n_calls: -1746169.793109 -1746169.805265 101
cycle:  71 max_shift: 0.001971 LBFGS: function start/end, n_calls: -1746169.805265 -1746169.820637 101
cycle:  72 max_shift: 0.003925 LBFGS: function start/end, n_calls: -1746169.820637 -1746169.802833 101
cycle:  73 max_shift: 0.002880 LBFGS: function start/end, n_calls: -1746169.802833 -1746169.852205 101
cycle:  74 max_shift: 0.002194 LBFGS: function start/end, n_calls: -1746169.852205 -1746169.859274 101
cycle:  75 max_shift: 0.002209 LBFGS: function start/end, n_calls: -1746169.859274 -1746169.871056 101
cycle:  76 max_shift: 0.001691 LBFGS: function start/end, n_calls: -1746169.871056 -1746169.882089 101
cycle:  77 max_shift: 0.001649 LBFGS: function start/end, n_calls: -1746169.882089 -1746169.886989 101
cycle:  78 max_shift: 0.002138 LBFGS: function start/end, n_calls: -1746169.886989 -1746169.898696 101
cycle:  79 max_shift: 0.002058 LBFGS: function start/end, n_calls: -1746169.898696 -1746169.910478 101
cycle:  80 max_shift: 0.003234 LBFGS: function start/end, n_calls: -1746169.910478 -1746169.912049 101
cycle:  81 max_shift: 0.002816 LBFGS: function start/end, n_calls: -1746169.912049 -1746169.939614 101
cycle:  82 max_shift: 0.001730 LBFGS: function start/end, n_calls: -1746169.939614 -1746169.944177 101
cycle:  83 max_shift: 0.001991 LBFGS: function start/end, n_calls: -1746169.944177 -1746169.949114 101
cycle:  84 max_shift: 0.003113 LBFGS: function start/end, n_calls: -1746169.949114 -1746169.966955 101
cycle:  85 max_shift: 0.002659 LBFGS: function start/end, n_calls: -1746169.966955 -1746169.981916 101
cycle:  86 max_shift: 0.001417 LBFGS: function start/end, n_calls: -1746169.981916 -1746169.987078 101
cycle:  87 max_shift: 0.001752 LBFGS: function start/end, n_calls: -1746169.987078 -1746169.997551 101
cycle:  88 max_shift: 0.001539 LBFGS: function start/end, n_calls: -1746169.997551 -1746170.002114 101
cycle:  89 max_shift: 0.001420 LBFGS: function start/end, n_calls: -1746170.002114 -1746170.008771 101
cycle:  90 max_shift: 0.001464 LBFGS: function start/end, n_calls: -1746170.008771 -1746170.016476 101
cycle:  91 max_shift: 0.001760 LBFGS: function start/end, n_calls: -1746170.016476 -1746170.021301 101
cycle:  92 max_shift: 0.002219 LBFGS: function start/end, n_calls: -1746170.021301 -1746170.026687 101
cycle:  93 max_shift: 0.002165 LBFGS: function start/end, n_calls: -1746170.026687 -1746170.040489 101
cycle:  94 max_shift: 0.001595 LBFGS: function start/end, n_calls: -1746170.040489 -1746170.044940 101
cycle:  95 max_shift: 0.002090 LBFGS: function start/end, n_calls: -1746170.044940 -1746170.057395 101
cycle:  96 max_shift: 0.001466 LBFGS: function start/end, n_calls: -1746170.057395 -1746170.067119 101
cycle:  97 max_shift: 0.001410 LBFGS: function start/end, n_calls: -1746170.067119 -1746170.070860 101
cycle:  98 max_shift: 0.001590 LBFGS: function start/end, n_calls: -1746170.070860 -1746170.076769 101
cycle:  99 max_shift: 0.001616 LBFGS: function start/end, n_calls: -1746170.076769 -1746170.082604 101
final: bond:  0.009 angle:   1.36 clash:   0.0 rota:  0.00 rama: f:  90.91 o:   0.00 Z:  -4.18 cb:   0.00
See 8_refined.pdb in pdb folder.
Time: 959.8900
