Starting Q|R
version:   v1.0-208-g2886d5-dirty  
Running refinement
   input {
     xray_data {
       file_name = None
       labels = None
       high_resolution = None
       low_resolution = None
       outliers_rejection = True
       french_wilson_scale = True
       french_wilson {
         max_bins = 60
         min_bin_size = 40
       }
       sigma_fobs_rejection_criterion = None
       sigma_iobs_rejection_criterion = None
       ignore_all_zeros = True
       force_anomalous_flag_to_be_equal_to = None
       convert_to_non_anomalous_if_ratio_pairs_lone_less_than_threshold = 0.5
       r_free_flags {
         file_name = None
         label = None
         test_flag_value = None
         ignore_r_free_flags = False
         disable_suitability_test = False
         ignore_pdb_hexdigest = False
         generate = False
         fraction = 0.1
         max_free = 2000
         lattice_symmetry_max_delta = 5
         use_lattice_symmetry = True
         use_dataman_shells = False
         n_shells = 20
       }
     }
     pdb {
       file_name = None
     }
     monomers {
       file_name = None
     }
     maps {
       map_file_name = None
       d_min = None
       map_coefficients_file_name = None
       map_coefficients_label = None
     }
     sequence = None
     scattering_table = wk1995 it1992 *n_gaussian neutron electron
     wavelength = None
     energy = None
     twin_law = Auto
   }
   max_atoms = 15000
   debug = False
   cluster {
     fast_interaction = True
     charge_cutoff = 8.0
     clustering = false
     charge_embedding = False
     two_buffers = False
     maxnum_residues_in_cluster = 15
     select_within_radius = 10
     clustering_method = gnc *bcc
     altloc_method = average *subtract
     g_scan = 10 15 20
     g_mode = None
     save_clusters = True
     bond_with_altloc = True
     re_calculate_rmsd_tolerance = 0.5
   }
   restraints = cctbx *qm
   expansion = False
   quantum {
     engine_name = mopac ani *torchani terachem turbomole pyscf orca gaussian \
                   xtb
     basis = Auto
     charge = None
     method = Auto
     memory = None
     nproc = None
     qm_addon = gcp dftd3 gcp-d3
     qm_addon_method = None
   }
   refine {
     dry_run = False
     sf_algorithm = *direct fft
     refinement_target_name = *ml ls_wunit_k1
     mode = *opt refine gtest
     number_of_macro_cycles = 1
     number_of_weight_search_cycles = 50
     number_of_refine_cycles = 5
     number_of_micro_cycles = 50
     data_weight = None
     choose_best_use_r_work = False
     skip_weight_search = False
     adjust_restraints_weight_scale_value = 2
     max_iterations_weight = 50
     max_iterations_refine = 50
     use_ase_lbfgs = False
     line_search = True
     stpmax = 0.2
     gradient_only = true
     update_all_scales = True
     refine_sites = True
     refine_adp = False
     restraints_weight_scale = 1.0
     shake_sites = False
     use_convergence_test = true
     max_bond_rmsd = 0.03
     max_r_work_r_free_gap = 5.0
     r_tolerance = 0.001
     rmsd_tolerance = 0.01
     opt_log = 1
     pre_opt = False
     pre_opt_stpmax = 0.1
     pre_opt_iter = 10
     pre_opt_switch = 2
     pre_opt_gconv = 3000
     minimizer = *lbfgs lbfgsb
   }
   parallel {
     method = *multiprocessing slurm pbs sge lsf threading
     nproc = None
     qsub_command = None
   }
   output_file_name_prefix = None
   output_folder_name = "pdb"
   rst_file = None
   dump_gradients = None

Setting QM defaults
  Setting QM method to HF
  Setting QM basis to 6-31g


***********************************************************
restart info will be stored in /home/yanting/work/aniserver_1_qr/ani_qr_test/cctbx_lbfgs/qr-ani-test/qr-ani-1us0/1us0_perturbed/pdb/1us0H_mod.pdb.perturbed_minimized_P1box.rst.pickle
***********************************************************

start: bond:  0.009 angle:   1.69 clash:  20.0 rota:  0.72 rama: f:  69.68 o:  13.55 Z:  -6.96 cb:   0.00
cycle:   0 max_shift: 1.298665 LBFGS: function start/end, n_calls: -78378926.131417 -78403552.922573 101
cycle:   1 max_shift: 0.481916 LBFGS: function start/end, n_calls: -78403552.922573 -78404230.167171 101
cycle:   2 max_shift: 0.433031 LBFGS: function start/end, n_calls: -78404230.167171 -78404420.415929 101
cycle:   3 max_shift: 0.389325 LBFGS: function start/end, n_calls: -78404420.415929 -78404532.707149 101
cycle:   4 max_shift: 0.277232 LBFGS: function start/end, n_calls: -78404532.707149 -78404599.490622 101
cycle:   5 max_shift: 0.352293 LBFGS: function start/end, n_calls: -78404599.490622 -78404694.003396 101
cycle:   6 max_shift: 0.076762 LBFGS: function start/end, n_calls: -78404694.003396 -78404700.430638 99
cycle:   7 max_shift: 0.194449 LBFGS: function start/end, n_calls: -78404700.430638 -78404723.145014 101
cycle:   8 max_shift: 0.088574 LBFGS: function start/end, n_calls: -78404723.145014 -78404738.991696 101
cycle:   9 max_shift: 0.066908 LBFGS: function start/end, n_calls: -78404738.991696 -78404750.029317 101
cycle:  10 max_shift: 0.053002 LBFGS: function start/end, n_calls: -78404750.029317 -78404758.622911 101
cycle:  11 max_shift: 0.042177 LBFGS: function start/end, n_calls: -78404758.622911 -78404764.446926 101
cycle:  12 max_shift: 0.029125 LBFGS: function start/end, n_calls: -78404764.446926 -78404770.163222 101
cycle:  13 max_shift: 0.015404 LBFGS: function start/end, n_calls: -78404770.163222 -78404774.357087 100
cycle:  14 max_shift: 0.010753 LBFGS: function start/end, n_calls: -78404774.357087 -78404776.750845 101
cycle:  15 max_shift: 0.015329 LBFGS: function start/end, n_calls: -78404776.750845 -78404779.604206 101
cycle:  16 max_shift: 0.015933 LBFGS: function start/end, n_calls: -78404779.604206 -78404782.658642 101
cycle:  17 max_shift: 0.027909 LBFGS: function start/end, n_calls: -78404782.658642 -78404785.102670 101
cycle:  18 max_shift: 0.014597 LBFGS: function start/end, n_calls: -78404785.102670 -78404787.089489 101
cycle:  19 max_shift: 0.016178 LBFGS: function start/end, n_calls: -78404787.089489 -78404789.885399 101
cycle:  20 max_shift: 0.008786 LBFGS: function start/end, n_calls: -78404789.885399 -78404792.068507 101
cycle:  21 max_shift: 0.013125 LBFGS: function start/end, n_calls: -78404792.068507 -78404793.622057 101
cycle:  22 max_shift: 0.013698 LBFGS: function start/end, n_calls: -78404793.622057 -78404795.711808 101
cycle:  23 max_shift: 0.008592 LBFGS: function start/end, n_calls: -78404795.711808 -78404797.267751 101
cycle:  24 max_shift: 0.012075 LBFGS: function start/end, n_calls: -78404797.267751 -78404799.209089 101
cycle:  25 max_shift: 0.010922 LBFGS: function start/end, n_calls: -78404799.209089 -78404800.547200 101
cycle:  26 max_shift: 0.015726 LBFGS: function start/end, n_calls: -78404800.547200 -78404803.237785 101
cycle:  27 max_shift: 0.009147 LBFGS: function start/end, n_calls: -78404803.237785 -78404804.944535 100
cycle:  28 max_shift: 0.014340 LBFGS: function start/end, n_calls: -78404804.944535 -78404807.261694 101
cycle:  29 max_shift: 0.014675 LBFGS: function start/end, n_calls: -78404807.261694 -78404808.764974 101
cycle:  30 max_shift: 0.007639 LBFGS: function start/end, n_calls: -78404808.764974 -78404809.870891 101
cycle:  31 max_shift: 0.011534 LBFGS: function start/end, n_calls: -78404809.870891 -78404811.445984 101
cycle:  32 max_shift: 0.007698 LBFGS: function start/end, n_calls: -78404811.445984 -78404813.037833 101
cycle:  33 max_shift: 0.009669 LBFGS: function start/end, n_calls: -78404813.037833 -78404814.569839 101
cycle:  34 max_shift: 0.008380 LBFGS: function start/end, n_calls: -78404814.569839 -78404816.104238 101
cycle:  35 max_shift: 0.010299 LBFGS: function start/end, n_calls: -78404816.104238 -78404817.775082 101
cycle:  36 max_shift: 0.006988 LBFGS: function start/end, n_calls: -78404817.775082 -78404819.046168 101
cycle:  37 max_shift: 0.007656 LBFGS: function start/end, n_calls: -78404819.046168 -78404820.123359 101
cycle:  38 max_shift: 0.008060 LBFGS: function start/end, n_calls: -78404820.123359 -78404821.605096 101
cycle:  39 max_shift: 0.009635 LBFGS: function start/end, n_calls: -78404821.605096 -78404822.529086 101
cycle:  40 max_shift: 0.005217 LBFGS: function start/end, n_calls: -78404822.529086 -78404823.376477 101
cycle:  41 max_shift: 0.008898 LBFGS: function start/end, n_calls: -78404823.376477 -78404824.740919 101
cycle:  42 max_shift: 0.007362 LBFGS: function start/end, n_calls: -78404824.740919 -78404825.751086 101
cycle:  43 max_shift: 0.008379 LBFGS: function start/end, n_calls: -78404825.751086 -78404827.062865 101
cycle:  44 max_shift: 0.008543 LBFGS: function start/end, n_calls: -78404827.062865 -78404828.412945 101
cycle:  45 max_shift: 0.006379 LBFGS: function start/end, n_calls: -78404828.412945 -78404829.116710 101
cycle:  46 max_shift: 0.004457 LBFGS: function start/end, n_calls: -78404829.116710 -78404829.861169 101
cycle:  47 max_shift: 0.021883 LBFGS: function start/end, n_calls: -78404829.861169 -78404830.639141 101
cycle:  48 max_shift: 0.008313 LBFGS: function start/end, n_calls: -78404830.639141 -78404831.541588 101
cycle:  49 max_shift: 0.014892 LBFGS: function start/end, n_calls: -78404831.541588 -78404832.819855 101
final: bond:  0.010 angle:   1.55 clash:   0.2 rota:  0.72 rama: f:  96.77 o:   0.00 Z:  -1.74 cb:   0.00
See 1us0H_mod.pdb.perturbed_minimized_P1box_refined.pdb in pdb folder.
Time: 1679.3975
