Starting Q|R
version:   v1.0-208-g2886d5-dirty  
Running refinement
   input {
     xray_data {
       file_name = None
       labels = None
       high_resolution = None
       low_resolution = None
       outliers_rejection = True
       french_wilson_scale = True
       french_wilson {
         max_bins = 60
         min_bin_size = 40
       }
       sigma_fobs_rejection_criterion = None
       sigma_iobs_rejection_criterion = None
       ignore_all_zeros = True
       force_anomalous_flag_to_be_equal_to = None
       convert_to_non_anomalous_if_ratio_pairs_lone_less_than_threshold = 0.5
       r_free_flags {
         file_name = None
         label = None
         test_flag_value = None
         ignore_r_free_flags = False
         disable_suitability_test = False
         ignore_pdb_hexdigest = False
         generate = False
         fraction = 0.1
         max_free = 2000
         lattice_symmetry_max_delta = 5
         use_lattice_symmetry = True
         use_dataman_shells = False
         n_shells = 20
       }
     }
     pdb {
       file_name = None
     }
     monomers {
       file_name = None
     }
     maps {
       map_file_name = None
       d_min = None
       map_coefficients_file_name = None
       map_coefficients_label = None
     }
     sequence = None
     scattering_table = wk1995 it1992 *n_gaussian neutron electron
     wavelength = None
     energy = None
     twin_law = Auto
   }
   max_atoms = 15000
   debug = False
   cluster {
     fast_interaction = True
     charge_cutoff = 8.0
     clustering = false
     charge_embedding = False
     two_buffers = False
     maxnum_residues_in_cluster = 15
     select_within_radius = 10
     clustering_method = gnc *bcc
     altloc_method = average *subtract
     g_scan = 10 15 20
     g_mode = None
     save_clusters = True
     bond_with_altloc = True
     re_calculate_rmsd_tolerance = 0.5
   }
   restraints = *cctbx qm
   expansion = False
   quantum {
     engine_name = *mopac ani torchani terachem turbomole pyscf orca gaussian \
                   xtb
     basis = Auto
     charge = None
     method = Auto
     memory = None
     nproc = None
     qm_addon = gcp dftd3 gcp-d3
     qm_addon_method = None
   }
   refine {
     dry_run = False
     sf_algorithm = *direct fft
     refinement_target_name = *ml ls_wunit_k1
     mode = *opt refine gtest
     number_of_macro_cycles = 1
     number_of_weight_search_cycles = 50
     number_of_refine_cycles = 5
     number_of_micro_cycles = 100
     data_weight = None
     choose_best_use_r_work = False
     skip_weight_search = False
     adjust_restraints_weight_scale_value = 2
     max_iterations_weight = 50
     max_iterations_refine = 50
     use_ase_lbfgs = False
     line_search = True
     stpmax = 0.2
     gradient_only = False
     update_all_scales = True
     refine_sites = True
     refine_adp = False
     restraints_weight_scale = 1.0
     shake_sites = False
     use_convergence_test = True
     max_bond_rmsd = 0.03
     max_r_work_r_free_gap = 5.0
     r_tolerance = 0.001
     rmsd_tolerance = 0.01
     opt_log = False
     pre_opt = False
     pre_opt_stpmax = 0.1
     pre_opt_iter = 10
     pre_opt_switch = 2
     pre_opt_gconv = 3000
     minimizer = lbfgs *lbfgsb
   }
   parallel {
     method = *multiprocessing slurm pbs sge lsf threading
     nproc = None
     qsub_command = None
   }
   output_file_name_prefix = None
   output_folder_name = "pdb"
   rst_file = None
   dump_gradients = None

Setting QM defaults
  Setting QM method to PM7


***********************************************************
restart info will be stored in /home/yanting/work/aniserver_1_qr/ani_qr_test/cctbx_lbfgs/qr-ani-test/qr-cctbx/lbfgs_b/1.2/pdb/0.rst.pickle
***********************************************************

start: bond:  0.013 angle:   1.30 clash:   0.0 rota:  0.00 rama: f: 100.00 o:   0.00 Z:  -5.08 cb:   0.00
cycle:   0 max_shift: 0.159534 LBFGS-B: function start/end, n_calls: 250.995460356 49.4796051127 52
cycle:   1 max_shift: 0.100614 LBFGS-B: function start/end, n_calls: 49.4796051127 47.1806831093 52
cycle:   2 max_shift: 0.060359 LBFGS-B: function start/end, n_calls: 47.1806831093 46.291911407 51
cycle:   3 max_shift: 0.062972 LBFGS-B: function start/end, n_calls: 46.291911407 45.6411656253 52
cycle:   4 max_shift: 0.072892 LBFGS-B: function start/end, n_calls: 45.6411656253 45.0719350547 52
cycle:   5 max_shift: 0.045841 LBFGS-B: function start/end, n_calls: 45.0719350547 44.6052096431 51
cycle:   6 max_shift: 0.068053 LBFGS-B: function start/end, n_calls: 44.6052096431 44.2191452147 51
cycle:   7 max_shift: 0.049756 LBFGS-B: function start/end, n_calls: 44.2191452147 43.8533486954 52
cycle:   8 max_shift: 0.073734 LBFGS-B: function start/end, n_calls: 43.8533486954 43.5121450169 51
cycle:   9 max_shift: 0.063401 LBFGS-B: function start/end, n_calls: 43.5121450169 43.1411504885 52
cycle:  10 max_shift: 0.054994 LBFGS-B: function start/end, n_calls: 43.1411504885 42.8446376116 52
cycle:  11 max_shift: 0.042188 LBFGS-B: function start/end, n_calls: 42.8446376116 42.6107396434 52
cycle:  12 max_shift: 0.038749 LBFGS-B: function start/end, n_calls: 42.6107396434 42.424269519 52
cycle:  13 max_shift: 0.047804 LBFGS-B: function start/end, n_calls: 42.424269519 42.2448495894 52
cycle:  14 max_shift: 0.021108 LBFGS-B: function start/end, n_calls: 42.2448495894 42.1008641886 51
cycle:  15 max_shift: 0.033986 LBFGS-B: function start/end, n_calls: 42.1008641886 41.9786967455 51
cycle:  16 max_shift: 0.016757 LBFGS-B: function start/end, n_calls: 41.9786967455 41.8840475711 52
cycle:  17 max_shift: 0.027517 LBFGS-B: function start/end, n_calls: 41.8840475711 41.7856609464 52
cycle:  18 max_shift: 0.014146 LBFGS-B: function start/end, n_calls: 41.7856609464 41.6987632661 51
cycle:  19 max_shift: 0.033701 LBFGS-B: function start/end, n_calls: 41.6987632661 41.587948831 52
cycle:  20 max_shift: 0.011960 LBFGS-B: function start/end, n_calls: 41.587948831 41.4998401189 51
cycle:  21 max_shift: 0.035217 LBFGS-B: function start/end, n_calls: 41.4998401189 41.42138392 52
cycle:  22 max_shift: 0.012664 LBFGS-B: function start/end, n_calls: 41.42138392 41.3312605496 51
cycle:  23 max_shift: 0.029379 LBFGS-B: function start/end, n_calls: 41.3312605496 41.2614048575 51
cycle:  24 max_shift: 0.009421 LBFGS-B: function start/end, n_calls: 41.2614048575 41.2003312269 51
cycle:  25 max_shift: 0.044616 LBFGS-B: function start/end, n_calls: 41.2003312269 41.1077413576 51
cycle:  26 max_shift: 0.011000 LBFGS-B: function start/end, n_calls: 41.1077413576 41.0317113978 52
cycle:  27 max_shift: 0.025985 LBFGS-B: function start/end, n_calls: 41.0317113978 40.9829919553 51
cycle:  28 max_shift: 0.010710 LBFGS-B: function start/end, n_calls: 40.9829919553 40.9363879896 52
cycle:  29 max_shift: 0.033798 LBFGS-B: function start/end, n_calls: 40.9363879896 40.884113414 52
cycle:  30 max_shift: 0.009292 LBFGS-B: function start/end, n_calls: 40.884113414 40.8350326893 51
cycle:  31 max_shift: 0.033835 LBFGS-B: function start/end, n_calls: 40.8350326893 40.7948318462 51
cycle:  32 max_shift: 0.008050 LBFGS-B: function start/end, n_calls: 40.7948318462 40.7448092439 51
cycle:  33 max_shift: 0.057043 LBFGS-B: function start/end, n_calls: 40.7448092439 40.6752253337 52
cycle:  34 max_shift: 0.008472 LBFGS-B: function start/end, n_calls: 40.6752253337 40.6147577934 51
cycle:  35 max_shift: 0.046203 LBFGS-B: function start/end, n_calls: 40.6147577934 40.5638484009 52
cycle:  36 max_shift: 0.006419 LBFGS-B: function start/end, n_calls: 40.5638484009 40.5170218037 52
cycle:  37 max_shift: 0.036160 LBFGS-B: function start/end, n_calls: 40.5170218037 40.4856142953 52
cycle:  38 max_shift: 0.006237 LBFGS-B: function start/end, n_calls: 40.4856142953 40.4515103108 52
cycle:  39 max_shift: 0.026991 LBFGS-B: function start/end, n_calls: 40.4515103108 40.4264534213 51
cycle:  40 max_shift: 0.007814 LBFGS-B: function start/end, n_calls: 40.4264534213 40.4034033855 51
cycle:  41 max_shift: 0.012975 LBFGS-B: function start/end, n_calls: 40.4034033855 40.3895088281 51
cycle:  42 max_shift: 0.008602 LBFGS-B: function start/end, n_calls: 40.3895088281 40.3753179616 52
cycle:  43 max_shift: 0.008710 LBFGS-B: function start/end, n_calls: 40.3753179616 40.3629651394 51
cycle:  44 max_shift: 0.008626 LBFGS-B: function start/end, n_calls: 40.3629651394 40.35128731 51
cycle:  45 max_shift: 0.010404 LBFGS-B: function start/end, n_calls: 40.35128731 40.338673164 52
cycle:  46 max_shift: 0.005953 LBFGS-B: function start/end, n_calls: 40.338673164 40.3277925019 51
cycle:  47 max_shift: 0.010559 LBFGS-B: function start/end, n_calls: 40.3277925019 40.3162842502 51
cycle:  48 max_shift: 0.006054 LBFGS-B: function start/end, n_calls: 40.3162842502 40.3043540743 51
cycle:  49 max_shift: 0.013033 LBFGS-B: function start/end, n_calls: 40.3043540743 40.2911991786 52
cycle:  50 max_shift: 0.005848 LBFGS-B: function start/end, n_calls: 40.2911991786 40.2784862197 52
cycle:  51 max_shift: 0.014869 LBFGS-B: function start/end, n_calls: 40.2784862197 40.2651632886 52
cycle:  52 max_shift: 0.004442 LBFGS-B: function start/end, n_calls: 40.2651632886 40.2524607462 52
cycle:  53 max_shift: 0.016788 LBFGS-B: function start/end, n_calls: 40.2524607462 40.2386831225 51
cycle:  54 max_shift: 0.004678 LBFGS-B: function start/end, n_calls: 40.2386831225 40.2263866355 52
cycle:  55 max_shift: 0.017613 LBFGS-B: function start/end, n_calls: 40.2263866355 40.2149669012 51
cycle:  56 max_shift: 0.003999 LBFGS-B: function start/end, n_calls: 40.2149669012 40.2005638636 51
cycle:  57 max_shift: 0.020788 LBFGS-B: function start/end, n_calls: 40.2005638636 40.1862678372 52
cycle:  58 max_shift: 0.004339 LBFGS-B: function start/end, n_calls: 40.1862678372 40.1720651465 51
cycle:  59 max_shift: 0.016098 LBFGS-B: function start/end, n_calls: 40.1720651465 40.159426353 51
cycle:  60 max_shift: 0.005278 LBFGS-B: function start/end, n_calls: 40.159426353 40.1499050514 52
cycle:  61 max_shift: 0.017562 LBFGS-B: function start/end, n_calls: 40.1499050514 40.1369869026 52
cycle:  62 max_shift: 0.004820 LBFGS-B: function start/end, n_calls: 40.1369869026 40.1263979589 52
cycle:  63 max_shift: 0.008822 LBFGS-B: function start/end, n_calls: 40.1263979589 40.1197105293 51
cycle:  64 max_shift: 0.005649 LBFGS-B: function start/end, n_calls: 40.1197105293 40.1124212627 51
cycle:  65 max_shift: 0.006392 LBFGS-B: function start/end, n_calls: 40.1124212627 40.1065218788 51
cycle:  66 max_shift: 0.006335 LBFGS-B: function start/end, n_calls: 40.1065218788 40.1002101461 51
cycle:  67 max_shift: 0.005951 LBFGS-B: function start/end, n_calls: 40.1002101461 40.0941188667 51
cycle:  68 max_shift: 0.007677 LBFGS-B: function start/end, n_calls: 40.0941188667 40.0879284187 51
cycle:  69 max_shift: 0.004746 LBFGS-B: function start/end, n_calls: 40.0879284187 40.0813941943 51
cycle:  70 max_shift: 0.008691 LBFGS-B: function start/end, n_calls: 40.0813941943 40.0753489732 51
cycle:  71 max_shift: 0.004245 LBFGS-B: function start/end, n_calls: 40.0753489732 40.0690236832 52
cycle:  72 max_shift: 0.028008 LBFGS-B: function start/end, n_calls: 40.0690236832 40.0567001754 52
cycle:  73 max_shift: 0.004663 LBFGS-B: function start/end, n_calls: 40.0567001754 40.0401846419 51
cycle:  74 max_shift: 0.025266 LBFGS-B: function start/end, n_calls: 40.0401846419 40.0277597447 51
cycle:  75 max_shift: 0.004408 LBFGS-B: function start/end, n_calls: 40.0277597447 40.0155681371 51
cycle:  76 max_shift: 0.023334 LBFGS-B: function start/end, n_calls: 40.0155681371 40.0059887352 51
cycle:  77 max_shift: 0.005512 LBFGS-B: function start/end, n_calls: 40.0059887352 39.9940724141 52
cycle:  78 max_shift: 0.017341 LBFGS-B: function start/end, n_calls: 39.9940724141 39.985438306 52
cycle:  79 max_shift: 0.003480 LBFGS-B: function start/end, n_calls: 39.985438306 39.9780714723 52
cycle:  80 max_shift: 0.010603 LBFGS-B: function start/end, n_calls: 39.9780714723 39.9730447 51
cycle:  81 max_shift: 0.003926 LBFGS-B: function start/end, n_calls: 39.9730447 39.9686180694 51
cycle:  82 max_shift: 0.007584 LBFGS-B: function start/end, n_calls: 39.9686180694 39.9647950268 51
cycle:  83 max_shift: 0.003206 LBFGS-B: function start/end, n_calls: 39.9647950268 39.9608284484 51
cycle:  84 max_shift: 0.006552 LBFGS-B: function start/end, n_calls: 39.9608284484 39.9576145049 52
cycle:  85 max_shift: 0.003171 LBFGS-B: function start/end, n_calls: 39.9576145049 39.9544345474 52
cycle:  86 max_shift: 0.008502 LBFGS-B: function start/end, n_calls: 39.9544345474 39.9503919956 52
cycle:  87 max_shift: 0.003076 LBFGS-B: function start/end, n_calls: 39.9503919956 39.9465247177 51
cycle:  88 max_shift: 0.026161 LBFGS-B: function start/end, n_calls: 39.9465247177 39.93531778 51
cycle:  89 max_shift: 0.004704 LBFGS-B: function start/end, n_calls: 39.93531778 39.9275486363 51
cycle:  90 max_shift: 0.008671 LBFGS-B: function start/end, n_calls: 39.9275486363 39.924185615 51
cycle:  91 max_shift: 0.002594 LBFGS-B: function start/end, n_calls: 39.924185615 39.9202591345 52
cycle:  92 max_shift: 0.009160 LBFGS-B: function start/end, n_calls: 39.9202591345 39.9170953529 51
cycle:  93 max_shift: 0.003073 LBFGS-B: function start/end, n_calls: 39.9170953529 39.9140830511 52
cycle:  94 max_shift: 0.003693 LBFGS-B: function start/end, n_calls: 39.9140830511 39.9122579309 51
cycle:  95 max_shift: 0.001755 LBFGS-B: function start/end, n_calls: 39.9122579309 39.9105728878 51
cycle:  96 max_shift: 0.003089 LBFGS-B: function start/end, n_calls: 39.9105728878 39.9091437412 51
cycle:  97 max_shift: 0.001942 LBFGS-B: function start/end, n_calls: 39.9091437412 39.907805042 51
cycle:  98 max_shift: 0.004408 LBFGS-B: function start/end, n_calls: 39.907805042 39.9058445887 52
cycle:  99 max_shift: 0.002259 LBFGS-B: function start/end, n_calls: 39.9058445887 39.9042077368 52
final: bond:  0.000 angle:   0.26 clash:   0.0 rota:  0.00 rama: f:  90.91 o:   0.00 Z:  -5.71 cb:   0.00
See 0_refined.pdb in pdb folder.
Time: 5.0262
