Starting Q|R
version:   v1.0-208-g2886d5-dirty  
Running refinement
   input {
     xray_data {
       file_name = None
       labels = None
       high_resolution = None
       low_resolution = None
       outliers_rejection = True
       french_wilson_scale = True
       french_wilson {
         max_bins = 60
         min_bin_size = 40
       }
       sigma_fobs_rejection_criterion = None
       sigma_iobs_rejection_criterion = None
       ignore_all_zeros = True
       force_anomalous_flag_to_be_equal_to = None
       convert_to_non_anomalous_if_ratio_pairs_lone_less_than_threshold = 0.5
       r_free_flags {
         file_name = None
         label = None
         test_flag_value = None
         ignore_r_free_flags = False
         disable_suitability_test = False
         ignore_pdb_hexdigest = False
         generate = False
         fraction = 0.1
         max_free = 2000
         lattice_symmetry_max_delta = 5
         use_lattice_symmetry = True
         use_dataman_shells = False
         n_shells = 20
       }
     }
     pdb {
       file_name = None
     }
     monomers {
       file_name = None
     }
     maps {
       map_file_name = None
       d_min = None
       map_coefficients_file_name = None
       map_coefficients_label = None
     }
     sequence = None
     scattering_table = wk1995 it1992 *n_gaussian neutron electron
     wavelength = None
     energy = None
     twin_law = Auto
   }
   max_atoms = 15000
   debug = False
   cluster {
     fast_interaction = True
     charge_cutoff = 8.0
     clustering = false
     charge_embedding = False
     two_buffers = False
     maxnum_residues_in_cluster = 15
     select_within_radius = 10
     clustering_method = gnc *bcc
     altloc_method = average *subtract
     g_scan = 10 15 20
     g_mode = None
     save_clusters = True
     bond_with_altloc = True
     re_calculate_rmsd_tolerance = 0.5
   }
   restraints = *cctbx qm
   expansion = False
   quantum {
     engine_name = *mopac ani torchani terachem turbomole pyscf orca gaussian \
                   xtb
     basis = Auto
     charge = None
     method = Auto
     memory = None
     nproc = None
     qm_addon = gcp dftd3 gcp-d3
     qm_addon_method = None
   }
   refine {
     dry_run = False
     sf_algorithm = *direct fft
     refinement_target_name = *ml ls_wunit_k1
     mode = *opt refine gtest
     number_of_macro_cycles = 1
     number_of_weight_search_cycles = 50
     number_of_refine_cycles = 5
     number_of_micro_cycles = 100
     data_weight = None
     choose_best_use_r_work = False
     skip_weight_search = False
     adjust_restraints_weight_scale_value = 2
     max_iterations_weight = 50
     max_iterations_refine = 50
     use_ase_lbfgs = False
     line_search = True
     stpmax = 0.2
     gradient_only = False
     update_all_scales = True
     refine_sites = True
     refine_adp = False
     restraints_weight_scale = 1.0
     shake_sites = False
     use_convergence_test = True
     max_bond_rmsd = 0.03
     max_r_work_r_free_gap = 5.0
     r_tolerance = 0.001
     rmsd_tolerance = 0.01
     opt_log = False
     pre_opt = False
     pre_opt_stpmax = 0.1
     pre_opt_iter = 10
     pre_opt_switch = 2
     pre_opt_gconv = 3000
     minimizer = lbfgs *lbfgsb
   }
   parallel {
     method = *multiprocessing slurm pbs sge lsf threading
     nproc = None
     qsub_command = None
   }
   output_file_name_prefix = None
   output_folder_name = "pdb"
   rst_file = None
   dump_gradients = None

Setting QM defaults
  Setting QM method to PM7


***********************************************************
restart info will be stored in /home/yanting/work/aniserver_1_qr/ani_qr_test/cctbx_lbfgs/qr-ani-test/qr-cctbx/lbfgs_b/1.2/pdb/2.rst.pickle
***********************************************************

start: bond:  0.016 angle:   1.63 clash:   0.0 rota:  0.00 rama: f:  90.91 o:   0.00 Z:  -5.46 cb:   0.00
cycle:   0 max_shift: 0.202361 LBFGS-B: function start/end, n_calls: 320.234284622 51.6028387729 52
cycle:   1 max_shift: 0.113815 LBFGS-B: function start/end, n_calls: 51.6028387729 47.8077494228 52
cycle:   2 max_shift: 0.073610 LBFGS-B: function start/end, n_calls: 47.8077494228 46.4978079963 51
cycle:   3 max_shift: 0.055174 LBFGS-B: function start/end, n_calls: 46.4978079963 45.7656447543 52
cycle:   4 max_shift: 0.037564 LBFGS-B: function start/end, n_calls: 45.7656447543 45.337109627 51
cycle:   5 max_shift: 0.057259 LBFGS-B: function start/end, n_calls: 45.337109627 45.0217497241 51
cycle:   6 max_shift: 0.047548 LBFGS-B: function start/end, n_calls: 45.0217497241 44.7293853955 52
cycle:   7 max_shift: 0.086316 LBFGS-B: function start/end, n_calls: 44.7293853955 44.4314431647 52
cycle:   8 max_shift: 0.053497 LBFGS-B: function start/end, n_calls: 44.4314431647 44.0972080221 52
cycle:   9 max_shift: 0.062044 LBFGS-B: function start/end, n_calls: 44.0972080221 43.8369565634 52
cycle:  10 max_shift: 0.050312 LBFGS-B: function start/end, n_calls: 43.8369565634 43.5935928935 51
cycle:  11 max_shift: 0.060007 LBFGS-B: function start/end, n_calls: 43.5935928935 43.3625021783 51
cycle:  12 max_shift: 0.056975 LBFGS-B: function start/end, n_calls: 43.3625021783 43.1432690268 52
cycle:  13 max_shift: 0.040582 LBFGS-B: function start/end, n_calls: 43.1432690268 42.9373651383 51
cycle:  14 max_shift: 0.080024 LBFGS-B: function start/end, n_calls: 42.9373651383 42.7191854826 52
cycle:  15 max_shift: 0.045958 LBFGS-B: function start/end, n_calls: 42.7191854826 42.4766439371 52
cycle:  16 max_shift: 0.068394 LBFGS-B: function start/end, n_calls: 42.4766439371 42.2761643191 52
cycle:  17 max_shift: 0.037699 LBFGS-B: function start/end, n_calls: 42.2761643191 42.0994816672 51
cycle:  18 max_shift: 0.076047 LBFGS-B: function start/end, n_calls: 42.0994816672 41.9058267453 51
cycle:  19 max_shift: 0.040408 LBFGS-B: function start/end, n_calls: 41.9058267453 41.7336872998 51
cycle:  20 max_shift: 0.037874 LBFGS-B: function start/end, n_calls: 41.7336872998 41.6103353362 51
cycle:  21 max_shift: 0.060078 LBFGS-B: function start/end, n_calls: 41.6103353362 41.4821733072 52
cycle:  22 max_shift: 0.032854 LBFGS-B: function start/end, n_calls: 41.4821733072 41.3538937204 51
cycle:  23 max_shift: 0.041218 LBFGS-B: function start/end, n_calls: 41.3538937204 41.2485842171 51
cycle:  24 max_shift: 0.028646 LBFGS-B: function start/end, n_calls: 41.2485842171 41.164878853 52
cycle:  25 max_shift: 0.033136 LBFGS-B: function start/end, n_calls: 41.164878853 41.0905911547 52
cycle:  26 max_shift: 0.023757 LBFGS-B: function start/end, n_calls: 41.0905911547 41.0251866719 51
cycle:  27 max_shift: 0.024165 LBFGS-B: function start/end, n_calls: 41.0251866719 40.9679187611 51
cycle:  28 max_shift: 0.031630 LBFGS-B: function start/end, n_calls: 40.9679187611 40.9099608603 51
cycle:  29 max_shift: 0.026598 LBFGS-B: function start/end, n_calls: 40.9099608603 40.8524504029 51
cycle:  30 max_shift: 0.017138 LBFGS-B: function start/end, n_calls: 40.8524504029 40.8051888783 51
cycle:  31 max_shift: 0.026167 LBFGS-B: function start/end, n_calls: 40.8051888783 40.7608889505 51
cycle:  32 max_shift: 0.016417 LBFGS-B: function start/end, n_calls: 40.7608889505 40.7231057041 51
cycle:  33 max_shift: 0.021883 LBFGS-B: function start/end, n_calls: 40.7231057041 40.6877003369 51
cycle:  34 max_shift: 0.016760 LBFGS-B: function start/end, n_calls: 40.6877003369 40.6534301356 52
cycle:  35 max_shift: 0.017933 LBFGS-B: function start/end, n_calls: 40.6534301356 40.6232272984 51
cycle:  36 max_shift: 0.013530 LBFGS-B: function start/end, n_calls: 40.6232272984 40.595621705 52
cycle:  37 max_shift: 0.023822 LBFGS-B: function start/end, n_calls: 40.595621705 40.5648798226 51
cycle:  38 max_shift: 0.013026 LBFGS-B: function start/end, n_calls: 40.5648798226 40.5361034093 51
cycle:  39 max_shift: 0.022186 LBFGS-B: function start/end, n_calls: 40.5361034093 40.5078057217 52
cycle:  40 max_shift: 0.008668 LBFGS-B: function start/end, n_calls: 40.5078057217 40.4835664724 51
cycle:  41 max_shift: 0.035637 LBFGS-B: function start/end, n_calls: 40.4835664724 40.4524863944 52
cycle:  42 max_shift: 0.007782 LBFGS-B: function start/end, n_calls: 40.4524863944 40.420348069 52
cycle:  43 max_shift: 0.021713 LBFGS-B: function start/end, n_calls: 40.420348069 40.3998385406 51
cycle:  44 max_shift: 0.006048 LBFGS-B: function start/end, n_calls: 40.3998385406 40.3817777827 52
cycle:  45 max_shift: 0.015750 LBFGS-B: function start/end, n_calls: 40.3817777827 40.3659437851 52
cycle:  46 max_shift: 0.005417 LBFGS-B: function start/end, n_calls: 40.3659437851 40.3519866661 51
cycle:  47 max_shift: 0.012091 LBFGS-B: function start/end, n_calls: 40.3519866661 40.3389827032 51
cycle:  48 max_shift: 0.006140 LBFGS-B: function start/end, n_calls: 40.3389827032 40.3279333868 52
cycle:  49 max_shift: 0.006477 LBFGS-B: function start/end, n_calls: 40.3279333868 40.3186333033 52
cycle:  50 max_shift: 0.010490 LBFGS-B: function start/end, n_calls: 40.3186333033 40.3078115345 52
cycle:  51 max_shift: 0.005580 LBFGS-B: function start/end, n_calls: 40.3078115345 40.2979918828 51
cycle:  52 max_shift: 0.012870 LBFGS-B: function start/end, n_calls: 40.2979918828 40.2877994471 51
cycle:  53 max_shift: 0.005661 LBFGS-B: function start/end, n_calls: 40.2877994471 40.2766509281 52
cycle:  54 max_shift: 0.013933 LBFGS-B: function start/end, n_calls: 40.2766509281 40.2659681826 51
cycle:  55 max_shift: 0.005574 LBFGS-B: function start/end, n_calls: 40.2659681826 40.2544575923 52
cycle:  56 max_shift: 0.018428 LBFGS-B: function start/end, n_calls: 40.2544575923 40.2398029466 52
cycle:  57 max_shift: 0.004983 LBFGS-B: function start/end, n_calls: 40.2398029466 40.2277816515 52
cycle:  58 max_shift: 0.017456 LBFGS-B: function start/end, n_calls: 40.2277816515 40.2176169842 52
cycle:  59 max_shift: 0.005824 LBFGS-B: function start/end, n_calls: 40.2176169842 40.2045981165 52
cycle:  60 max_shift: 0.025164 LBFGS-B: function start/end, n_calls: 40.2045981165 40.1925956663 51
cycle:  61 max_shift: 0.005821 LBFGS-B: function start/end, n_calls: 40.1925956663 40.176480825 52
cycle:  62 max_shift: 0.006266 LBFGS-B: function start/end, n_calls: 40.176480825 40.1724217322 52
cycle:  63 max_shift: 0.006200 LBFGS-B: function start/end, n_calls: 40.1724217322 40.1666157131 52
cycle:  64 max_shift: 0.002600 LBFGS-B: function start/end, n_calls: 40.1666157131 40.1627592465 52
cycle:  65 max_shift: 0.004784 LBFGS-B: function start/end, n_calls: 40.1627592465 40.1599104532 51
cycle:  66 max_shift: 0.002644 LBFGS-B: function start/end, n_calls: 40.1599104532 40.1568263254 51
cycle:  67 max_shift: 0.004716 LBFGS-B: function start/end, n_calls: 40.1568263254 40.1536003275 52
cycle:  68 max_shift: 0.002834 LBFGS-B: function start/end, n_calls: 40.1536003275 40.150588739 52
cycle:  69 max_shift: 0.003182 LBFGS-B: function start/end, n_calls: 40.150588739 40.147928743 51
cycle:  70 max_shift: 0.005871 LBFGS-B: function start/end, n_calls: 40.147928743 40.1438886674 51
cycle:  71 max_shift: 0.003520 LBFGS-B: function start/end, n_calls: 40.1438886674 40.1403489797 52
cycle:  72 max_shift: 0.006513 LBFGS-B: function start/end, n_calls: 40.1403489797 40.136714906 51
cycle:  73 max_shift: 0.003866 LBFGS-B: function start/end, n_calls: 40.136714906 40.1328513646 51
cycle:  74 max_shift: 0.014046 LBFGS-B: function start/end, n_calls: 40.1328513646 40.126400341 51
cycle:  75 max_shift: 0.004872 LBFGS-B: function start/end, n_calls: 40.126400341 40.1195123554 52
cycle:  76 max_shift: 0.009528 LBFGS-B: function start/end, n_calls: 40.1195123554 40.1146917923 51
cycle:  77 max_shift: 0.003167 LBFGS-B: function start/end, n_calls: 40.1146917923 40.1102394059 52
cycle:  78 max_shift: 0.006286 LBFGS-B: function start/end, n_calls: 40.1102394059 40.1067953546 52
cycle:  79 max_shift: 0.002490 LBFGS-B: function start/end, n_calls: 40.1067953546 40.1037967011 52
cycle:  80 max_shift: 0.005017 LBFGS-B: function start/end, n_calls: 40.1037967011 40.1009412337 52
cycle:  81 max_shift: 0.002474 LBFGS-B: function start/end, n_calls: 40.1009412337 40.0983250154 52
cycle:  82 max_shift: 0.006691 LBFGS-B: function start/end, n_calls: 40.0983250154 40.0949366243 51
cycle:  83 max_shift: 0.002278 LBFGS-B: function start/end, n_calls: 40.0949366243 40.0914191579 52
cycle:  84 max_shift: 0.004209 LBFGS-B: function start/end, n_calls: 40.0914191579 40.0887797054 51
cycle:  85 max_shift: 0.009106 LBFGS-B: function start/end, n_calls: 40.0887797054 40.0838968053 51
cycle:  86 max_shift: 0.002269 LBFGS-B: function start/end, n_calls: 40.0838968053 40.0800544669 51
cycle:  87 max_shift: 0.014929 LBFGS-B: function start/end, n_calls: 40.0800544669 40.0733452464 52
cycle:  88 max_shift: 0.003492 LBFGS-B: function start/end, n_calls: 40.0733452464 40.067328758 51
cycle:  89 max_shift: 0.011764 LBFGS-B: function start/end, n_calls: 40.067328758 40.0618279298 52
cycle:  90 max_shift: 0.002448 LBFGS-B: function start/end, n_calls: 40.0618279298 40.0577844091 51
cycle:  91 max_shift: 0.002653 LBFGS-B: function start/end, n_calls: 40.0577844091 40.0559871341 51
cycle:  92 max_shift: 0.002044 LBFGS-B: function start/end, n_calls: 40.0559871341 40.0543894844 52
cycle:  93 max_shift: 0.004416 LBFGS-B: function start/end, n_calls: 40.0543894844 40.052149959 52
cycle:  94 max_shift: 0.001985 LBFGS-B: function start/end, n_calls: 40.052149959 40.0499484091 52
cycle:  95 max_shift: 0.002432 LBFGS-B: function start/end, n_calls: 40.0499484091 40.0484729016 52
cycle:  96 max_shift: 0.001884 LBFGS-B: function start/end, n_calls: 40.0484729016 40.0470610355 51
cycle:  97 max_shift: 0.005128 LBFGS-B: function start/end, n_calls: 40.0470610355 40.0446201845 51
cycle:  98 max_shift: 0.001932 LBFGS-B: function start/end, n_calls: 40.0446201845 40.042044626 51
cycle:  99 max_shift: 0.005496 LBFGS-B: function start/end, n_calls: 40.042044626 40.0393665909 52
final: bond:  0.000 angle:   0.23 clash:   0.0 rota:  0.00 rama: f:  90.91 o:   0.00 Z:  -2.95 cb:   0.00
See 2_refined.pdb in pdb folder.
Time: 4.9871
