Starting Q|R
version:   v1.0-208-g2886d5-dirty  
Running refinement
   input {
     xray_data {
       file_name = None
       labels = None
       high_resolution = None
       low_resolution = None
       outliers_rejection = True
       french_wilson_scale = True
       french_wilson {
         max_bins = 60
         min_bin_size = 40
       }
       sigma_fobs_rejection_criterion = None
       sigma_iobs_rejection_criterion = None
       ignore_all_zeros = True
       force_anomalous_flag_to_be_equal_to = None
       convert_to_non_anomalous_if_ratio_pairs_lone_less_than_threshold = 0.5
       r_free_flags {
         file_name = None
         label = None
         test_flag_value = None
         ignore_r_free_flags = False
         disable_suitability_test = False
         ignore_pdb_hexdigest = False
         generate = False
         fraction = 0.1
         max_free = 2000
         lattice_symmetry_max_delta = 5
         use_lattice_symmetry = True
         use_dataman_shells = False
         n_shells = 20
       }
     }
     pdb {
       file_name = None
     }
     monomers {
       file_name = None
     }
     maps {
       map_file_name = None
       d_min = None
       map_coefficients_file_name = None
       map_coefficients_label = None
     }
     sequence = None
     scattering_table = wk1995 it1992 *n_gaussian neutron electron
     wavelength = None
     energy = None
     twin_law = Auto
   }
   max_atoms = 15000
   debug = False
   cluster {
     fast_interaction = True
     charge_cutoff = 8.0
     clustering = false
     charge_embedding = False
     two_buffers = False
     maxnum_residues_in_cluster = 15
     select_within_radius = 10
     clustering_method = gnc *bcc
     altloc_method = average *subtract
     g_scan = 10 15 20
     g_mode = None
     save_clusters = True
     bond_with_altloc = True
     re_calculate_rmsd_tolerance = 0.5
   }
   restraints = *cctbx qm
   expansion = False
   quantum {
     engine_name = *mopac ani torchani terachem turbomole pyscf orca gaussian \
                   xtb
     basis = Auto
     charge = None
     method = Auto
     memory = None
     nproc = None
     qm_addon = gcp dftd3 gcp-d3
     qm_addon_method = None
   }
   refine {
     dry_run = False
     sf_algorithm = *direct fft
     refinement_target_name = *ml ls_wunit_k1
     mode = *opt refine gtest
     number_of_macro_cycles = 1
     number_of_weight_search_cycles = 50
     number_of_refine_cycles = 5
     number_of_micro_cycles = 100
     data_weight = None
     choose_best_use_r_work = False
     skip_weight_search = False
     adjust_restraints_weight_scale_value = 2
     max_iterations_weight = 50
     max_iterations_refine = 50
     use_ase_lbfgs = False
     line_search = True
     stpmax = 0.2
     gradient_only = False
     update_all_scales = True
     refine_sites = True
     refine_adp = False
     restraints_weight_scale = 1.0
     shake_sites = False
     use_convergence_test = True
     max_bond_rmsd = 0.03
     max_r_work_r_free_gap = 5.0
     r_tolerance = 0.001
     rmsd_tolerance = 0.01
     opt_log = False
     pre_opt = False
     pre_opt_stpmax = 0.1
     pre_opt_iter = 10
     pre_opt_switch = 2
     pre_opt_gconv = 3000
     minimizer = lbfgs *lbfgsb
   }
   parallel {
     method = *multiprocessing slurm pbs sge lsf threading
     nproc = None
     qsub_command = None
   }
   output_file_name_prefix = None
   output_folder_name = "pdb"
   rst_file = None
   dump_gradients = None

Setting QM defaults
  Setting QM method to PM7


***********************************************************
restart info will be stored in /home/yanting/work/aniserver_1_qr/ani_qr_test/cctbx_lbfgs/qr-ani-test/qr-cctbx/lbfgs_b/1.2/pdb/3.rst.pickle
***********************************************************

start: bond:  0.015 angle:   1.27 clash:   0.0 rota:  0.00 rama: f:  90.91 o:   0.00 Z:  -6.30 cb:   0.00
cycle:   0 max_shift: 0.191963 LBFGS-B: function start/end, n_calls: 277.431735272 49.5338052805 52
cycle:   1 max_shift: 0.165248 LBFGS-B: function start/end, n_calls: 49.5338052805 44.2219227747 52
cycle:   2 max_shift: 0.044235 LBFGS-B: function start/end, n_calls: 44.2219227747 43.0632632845 51
cycle:   3 max_shift: 0.038545 LBFGS-B: function start/end, n_calls: 43.0632632845 42.6022390178 52
cycle:   4 max_shift: 0.037404 LBFGS-B: function start/end, n_calls: 42.6022390178 42.3011515955 52
cycle:   5 max_shift: 0.020969 LBFGS-B: function start/end, n_calls: 42.3011515955 42.1208568658 51
cycle:   6 max_shift: 0.027085 LBFGS-B: function start/end, n_calls: 42.1208568658 41.9915096193 52
cycle:   7 max_shift: 0.014317 LBFGS-B: function start/end, n_calls: 41.9915096193 41.8981442984 51
cycle:   8 max_shift: 0.045410 LBFGS-B: function start/end, n_calls: 41.8981442984 41.779626202 52
cycle:   9 max_shift: 0.014645 LBFGS-B: function start/end, n_calls: 41.779626202 41.6820021501 52
cycle:  10 max_shift: 0.043378 LBFGS-B: function start/end, n_calls: 41.6820021501 41.6154458051 51
cycle:  11 max_shift: 0.012718 LBFGS-B: function start/end, n_calls: 41.6154458051 41.5383667816 51
cycle:  12 max_shift: 0.057600 LBFGS-B: function start/end, n_calls: 41.5383667816 41.4545328382 52
cycle:  13 max_shift: 0.012209 LBFGS-B: function start/end, n_calls: 41.4545328382 41.3632049273 51
cycle:  14 max_shift: 0.062868 LBFGS-B: function start/end, n_calls: 41.3632049273 41.2729127974 52
cycle:  15 max_shift: 0.011746 LBFGS-B: function start/end, n_calls: 41.2729127974 41.1898170998 52
cycle:  16 max_shift: 0.038660 LBFGS-B: function start/end, n_calls: 41.1898170998 41.1342042773 51
cycle:  17 max_shift: 0.008057 LBFGS-B: function start/end, n_calls: 41.1342042773 41.0841393655 51
cycle:  18 max_shift: 0.035948 LBFGS-B: function start/end, n_calls: 41.0841393655 41.0353245586 52
cycle:  19 max_shift: 0.009042 LBFGS-B: function start/end, n_calls: 41.0353245586 40.9886384512 51
cycle:  20 max_shift: 0.032244 LBFGS-B: function start/end, n_calls: 40.9886384512 40.9431367044 51
cycle:  21 max_shift: 0.007504 LBFGS-B: function start/end, n_calls: 40.9431367044 40.9049238107 51
cycle:  22 max_shift: 0.028158 LBFGS-B: function start/end, n_calls: 40.9049238107 40.8696425347 51
cycle:  23 max_shift: 0.008387 LBFGS-B: function start/end, n_calls: 40.8696425347 40.8311281644 52
cycle:  24 max_shift: 0.018326 LBFGS-B: function start/end, n_calls: 40.8311281644 40.806536656 52
cycle:  25 max_shift: 0.008510 LBFGS-B: function start/end, n_calls: 40.806536656 40.7796325028 52
cycle:  26 max_shift: 0.020370 LBFGS-B: function start/end, n_calls: 40.7796325028 40.7534110681 52
cycle:  27 max_shift: 0.006986 LBFGS-B: function start/end, n_calls: 40.7534110681 40.7272733406 52
cycle:  28 max_shift: 0.017348 LBFGS-B: function start/end, n_calls: 40.7272733406 40.7060566469 52
cycle:  29 max_shift: 0.006571 LBFGS-B: function start/end, n_calls: 40.7060566469 40.6844846437 51
cycle:  30 max_shift: 0.016235 LBFGS-B: function start/end, n_calls: 40.6844846437 40.6655925221 52
cycle:  31 max_shift: 0.005969 LBFGS-B: function start/end, n_calls: 40.6655925221 40.6465315696 51
cycle:  32 max_shift: 0.018315 LBFGS-B: function start/end, n_calls: 40.6465315696 40.6279565411 51
cycle:  33 max_shift: 0.005349 LBFGS-B: function start/end, n_calls: 40.6279565411 40.6066440085 51
cycle:  34 max_shift: 0.044962 LBFGS-B: function start/end, n_calls: 40.6066440085 40.5684101171 52
cycle:  35 max_shift: 0.007675 LBFGS-B: function start/end, n_calls: 40.5684101171 40.5275764533 52
cycle:  36 max_shift: 0.031440 LBFGS-B: function start/end, n_calls: 40.5275764533 40.5005938673 52
cycle:  37 max_shift: 0.005249 LBFGS-B: function start/end, n_calls: 40.5005938673 40.4761928834 51
cycle:  38 max_shift: 0.051633 LBFGS-B: function start/end, n_calls: 40.4761928834 40.4388825234 51
cycle:  39 max_shift: 0.004428 LBFGS-B: function start/end, n_calls: 40.4388825234 40.4097008878 52
cycle:  40 max_shift: 0.010838 LBFGS-B: function start/end, n_calls: 40.4097008878 40.3995537608 52
cycle:  41 max_shift: 0.006744 LBFGS-B: function start/end, n_calls: 40.3995537608 40.3901678726 51
cycle:  42 max_shift: 0.005559 LBFGS-B: function start/end, n_calls: 40.3901678726 40.3834378793 51
cycle:  43 max_shift: 0.005851 LBFGS-B: function start/end, n_calls: 40.3834378793 40.3768252786 52
cycle:  44 max_shift: 0.009227 LBFGS-B: function start/end, n_calls: 40.3768252786 40.3679718015 51
cycle:  45 max_shift: 0.005116 LBFGS-B: function start/end, n_calls: 40.3679718015 40.3607151377 51
cycle:  46 max_shift: 0.006638 LBFGS-B: function start/end, n_calls: 40.3607151377 40.3545040153 51
cycle:  47 max_shift: 0.006282 LBFGS-B: function start/end, n_calls: 40.3545040153 40.3485327527 51
cycle:  48 max_shift: 0.004822 LBFGS-B: function start/end, n_calls: 40.3485327527 40.3431159719 51
cycle:  49 max_shift: 0.005198 LBFGS-B: function start/end, n_calls: 40.3431159719 40.3379156086 51
cycle:  50 max_shift: 0.004757 LBFGS-B: function start/end, n_calls: 40.3379156086 40.3330423037 51
cycle:  51 max_shift: 0.007339 LBFGS-B: function start/end, n_calls: 40.3330423037 40.3269929457 52
cycle:  52 max_shift: 0.003145 LBFGS-B: function start/end, n_calls: 40.3269929457 40.3216632811 51
cycle:  53 max_shift: 0.013087 LBFGS-B: function start/end, n_calls: 40.3216632811 40.3118176229 51
cycle:  54 max_shift: 0.004439 LBFGS-B: function start/end, n_calls: 40.3118176229 40.3044440449 52
cycle:  55 max_shift: 0.005404 LBFGS-B: function start/end, n_calls: 40.3044440449 40.2999138857 52
cycle:  56 max_shift: 0.006425 LBFGS-B: function start/end, n_calls: 40.2999138857 40.2942097267 52
cycle:  57 max_shift: 0.003510 LBFGS-B: function start/end, n_calls: 40.2942097267 40.2888558965 51
cycle:  58 max_shift: 0.007671 LBFGS-B: function start/end, n_calls: 40.2888558965 40.2834564088 51
cycle:  59 max_shift: 0.004234 LBFGS-B: function start/end, n_calls: 40.2834564088 40.2769812315 52
cycle:  60 max_shift: 0.004143 LBFGS-B: function start/end, n_calls: 40.2769812315 40.2724663575 51
cycle:  61 max_shift: 0.006045 LBFGS-B: function start/end, n_calls: 40.2724663575 40.2680104529 51
cycle:  62 max_shift: 0.003196 LBFGS-B: function start/end, n_calls: 40.2680104529 40.2637234023 52
cycle:  63 max_shift: 0.004873 LBFGS-B: function start/end, n_calls: 40.2637234023 40.2599969998 52
cycle:  64 max_shift: 0.004058 LBFGS-B: function start/end, n_calls: 40.2599969998 40.2552070507 52
cycle:  65 max_shift: 0.004645 LBFGS-B: function start/end, n_calls: 40.2552070507 40.251060061 52
cycle:  66 max_shift: 0.004075 LBFGS-B: function start/end, n_calls: 40.251060061 40.2467711269 52
cycle:  67 max_shift: 0.003953 LBFGS-B: function start/end, n_calls: 40.2467711269 40.2424122622 52
cycle:  68 max_shift: 0.004727 LBFGS-B: function start/end, n_calls: 40.2424122622 40.2381563596 52
cycle:  69 max_shift: 0.003629 LBFGS-B: function start/end, n_calls: 40.2381563596 40.2336966359 52
cycle:  70 max_shift: 0.003741 LBFGS-B: function start/end, n_calls: 40.2336966359 40.2302355184 51
cycle:  71 max_shift: 0.003019 LBFGS-B: function start/end, n_calls: 40.2302355184 40.2267780773 51
cycle:  72 max_shift: 0.003503 LBFGS-B: function start/end, n_calls: 40.2267780773 40.223528575 51
cycle:  73 max_shift: 0.003104 LBFGS-B: function start/end, n_calls: 40.223528575 40.2204219502 52
cycle:  74 max_shift: 0.010046 LBFGS-B: function start/end, n_calls: 40.2204219502 40.2137843462 52
cycle:  75 max_shift: 0.002724 LBFGS-B: function start/end, n_calls: 40.2137843462 40.2065283503 51
cycle:  76 max_shift: 0.012013 LBFGS-B: function start/end, n_calls: 40.2065283503 40.1983646077 52
cycle:  77 max_shift: 0.002977 LBFGS-B: function start/end, n_calls: 40.1983646077 40.1912008017 51
cycle:  78 max_shift: 0.013018 LBFGS-B: function start/end, n_calls: 40.1912008017 40.1856640533 52
cycle:  79 max_shift: 0.003469 LBFGS-B: function start/end, n_calls: 40.1856640533 40.1757853698 51
cycle:  80 max_shift: 0.019706 LBFGS-B: function start/end, n_calls: 40.1757853698 40.1661088729 51
cycle:  81 max_shift: 0.004216 LBFGS-B: function start/end, n_calls: 40.1661088729 40.1541571595 52
cycle:  82 max_shift: 0.016321 LBFGS-B: function start/end, n_calls: 40.1541571595 40.1467486532 51
cycle:  83 max_shift: 0.003491 LBFGS-B: function start/end, n_calls: 40.1467486532 40.1377163592 52
cycle:  84 max_shift: 0.002709 LBFGS-B: function start/end, n_calls: 40.1377163592 40.1352332792 51
cycle:  85 max_shift: 0.002276 LBFGS-B: function start/end, n_calls: 40.1352332792 40.1329512453 52
cycle:  86 max_shift: 0.005170 LBFGS-B: function start/end, n_calls: 40.1329512453 40.1294770959 52
cycle:  87 max_shift: 0.002644 LBFGS-B: function start/end, n_calls: 40.1294770959 40.1265667407 52
cycle:  88 max_shift: 0.003638 LBFGS-B: function start/end, n_calls: 40.1265667407 40.1240061056 51
cycle:  89 max_shift: 0.003516 LBFGS-B: function start/end, n_calls: 40.1240061056 40.1214043322 52
cycle:  90 max_shift: 0.002130 LBFGS-B: function start/end, n_calls: 40.1214043322 40.1190786369 51
cycle:  91 max_shift: 0.003106 LBFGS-B: function start/end, n_calls: 40.1190786369 40.1168791529 51
cycle:  92 max_shift: 0.002668 LBFGS-B: function start/end, n_calls: 40.1168791529 40.1145272131 51
cycle:  93 max_shift: 0.002787 LBFGS-B: function start/end, n_calls: 40.1145272131 40.1124020259 52
cycle:  94 max_shift: 0.002343 LBFGS-B: function start/end, n_calls: 40.1124020259 40.1103720887 51
cycle:  95 max_shift: 0.002413 LBFGS-B: function start/end, n_calls: 40.1103720887 40.1083309305 52
cycle:  96 max_shift: 0.002430 LBFGS-B: function start/end, n_calls: 40.1083309305 40.1064370501 51
cycle:  97 max_shift: 0.002029 LBFGS-B: function start/end, n_calls: 40.1064370501 40.1046592255 51
cycle:  98 max_shift: 0.010461 LBFGS-B: function start/end, n_calls: 40.1046592255 40.1008863596 52
cycle:  99 max_shift: 0.002941 LBFGS-B: function start/end, n_calls: 40.1008863596 40.094699177 52
final: bond:  0.000 angle:   0.25 clash:   0.0 rota:  0.00 rama: f:  90.91 o:   0.00 Z:  -5.93 cb:   0.00
See 3_refined.pdb in pdb folder.
Time: 4.9569
