Starting Q|R
version:   v1.0-208-g2886d5-dirty  
Running refinement
   input {
     xray_data {
       file_name = None
       labels = None
       high_resolution = None
       low_resolution = None
       outliers_rejection = True
       french_wilson_scale = True
       french_wilson {
         max_bins = 60
         min_bin_size = 40
       }
       sigma_fobs_rejection_criterion = None
       sigma_iobs_rejection_criterion = None
       ignore_all_zeros = True
       force_anomalous_flag_to_be_equal_to = None
       convert_to_non_anomalous_if_ratio_pairs_lone_less_than_threshold = 0.5
       r_free_flags {
         file_name = None
         label = None
         test_flag_value = None
         ignore_r_free_flags = False
         disable_suitability_test = False
         ignore_pdb_hexdigest = False
         generate = False
         fraction = 0.1
         max_free = 2000
         lattice_symmetry_max_delta = 5
         use_lattice_symmetry = True
         use_dataman_shells = False
         n_shells = 20
       }
     }
     pdb {
       file_name = None
     }
     monomers {
       file_name = None
     }
     maps {
       map_file_name = None
       d_min = None
       map_coefficients_file_name = None
       map_coefficients_label = None
     }
     sequence = None
     scattering_table = wk1995 it1992 *n_gaussian neutron electron
     wavelength = None
     energy = None
     twin_law = Auto
   }
   max_atoms = 15000
   debug = False
   cluster {
     fast_interaction = True
     charge_cutoff = 8.0
     clustering = false
     charge_embedding = False
     two_buffers = False
     maxnum_residues_in_cluster = 15
     select_within_radius = 10
     clustering_method = gnc *bcc
     altloc_method = average *subtract
     g_scan = 10 15 20
     g_mode = None
     save_clusters = True
     bond_with_altloc = True
     re_calculate_rmsd_tolerance = 0.5
   }
   restraints = *cctbx qm
   expansion = False
   quantum {
     engine_name = *mopac ani torchani terachem turbomole pyscf orca gaussian \
                   xtb
     basis = Auto
     charge = None
     method = Auto
     memory = None
     nproc = None
     qm_addon = gcp dftd3 gcp-d3
     qm_addon_method = None
   }
   refine {
     dry_run = False
     sf_algorithm = *direct fft
     refinement_target_name = *ml ls_wunit_k1
     mode = *opt refine gtest
     number_of_macro_cycles = 1
     number_of_weight_search_cycles = 50
     number_of_refine_cycles = 5
     number_of_micro_cycles = 100
     data_weight = None
     choose_best_use_r_work = False
     skip_weight_search = False
     adjust_restraints_weight_scale_value = 2
     max_iterations_weight = 50
     max_iterations_refine = 50
     use_ase_lbfgs = False
     line_search = True
     stpmax = 0.2
     gradient_only = False
     update_all_scales = True
     refine_sites = True
     refine_adp = False
     restraints_weight_scale = 1.0
     shake_sites = False
     use_convergence_test = True
     max_bond_rmsd = 0.03
     max_r_work_r_free_gap = 5.0
     r_tolerance = 0.001
     rmsd_tolerance = 0.01
     opt_log = False
     pre_opt = False
     pre_opt_stpmax = 0.1
     pre_opt_iter = 10
     pre_opt_switch = 2
     pre_opt_gconv = 3000
     minimizer = lbfgs *lbfgsb
   }
   parallel {
     method = *multiprocessing slurm pbs sge lsf threading
     nproc = None
     qsub_command = None
   }
   output_file_name_prefix = None
   output_folder_name = "pdb"
   rst_file = None
   dump_gradients = None

Setting QM defaults
  Setting QM method to PM7


***********************************************************
restart info will be stored in /home/yanting/work/aniserver_1_qr/ani_qr_test/cctbx_lbfgs/qr-ani-test/qr-cctbx/lbfgs_b/1.2/pdb/4.rst.pickle
***********************************************************

start: bond:  0.012 angle:   1.26 clash:   0.0 rota:  0.00 rama: f:  90.91 o:   9.09 Z:  -5.22 cb:   0.00
cycle:   0 max_shift: 0.183119 LBFGS-B: function start/end, n_calls: 241.517375405 54.3995893309 52
cycle:   1 max_shift: 0.149818 LBFGS-B: function start/end, n_calls: 54.3995893309 47.979849032 52
cycle:   2 max_shift: 0.046799 LBFGS-B: function start/end, n_calls: 47.979849032 46.9663890589 52
cycle:   3 max_shift: 0.046830 LBFGS-B: function start/end, n_calls: 46.9663890589 46.4552405631 52
cycle:   4 max_shift: 0.027379 LBFGS-B: function start/end, n_calls: 46.4552405631 46.1706389465 52
cycle:   5 max_shift: 0.022522 LBFGS-B: function start/end, n_calls: 46.1706389465 46.0128921372 52
cycle:   6 max_shift: 0.039849 LBFGS-B: function start/end, n_calls: 46.0128921372 45.8291954986 52
cycle:   7 max_shift: 0.023395 LBFGS-B: function start/end, n_calls: 45.8291954986 45.6677859116 52
cycle:   8 max_shift: 0.029714 LBFGS-B: function start/end, n_calls: 45.6677859116 45.5589258137 52
cycle:   9 max_shift: 0.024262 LBFGS-B: function start/end, n_calls: 45.5589258137 45.4464970237 51
cycle:  10 max_shift: 0.048084 LBFGS-B: function start/end, n_calls: 45.4464970237 45.3135311504 52
cycle:  11 max_shift: 0.028183 LBFGS-B: function start/end, n_calls: 45.3135311504 45.1712120594 52
cycle:  12 max_shift: 0.036446 LBFGS-B: function start/end, n_calls: 45.1712120594 45.0589621412 52
cycle:  13 max_shift: 0.033756 LBFGS-B: function start/end, n_calls: 45.0589621412 44.9358385892 52
cycle:  14 max_shift: 0.037457 LBFGS-B: function start/end, n_calls: 44.9358385892 44.8058687059 52
cycle:  15 max_shift: 0.030714 LBFGS-B: function start/end, n_calls: 44.8058687059 44.6823816528 51
cycle:  16 max_shift: 0.051063 LBFGS-B: function start/end, n_calls: 44.6823816528 44.548301683 52
cycle:  17 max_shift: 0.036480 LBFGS-B: function start/end, n_calls: 44.548301683 44.3839280655 51
cycle:  18 max_shift: 0.056252 LBFGS-B: function start/end, n_calls: 44.3839280655 44.2058064568 52
cycle:  19 max_shift: 0.055840 LBFGS-B: function start/end, n_calls: 44.2058064568 44.0027998196 52
cycle:  20 max_shift: 0.048752 LBFGS-B: function start/end, n_calls: 44.0027998196 43.8009302267 52
cycle:  21 max_shift: 0.060093 LBFGS-B: function start/end, n_calls: 43.8009302267 43.5868358135 51
cycle:  22 max_shift: 0.059174 LBFGS-B: function start/end, n_calls: 43.5868358135 43.3554482506 52
cycle:  23 max_shift: 0.061638 LBFGS-B: function start/end, n_calls: 43.3554482506 43.1060062683 52
cycle:  24 max_shift: 0.057636 LBFGS-B: function start/end, n_calls: 43.1060062683 42.8587999153 52
cycle:  25 max_shift: 0.053248 LBFGS-B: function start/end, n_calls: 42.8587999153 42.6314478959 51
cycle:  26 max_shift: 0.064053 LBFGS-B: function start/end, n_calls: 42.6314478959 42.3819646974 52
cycle:  27 max_shift: 0.088830 LBFGS-B: function start/end, n_calls: 42.3819646974 42.0666779813 52
cycle:  28 max_shift: 0.043199 LBFGS-B: function start/end, n_calls: 42.0666779813 41.7929747829 52
cycle:  29 max_shift: 0.135040 LBFGS-B: function start/end, n_calls: 41.7929747829 41.4701506474 52
cycle:  30 max_shift: 0.033533 LBFGS-B: function start/end, n_calls: 41.4701506474 41.0952485347 52
cycle:  31 max_shift: 0.115795 LBFGS-B: function start/end, n_calls: 41.0952485347 40.8415069277 53
cycle:  32 max_shift: 0.030127 LBFGS-B: function start/end, n_calls: 40.8415069277 40.608188514 52
cycle:  33 max_shift: 0.038213 LBFGS-B: function start/end, n_calls: 40.608188514 40.5215556677 51
cycle:  34 max_shift: 0.018404 LBFGS-B: function start/end, n_calls: 40.5215556677 40.467719587 51
cycle:  35 max_shift: 0.024665 LBFGS-B: function start/end, n_calls: 40.467719587 40.4297968201 52
cycle:  36 max_shift: 0.010954 LBFGS-B: function start/end, n_calls: 40.4297968201 40.400847867 51
cycle:  37 max_shift: 0.015450 LBFGS-B: function start/end, n_calls: 40.400847867 40.3808198471 51
cycle:  38 max_shift: 0.010659 LBFGS-B: function start/end, n_calls: 40.3808198471 40.3628100602 52
cycle:  39 max_shift: 0.008741 LBFGS-B: function start/end, n_calls: 40.3628100602 40.3485994469 51
cycle:  40 max_shift: 0.009657 LBFGS-B: function start/end, n_calls: 40.3485994469 40.3368436803 52
cycle:  41 max_shift: 0.008249 LBFGS-B: function start/end, n_calls: 40.3368436803 40.3259337009 52
cycle:  42 max_shift: 0.011082 LBFGS-B: function start/end, n_calls: 40.3259337009 40.3140918119 52
cycle:  43 max_shift: 0.006362 LBFGS-B: function start/end, n_calls: 40.3140918119 40.3021584014 51
cycle:  44 max_shift: 0.014365 LBFGS-B: function start/end, n_calls: 40.3021584014 40.2885776022 52
cycle:  45 max_shift: 0.005023 LBFGS-B: function start/end, n_calls: 40.2885776022 40.2759546398 52
cycle:  46 max_shift: 0.026424 LBFGS-B: function start/end, n_calls: 40.2759546398 40.256784675 52
cycle:  47 max_shift: 0.005134 LBFGS-B: function start/end, n_calls: 40.256784675 40.2343393265 52
cycle:  48 max_shift: 0.042685 LBFGS-B: function start/end, n_calls: 40.2343393265 40.2059722272 52
cycle:  49 max_shift: 0.007786 LBFGS-B: function start/end, n_calls: 40.2059722272 40.1651263409 52
cycle:  50 max_shift: 0.024655 LBFGS-B: function start/end, n_calls: 40.1651263409 40.1473937987 52
cycle:  51 max_shift: 0.005308 LBFGS-B: function start/end, n_calls: 40.1473937987 40.1305757766 52
cycle:  52 max_shift: 0.021294 LBFGS-B: function start/end, n_calls: 40.1305757766 40.1169221932 51
cycle:  53 max_shift: 0.004227 LBFGS-B: function start/end, n_calls: 40.1169221932 40.1042632734 52
cycle:  54 max_shift: 0.010365 LBFGS-B: function start/end, n_calls: 40.1042632734 40.096431839 51
cycle:  55 max_shift: 0.003679 LBFGS-B: function start/end, n_calls: 40.096431839 40.0894445044 52
cycle:  56 max_shift: 0.010197 LBFGS-B: function start/end, n_calls: 40.0894445044 40.0822522564 52
cycle:  57 max_shift: 0.003277 LBFGS-B: function start/end, n_calls: 40.0822522564 40.0751635745 52
cycle:  58 max_shift: 0.017194 LBFGS-B: function start/end, n_calls: 40.0751635745 40.0641260288 52
cycle:  59 max_shift: 0.003116 LBFGS-B: function start/end, n_calls: 40.0641260288 40.055041158 51
cycle:  60 max_shift: 0.024477 LBFGS-B: function start/end, n_calls: 40.055041158 40.0412784268 52
cycle:  61 max_shift: 0.003610 LBFGS-B: function start/end, n_calls: 40.0412784268 40.0279944919 51
cycle:  62 max_shift: 0.072333 LBFGS-B: function start/end, n_calls: 40.0279944919 39.9954864014 52
cycle:  63 max_shift: 0.008594 LBFGS-B: function start/end, n_calls: 39.9954864014 39.9596043809 51
cycle:  64 max_shift: 0.028001 LBFGS-B: function start/end, n_calls: 39.9596043809 39.9468428687 52
cycle:  65 max_shift: 0.005124 LBFGS-B: function start/end, n_calls: 39.9468428687 39.9331595541 52
cycle:  66 max_shift: 0.013396 LBFGS-B: function start/end, n_calls: 39.9331595541 39.9265567312 51
cycle:  67 max_shift: 0.004746 LBFGS-B: function start/end, n_calls: 39.9265567312 39.9203723121 52
cycle:  68 max_shift: 0.012136 LBFGS-B: function start/end, n_calls: 39.9203723121 39.9136855256 52
cycle:  69 max_shift: 0.003494 LBFGS-B: function start/end, n_calls: 39.9136855256 39.9053713683 52
cycle:  70 max_shift: 0.013993 LBFGS-B: function start/end, n_calls: 39.9053713683 39.8970041366 51
cycle:  71 max_shift: 0.003586 LBFGS-B: function start/end, n_calls: 39.8970041366 39.8894224972 52
cycle:  72 max_shift: 0.014854 LBFGS-B: function start/end, n_calls: 39.8894224972 39.8813218262 51
cycle:  73 max_shift: 0.006197 LBFGS-B: function start/end, n_calls: 39.8813218262 39.8715359097 52
cycle:  74 max_shift: 0.005941 LBFGS-B: function start/end, n_calls: 39.8715359097 39.8657248148 51
cycle:  75 max_shift: 0.007866 LBFGS-B: function start/end, n_calls: 39.8657248148 39.8595853429 51
cycle:  76 max_shift: 0.004481 LBFGS-B: function start/end, n_calls: 39.8595853429 39.8535017138 51
cycle:  77 max_shift: 0.016291 LBFGS-B: function start/end, n_calls: 39.8535017138 39.845312737 52
cycle:  78 max_shift: 0.004169 LBFGS-B: function start/end, n_calls: 39.845312737 39.8353550369 52
cycle:  79 max_shift: 0.020855 LBFGS-B: function start/end, n_calls: 39.8353550369 39.8253152939 52
cycle:  80 max_shift: 0.003938 LBFGS-B: function start/end, n_calls: 39.8253152939 39.813356039 51
cycle:  81 max_shift: 0.020842 LBFGS-B: function start/end, n_calls: 39.813356039 39.8035353767 52
cycle:  82 max_shift: 0.004114 LBFGS-B: function start/end, n_calls: 39.8035353767 39.7922988367 51
cycle:  83 max_shift: 0.029200 LBFGS-B: function start/end, n_calls: 39.7922988367 39.776822403 52
cycle:  84 max_shift: 0.004156 LBFGS-B: function start/end, n_calls: 39.776822403 39.7643591561 52
cycle:  85 max_shift: 0.007029 LBFGS-B: function start/end, n_calls: 39.7643591561 39.759438885 51
cycle:  86 max_shift: 0.004849 LBFGS-B: function start/end, n_calls: 39.759438885 39.754657252 51
cycle:  87 max_shift: 0.007525 LBFGS-B: function start/end, n_calls: 39.754657252 39.7494062062 52
cycle:  88 max_shift: 0.003934 LBFGS-B: function start/end, n_calls: 39.7494062062 39.7450360243 51
cycle:  89 max_shift: 0.010351 LBFGS-B: function start/end, n_calls: 39.7450360243 39.7394890602 52
cycle:  90 max_shift: 0.003002 LBFGS-B: function start/end, n_calls: 39.7394890602 39.734256416 51
cycle:  91 max_shift: 0.015272 LBFGS-B: function start/end, n_calls: 39.734256416 39.7274031454 52
cycle:  92 max_shift: 0.003184 LBFGS-B: function start/end, n_calls: 39.7274031454 39.72055842 51
cycle:  93 max_shift: 0.017335 LBFGS-B: function start/end, n_calls: 39.72055842 39.7130891888 52
cycle:  94 max_shift: 0.003149 LBFGS-B: function start/end, n_calls: 39.7130891888 39.706279212 51
cycle:  95 max_shift: 0.011936 LBFGS-B: function start/end, n_calls: 39.706279212 39.7011613762 51
cycle:  96 max_shift: 0.002446 LBFGS-B: function start/end, n_calls: 39.7011613762 39.696533646 51
cycle:  97 max_shift: 0.014537 LBFGS-B: function start/end, n_calls: 39.696533646 39.6911631954 51
cycle:  98 max_shift: 0.002406 LBFGS-B: function start/end, n_calls: 39.6911631954 39.6857422192 52
cycle:  99 max_shift: 0.014135 LBFGS-B: function start/end, n_calls: 39.6857422192 39.6803109539 52
final: bond:  0.000 angle:   0.26 clash:   0.0 rota:  0.00 rama: f:  81.82 o:   9.09 Z:  -5.22 cb:   0.00
See 4_refined.pdb in pdb folder.
Time: 5.0858
