Starting Q|R
version:   v1.0-208-g2886d5-dirty  
Running refinement
   input {
     xray_data {
       file_name = None
       labels = None
       high_resolution = None
       low_resolution = None
       outliers_rejection = True
       french_wilson_scale = True
       french_wilson {
         max_bins = 60
         min_bin_size = 40
       }
       sigma_fobs_rejection_criterion = None
       sigma_iobs_rejection_criterion = None
       ignore_all_zeros = True
       force_anomalous_flag_to_be_equal_to = None
       convert_to_non_anomalous_if_ratio_pairs_lone_less_than_threshold = 0.5
       r_free_flags {
         file_name = None
         label = None
         test_flag_value = None
         ignore_r_free_flags = False
         disable_suitability_test = False
         ignore_pdb_hexdigest = False
         generate = False
         fraction = 0.1
         max_free = 2000
         lattice_symmetry_max_delta = 5
         use_lattice_symmetry = True
         use_dataman_shells = False
         n_shells = 20
       }
     }
     pdb {
       file_name = None
     }
     monomers {
       file_name = None
     }
     maps {
       map_file_name = None
       d_min = None
       map_coefficients_file_name = None
       map_coefficients_label = None
     }
     sequence = None
     scattering_table = wk1995 it1992 *n_gaussian neutron electron
     wavelength = None
     energy = None
     twin_law = Auto
   }
   max_atoms = 15000
   debug = False
   cluster {
     fast_interaction = True
     charge_cutoff = 8.0
     clustering = false
     charge_embedding = False
     two_buffers = False
     maxnum_residues_in_cluster = 15
     select_within_radius = 10
     clustering_method = gnc *bcc
     altloc_method = average *subtract
     g_scan = 10 15 20
     g_mode = None
     save_clusters = True
     bond_with_altloc = True
     re_calculate_rmsd_tolerance = 0.5
   }
   restraints = *cctbx qm
   expansion = False
   quantum {
     engine_name = *mopac ani torchani terachem turbomole pyscf orca gaussian \
                   xtb
     basis = Auto
     charge = None
     method = Auto
     memory = None
     nproc = None
     qm_addon = gcp dftd3 gcp-d3
     qm_addon_method = None
   }
   refine {
     dry_run = False
     sf_algorithm = *direct fft
     refinement_target_name = *ml ls_wunit_k1
     mode = *opt refine gtest
     number_of_macro_cycles = 1
     number_of_weight_search_cycles = 50
     number_of_refine_cycles = 5
     number_of_micro_cycles = 100
     data_weight = None
     choose_best_use_r_work = False
     skip_weight_search = False
     adjust_restraints_weight_scale_value = 2
     max_iterations_weight = 50
     max_iterations_refine = 50
     use_ase_lbfgs = False
     line_search = True
     stpmax = 0.2
     gradient_only = False
     update_all_scales = True
     refine_sites = True
     refine_adp = False
     restraints_weight_scale = 1.0
     shake_sites = False
     use_convergence_test = True
     max_bond_rmsd = 0.03
     max_r_work_r_free_gap = 5.0
     r_tolerance = 0.001
     rmsd_tolerance = 0.01
     opt_log = False
     pre_opt = False
     pre_opt_stpmax = 0.1
     pre_opt_iter = 10
     pre_opt_switch = 2
     pre_opt_gconv = 3000
     minimizer = lbfgs *lbfgsb
   }
   parallel {
     method = *multiprocessing slurm pbs sge lsf threading
     nproc = None
     qsub_command = None
   }
   output_file_name_prefix = None
   output_folder_name = "pdb"
   rst_file = None
   dump_gradients = None

Setting QM defaults
  Setting QM method to PM7


***********************************************************
restart info will be stored in /home/yanting/work/aniserver_1_qr/ani_qr_test/cctbx_lbfgs/qr-ani-test/qr-cctbx/lbfgs_b/1.2/pdb/5.rst.pickle
***********************************************************

start: bond:  0.014 angle:   1.33 clash:   0.0 rota:  0.00 rama: f:  90.91 o:   0.00 Z:  -3.97 cb:   0.00
cycle:   0 max_shift: 0.202093 LBFGS-B: function start/end, n_calls: 252.724135029 50.656469084 52
cycle:   1 max_shift: 0.153846 LBFGS-B: function start/end, n_calls: 50.656469084 45.5789012857 52
cycle:   2 max_shift: 0.052126 LBFGS-B: function start/end, n_calls: 45.5789012857 44.1274469669 51
cycle:   3 max_shift: 0.056253 LBFGS-B: function start/end, n_calls: 44.1274469669 43.4615169418 52
cycle:   4 max_shift: 0.032753 LBFGS-B: function start/end, n_calls: 43.4615169418 43.0984664992 52
cycle:   5 max_shift: 0.035146 LBFGS-B: function start/end, n_calls: 43.0984664992 42.8344625248 52
cycle:   6 max_shift: 0.021566 LBFGS-B: function start/end, n_calls: 42.8344625248 42.6633641327 52
cycle:   7 max_shift: 0.020397 LBFGS-B: function start/end, n_calls: 42.6633641327 42.5403393581 52
cycle:   8 max_shift: 0.021738 LBFGS-B: function start/end, n_calls: 42.5403393581 42.4286191502 51
cycle:   9 max_shift: 0.018281 LBFGS-B: function start/end, n_calls: 42.4286191502 42.3295242315 52
cycle:  10 max_shift: 0.016510 LBFGS-B: function start/end, n_calls: 42.3295242315 42.2509373518 52
cycle:  11 max_shift: 0.019604 LBFGS-B: function start/end, n_calls: 42.2509373518 42.1754391116 52
cycle:  12 max_shift: 0.014433 LBFGS-B: function start/end, n_calls: 42.1754391116 42.1032610594 52
cycle:  13 max_shift: 0.014187 LBFGS-B: function start/end, n_calls: 42.1032610594 42.0438967722 52
cycle:  14 max_shift: 0.012582 LBFGS-B: function start/end, n_calls: 42.0438967722 41.9901510779 51
cycle:  15 max_shift: 0.021617 LBFGS-B: function start/end, n_calls: 41.9901510779 41.9216406971 52
cycle:  16 max_shift: 0.013772 LBFGS-B: function start/end, n_calls: 41.9216406971 41.8551757697 52
cycle:  17 max_shift: 0.017620 LBFGS-B: function start/end, n_calls: 41.8551757697 41.8001561603 52
cycle:  18 max_shift: 0.013429 LBFGS-B: function start/end, n_calls: 41.8001561603 41.7499037995 52
cycle:  19 max_shift: 0.014728 LBFGS-B: function start/end, n_calls: 41.7499037995 41.7055964953 51
cycle:  20 max_shift: 0.012337 LBFGS-B: function start/end, n_calls: 41.7055964953 41.6569294364 52
cycle:  21 max_shift: 0.014416 LBFGS-B: function start/end, n_calls: 41.6569294364 41.6133577617 52
cycle:  22 max_shift: 0.011202 LBFGS-B: function start/end, n_calls: 41.6133577617 41.5711466798 52
cycle:  23 max_shift: 0.014941 LBFGS-B: function start/end, n_calls: 41.5711466798 41.5240745558 52
cycle:  24 max_shift: 0.020853 LBFGS-B: function start/end, n_calls: 41.5240745558 41.4664042132 52
cycle:  25 max_shift: 0.010065 LBFGS-B: function start/end, n_calls: 41.4664042132 41.4162135829 52
cycle:  26 max_shift: 0.019284 LBFGS-B: function start/end, n_calls: 41.4162135829 41.3745700809 52
cycle:  27 max_shift: 0.008394 LBFGS-B: function start/end, n_calls: 41.3745700809 41.3330098213 51
cycle:  28 max_shift: 0.059381 LBFGS-B: function start/end, n_calls: 41.3330098213 41.2225417767 52
cycle:  29 max_shift: 0.011369 LBFGS-B: function start/end, n_calls: 41.2225417767 41.1240279994 51
cycle:  30 max_shift: 0.046436 LBFGS-B: function start/end, n_calls: 41.1240279994 41.0596552899 51
cycle:  31 max_shift: 0.007698 LBFGS-B: function start/end, n_calls: 41.0596552899 40.9781523397 51
cycle:  32 max_shift: 0.042614 LBFGS-B: function start/end, n_calls: 40.9781523397 40.9093817928 52
cycle:  33 max_shift: 0.006210 LBFGS-B: function start/end, n_calls: 40.9093817928 40.8597385786 51
cycle:  34 max_shift: 0.016104 LBFGS-B: function start/end, n_calls: 40.8597385786 40.8291432881 52
cycle:  35 max_shift: 0.005738 LBFGS-B: function start/end, n_calls: 40.8291432881 40.8058297733 51
cycle:  36 max_shift: 0.029923 LBFGS-B: function start/end, n_calls: 40.8058297733 40.7717353074 51
cycle:  37 max_shift: 0.007614 LBFGS-B: function start/end, n_calls: 40.7717353074 40.7222595 51
cycle:  38 max_shift: 0.017312 LBFGS-B: function start/end, n_calls: 40.7222595 40.6903744035 52
cycle:  39 max_shift: 0.007394 LBFGS-B: function start/end, n_calls: 40.6903744035 40.67055332 51
cycle:  40 max_shift: 0.012101 LBFGS-B: function start/end, n_calls: 40.67055332 40.6521029414 52
cycle:  41 max_shift: 0.007074 LBFGS-B: function start/end, n_calls: 40.6521029414 40.6352483157 52
cycle:  42 max_shift: 0.023023 LBFGS-B: function start/end, n_calls: 40.6352483157 40.6051568982 52
cycle:  43 max_shift: 0.006149 LBFGS-B: function start/end, n_calls: 40.6051568982 40.5770256405 51
cycle:  44 max_shift: 0.018248 LBFGS-B: function start/end, n_calls: 40.5770256405 40.5546621311 52
cycle:  45 max_shift: 0.006207 LBFGS-B: function start/end, n_calls: 40.5546621311 40.5355945671 51
cycle:  46 max_shift: 0.016597 LBFGS-B: function start/end, n_calls: 40.5355945671 40.5162371926 52
cycle:  47 max_shift: 0.005952 LBFGS-B: function start/end, n_calls: 40.5162371926 40.4985517444 51
cycle:  48 max_shift: 0.025009 LBFGS-B: function start/end, n_calls: 40.4985517444 40.4758378084 52
cycle:  49 max_shift: 0.006668 LBFGS-B: function start/end, n_calls: 40.4758378084 40.447425679 52
cycle:  50 max_shift: 0.022576 LBFGS-B: function start/end, n_calls: 40.447425679 40.4270845446 51
cycle:  51 max_shift: 0.007388 LBFGS-B: function start/end, n_calls: 40.4270845446 40.4037578777 52
cycle:  52 max_shift: 0.019928 LBFGS-B: function start/end, n_calls: 40.4037578777 40.3833095087 52
cycle:  53 max_shift: 0.005727 LBFGS-B: function start/end, n_calls: 40.3833095087 40.3651884016 51
cycle:  54 max_shift: 0.016748 LBFGS-B: function start/end, n_calls: 40.3651884016 40.3506093007 52
cycle:  55 max_shift: 0.004956 LBFGS-B: function start/end, n_calls: 40.3506093007 40.3359445767 52
cycle:  56 max_shift: 0.026157 LBFGS-B: function start/end, n_calls: 40.3359445767 40.3158617181 52
cycle:  57 max_shift: 0.005190 LBFGS-B: function start/end, n_calls: 40.3158617181 40.2937850228 51
cycle:  58 max_shift: 0.029192 LBFGS-B: function start/end, n_calls: 40.2937850228 40.2728167311 52
cycle:  59 max_shift: 0.004801 LBFGS-B: function start/end, n_calls: 40.2728167311 40.2503020228 52
cycle:  60 max_shift: 0.085092 LBFGS-B: function start/end, n_calls: 40.2503020228 40.1893187261 52
cycle:  61 max_shift: 0.006450 LBFGS-B: function start/end, n_calls: 40.1893187261 40.1355022732 52
cycle:  62 max_shift: 0.030811 LBFGS-B: function start/end, n_calls: 40.1355022732 40.1163490771 52
cycle:  63 max_shift: 0.007480 LBFGS-B: function start/end, n_calls: 40.1163490771 40.0947946146 52
cycle:  64 max_shift: 0.020592 LBFGS-B: function start/end, n_calls: 40.0947946146 40.0830258861 52
cycle:  65 max_shift: 0.006752 LBFGS-B: function start/end, n_calls: 40.0830258861 40.0701881907 51
cycle:  66 max_shift: 0.022475 LBFGS-B: function start/end, n_calls: 40.0701881907 40.0557315105 52
cycle:  67 max_shift: 0.007531 LBFGS-B: function start/end, n_calls: 40.0557315105 40.0396538417 51
cycle:  68 max_shift: 0.008682 LBFGS-B: function start/end, n_calls: 40.0396538417 40.0301895021 51
cycle:  69 max_shift: 0.033021 LBFGS-B: function start/end, n_calls: 40.0301895021 40.0063375927 52
cycle:  70 max_shift: 0.005502 LBFGS-B: function start/end, n_calls: 40.0063375927 39.9894554407 51
cycle:  71 max_shift: 0.024748 LBFGS-B: function start/end, n_calls: 39.9894554407 39.9736440593 52
cycle:  72 max_shift: 0.006823 LBFGS-B: function start/end, n_calls: 39.9736440593 39.9605099602 51
cycle:  73 max_shift: 0.018241 LBFGS-B: function start/end, n_calls: 39.9605099602 39.9510709146 51
cycle:  74 max_shift: 0.007510 LBFGS-B: function start/end, n_calls: 39.9510709146 39.939879448 52
cycle:  75 max_shift: 0.013275 LBFGS-B: function start/end, n_calls: 39.939879448 39.9317596299 51
cycle:  76 max_shift: 0.006566 LBFGS-B: function start/end, n_calls: 39.9317596299 39.9244854592 51
cycle:  77 max_shift: 0.015212 LBFGS-B: function start/end, n_calls: 39.9244854592 39.914615209 52
cycle:  78 max_shift: 0.006947 LBFGS-B: function start/end, n_calls: 39.914615209 39.9077548299 51
cycle:  79 max_shift: 0.012580 LBFGS-B: function start/end, n_calls: 39.9077548299 39.900394013 51
cycle:  80 max_shift: 0.008715 LBFGS-B: function start/end, n_calls: 39.900394013 39.8928588353 52
cycle:  81 max_shift: 0.007210 LBFGS-B: function start/end, n_calls: 39.8928588353 39.8870723175 51
cycle:  82 max_shift: 0.019123 LBFGS-B: function start/end, n_calls: 39.8870723175 39.8773814847 52
cycle:  83 max_shift: 0.008168 LBFGS-B: function start/end, n_calls: 39.8773814847 39.8669484081 52
cycle:  84 max_shift: 0.036291 LBFGS-B: function start/end, n_calls: 39.8669484081 39.8494149316 51
cycle:  85 max_shift: 0.005426 LBFGS-B: function start/end, n_calls: 39.8494149316 39.8335399957 51
cycle:  86 max_shift: 0.015487 LBFGS-B: function start/end, n_calls: 39.8335399957 39.8260138005 51
cycle:  87 max_shift: 0.004541 LBFGS-B: function start/end, n_calls: 39.8260138005 39.8193157731 51
cycle:  88 max_shift: 0.014885 LBFGS-B: function start/end, n_calls: 39.8193157731 39.8129222686 51
cycle:  89 max_shift: 0.003581 LBFGS-B: function start/end, n_calls: 39.8129222686 39.8067144673 51
cycle:  90 max_shift: 0.016810 LBFGS-B: function start/end, n_calls: 39.8067144673 39.7993871494 52
cycle:  91 max_shift: 0.003456 LBFGS-B: function start/end, n_calls: 39.7993871494 39.7930876323 51
cycle:  92 max_shift: 0.017785 LBFGS-B: function start/end, n_calls: 39.7930876323 39.7859794394 52
cycle:  93 max_shift: 0.003559 LBFGS-B: function start/end, n_calls: 39.7859794394 39.7787812665 52
cycle:  94 max_shift: 0.015168 LBFGS-B: function start/end, n_calls: 39.7787812665 39.771817925 52
cycle:  95 max_shift: 0.004716 LBFGS-B: function start/end, n_calls: 39.771817925 39.7653194321 51
cycle:  96 max_shift: 0.007204 LBFGS-B: function start/end, n_calls: 39.7653194321 39.7625114132 52
cycle:  97 max_shift: 0.002830 LBFGS-B: function start/end, n_calls: 39.7625114132 39.7594563303 52
cycle:  98 max_shift: 0.012313 LBFGS-B: function start/end, n_calls: 39.7594563303 39.7548046812 52
cycle:  99 max_shift: 0.002253 LBFGS-B: function start/end, n_calls: 39.7548046812 39.7498472776 51
final: bond:  0.000 angle:   0.23 clash:   0.0 rota:  0.00 rama: f:  90.91 o:   0.00 Z:  -3.84 cb:   0.00
See 5_refined.pdb in pdb folder.
Time: 5.0092
