Starting Q|R
version:   v1.0-208-g2886d5-dirty  
Running refinement
   input {
     xray_data {
       file_name = None
       labels = None
       high_resolution = None
       low_resolution = None
       outliers_rejection = True
       french_wilson_scale = True
       french_wilson {
         max_bins = 60
         min_bin_size = 40
       }
       sigma_fobs_rejection_criterion = None
       sigma_iobs_rejection_criterion = None
       ignore_all_zeros = True
       force_anomalous_flag_to_be_equal_to = None
       convert_to_non_anomalous_if_ratio_pairs_lone_less_than_threshold = 0.5
       r_free_flags {
         file_name = None
         label = None
         test_flag_value = None
         ignore_r_free_flags = False
         disable_suitability_test = False
         ignore_pdb_hexdigest = False
         generate = False
         fraction = 0.1
         max_free = 2000
         lattice_symmetry_max_delta = 5
         use_lattice_symmetry = True
         use_dataman_shells = False
         n_shells = 20
       }
     }
     pdb {
       file_name = None
     }
     monomers {
       file_name = None
     }
     maps {
       map_file_name = None
       d_min = None
       map_coefficients_file_name = None
       map_coefficients_label = None
     }
     sequence = None
     scattering_table = wk1995 it1992 *n_gaussian neutron electron
     wavelength = None
     energy = None
     twin_law = Auto
   }
   max_atoms = 15000
   debug = False
   cluster {
     fast_interaction = True
     charge_cutoff = 8.0
     clustering = false
     charge_embedding = False
     two_buffers = False
     maxnum_residues_in_cluster = 15
     select_within_radius = 10
     clustering_method = gnc *bcc
     altloc_method = average *subtract
     g_scan = 10 15 20
     g_mode = None
     save_clusters = True
     bond_with_altloc = True
     re_calculate_rmsd_tolerance = 0.5
   }
   restraints = *cctbx qm
   expansion = False
   quantum {
     engine_name = *mopac ani torchani terachem turbomole pyscf orca gaussian \
                   xtb
     basis = Auto
     charge = None
     method = Auto
     memory = None
     nproc = None
     qm_addon = gcp dftd3 gcp-d3
     qm_addon_method = None
   }
   refine {
     dry_run = False
     sf_algorithm = *direct fft
     refinement_target_name = *ml ls_wunit_k1
     mode = *opt refine gtest
     number_of_macro_cycles = 1
     number_of_weight_search_cycles = 50
     number_of_refine_cycles = 5
     number_of_micro_cycles = 100
     data_weight = None
     choose_best_use_r_work = False
     skip_weight_search = False
     adjust_restraints_weight_scale_value = 2
     max_iterations_weight = 50
     max_iterations_refine = 50
     use_ase_lbfgs = False
     line_search = True
     stpmax = 0.2
     gradient_only = False
     update_all_scales = True
     refine_sites = True
     refine_adp = False
     restraints_weight_scale = 1.0
     shake_sites = False
     use_convergence_test = True
     max_bond_rmsd = 0.03
     max_r_work_r_free_gap = 5.0
     r_tolerance = 0.001
     rmsd_tolerance = 0.01
     opt_log = False
     pre_opt = False
     pre_opt_stpmax = 0.1
     pre_opt_iter = 10
     pre_opt_switch = 2
     pre_opt_gconv = 3000
     minimizer = lbfgs *lbfgsb
   }
   parallel {
     method = *multiprocessing slurm pbs sge lsf threading
     nproc = None
     qsub_command = None
   }
   output_file_name_prefix = None
   output_folder_name = "pdb"
   rst_file = None
   dump_gradients = None

Setting QM defaults
  Setting QM method to PM7


***********************************************************
restart info will be stored in /home/yanting/work/aniserver_1_qr/ani_qr_test/cctbx_lbfgs/qr-ani-test/qr-cctbx/lbfgs_b/1.2/pdb/6.rst.pickle
***********************************************************

start: bond:  0.010 angle:   1.70 clash:  11.0 rota:  0.00 rama: f:  72.73 o:   9.09 Z:  -3.44 cb:   0.00
cycle:   0 max_shift: 0.221199 LBFGS-B: function start/end, n_calls: 272.649001932 51.1039364456 52
cycle:   1 max_shift: 0.133400 LBFGS-B: function start/end, n_calls: 51.1039364456 45.4879813113 51
cycle:   2 max_shift: 0.089753 LBFGS-B: function start/end, n_calls: 45.4879813113 43.5926919729 51
cycle:   3 max_shift: 0.045470 LBFGS-B: function start/end, n_calls: 43.5926919729 42.7011440428 51
cycle:   4 max_shift: 0.098580 LBFGS-B: function start/end, n_calls: 42.7011440428 41.9329911992 52
cycle:   5 max_shift: 0.026790 LBFGS-B: function start/end, n_calls: 41.9329911992 41.4139370557 52
cycle:   6 max_shift: 0.063581 LBFGS-B: function start/end, n_calls: 41.4139370557 41.1502811485 52
cycle:   7 max_shift: 0.032206 LBFGS-B: function start/end, n_calls: 41.1502811485 40.9309539929 52
cycle:   8 max_shift: 0.037311 LBFGS-B: function start/end, n_calls: 40.9309539929 40.7878815017 52
cycle:   9 max_shift: 0.032810 LBFGS-B: function start/end, n_calls: 40.7878815017 40.6712110527 51
cycle:  10 max_shift: 0.029186 LBFGS-B: function start/end, n_calls: 40.6712110527 40.5749407951 52
cycle:  11 max_shift: 0.033125 LBFGS-B: function start/end, n_calls: 40.5749407951 40.4819347532 51
cycle:  12 max_shift: 0.023262 LBFGS-B: function start/end, n_calls: 40.4819347532 40.4079343059 51
cycle:  13 max_shift: 0.053323 LBFGS-B: function start/end, n_calls: 40.4079343059 40.3087670178 51
cycle:  14 max_shift: 0.011823 LBFGS-B: function start/end, n_calls: 40.3087670178 40.2341959277 52
cycle:  15 max_shift: 0.039052 LBFGS-B: function start/end, n_calls: 40.2341959277 40.1776987174 52
cycle:  16 max_shift: 0.010449 LBFGS-B: function start/end, n_calls: 40.1776987174 40.1292960592 52
cycle:  17 max_shift: 0.054062 LBFGS-B: function start/end, n_calls: 40.1292960592 40.069842684 52
cycle:  18 max_shift: 0.007423 LBFGS-B: function start/end, n_calls: 40.069842684 40.0253407814 51
cycle:  19 max_shift: 0.026865 LBFGS-B: function start/end, n_calls: 40.0253407814 39.99893156 52
cycle:  20 max_shift: 0.006030 LBFGS-B: function start/end, n_calls: 39.99893156 39.9765814572 51
cycle:  21 max_shift: 0.019921 LBFGS-B: function start/end, n_calls: 39.9765814572 39.9579806872 51
cycle:  22 max_shift: 0.004513 LBFGS-B: function start/end, n_calls: 39.9579806872 39.9426723409 51
cycle:  23 max_shift: 0.044618 LBFGS-B: function start/end, n_calls: 39.9426723409 39.9121296315 51
cycle:  24 max_shift: 0.006300 LBFGS-B: function start/end, n_calls: 39.9121296315 39.8863068556 52
cycle:  25 max_shift: 0.028673 LBFGS-B: function start/end, n_calls: 39.8863068556 39.8648474229 51
cycle:  26 max_shift: 0.005722 LBFGS-B: function start/end, n_calls: 39.8648474229 39.8477291523 51
cycle:  27 max_shift: 0.010984 LBFGS-B: function start/end, n_calls: 39.8477291523 39.8390917441 52
cycle:  28 max_shift: 0.004591 LBFGS-B: function start/end, n_calls: 39.8390917441 39.8312409528 51
cycle:  29 max_shift: 0.007447 LBFGS-B: function start/end, n_calls: 39.8312409528 39.8258033833 52
cycle:  30 max_shift: 0.003817 LBFGS-B: function start/end, n_calls: 39.8258033833 39.8203324667 51
cycle:  31 max_shift: 0.009042 LBFGS-B: function start/end, n_calls: 39.8203324667 39.8148345808 52
cycle:  32 max_shift: 0.004371 LBFGS-B: function start/end, n_calls: 39.8148345808 39.8088448662 51
cycle:  33 max_shift: 0.007073 LBFGS-B: function start/end, n_calls: 39.8088448662 39.8041123001 51
cycle:  34 max_shift: 0.006759 LBFGS-B: function start/end, n_calls: 39.8041123001 39.7982786475 52
cycle:  35 max_shift: 0.005213 LBFGS-B: function start/end, n_calls: 39.7982786475 39.7935111532 52
cycle:  36 max_shift: 0.007558 LBFGS-B: function start/end, n_calls: 39.7935111532 39.787990708 52
cycle:  37 max_shift: 0.005022 LBFGS-B: function start/end, n_calls: 39.787990708 39.7830664175 51
cycle:  38 max_shift: 0.005441 LBFGS-B: function start/end, n_calls: 39.7830664175 39.7783707152 52
cycle:  39 max_shift: 0.011289 LBFGS-B: function start/end, n_calls: 39.7783707152 39.7723231025 52
cycle:  40 max_shift: 0.004583 LBFGS-B: function start/end, n_calls: 39.7723231025 39.7664365328 51
cycle:  41 max_shift: 0.009112 LBFGS-B: function start/end, n_calls: 39.7664365328 39.7613138901 51
cycle:  42 max_shift: 0.005390 LBFGS-B: function start/end, n_calls: 39.7613138901 39.7561926752 52
cycle:  43 max_shift: 0.006600 LBFGS-B: function start/end, n_calls: 39.7561926752 39.7517722879 51
cycle:  44 max_shift: 0.005984 LBFGS-B: function start/end, n_calls: 39.7517722879 39.7469895614 52
cycle:  45 max_shift: 0.010262 LBFGS-B: function start/end, n_calls: 39.7469895614 39.741663743 52
cycle:  46 max_shift: 0.004738 LBFGS-B: function start/end, n_calls: 39.741663743 39.7360291043 51
cycle:  47 max_shift: 0.015716 LBFGS-B: function start/end, n_calls: 39.7360291043 39.7281269431 52
cycle:  48 max_shift: 0.004890 LBFGS-B: function start/end, n_calls: 39.7281269431 39.72074142 52
cycle:  49 max_shift: 0.009735 LBFGS-B: function start/end, n_calls: 39.72074142 39.7157210638 52
cycle:  50 max_shift: 0.005743 LBFGS-B: function start/end, n_calls: 39.7157210638 39.7104215514 51
cycle:  51 max_shift: 0.006005 LBFGS-B: function start/end, n_calls: 39.7104215514 39.7060694672 51
cycle:  52 max_shift: 0.006932 LBFGS-B: function start/end, n_calls: 39.7060694672 39.7015294653 52
cycle:  53 max_shift: 0.006271 LBFGS-B: function start/end, n_calls: 39.7015294653 39.6968868639 51
cycle:  54 max_shift: 0.008594 LBFGS-B: function start/end, n_calls: 39.6968868639 39.6913759953 52
cycle:  55 max_shift: 0.005375 LBFGS-B: function start/end, n_calls: 39.6913759953 39.6862196761 51
cycle:  56 max_shift: 0.008750 LBFGS-B: function start/end, n_calls: 39.6862196761 39.681265399 51
cycle:  57 max_shift: 0.006552 LBFGS-B: function start/end, n_calls: 39.681265399 39.6754078328 52
cycle:  58 max_shift: 0.010227 LBFGS-B: function start/end, n_calls: 39.6754078328 39.6690283924 52
cycle:  59 max_shift: 0.004758 LBFGS-B: function start/end, n_calls: 39.6690283924 39.6635510774 51
cycle:  60 max_shift: 0.018365 LBFGS-B: function start/end, n_calls: 39.6635510774 39.6533460641 52
cycle:  61 max_shift: 0.004694 LBFGS-B: function start/end, n_calls: 39.6533460641 39.6442609713 51
cycle:  62 max_shift: 0.016527 LBFGS-B: function start/end, n_calls: 39.6442609713 39.6353048791 51
cycle:  63 max_shift: 0.004859 LBFGS-B: function start/end, n_calls: 39.6353048791 39.6264704565 51
cycle:  64 max_shift: 0.014821 LBFGS-B: function start/end, n_calls: 39.6264704565 39.6184342646 51
cycle:  65 max_shift: 0.004937 LBFGS-B: function start/end, n_calls: 39.6184342646 39.6108637982 51
cycle:  66 max_shift: 0.014089 LBFGS-B: function start/end, n_calls: 39.6108637982 39.603196037 51
cycle:  67 max_shift: 0.004777 LBFGS-B: function start/end, n_calls: 39.603196037 39.5963631843 51
cycle:  68 max_shift: 0.017895 LBFGS-B: function start/end, n_calls: 39.5963631843 39.5880461708 52
cycle:  69 max_shift: 0.005022 LBFGS-B: function start/end, n_calls: 39.5880461708 39.5782030345 52
cycle:  70 max_shift: 0.011946 LBFGS-B: function start/end, n_calls: 39.5782030345 39.5722528079 51
cycle:  71 max_shift: 0.004191 LBFGS-B: function start/end, n_calls: 39.5722528079 39.5653190629 51
cycle:  72 max_shift: 0.011258 LBFGS-B: function start/end, n_calls: 39.5653190629 39.5592901481 51
cycle:  73 max_shift: 0.004660 LBFGS-B: function start/end, n_calls: 39.5592901481 39.5533298832 51
cycle:  74 max_shift: 0.010995 LBFGS-B: function start/end, n_calls: 39.5533298832 39.5476260359 52
cycle:  75 max_shift: 0.004621 LBFGS-B: function start/end, n_calls: 39.5476260359 39.5412551421 52
cycle:  76 max_shift: 0.009043 LBFGS-B: function start/end, n_calls: 39.5412551421 39.5358350984 52
cycle:  77 max_shift: 0.004631 LBFGS-B: function start/end, n_calls: 39.5358350984 39.5306883043 52
cycle:  78 max_shift: 0.006695 LBFGS-B: function start/end, n_calls: 39.5306883043 39.5263218165 51
cycle:  79 max_shift: 0.005021 LBFGS-B: function start/end, n_calls: 39.5263218165 39.5220213135 51
cycle:  80 max_shift: 0.006828 LBFGS-B: function start/end, n_calls: 39.5220213135 39.5176849227 52
cycle:  81 max_shift: 0.005234 LBFGS-B: function start/end, n_calls: 39.5176849227 39.5134314993 52
cycle:  82 max_shift: 0.004333 LBFGS-B: function start/end, n_calls: 39.5134314993 39.5096752597 52
cycle:  83 max_shift: 0.009211 LBFGS-B: function start/end, n_calls: 39.5096752597 39.505028791 51
cycle:  84 max_shift: 0.003875 LBFGS-B: function start/end, n_calls: 39.505028791 39.4997619382 51
cycle:  85 max_shift: 0.013500 LBFGS-B: function start/end, n_calls: 39.4997619382 39.4937667455 52
cycle:  86 max_shift: 0.003808 LBFGS-B: function start/end, n_calls: 39.4937667455 39.4871636366 52
cycle:  87 max_shift: 0.013675 LBFGS-B: function start/end, n_calls: 39.4871636366 39.4811084329 52
cycle:  88 max_shift: 0.003855 LBFGS-B: function start/end, n_calls: 39.4811084329 39.4743834766 52
cycle:  89 max_shift: 0.011601 LBFGS-B: function start/end, n_calls: 39.4743834766 39.4688167673 52
cycle:  90 max_shift: 0.003189 LBFGS-B: function start/end, n_calls: 39.4688167673 39.4634998071 52
cycle:  91 max_shift: 0.017696 LBFGS-B: function start/end, n_calls: 39.4634998071 39.4548945604 51
cycle:  92 max_shift: 0.004107 LBFGS-B: function start/end, n_calls: 39.4548945604 39.4472649925 52
cycle:  93 max_shift: 0.038802 LBFGS-B: function start/end, n_calls: 39.4472649925 39.4315838049 52
cycle:  94 max_shift: 0.006208 LBFGS-B: function start/end, n_calls: 39.4315838049 39.4148261983 51
cycle:  95 max_shift: 0.014769 LBFGS-B: function start/end, n_calls: 39.4148261983 39.4072167082 52
cycle:  96 max_shift: 0.003240 LBFGS-B: function start/end, n_calls: 39.4072167082 39.4009692449 51
cycle:  97 max_shift: 0.005530 LBFGS-B: function start/end, n_calls: 39.4009692449 39.3977127053 52
cycle:  98 max_shift: 0.002201 LBFGS-B: function start/end, n_calls: 39.3977127053 39.3949120824 52
cycle:  99 max_shift: 0.002977 LBFGS-B: function start/end, n_calls: 39.3949120824 39.3923112477 51
final: bond:  0.000 angle:   0.24 clash:   0.0 rota:  0.00 rama: f:  90.91 o:   0.00 Z:  -2.95 cb:   0.00
See 6_refined.pdb in pdb folder.
Time: 5.1020
