Starting Q|R
version:   v1.0-208-g2886d5-dirty  
Running refinement
   input {
     xray_data {
       file_name = None
       labels = None
       high_resolution = None
       low_resolution = None
       outliers_rejection = True
       french_wilson_scale = True
       french_wilson {
         max_bins = 60
         min_bin_size = 40
       }
       sigma_fobs_rejection_criterion = None
       sigma_iobs_rejection_criterion = None
       ignore_all_zeros = True
       force_anomalous_flag_to_be_equal_to = None
       convert_to_non_anomalous_if_ratio_pairs_lone_less_than_threshold = 0.5
       r_free_flags {
         file_name = None
         label = None
         test_flag_value = None
         ignore_r_free_flags = False
         disable_suitability_test = False
         ignore_pdb_hexdigest = False
         generate = False
         fraction = 0.1
         max_free = 2000
         lattice_symmetry_max_delta = 5
         use_lattice_symmetry = True
         use_dataman_shells = False
         n_shells = 20
       }
     }
     pdb {
       file_name = None
     }
     monomers {
       file_name = None
     }
     maps {
       map_file_name = None
       d_min = None
       map_coefficients_file_name = None
       map_coefficients_label = None
     }
     sequence = None
     scattering_table = wk1995 it1992 *n_gaussian neutron electron
     wavelength = None
     energy = None
     twin_law = Auto
   }
   max_atoms = 15000
   debug = False
   cluster {
     fast_interaction = True
     charge_cutoff = 8.0
     clustering = false
     charge_embedding = False
     two_buffers = False
     maxnum_residues_in_cluster = 15
     select_within_radius = 10
     clustering_method = gnc *bcc
     altloc_method = average *subtract
     g_scan = 10 15 20
     g_mode = None
     save_clusters = True
     bond_with_altloc = True
     re_calculate_rmsd_tolerance = 0.5
   }
   restraints = *cctbx qm
   expansion = False
   quantum {
     engine_name = *mopac ani torchani terachem turbomole pyscf orca gaussian \
                   xtb
     basis = Auto
     charge = None
     method = Auto
     memory = None
     nproc = None
     qm_addon = gcp dftd3 gcp-d3
     qm_addon_method = None
   }
   refine {
     dry_run = False
     sf_algorithm = *direct fft
     refinement_target_name = *ml ls_wunit_k1
     mode = *opt refine gtest
     number_of_macro_cycles = 1
     number_of_weight_search_cycles = 50
     number_of_refine_cycles = 5
     number_of_micro_cycles = 100
     data_weight = None
     choose_best_use_r_work = False
     skip_weight_search = False
     adjust_restraints_weight_scale_value = 2
     max_iterations_weight = 50
     max_iterations_refine = 50
     use_ase_lbfgs = False
     line_search = True
     stpmax = 0.2
     gradient_only = False
     update_all_scales = True
     refine_sites = True
     refine_adp = False
     restraints_weight_scale = 1.0
     shake_sites = False
     use_convergence_test = True
     max_bond_rmsd = 0.03
     max_r_work_r_free_gap = 5.0
     r_tolerance = 0.001
     rmsd_tolerance = 0.01
     opt_log = False
     pre_opt = False
     pre_opt_stpmax = 0.1
     pre_opt_iter = 10
     pre_opt_switch = 2
     pre_opt_gconv = 3000
     minimizer = lbfgs *lbfgsb
   }
   parallel {
     method = *multiprocessing slurm pbs sge lsf threading
     nproc = None
     qsub_command = None
   }
   output_file_name_prefix = None
   output_folder_name = "pdb"
   rst_file = None
   dump_gradients = None

Setting QM defaults
  Setting QM method to PM7


***********************************************************
restart info will be stored in /home/yanting/work/aniserver_1_qr/ani_qr_test/cctbx_lbfgs/qr-ani-test/qr-cctbx/lbfgs_b/1.2/pdb/7.rst.pickle
***********************************************************

start: bond:  0.016 angle:   1.33 clash:   0.0 rota:  0.00 rama: f:  81.82 o:   0.00 Z:  -3.94 cb:   0.00
cycle:   0 max_shift: 0.141551 LBFGS-B: function start/end, n_calls: 257.686983001 50.7888225146 52
cycle:   1 max_shift: 0.142172 LBFGS-B: function start/end, n_calls: 50.7888225146 46.0529580729 51
cycle:   2 max_shift: 0.066422 LBFGS-B: function start/end, n_calls: 46.0529580729 44.609373102 52
cycle:   3 max_shift: 0.039326 LBFGS-B: function start/end, n_calls: 44.609373102 43.904986973 51
cycle:   4 max_shift: 0.042192 LBFGS-B: function start/end, n_calls: 43.904986973 43.4204677513 51
cycle:   5 max_shift: 0.032711 LBFGS-B: function start/end, n_calls: 43.4204677513 43.0280468525 52
cycle:   6 max_shift: 0.026884 LBFGS-B: function start/end, n_calls: 43.0280468525 42.7390106323 51
cycle:   7 max_shift: 0.058435 LBFGS-B: function start/end, n_calls: 42.7390106323 42.3968754249 51
cycle:   8 max_shift: 0.023744 LBFGS-B: function start/end, n_calls: 42.3968754249 42.117937312 52
cycle:   9 max_shift: 0.033871 LBFGS-B: function start/end, n_calls: 42.117937312 41.946216819 52
cycle:  10 max_shift: 0.019871 LBFGS-B: function start/end, n_calls: 41.946216819 41.7808213664 51
cycle:  11 max_shift: 0.027902 LBFGS-B: function start/end, n_calls: 41.7808213664 41.650315979 52
cycle:  12 max_shift: 0.019805 LBFGS-B: function start/end, n_calls: 41.650315979 41.5351306053 52
cycle:  13 max_shift: 0.053857 LBFGS-B: function start/end, n_calls: 41.5351306053 41.3526597554 51
cycle:  14 max_shift: 0.011916 LBFGS-B: function start/end, n_calls: 41.3526597554 41.2368905231 52
cycle:  15 max_shift: 0.052722 LBFGS-B: function start/end, n_calls: 41.2368905231 41.139508371 52
cycle:  16 max_shift: 0.010079 LBFGS-B: function start/end, n_calls: 41.139508371 41.0634141676 52
cycle:  17 max_shift: 0.017689 LBFGS-B: function start/end, n_calls: 41.0634141676 41.0354007215 51
cycle:  18 max_shift: 0.013584 LBFGS-B: function start/end, n_calls: 41.0354007215 41.0008517115 52
cycle:  19 max_shift: 0.006410 LBFGS-B: function start/end, n_calls: 41.0008517115 40.9831824636 51
cycle:  20 max_shift: 0.015243 LBFGS-B: function start/end, n_calls: 40.9831824636 40.963717148 51
cycle:  21 max_shift: 0.007892 LBFGS-B: function start/end, n_calls: 40.963717148 40.9443246845 51
cycle:  22 max_shift: 0.013502 LBFGS-B: function start/end, n_calls: 40.9443246845 40.9280443412 52
cycle:  23 max_shift: 0.007022 LBFGS-B: function start/end, n_calls: 40.9280443412 40.9112493004 51
cycle:  24 max_shift: 0.015184 LBFGS-B: function start/end, n_calls: 40.9112493004 40.8932448058 52
cycle:  25 max_shift: 0.007522 LBFGS-B: function start/end, n_calls: 40.8932448058 40.8759131725 52
cycle:  26 max_shift: 0.014062 LBFGS-B: function start/end, n_calls: 40.8759131725 40.8587496599 52
cycle:  27 max_shift: 0.006423 LBFGS-B: function start/end, n_calls: 40.8587496599 40.8434145141 52
cycle:  28 max_shift: 0.018751 LBFGS-B: function start/end, n_calls: 40.8434145141 40.8244425986 52
cycle:  29 max_shift: 0.006575 LBFGS-B: function start/end, n_calls: 40.8244425986 40.8046351075 52
cycle:  30 max_shift: 0.018180 LBFGS-B: function start/end, n_calls: 40.8046351075 40.7874049573 52
cycle:  31 max_shift: 0.006648 LBFGS-B: function start/end, n_calls: 40.7874049573 40.7693895845 52
cycle:  32 max_shift: 0.027071 LBFGS-B: function start/end, n_calls: 40.7693895845 40.7452883434 52
cycle:  33 max_shift: 0.007029 LBFGS-B: function start/end, n_calls: 40.7452883434 40.7194901673 52
cycle:  34 max_shift: 0.023822 LBFGS-B: function start/end, n_calls: 40.7194901673 40.699517431 52
cycle:  35 max_shift: 0.006699 LBFGS-B: function start/end, n_calls: 40.699517431 40.6776052604 51
cycle:  36 max_shift: 0.025894 LBFGS-B: function start/end, n_calls: 40.6776052604 40.6531799741 52
cycle:  37 max_shift: 0.007024 LBFGS-B: function start/end, n_calls: 40.6531799741 40.6324392755 52
cycle:  38 max_shift: 0.013986 LBFGS-B: function start/end, n_calls: 40.6324392755 40.6201335762 52
cycle:  39 max_shift: 0.006472 LBFGS-B: function start/end, n_calls: 40.6201335762 40.6067335612 52
cycle:  40 max_shift: 0.016920 LBFGS-B: function start/end, n_calls: 40.6067335612 40.5916735947 52
cycle:  41 max_shift: 0.006325 LBFGS-B: function start/end, n_calls: 40.5916735947 40.5775596861 52
cycle:  42 max_shift: 0.013767 LBFGS-B: function start/end, n_calls: 40.5775596861 40.5660718096 51
cycle:  43 max_shift: 0.008170 LBFGS-B: function start/end, n_calls: 40.5660718096 40.5524830723 52
cycle:  44 max_shift: 0.007457 LBFGS-B: function start/end, n_calls: 40.5524830723 40.543205112 52
cycle:  45 max_shift: 0.005799 LBFGS-B: function start/end, n_calls: 40.543205112 40.5342086454 51
cycle:  46 max_shift: 0.009953 LBFGS-B: function start/end, n_calls: 40.5342086454 40.5244074822 51
cycle:  47 max_shift: 0.011151 LBFGS-B: function start/end, n_calls: 40.5244074822 40.5098352348 52
cycle:  48 max_shift: 0.005542 LBFGS-B: function start/end, n_calls: 40.5098352348 40.4975029084 51
cycle:  49 max_shift: 0.009061 LBFGS-B: function start/end, n_calls: 40.4975029084 40.4856568724 51
cycle:  50 max_shift: 0.005286 LBFGS-B: function start/end, n_calls: 40.4856568724 40.4752167555 51
cycle:  51 max_shift: 0.031077 LBFGS-B: function start/end, n_calls: 40.4752167555 40.4460831272 52
cycle:  52 max_shift: 0.003662 LBFGS-B: function start/end, n_calls: 40.4460831272 40.4167654433 51
cycle:  53 max_shift: 0.020625 LBFGS-B: function start/end, n_calls: 40.4167654433 40.3986070224 52
cycle:  54 max_shift: 0.005612 LBFGS-B: function start/end, n_calls: 40.3986070224 40.3776327645 52
cycle:  55 max_shift: 0.014463 LBFGS-B: function start/end, n_calls: 40.3776327645 40.3644674493 52
cycle:  56 max_shift: 0.004372 LBFGS-B: function start/end, n_calls: 40.3644674493 40.3495115814 52
cycle:  57 max_shift: 0.009920 LBFGS-B: function start/end, n_calls: 40.3495115814 40.3405456502 51
cycle:  58 max_shift: 0.004053 LBFGS-B: function start/end, n_calls: 40.3405456502 40.3297892632 52
cycle:  59 max_shift: 0.012309 LBFGS-B: function start/end, n_calls: 40.3297892632 40.3166284488 52
cycle:  60 max_shift: 0.004023 LBFGS-B: function start/end, n_calls: 40.3166284488 40.3052413724 52
cycle:  61 max_shift: 0.020094 LBFGS-B: function start/end, n_calls: 40.3052413724 40.2891785667 51
cycle:  62 max_shift: 0.005939 LBFGS-B: function start/end, n_calls: 40.2891785667 40.2684453381 52
cycle:  63 max_shift: 0.010492 LBFGS-B: function start/end, n_calls: 40.2684453381 40.2592965071 52
cycle:  64 max_shift: 0.003961 LBFGS-B: function start/end, n_calls: 40.2592965071 40.249041527 51
cycle:  65 max_shift: 0.013494 LBFGS-B: function start/end, n_calls: 40.249041527 40.2376441919 52
cycle:  66 max_shift: 0.004239 LBFGS-B: function start/end, n_calls: 40.2376441919 40.2249768843 52
cycle:  67 max_shift: 0.009001 LBFGS-B: function start/end, n_calls: 40.2249768843 40.2155383158 51
cycle:  68 max_shift: 0.003905 LBFGS-B: function start/end, n_calls: 40.2155383158 40.2074941975 51
cycle:  69 max_shift: 0.015896 LBFGS-B: function start/end, n_calls: 40.2074941975 40.1945585096 52
cycle:  70 max_shift: 0.004353 LBFGS-B: function start/end, n_calls: 40.1945585096 40.1804536553 52
cycle:  71 max_shift: 0.020669 LBFGS-B: function start/end, n_calls: 40.1804536553 40.1630410257 51
cycle:  72 max_shift: 0.004349 LBFGS-B: function start/end, n_calls: 40.1630410257 40.1465162981 51
cycle:  73 max_shift: 0.034341 LBFGS-B: function start/end, n_calls: 40.1465162981 40.1203182495 52
cycle:  74 max_shift: 0.004631 LBFGS-B: function start/end, n_calls: 40.1203182495 40.0934588742 51
cycle:  75 max_shift: 0.021002 LBFGS-B: function start/end, n_calls: 40.0934588742 40.0794791666 51
cycle:  76 max_shift: 0.005237 LBFGS-B: function start/end, n_calls: 40.0794791666 40.0614834899 52
cycle:  77 max_shift: 0.015735 LBFGS-B: function start/end, n_calls: 40.0614834899 40.0495095558 52
cycle:  78 max_shift: 0.004338 LBFGS-B: function start/end, n_calls: 40.0495095558 40.0383604457 51
cycle:  79 max_shift: 0.017812 LBFGS-B: function start/end, n_calls: 40.0383604457 40.0258711066 52
cycle:  80 max_shift: 0.004405 LBFGS-B: function start/end, n_calls: 40.0258711066 40.0124770207 52
cycle:  81 max_shift: 0.007680 LBFGS-B: function start/end, n_calls: 40.0124770207 40.005489732 52
cycle:  82 max_shift: 0.003641 LBFGS-B: function start/end, n_calls: 40.005489732 39.9987931933 52
cycle:  83 max_shift: 0.008162 LBFGS-B: function start/end, n_calls: 39.9987931933 39.9917615264 52
cycle:  84 max_shift: 0.003628 LBFGS-B: function start/end, n_calls: 39.9917615264 39.9852865698 51
cycle:  85 max_shift: 0.006899 LBFGS-B: function start/end, n_calls: 39.9852865698 39.9789597488 52
cycle:  86 max_shift: 0.003355 LBFGS-B: function start/end, n_calls: 39.9789597488 39.9733103774 52
cycle:  87 max_shift: 0.006203 LBFGS-B: function start/end, n_calls: 39.9733103774 39.96795562 51
cycle:  88 max_shift: 0.003540 LBFGS-B: function start/end, n_calls: 39.96795562 39.9623825531 51
cycle:  89 max_shift: 0.006965 LBFGS-B: function start/end, n_calls: 39.9623825531 39.956297502 51
cycle:  90 max_shift: 0.003500 LBFGS-B: function start/end, n_calls: 39.956297502 39.9507396887 52
cycle:  91 max_shift: 0.006545 LBFGS-B: function start/end, n_calls: 39.9507396887 39.9454484108 51
cycle:  92 max_shift: 0.003427 LBFGS-B: function start/end, n_calls: 39.9454484108 39.9397469775 52
cycle:  93 max_shift: 0.004455 LBFGS-B: function start/end, n_calls: 39.9397469775 39.935303432 51
cycle:  94 max_shift: 0.004097 LBFGS-B: function start/end, n_calls: 39.935303432 39.9306358949 51
cycle:  95 max_shift: 0.004920 LBFGS-B: function start/end, n_calls: 39.9306358949 39.9262455535 52
cycle:  96 max_shift: 0.002884 LBFGS-B: function start/end, n_calls: 39.9262455535 39.9214746915 52
cycle:  97 max_shift: 0.003706 LBFGS-B: function start/end, n_calls: 39.9214746915 39.917510142 51
cycle:  98 max_shift: 0.009316 LBFGS-B: function start/end, n_calls: 39.917510142 39.910487246 52
cycle:  99 max_shift: 0.005661 LBFGS-B: function start/end, n_calls: 39.910487246 39.9031687832 52
final: bond:  0.000 angle:   0.22 clash:   0.0 rota:  0.00 rama: f:  72.73 o:   9.09 Z:  -4.71 cb:   0.00
See 7_refined.pdb in pdb folder.
Time: 5.0916
