Starting Q|R
version:   v1.0-208-g2886d5-dirty  
Running refinement
   input {
     xray_data {
       file_name = None
       labels = None
       high_resolution = None
       low_resolution = None
       outliers_rejection = True
       french_wilson_scale = True
       french_wilson {
         max_bins = 60
         min_bin_size = 40
       }
       sigma_fobs_rejection_criterion = None
       sigma_iobs_rejection_criterion = None
       ignore_all_zeros = True
       force_anomalous_flag_to_be_equal_to = None
       convert_to_non_anomalous_if_ratio_pairs_lone_less_than_threshold = 0.5
       r_free_flags {
         file_name = None
         label = None
         test_flag_value = None
         ignore_r_free_flags = False
         disable_suitability_test = False
         ignore_pdb_hexdigest = False
         generate = False
         fraction = 0.1
         max_free = 2000
         lattice_symmetry_max_delta = 5
         use_lattice_symmetry = True
         use_dataman_shells = False
         n_shells = 20
       }
     }
     pdb {
       file_name = None
     }
     monomers {
       file_name = None
     }
     maps {
       map_file_name = None
       d_min = None
       map_coefficients_file_name = None
       map_coefficients_label = None
     }
     sequence = None
     scattering_table = wk1995 it1992 *n_gaussian neutron electron
     wavelength = None
     energy = None
     twin_law = Auto
   }
   max_atoms = 15000
   debug = False
   cluster {
     fast_interaction = True
     charge_cutoff = 8.0
     clustering = false
     charge_embedding = False
     two_buffers = False
     maxnum_residues_in_cluster = 15
     select_within_radius = 10
     clustering_method = gnc *bcc
     altloc_method = average *subtract
     g_scan = 10 15 20
     g_mode = None
     save_clusters = True
     bond_with_altloc = True
     re_calculate_rmsd_tolerance = 0.5
   }
   restraints = *cctbx qm
   expansion = False
   quantum {
     engine_name = *mopac ani torchani terachem turbomole pyscf orca gaussian \
                   xtb
     basis = Auto
     charge = None
     method = Auto
     memory = None
     nproc = None
     qm_addon = gcp dftd3 gcp-d3
     qm_addon_method = None
   }
   refine {
     dry_run = False
     sf_algorithm = *direct fft
     refinement_target_name = *ml ls_wunit_k1
     mode = *opt refine gtest
     number_of_macro_cycles = 1
     number_of_weight_search_cycles = 50
     number_of_refine_cycles = 5
     number_of_micro_cycles = 100
     data_weight = None
     choose_best_use_r_work = False
     skip_weight_search = False
     adjust_restraints_weight_scale_value = 2
     max_iterations_weight = 50
     max_iterations_refine = 50
     use_ase_lbfgs = False
     line_search = True
     stpmax = 0.2
     gradient_only = False
     update_all_scales = True
     refine_sites = True
     refine_adp = False
     restraints_weight_scale = 1.0
     shake_sites = False
     use_convergence_test = True
     max_bond_rmsd = 0.03
     max_r_work_r_free_gap = 5.0
     r_tolerance = 0.001
     rmsd_tolerance = 0.01
     opt_log = False
     pre_opt = False
     pre_opt_stpmax = 0.1
     pre_opt_iter = 10
     pre_opt_switch = 2
     pre_opt_gconv = 3000
     minimizer = lbfgs *lbfgsb
   }
   parallel {
     method = *multiprocessing slurm pbs sge lsf threading
     nproc = None
     qsub_command = None
   }
   output_file_name_prefix = None
   output_folder_name = "pdb"
   rst_file = None
   dump_gradients = None

Setting QM defaults
  Setting QM method to PM7


***********************************************************
restart info will be stored in /home/yanting/work/aniserver_1_qr/ani_qr_test/cctbx_lbfgs/qr-ani-test/qr-cctbx/lbfgs_b/1.2/pdb/8.rst.pickle
***********************************************************

start: bond:  0.013 angle:   1.38 clash:   0.0 rota:  0.00 rama: f:  90.91 o:   0.00 Z:  -4.75 cb:   0.00
cycle:   0 max_shift: 0.176258 LBFGS-B: function start/end, n_calls: 275.705880547 49.5101220142 52
cycle:   1 max_shift: 0.115907 LBFGS-B: function start/end, n_calls: 49.5101220142 44.6680155772 52
cycle:   2 max_shift: 0.042050 LBFGS-B: function start/end, n_calls: 44.6680155772 43.4940390805 51
cycle:   3 max_shift: 0.062671 LBFGS-B: function start/end, n_calls: 43.4940390805 42.7865281145 52
cycle:   4 max_shift: 0.026846 LBFGS-B: function start/end, n_calls: 42.7865281145 42.4604949484 51
cycle:   5 max_shift: 0.029520 LBFGS-B: function start/end, n_calls: 42.4604949484 42.2966347742 51
cycle:   6 max_shift: 0.017414 LBFGS-B: function start/end, n_calls: 42.2966347742 42.200401729 51
cycle:   7 max_shift: 0.023691 LBFGS-B: function start/end, n_calls: 42.200401729 42.1199902787 51
cycle:   8 max_shift: 0.012990 LBFGS-B: function start/end, n_calls: 42.1199902787 42.0637057646 52
cycle:   9 max_shift: 0.027247 LBFGS-B: function start/end, n_calls: 42.0637057646 42.0067205865 52
cycle:  10 max_shift: 0.010755 LBFGS-B: function start/end, n_calls: 42.0067205865 41.9606933223 52
cycle:  11 max_shift: 0.039869 LBFGS-B: function start/end, n_calls: 41.9606933223 41.90757016 52
cycle:  12 max_shift: 0.011853 LBFGS-B: function start/end, n_calls: 41.90757016 41.8604031214 52
cycle:  13 max_shift: 0.040544 LBFGS-B: function start/end, n_calls: 41.8604031214 41.8112910275 51
cycle:  14 max_shift: 0.011923 LBFGS-B: function start/end, n_calls: 41.8112910275 41.7628664435 51
cycle:  15 max_shift: 0.045992 LBFGS-B: function start/end, n_calls: 41.7628664435 41.7132771146 52
cycle:  16 max_shift: 0.014189 LBFGS-B: function start/end, n_calls: 41.7132771146 41.6599068246 52
cycle:  17 max_shift: 0.045237 LBFGS-B: function start/end, n_calls: 41.6599068246 41.6057117299 51
cycle:  18 max_shift: 0.016563 LBFGS-B: function start/end, n_calls: 41.6057117299 41.5473884763 52
cycle:  19 max_shift: 0.033899 LBFGS-B: function start/end, n_calls: 41.5473884763 41.5082929816 52
cycle:  20 max_shift: 0.012547 LBFGS-B: function start/end, n_calls: 41.5082929816 41.4667119242 51
cycle:  21 max_shift: 0.030237 LBFGS-B: function start/end, n_calls: 41.4667119242 41.423117432 52
cycle:  22 max_shift: 0.010672 LBFGS-B: function start/end, n_calls: 41.423117432 41.3832114677 51
cycle:  23 max_shift: 0.036117 LBFGS-B: function start/end, n_calls: 41.3832114677 41.3406738552 52
cycle:  24 max_shift: 0.011892 LBFGS-B: function start/end, n_calls: 41.3406738552 41.2950530481 51
cycle:  25 max_shift: 0.066157 LBFGS-B: function start/end, n_calls: 41.2950530481 41.2028532226 52
cycle:  26 max_shift: 0.016298 LBFGS-B: function start/end, n_calls: 41.2028532226 41.1146649677 52
cycle:  27 max_shift: 0.023070 LBFGS-B: function start/end, n_calls: 41.1146649677 41.0904291422 51
cycle:  28 max_shift: 0.007166 LBFGS-B: function start/end, n_calls: 41.0904291422 41.0626876207 51
cycle:  29 max_shift: 0.012045 LBFGS-B: function start/end, n_calls: 41.0626876207 41.0415515196 51
cycle:  30 max_shift: 0.007663 LBFGS-B: function start/end, n_calls: 41.0415515196 41.0203424395 52
cycle:  31 max_shift: 0.009243 LBFGS-B: function start/end, n_calls: 41.0203424395 41.0001631718 52
cycle:  32 max_shift: 0.006972 LBFGS-B: function start/end, n_calls: 41.0001631718 40.9835468039 51
cycle:  33 max_shift: 0.007709 LBFGS-B: function start/end, n_calls: 40.9835468039 40.967309822 52
cycle:  34 max_shift: 0.007662 LBFGS-B: function start/end, n_calls: 40.967309822 40.9505827851 51
cycle:  35 max_shift: 0.006260 LBFGS-B: function start/end, n_calls: 40.9505827851 40.9347527043 52
cycle:  36 max_shift: 0.008827 LBFGS-B: function start/end, n_calls: 40.9347527043 40.9179120142 52
cycle:  37 max_shift: 0.005093 LBFGS-B: function start/end, n_calls: 40.9179120142 40.9019314732 52
cycle:  38 max_shift: 0.009798 LBFGS-B: function start/end, n_calls: 40.9019314732 40.8865024794 51
cycle:  39 max_shift: 0.005230 LBFGS-B: function start/end, n_calls: 40.8865024794 40.8707412126 52
cycle:  40 max_shift: 0.010397 LBFGS-B: function start/end, n_calls: 40.8707412126 40.8551182249 52
cycle:  41 max_shift: 0.004446 LBFGS-B: function start/end, n_calls: 40.8551182249 40.8382989909 52
cycle:  42 max_shift: 0.024900 LBFGS-B: function start/end, n_calls: 40.8382989909 40.8100732324 52
cycle:  43 max_shift: 0.007815 LBFGS-B: function start/end, n_calls: 40.8100732324 40.7804539417 52
cycle:  44 max_shift: 0.016041 LBFGS-B: function start/end, n_calls: 40.7804539417 40.7598989534 52
cycle:  45 max_shift: 0.007073 LBFGS-B: function start/end, n_calls: 40.7598989534 40.7384991055 51
cycle:  46 max_shift: 0.011733 LBFGS-B: function start/end, n_calls: 40.7384991055 40.7227154128 52
cycle:  47 max_shift: 0.007234 LBFGS-B: function start/end, n_calls: 40.7227154128 40.706784359 51
cycle:  48 max_shift: 0.009422 LBFGS-B: function start/end, n_calls: 40.706784359 40.6952783842 51
cycle:  49 max_shift: 0.006402 LBFGS-B: function start/end, n_calls: 40.6952783842 40.682393172 51
cycle:  50 max_shift: 0.016153 LBFGS-B: function start/end, n_calls: 40.682393172 40.6653548395 51
cycle:  51 max_shift: 0.006509 LBFGS-B: function start/end, n_calls: 40.6653548395 40.6484554095 51
cycle:  52 max_shift: 0.016365 LBFGS-B: function start/end, n_calls: 40.6484554095 40.6303773376 52
cycle:  53 max_shift: 0.007505 LBFGS-B: function start/end, n_calls: 40.6303773376 40.6130719756 51
cycle:  54 max_shift: 0.016248 LBFGS-B: function start/end, n_calls: 40.6130719756 40.5970538733 51
cycle:  55 max_shift: 0.007093 LBFGS-B: function start/end, n_calls: 40.5970538733 40.5810980781 51
cycle:  56 max_shift: 0.017648 LBFGS-B: function start/end, n_calls: 40.5810980781 40.5651715946 51
cycle:  57 max_shift: 0.006294 LBFGS-B: function start/end, n_calls: 40.5651715946 40.549210348 52
cycle:  58 max_shift: 0.014080 LBFGS-B: function start/end, n_calls: 40.549210348 40.5367149146 51
cycle:  59 max_shift: 0.006521 LBFGS-B: function start/end, n_calls: 40.5367149146 40.5241343951 51
cycle:  60 max_shift: 0.009931 LBFGS-B: function start/end, n_calls: 40.5241343951 40.5146427872 52
cycle:  61 max_shift: 0.004253 LBFGS-B: function start/end, n_calls: 40.5146427872 40.5064009048 51
cycle:  62 max_shift: 0.016764 LBFGS-B: function start/end, n_calls: 40.5064009048 40.4934743188 52
cycle:  63 max_shift: 0.005674 LBFGS-B: function start/end, n_calls: 40.4934743188 40.4811504802 51
cycle:  64 max_shift: 0.030258 LBFGS-B: function start/end, n_calls: 40.4811504802 40.4606348185 52
cycle:  65 max_shift: 0.006989 LBFGS-B: function start/end, n_calls: 40.4606348185 40.4414546225 51
cycle:  66 max_shift: 0.025637 LBFGS-B: function start/end, n_calls: 40.4414546225 40.425976802 52
cycle:  67 max_shift: 0.004409 LBFGS-B: function start/end, n_calls: 40.425976802 40.4103084968 52
cycle:  68 max_shift: 0.018820 LBFGS-B: function start/end, n_calls: 40.4103084968 40.4008952468 52
cycle:  69 max_shift: 0.004255 LBFGS-B: function start/end, n_calls: 40.4008952468 40.3885689964 52
cycle:  70 max_shift: 0.013071 LBFGS-B: function start/end, n_calls: 40.3885689964 40.3802124743 52
cycle:  71 max_shift: 0.003521 LBFGS-B: function start/end, n_calls: 40.3802124743 40.3726821738 52
cycle:  72 max_shift: 0.006574 LBFGS-B: function start/end, n_calls: 40.3726821738 40.3681146854 51
cycle:  73 max_shift: 0.006727 LBFGS-B: function start/end, n_calls: 40.3681146854 40.3613427562 52
cycle:  74 max_shift: 0.003763 LBFGS-B: function start/end, n_calls: 40.3613427562 40.3562770097 51
cycle:  75 max_shift: 0.006572 LBFGS-B: function start/end, n_calls: 40.3562770097 40.3519080844 52
cycle:  76 max_shift: 0.003680 LBFGS-B: function start/end, n_calls: 40.3519080844 40.347273102 51
cycle:  77 max_shift: 0.008777 LBFGS-B: function start/end, n_calls: 40.347273102 40.3414489003 51
cycle:  78 max_shift: 0.003617 LBFGS-B: function start/end, n_calls: 40.3414489003 40.3364908793 51
cycle:  79 max_shift: 0.008407 LBFGS-B: function start/end, n_calls: 40.3364908793 40.3315824571 52
cycle:  80 max_shift: 0.003851 LBFGS-B: function start/end, n_calls: 40.3315824571 40.3261354578 52
cycle:  81 max_shift: 0.013149 LBFGS-B: function start/end, n_calls: 40.3261354578 40.3188338163 52
cycle:  82 max_shift: 0.004906 LBFGS-B: function start/end, n_calls: 40.3188338163 40.3121924398 52
cycle:  83 max_shift: 0.007274 LBFGS-B: function start/end, n_calls: 40.3121924398 40.308170273 52
cycle:  84 max_shift: 0.004067 LBFGS-B: function start/end, n_calls: 40.308170273 40.3036085246 51
cycle:  85 max_shift: 0.005166 LBFGS-B: function start/end, n_calls: 40.3036085246 40.3000813781 52
cycle:  86 max_shift: 0.003554 LBFGS-B: function start/end, n_calls: 40.3000813781 40.2967221 51
cycle:  87 max_shift: 0.004747 LBFGS-B: function start/end, n_calls: 40.2967221 40.2934644364 52
cycle:  88 max_shift: 0.003301 LBFGS-B: function start/end, n_calls: 40.2934644364 40.2901639005 52
cycle:  89 max_shift: 0.008307 LBFGS-B: function start/end, n_calls: 40.2901639005 40.2852682398 52
cycle:  90 max_shift: 0.003414 LBFGS-B: function start/end, n_calls: 40.2852682398 40.2810640085 51
cycle:  91 max_shift: 0.013380 LBFGS-B: function start/end, n_calls: 40.2810640085 40.2741943085 52
cycle:  92 max_shift: 0.003626 LBFGS-B: function start/end, n_calls: 40.2741943085 40.2680966815 52
cycle:  93 max_shift: 0.006699 LBFGS-B: function start/end, n_calls: 40.2680966815 40.2645034741 51
cycle:  94 max_shift: 0.003529 LBFGS-B: function start/end, n_calls: 40.2645034741 40.2608287081 51
cycle:  95 max_shift: 0.006332 LBFGS-B: function start/end, n_calls: 40.2608287081 40.2574968804 52
cycle:  96 max_shift: 0.003287 LBFGS-B: function start/end, n_calls: 40.2574968804 40.2537012502 52
cycle:  97 max_shift: 0.006963 LBFGS-B: function start/end, n_calls: 40.2537012502 40.2498122483 52
cycle:  98 max_shift: 0.003376 LBFGS-B: function start/end, n_calls: 40.2498122483 40.2461603285 52
cycle:  99 max_shift: 0.006312 LBFGS-B: function start/end, n_calls: 40.2461603285 40.2424366229 51
final: bond:  0.000 angle:   0.26 clash:   0.0 rota:  0.00 rama: f:  81.82 o:   0.00 Z:  -4.76 cb:   0.00
See 8_refined.pdb in pdb folder.
Time: 4.9218
