Starting Q|R
version:   v1.0-208-g2886d5-dirty  
Running refinement
   input {
     xray_data {
       file_name = None
       labels = None
       high_resolution = None
       low_resolution = None
       outliers_rejection = True
       french_wilson_scale = True
       french_wilson {
         max_bins = 60
         min_bin_size = 40
       }
       sigma_fobs_rejection_criterion = None
       sigma_iobs_rejection_criterion = None
       ignore_all_zeros = True
       force_anomalous_flag_to_be_equal_to = None
       convert_to_non_anomalous_if_ratio_pairs_lone_less_than_threshold = 0.5
       r_free_flags {
         file_name = None
         label = None
         test_flag_value = None
         ignore_r_free_flags = False
         disable_suitability_test = False
         ignore_pdb_hexdigest = False
         generate = False
         fraction = 0.1
         max_free = 2000
         lattice_symmetry_max_delta = 5
         use_lattice_symmetry = True
         use_dataman_shells = False
         n_shells = 20
       }
     }
     pdb {
       file_name = None
     }
     monomers {
       file_name = None
     }
     maps {
       map_file_name = None
       d_min = None
       map_coefficients_file_name = None
       map_coefficients_label = None
     }
     sequence = None
     scattering_table = wk1995 it1992 *n_gaussian neutron electron
     wavelength = None
     energy = None
     twin_law = Auto
   }
   max_atoms = 15000
   debug = False
   cluster {
     fast_interaction = True
     charge_cutoff = 8.0
     clustering = false
     charge_embedding = False
     two_buffers = False
     maxnum_residues_in_cluster = 15
     select_within_radius = 10
     clustering_method = gnc *bcc
     altloc_method = average *subtract
     g_scan = 10 15 20
     g_mode = None
     save_clusters = True
     bond_with_altloc = True
     re_calculate_rmsd_tolerance = 0.5
   }
   restraints = *cctbx qm
   expansion = False
   quantum {
     engine_name = *mopac ani torchani terachem turbomole pyscf orca gaussian \
                   xtb
     basis = Auto
     charge = None
     method = Auto
     memory = None
     nproc = None
     qm_addon = gcp dftd3 gcp-d3
     qm_addon_method = None
   }
   refine {
     dry_run = False
     sf_algorithm = *direct fft
     refinement_target_name = *ml ls_wunit_k1
     mode = *opt refine gtest
     number_of_macro_cycles = 1
     number_of_weight_search_cycles = 50
     number_of_refine_cycles = 5
     number_of_micro_cycles = 100
     data_weight = None
     choose_best_use_r_work = False
     skip_weight_search = False
     adjust_restraints_weight_scale_value = 2
     max_iterations_weight = 50
     max_iterations_refine = 50
     use_ase_lbfgs = False
     line_search = True
     stpmax = 0.2
     gradient_only = true
     update_all_scales = True
     refine_sites = True
     refine_adp = False
     restraints_weight_scale = 1.0
     shake_sites = False
     use_convergence_test = True
     max_bond_rmsd = 0.03
     max_r_work_r_free_gap = 5.0
     r_tolerance = 0.001
     rmsd_tolerance = 0.01
     opt_log = False
     pre_opt = False
     pre_opt_stpmax = 0.1
     pre_opt_iter = 10
     pre_opt_switch = 2
     pre_opt_gconv = 3000
     minimizer = *lbfgs lbfgsb
   }
   parallel {
     method = *multiprocessing slurm pbs sge lsf threading
     nproc = None
     qsub_command = None
   }
   output_file_name_prefix = None
   output_folder_name = "pdb"
   rst_file = None
   dump_gradients = None

Setting QM defaults
  Setting QM method to PM7


***********************************************************
restart info will be stored in /home/yanting/work/aniserver_1_qr/ani_qr_test/cctbx_lbfgs/qr-ani-test/qr-cctbx/lbfgs/1.5/pdb/0.rst.pickle
***********************************************************

start: bond:  0.013 angle:   1.86 clash:   0.0 rota:  0.00 rama: f:  72.73 o:   0.00 Z:  -5.83 cb:   0.00
cycle:   0 max_shift: 0.148065 LBFGS: function start/end, n_calls: 272.943645 50.433896 52
cycle:   1 max_shift: 0.111156 LBFGS: function start/end, n_calls: 50.433896 47.714933 52
cycle:   2 max_shift: 0.061766 LBFGS: function start/end, n_calls: 47.714933 46.949689 52
cycle:   3 max_shift: 0.051411 LBFGS: function start/end, n_calls: 46.949689 46.630391 52
cycle:   4 max_shift: 0.101053 LBFGS: function start/end, n_calls: 46.630391 46.358473 52
cycle:   5 max_shift: 0.033013 LBFGS: function start/end, n_calls: 46.358473 46.135103 53
cycle:   6 max_shift: 0.133322 LBFGS: function start/end, n_calls: 46.135103 45.857991 52
cycle:   7 max_shift: 0.027958 LBFGS: function start/end, n_calls: 45.857991 45.633043 52
cycle:   8 max_shift: 0.362698 LBFGS: function start/end, n_calls: 45.633043 44.983855 52
cycle:   9 max_shift: 0.023190 LBFGS: function start/end, n_calls: 44.983855 44.752801 52
cycle:  10 max_shift: 0.069754 LBFGS: function start/end, n_calls: 44.752801 44.649786 52
cycle:  11 max_shift: 0.024017 LBFGS: function start/end, n_calls: 44.649786 44.539912 52
cycle:  12 max_shift: 0.017360 LBFGS: function start/end, n_calls: 44.539912 44.495703 53
cycle:  13 max_shift: 0.066037 LBFGS: function start/end, n_calls: 44.495703 44.407082 52
cycle:  14 max_shift: 0.012981 LBFGS: function start/end, n_calls: 44.407082 44.321252 52
cycle:  15 max_shift: 0.069918 LBFGS: function start/end, n_calls: 44.321252 44.231949 52
cycle:  16 max_shift: 0.012003 LBFGS: function start/end, n_calls: 44.231949 44.164833 52
cycle:  17 max_shift: 0.029528 LBFGS: function start/end, n_calls: 44.164833 44.128173 52
cycle:  18 max_shift: 0.018214 LBFGS: function start/end, n_calls: 44.128173 44.094859 52
cycle:  19 max_shift: 0.010358 LBFGS: function start/end, n_calls: 44.094859 44.076808 53
cycle:  20 max_shift: 0.026039 LBFGS: function start/end, n_calls: 44.076808 44.051909 52
cycle:  21 max_shift: 0.019148 LBFGS: function start/end, n_calls: 44.051909 44.024767 52
cycle:  22 max_shift: 0.012550 LBFGS: function start/end, n_calls: 44.024767 44.004002 52
cycle:  23 max_shift: 0.088739 LBFGS: function start/end, n_calls: 44.004002 43.948374 52
cycle:  24 max_shift: 0.013783 LBFGS: function start/end, n_calls: 43.948374 43.898473 52
cycle:  25 max_shift: 0.033510 LBFGS: function start/end, n_calls: 43.898473 43.879299 52
cycle:  26 max_shift: 0.009783 LBFGS: function start/end, n_calls: 43.879299 43.860203 53
cycle:  27 max_shift: 0.029765 LBFGS: function start/end, n_calls: 43.860203 43.844366 53
cycle:  28 max_shift: 0.008354 LBFGS: function start/end, n_calls: 43.844366 43.826903 52
cycle:  29 max_shift: 0.061192 LBFGS: function start/end, n_calls: 43.826903 43.799186 52
cycle:  30 max_shift: 0.009273 LBFGS: function start/end, n_calls: 43.799186 43.768662 52
cycle:  31 max_shift: 0.033531 LBFGS: function start/end, n_calls: 43.768662 43.750432 52
cycle:  32 max_shift: 0.014454 LBFGS: function start/end, n_calls: 43.750432 43.737553 52
cycle:  33 max_shift: 0.020585 LBFGS: function start/end, n_calls: 43.737553 43.724995 52
cycle:  34 max_shift: 0.039046 LBFGS: function start/end, n_calls: 43.724995 43.705446 52
cycle:  35 max_shift: 0.007322 LBFGS: function start/end, n_calls: 43.705446 43.690016 52
cycle:  36 max_shift: 0.109265 LBFGS: function start/end, n_calls: 43.690016 43.645304 52
cycle:  37 max_shift: 0.007693 LBFGS: function start/end, n_calls: 43.645304 43.596035 52
cycle:  38 max_shift: 0.194214 LBFGS: function start/end, n_calls: 43.596035 43.469684 52
cycle:  39 max_shift: 0.017857 LBFGS: function start/end, n_calls: 43.469684 43.290225 52
cycle:  40 max_shift: 0.281898 LBFGS: function start/end, n_calls: 43.290225 42.900932 52
cycle:  41 max_shift: 0.033813 LBFGS: function start/end, n_calls: 42.900932 42.428631 52
cycle:  42 max_shift: 0.322091 LBFGS: function start/end, n_calls: 42.428631 41.683836 52
cycle:  43 max_shift: 0.035913 LBFGS: function start/end, n_calls: 41.683836 41.167273 52
cycle:  44 max_shift: 0.167329 LBFGS: function start/end, n_calls: 41.167273 40.913393 52
cycle:  45 max_shift: 0.021690 LBFGS: function start/end, n_calls: 40.913393 40.780809 52
cycle:  46 max_shift: 0.067520 LBFGS: function start/end, n_calls: 40.780809 40.708921 52
cycle:  47 max_shift: 0.017549 LBFGS: function start/end, n_calls: 40.708921 40.676042 52
cycle:  48 max_shift: 0.031867 LBFGS: function start/end, n_calls: 40.676042 40.651814 52
cycle:  49 max_shift: 0.018378 LBFGS: function start/end, n_calls: 40.651814 40.629686 53
cycle:  50 max_shift: 0.041445 LBFGS: function start/end, n_calls: 40.629686 40.601549 52
cycle:  51 max_shift: 0.014935 LBFGS: function start/end, n_calls: 40.601549 40.576233 52
cycle:  52 max_shift: 0.036619 LBFGS: function start/end, n_calls: 40.576233 40.552904 52
cycle:  53 max_shift: 0.012831 LBFGS: function start/end, n_calls: 40.552904 40.533634 52
cycle:  54 max_shift: 0.022704 LBFGS: function start/end, n_calls: 40.533634 40.519839 53
cycle:  55 max_shift: 0.022156 LBFGS: function start/end, n_calls: 40.519839 40.501000 54
cycle:  56 max_shift: 0.017113 LBFGS: function start/end, n_calls: 40.501000 40.482508 52
cycle:  57 max_shift: 0.017757 LBFGS: function start/end, n_calls: 40.482508 40.467026 52
cycle:  58 max_shift: 0.010262 LBFGS: function start/end, n_calls: 40.467026 40.453451 53
cycle:  59 max_shift: 0.024802 LBFGS: function start/end, n_calls: 40.453451 40.434920 52
cycle:  60 max_shift: 0.010286 LBFGS: function start/end, n_calls: 40.434920 40.415937 52
cycle:  61 max_shift: 0.024344 LBFGS: function start/end, n_calls: 40.415937 40.396677 52
cycle:  62 max_shift: 0.010550 LBFGS: function start/end, n_calls: 40.396677 40.378628 52
cycle:  63 max_shift: 0.020845 LBFGS: function start/end, n_calls: 40.378628 40.362649 53
cycle:  64 max_shift: 0.009175 LBFGS: function start/end, n_calls: 40.362649 40.347042 52
cycle:  65 max_shift: 0.013059 LBFGS: function start/end, n_calls: 40.347042 40.337814 53
cycle:  66 max_shift: 0.020589 LBFGS: function start/end, n_calls: 40.337814 40.320199 52
cycle:  67 max_shift: 0.007178 LBFGS: function start/end, n_calls: 40.320199 40.307454 52
cycle:  68 max_shift: 0.028305 LBFGS: function start/end, n_calls: 40.307454 40.291224 52
cycle:  69 max_shift: 0.007754 LBFGS: function start/end, n_calls: 40.291224 40.277646 52
cycle:  70 max_shift: 0.036398 LBFGS: function start/end, n_calls: 40.277646 40.255725 52
cycle:  71 max_shift: 0.008075 LBFGS: function start/end, n_calls: 40.255725 40.239216 52
cycle:  72 max_shift: 0.019059 LBFGS: function start/end, n_calls: 40.239216 40.227528 52
cycle:  73 max_shift: 0.011177 LBFGS: function start/end, n_calls: 40.227528 40.216682 52
cycle:  74 max_shift: 0.016046 LBFGS: function start/end, n_calls: 40.216682 40.205934 52
cycle:  75 max_shift: 0.011017 LBFGS: function start/end, n_calls: 40.205934 40.197715 54
cycle:  76 max_shift: 0.012576 LBFGS: function start/end, n_calls: 40.197715 40.188190 52
cycle:  77 max_shift: 0.048666 LBFGS: function start/end, n_calls: 40.188190 40.161150 52
cycle:  78 max_shift: 0.012731 LBFGS: function start/end, n_calls: 40.161150 40.138917 52
cycle:  79 max_shift: 0.035885 LBFGS: function start/end, n_calls: 40.138917 40.120732 52
cycle:  80 max_shift: 0.012553 LBFGS: function start/end, n_calls: 40.120732 40.103338 52
cycle:  81 max_shift: 0.029044 LBFGS: function start/end, n_calls: 40.103338 40.086463 52
cycle:  82 max_shift: 0.011584 LBFGS: function start/end, n_calls: 40.086463 40.073326 52
cycle:  83 max_shift: 0.017020 LBFGS: function start/end, n_calls: 40.073326 40.064198 53
cycle:  84 max_shift: 0.011601 LBFGS: function start/end, n_calls: 40.064198 40.054826 52
cycle:  85 max_shift: 0.018730 LBFGS: function start/end, n_calls: 40.054826 40.043324 52
cycle:  86 max_shift: 0.010601 LBFGS: function start/end, n_calls: 40.043324 40.035394 52
cycle:  87 max_shift: 0.013766 LBFGS: function start/end, n_calls: 40.035394 40.027537 52
cycle:  88 max_shift: 0.012653 LBFGS: function start/end, n_calls: 40.027537 40.019809 52
cycle:  89 max_shift: 0.011480 LBFGS: function start/end, n_calls: 40.019809 40.012138 52
cycle:  90 max_shift: 0.013773 LBFGS: function start/end, n_calls: 40.012138 40.005346 52
cycle:  91 max_shift: 0.014315 LBFGS: function start/end, n_calls: 40.005346 39.996929 52
cycle:  92 max_shift: 0.010957 LBFGS: function start/end, n_calls: 39.996929 39.989281 52
cycle:  93 max_shift: 0.008269 LBFGS: function start/end, n_calls: 39.989281 39.984023 52
cycle:  94 max_shift: 0.014890 LBFGS: function start/end, n_calls: 39.984023 39.977536 52
cycle:  95 max_shift: 0.013600 LBFGS: function start/end, n_calls: 39.977536 39.968864 52
cycle:  96 max_shift: 0.011030 LBFGS: function start/end, n_calls: 39.968864 39.961876 52
cycle:  97 max_shift: 0.009266 LBFGS: function start/end, n_calls: 39.961876 39.956628 52
cycle:  98 max_shift: 0.010673 LBFGS: function start/end, n_calls: 39.956628 39.951332 52
cycle:  99 max_shift: 0.006328 LBFGS: function start/end, n_calls: 39.951332 39.946912 52
final: bond:  0.000 angle:   0.24 clash:   0.0 rota:  0.00 rama: f:  72.73 o:   9.09 Z:  -5.97 cb:   0.00
See 0_refined.pdb in pdb folder.
Time: 4.9865
