Starting Q|R
version:   v1.0-208-g2886d5-dirty  
Running refinement
   input {
     xray_data {
       file_name = None
       labels = None
       high_resolution = None
       low_resolution = None
       outliers_rejection = True
       french_wilson_scale = True
       french_wilson {
         max_bins = 60
         min_bin_size = 40
       }
       sigma_fobs_rejection_criterion = None
       sigma_iobs_rejection_criterion = None
       ignore_all_zeros = True
       force_anomalous_flag_to_be_equal_to = None
       convert_to_non_anomalous_if_ratio_pairs_lone_less_than_threshold = 0.5
       r_free_flags {
         file_name = None
         label = None
         test_flag_value = None
         ignore_r_free_flags = False
         disable_suitability_test = False
         ignore_pdb_hexdigest = False
         generate = False
         fraction = 0.1
         max_free = 2000
         lattice_symmetry_max_delta = 5
         use_lattice_symmetry = True
         use_dataman_shells = False
         n_shells = 20
       }
     }
     pdb {
       file_name = None
     }
     monomers {
       file_name = None
     }
     maps {
       map_file_name = None
       d_min = None
       map_coefficients_file_name = None
       map_coefficients_label = None
     }
     sequence = None
     scattering_table = wk1995 it1992 *n_gaussian neutron electron
     wavelength = None
     energy = None
     twin_law = Auto
   }
   max_atoms = 15000
   debug = False
   cluster {
     fast_interaction = True
     charge_cutoff = 8.0
     clustering = false
     charge_embedding = False
     two_buffers = False
     maxnum_residues_in_cluster = 15
     select_within_radius = 10
     clustering_method = gnc *bcc
     altloc_method = average *subtract
     g_scan = 10 15 20
     g_mode = None
     save_clusters = True
     bond_with_altloc = True
     re_calculate_rmsd_tolerance = 0.5
   }
   restraints = *cctbx qm
   expansion = False
   quantum {
     engine_name = *mopac ani torchani terachem turbomole pyscf orca gaussian \
                   xtb
     basis = Auto
     charge = None
     method = Auto
     memory = None
     nproc = None
     qm_addon = gcp dftd3 gcp-d3
     qm_addon_method = None
   }
   refine {
     dry_run = False
     sf_algorithm = *direct fft
     refinement_target_name = *ml ls_wunit_k1
     mode = *opt refine gtest
     number_of_macro_cycles = 1
     number_of_weight_search_cycles = 50
     number_of_refine_cycles = 5
     number_of_micro_cycles = 100
     data_weight = None
     choose_best_use_r_work = False
     skip_weight_search = False
     adjust_restraints_weight_scale_value = 2
     max_iterations_weight = 50
     max_iterations_refine = 50
     use_ase_lbfgs = False
     line_search = True
     stpmax = 0.2
     gradient_only = true
     update_all_scales = True
     refine_sites = True
     refine_adp = False
     restraints_weight_scale = 1.0
     shake_sites = False
     use_convergence_test = True
     max_bond_rmsd = 0.03
     max_r_work_r_free_gap = 5.0
     r_tolerance = 0.001
     rmsd_tolerance = 0.01
     opt_log = False
     pre_opt = False
     pre_opt_stpmax = 0.1
     pre_opt_iter = 10
     pre_opt_switch = 2
     pre_opt_gconv = 3000
     minimizer = *lbfgs lbfgsb
   }
   parallel {
     method = *multiprocessing slurm pbs sge lsf threading
     nproc = None
     qsub_command = None
   }
   output_file_name_prefix = None
   output_folder_name = "pdb"
   rst_file = None
   dump_gradients = None

Setting QM defaults
  Setting QM method to PM7


***********************************************************
restart info will be stored in /home/yanting/work/aniserver_1_qr/ani_qr_test/cctbx_lbfgs/qr-ani-test/qr-cctbx/lbfgs/1.5/pdb/6.rst.pickle
***********************************************************

start: bond:  0.012 angle:   1.33 clash:   0.0 rota:  0.00 rama: f:  72.73 o:   9.09 Z:  -5.75 cb:   0.00
cycle:   0 max_shift: 0.261826 LBFGS: function start/end, n_calls: 265.104270 49.104919 52
cycle:   1 max_shift: 0.153049 LBFGS: function start/end, n_calls: 49.104919 45.075815 52
cycle:   2 max_shift: 0.101839 LBFGS: function start/end, n_calls: 45.075815 44.104504 52
cycle:   3 max_shift: 0.048452 LBFGS: function start/end, n_calls: 44.104504 43.659294 52
cycle:   4 max_shift: 0.183911 LBFGS: function start/end, n_calls: 43.659294 42.740093 52
cycle:   5 max_shift: 0.029438 LBFGS: function start/end, n_calls: 42.740093 42.323466 52
cycle:   6 max_shift: 0.097286 LBFGS: function start/end, n_calls: 42.323466 42.050190 52
cycle:   7 max_shift: 0.030616 LBFGS: function start/end, n_calls: 42.050190 41.874054 52
cycle:   8 max_shift: 0.101735 LBFGS: function start/end, n_calls: 41.874054 41.683704 52
cycle:   9 max_shift: 0.020755 LBFGS: function start/end, n_calls: 41.683704 41.529856 52
cycle:  10 max_shift: 0.071949 LBFGS: function start/end, n_calls: 41.529856 41.418508 52
cycle:  11 max_shift: 0.025019 LBFGS: function start/end, n_calls: 41.418508 41.330708 52
cycle:  12 max_shift: 0.016811 LBFGS: function start/end, n_calls: 41.330708 41.297809 52
cycle:  13 max_shift: 0.021449 LBFGS: function start/end, n_calls: 41.297809 41.256902 52
cycle:  14 max_shift: 0.023326 LBFGS: function start/end, n_calls: 41.256902 41.215693 52
cycle:  15 max_shift: 0.011867 LBFGS: function start/end, n_calls: 41.215693 41.179284 52
cycle:  16 max_shift: 0.028025 LBFGS: function start/end, n_calls: 41.179284 41.139778 52
cycle:  17 max_shift: 0.010233 LBFGS: function start/end, n_calls: 41.139778 41.100961 52
cycle:  18 max_shift: 0.061492 LBFGS: function start/end, n_calls: 41.100961 41.024187 52
cycle:  19 max_shift: 0.008530 LBFGS: function start/end, n_calls: 41.024187 40.961165 52
cycle:  20 max_shift: 0.098581 LBFGS: function start/end, n_calls: 40.961165 40.862011 52
cycle:  21 max_shift: 0.013448 LBFGS: function start/end, n_calls: 40.862011 40.758287 52
cycle:  22 max_shift: 0.128379 LBFGS: function start/end, n_calls: 40.758287 40.626064 52
cycle:  23 max_shift: 0.010516 LBFGS: function start/end, n_calls: 40.626064 40.508837 52
cycle:  24 max_shift: 0.049553 LBFGS: function start/end, n_calls: 40.508837 40.452220 52
cycle:  25 max_shift: 0.010345 LBFGS: function start/end, n_calls: 40.452220 40.404693 52
cycle:  26 max_shift: 0.040291 LBFGS: function start/end, n_calls: 40.404693 40.351292 52
cycle:  27 max_shift: 0.015345 LBFGS: function start/end, n_calls: 40.351292 40.317332 52
cycle:  28 max_shift: 0.032273 LBFGS: function start/end, n_calls: 40.317332 40.281235 52
cycle:  29 max_shift: 0.012467 LBFGS: function start/end, n_calls: 40.281235 40.252358 52
cycle:  30 max_shift: 0.040836 LBFGS: function start/end, n_calls: 40.252358 40.208929 52
cycle:  31 max_shift: 0.011229 LBFGS: function start/end, n_calls: 40.208929 40.181412 52
cycle:  32 max_shift: 0.020685 LBFGS: function start/end, n_calls: 40.181412 40.162474 52
cycle:  33 max_shift: 0.010861 LBFGS: function start/end, n_calls: 40.162474 40.147448 52
cycle:  34 max_shift: 0.018805 LBFGS: function start/end, n_calls: 40.147448 40.128090 52
cycle:  35 max_shift: 0.019492 LBFGS: function start/end, n_calls: 40.128090 40.108669 52
cycle:  36 max_shift: 0.010949 LBFGS: function start/end, n_calls: 40.108669 40.091979 52
cycle:  37 max_shift: 0.013880 LBFGS: function start/end, n_calls: 40.091979 40.079295 52
cycle:  38 max_shift: 0.012455 LBFGS: function start/end, n_calls: 40.079295 40.069617 52
cycle:  39 max_shift: 0.013009 LBFGS: function start/end, n_calls: 40.069617 40.058860 52
cycle:  40 max_shift: 0.013601 LBFGS: function start/end, n_calls: 40.058860 40.048463 52
cycle:  41 max_shift: 0.015192 LBFGS: function start/end, n_calls: 40.048463 40.036216 52
cycle:  42 max_shift: 0.013096 LBFGS: function start/end, n_calls: 40.036216 40.024349 52
cycle:  43 max_shift: 0.006074 LBFGS: function start/end, n_calls: 40.024349 40.015595 52
cycle:  44 max_shift: 0.008933 LBFGS: function start/end, n_calls: 40.015595 40.009244 52
cycle:  45 max_shift: 0.005015 LBFGS: function start/end, n_calls: 40.009244 40.003542 52
cycle:  46 max_shift: 0.014775 LBFGS: function start/end, n_calls: 40.003542 39.994160 52
cycle:  47 max_shift: 0.005452 LBFGS: function start/end, n_calls: 39.994160 39.987748 52
cycle:  48 max_shift: 0.007719 LBFGS: function start/end, n_calls: 39.987748 39.983709 53
cycle:  49 max_shift: 0.004967 LBFGS: function start/end, n_calls: 39.983709 39.979305 52
cycle:  50 max_shift: 0.009665 LBFGS: function start/end, n_calls: 39.979305 39.973747 52
cycle:  51 max_shift: 0.005565 LBFGS: function start/end, n_calls: 39.973747 39.968985 52
cycle:  52 max_shift: 0.004465 LBFGS: function start/end, n_calls: 39.968985 39.965140 52
cycle:  53 max_shift: 0.040560 LBFGS: function start/end, n_calls: 39.965140 39.951766 52
cycle:  54 max_shift: 0.007875 LBFGS: function start/end, n_calls: 39.951766 39.939860 52
cycle:  55 max_shift: 0.027656 LBFGS: function start/end, n_calls: 39.939860 39.932058 52
cycle:  56 max_shift: 0.004309 LBFGS: function start/end, n_calls: 39.932058 39.924784 52
cycle:  57 max_shift: 0.013020 LBFGS: function start/end, n_calls: 39.924784 39.921598 53
cycle:  58 max_shift: 0.002954 LBFGS: function start/end, n_calls: 39.921598 39.917899 52
cycle:  59 max_shift: 0.004452 LBFGS: function start/end, n_calls: 39.917899 39.916641 52
cycle:  60 max_shift: 0.002026 LBFGS: function start/end, n_calls: 39.916641 39.915485 52
cycle:  61 max_shift: 0.002992 LBFGS: function start/end, n_calls: 39.915485 39.914624 53
cycle:  62 max_shift: 0.002955 LBFGS: function start/end, n_calls: 39.914624 39.913404 52
cycle:  63 max_shift: 0.002809 LBFGS: function start/end, n_calls: 39.913404 39.912195 52
cycle:  64 max_shift: 0.002856 LBFGS: function start/end, n_calls: 39.912195 39.910966 52
cycle:  65 max_shift: 0.006583 LBFGS: function start/end, n_calls: 39.910966 39.909182 52
cycle:  66 max_shift: 0.002999 LBFGS: function start/end, n_calls: 39.909182 39.907374 53
cycle:  67 max_shift: 0.008442 LBFGS: function start/end, n_calls: 39.907374 39.905443 52
cycle:  68 max_shift: 0.002546 LBFGS: function start/end, n_calls: 39.905443 39.903329 52
cycle:  69 max_shift: 0.007280 LBFGS: function start/end, n_calls: 39.903329 39.901692 52
cycle:  70 max_shift: 0.002356 LBFGS: function start/end, n_calls: 39.901692 39.900024 52
cycle:  71 max_shift: 0.010093 LBFGS: function start/end, n_calls: 39.900024 39.898100 52
cycle:  72 max_shift: 0.002414 LBFGS: function start/end, n_calls: 39.898100 39.895666 53
cycle:  73 max_shift: 0.020792 LBFGS: function start/end, n_calls: 39.895666 39.891212 52
cycle:  74 max_shift: 0.002363 LBFGS: function start/end, n_calls: 39.891212 39.886581 52
cycle:  75 max_shift: 0.004792 LBFGS: function start/end, n_calls: 39.886581 39.885626 52
cycle:  76 max_shift: 0.001924 LBFGS: function start/end, n_calls: 39.885626 39.884295 52
cycle:  77 max_shift: 0.003847 LBFGS: function start/end, n_calls: 39.884295 39.883225 52
cycle:  78 max_shift: 0.001646 LBFGS: function start/end, n_calls: 39.883225 39.882376 52
cycle:  79 max_shift: 0.002627 LBFGS: function start/end, n_calls: 39.882376 39.881687 53
cycle:  80 max_shift: 0.002069 LBFGS: function start/end, n_calls: 39.881687 39.880898 52
cycle:  81 max_shift: 0.003573 LBFGS: function start/end, n_calls: 39.880898 39.880027 52
cycle:  82 max_shift: 0.001447 LBFGS: function start/end, n_calls: 39.880027 39.879227 53
cycle:  83 max_shift: 0.005844 LBFGS: function start/end, n_calls: 39.879227 39.878074 52
cycle:  84 max_shift: 0.001806 LBFGS: function start/end, n_calls: 39.878074 39.876871 52
cycle:  85 max_shift: 0.005400 LBFGS: function start/end, n_calls: 39.876871 39.875757 52
cycle:  86 max_shift: 0.001733 LBFGS: function start/end, n_calls: 39.875757 39.874697 52
cycle:  87 max_shift: 0.003033 LBFGS: function start/end, n_calls: 39.874697 39.874098 53
cycle:  88 max_shift: 0.002839 LBFGS: function start/end, n_calls: 39.874098 39.873203 52
cycle:  89 max_shift: 0.003121 LBFGS: function start/end, n_calls: 39.873203 39.872322 52
cycle:  90 max_shift: 0.002493 LBFGS: function start/end, n_calls: 39.872322 39.871494 52
cycle:  91 max_shift: 0.003224 LBFGS: function start/end, n_calls: 39.871494 39.870692 52
cycle:  92 max_shift: 0.003183 LBFGS: function start/end, n_calls: 39.870692 39.869688 52
cycle:  93 max_shift: 0.003994 LBFGS: function start/end, n_calls: 39.869688 39.868640 53
cycle:  94 max_shift: 0.001975 LBFGS: function start/end, n_calls: 39.868640 39.867720 52
cycle:  95 max_shift: 0.009573 LBFGS: function start/end, n_calls: 39.867720 39.866035 53
cycle:  96 max_shift: 0.002316 LBFGS: function start/end, n_calls: 39.866035 39.864187 52
cycle:  97 max_shift: 0.018589 LBFGS: function start/end, n_calls: 39.864187 39.860989 52
cycle:  98 max_shift: 0.003178 LBFGS: function start/end, n_calls: 39.860989 39.857722 52
cycle:  99 max_shift: 0.022501 LBFGS: function start/end, n_calls: 39.857722 39.854167 52
final: bond:  0.000 angle:   0.26 clash:   0.0 rota:  0.00 rama: f:  54.55 o:  18.18 Z:  -4.93 cb:   0.00
See 6_refined.pdb in pdb folder.
Time: 4.9855
