Starting Q|R
version:   v1.0-208-g2886d5-dirty  
Running refinement
   input {
     xray_data {
       file_name = None
       labels = None
       high_resolution = None
       low_resolution = None
       outliers_rejection = True
       french_wilson_scale = True
       french_wilson {
         max_bins = 60
         min_bin_size = 40
       }
       sigma_fobs_rejection_criterion = None
       sigma_iobs_rejection_criterion = None
       ignore_all_zeros = True
       force_anomalous_flag_to_be_equal_to = None
       convert_to_non_anomalous_if_ratio_pairs_lone_less_than_threshold = 0.5
       r_free_flags {
         file_name = None
         label = None
         test_flag_value = None
         ignore_r_free_flags = False
         disable_suitability_test = False
         ignore_pdb_hexdigest = False
         generate = False
         fraction = 0.1
         max_free = 2000
         lattice_symmetry_max_delta = 5
         use_lattice_symmetry = True
         use_dataman_shells = False
         n_shells = 20
       }
     }
     pdb {
       file_name = None
     }
     monomers {
       file_name = None
     }
     maps {
       map_file_name = None
       d_min = None
       map_coefficients_file_name = None
       map_coefficients_label = None
     }
     sequence = None
     scattering_table = wk1995 it1992 *n_gaussian neutron electron
     wavelength = None
     energy = None
     twin_law = Auto
   }
   max_atoms = 15000
   debug = False
   cluster {
     fast_interaction = True
     charge_cutoff = 8.0
     clustering = false
     charge_embedding = False
     two_buffers = False
     maxnum_residues_in_cluster = 15
     select_within_radius = 10
     clustering_method = gnc *bcc
     altloc_method = average *subtract
     g_scan = 10 15 20
     g_mode = None
     save_clusters = True
     bond_with_altloc = True
     re_calculate_rmsd_tolerance = 0.5
   }
   restraints = *cctbx qm
   expansion = False
   quantum {
     engine_name = *mopac ani torchani terachem turbomole pyscf orca gaussian \
                   xtb
     basis = Auto
     charge = None
     method = Auto
     memory = None
     nproc = None
     qm_addon = gcp dftd3 gcp-d3
     qm_addon_method = None
   }
   refine {
     dry_run = False
     sf_algorithm = *direct fft
     refinement_target_name = *ml ls_wunit_k1
     mode = *opt refine gtest
     number_of_macro_cycles = 1
     number_of_weight_search_cycles = 50
     number_of_refine_cycles = 5
     number_of_micro_cycles = 100
     data_weight = None
     choose_best_use_r_work = False
     skip_weight_search = False
     adjust_restraints_weight_scale_value = 2
     max_iterations_weight = 50
     max_iterations_refine = 50
     use_ase_lbfgs = False
     line_search = True
     stpmax = 0.2
     gradient_only = true
     update_all_scales = True
     refine_sites = True
     refine_adp = False
     restraints_weight_scale = 1.0
     shake_sites = False
     use_convergence_test = True
     max_bond_rmsd = 0.03
     max_r_work_r_free_gap = 5.0
     r_tolerance = 0.001
     rmsd_tolerance = 0.01
     opt_log = False
     pre_opt = False
     pre_opt_stpmax = 0.1
     pre_opt_iter = 10
     pre_opt_switch = 2
     pre_opt_gconv = 3000
     minimizer = *lbfgs lbfgsb
   }
   parallel {
     method = *multiprocessing slurm pbs sge lsf threading
     nproc = None
     qsub_command = None
   }
   output_file_name_prefix = None
   output_folder_name = "pdb"
   rst_file = None
   dump_gradients = None

Setting QM defaults
  Setting QM method to PM7


***********************************************************
restart info will be stored in /home/yanting/work/aniserver_1_qr/ani_qr_test/cctbx_lbfgs/qr-ani-test/qr-cctbx/lbfgs/1.5/pdb/7.rst.pickle
***********************************************************

start: bond:  0.012 angle:   1.34 clash:   0.0 rota:  0.00 rama: f:  90.91 o:   0.00 Z:  -3.95 cb:   0.00
cycle:   0 max_shift: 0.166376 LBFGS: function start/end, n_calls: 263.510012 51.982650 52
cycle:   1 max_shift: 0.134701 LBFGS: function start/end, n_calls: 51.982650 48.408698 52
cycle:   2 max_shift: 0.062715 LBFGS: function start/end, n_calls: 48.408698 47.027003 52
cycle:   3 max_shift: 0.034415 LBFGS: function start/end, n_calls: 47.027003 46.568225 53
cycle:   4 max_shift: 0.088956 LBFGS: function start/end, n_calls: 46.568225 46.107961 52
cycle:   5 max_shift: 0.034083 LBFGS: function start/end, n_calls: 46.107961 45.796576 52
cycle:   6 max_shift: 0.059301 LBFGS: function start/end, n_calls: 45.796576 45.608912 52
cycle:   7 max_shift: 0.018413 LBFGS: function start/end, n_calls: 45.608912 45.478714 52
cycle:   8 max_shift: 0.155434 LBFGS: function start/end, n_calls: 45.478714 45.127976 52
cycle:   9 max_shift: 0.016419 LBFGS: function start/end, n_calls: 45.127976 44.995579 52
cycle:  10 max_shift: 0.121650 LBFGS: function start/end, n_calls: 44.995579 44.804719 52
cycle:  11 max_shift: 0.013590 LBFGS: function start/end, n_calls: 44.804719 44.657999 52
cycle:  12 max_shift: 0.129648 LBFGS: function start/end, n_calls: 44.657999 44.457846 52
cycle:  13 max_shift: 0.017022 LBFGS: function start/end, n_calls: 44.457846 44.341462 52
cycle:  14 max_shift: 0.024418 LBFGS: function start/end, n_calls: 44.341462 44.308068 52
cycle:  15 max_shift: 0.008635 LBFGS: function start/end, n_calls: 44.308068 44.275882 52
cycle:  16 max_shift: 0.074341 LBFGS: function start/end, n_calls: 44.275882 44.198185 52
cycle:  17 max_shift: 0.013502 LBFGS: function start/end, n_calls: 44.198185 44.130965 52
cycle:  18 max_shift: 0.047168 LBFGS: function start/end, n_calls: 44.130965 44.093527 52
cycle:  19 max_shift: 0.008333 LBFGS: function start/end, n_calls: 44.093527 44.051618 52
cycle:  20 max_shift: 0.069261 LBFGS: function start/end, n_calls: 44.051618 43.987293 52
cycle:  21 max_shift: 0.009694 LBFGS: function start/end, n_calls: 43.987293 43.941204 52
cycle:  22 max_shift: 0.023530 LBFGS: function start/end, n_calls: 43.941204 43.919379 53
cycle:  23 max_shift: 0.007846 LBFGS: function start/end, n_calls: 43.919379 43.900392 52
cycle:  24 max_shift: 0.012392 LBFGS: function start/end, n_calls: 43.900392 43.885036 52
cycle:  25 max_shift: 0.016522 LBFGS: function start/end, n_calls: 43.885036 43.866627 53
cycle:  26 max_shift: 0.006010 LBFGS: function start/end, n_calls: 43.866627 43.852867 53
cycle:  27 max_shift: 0.026137 LBFGS: function start/end, n_calls: 43.852867 43.830749 52
cycle:  28 max_shift: 0.008054 LBFGS: function start/end, n_calls: 43.830749 43.808414 52
cycle:  29 max_shift: 0.016135 LBFGS: function start/end, n_calls: 43.808414 43.792322 52
cycle:  30 max_shift: 0.009798 LBFGS: function start/end, n_calls: 43.792322 43.776764 52
cycle:  31 max_shift: 0.010244 LBFGS: function start/end, n_calls: 43.776764 43.762955 52
cycle:  32 max_shift: 0.013912 LBFGS: function start/end, n_calls: 43.762955 43.750194 52
cycle:  33 max_shift: 0.008329 LBFGS: function start/end, n_calls: 43.750194 43.738674 53
cycle:  34 max_shift: 0.020828 LBFGS: function start/end, n_calls: 43.738674 43.718153 52
cycle:  35 max_shift: 0.013639 LBFGS: function start/end, n_calls: 43.718153 43.701564 52
cycle:  36 max_shift: 0.012769 LBFGS: function start/end, n_calls: 43.701564 43.684826 52
cycle:  37 max_shift: 0.010101 LBFGS: function start/end, n_calls: 43.684826 43.672684 52
cycle:  38 max_shift: 0.010880 LBFGS: function start/end, n_calls: 43.672684 43.660392 52
cycle:  39 max_shift: 0.019630 LBFGS: function start/end, n_calls: 43.660392 43.643575 52
cycle:  40 max_shift: 0.010926 LBFGS: function start/end, n_calls: 43.643575 43.625962 52
cycle:  41 max_shift: 0.007162 LBFGS: function start/end, n_calls: 43.625962 43.618127 53
cycle:  42 max_shift: 0.058102 LBFGS: function start/end, n_calls: 43.618127 43.584895 52
cycle:  43 max_shift: 0.009763 LBFGS: function start/end, n_calls: 43.584895 43.551314 52
cycle:  44 max_shift: 0.023721 LBFGS: function start/end, n_calls: 43.551314 43.535136 52
cycle:  45 max_shift: 0.005035 LBFGS: function start/end, n_calls: 43.535136 43.521131 52
cycle:  46 max_shift: 0.021496 LBFGS: function start/end, n_calls: 43.521131 43.507713 52
cycle:  47 max_shift: 0.005319 LBFGS: function start/end, n_calls: 43.507713 43.495972 52
cycle:  48 max_shift: 0.134193 LBFGS: function start/end, n_calls: 43.495972 43.425686 52
cycle:  49 max_shift: 0.015393 LBFGS: function start/end, n_calls: 43.425686 43.376856 52
cycle:  50 max_shift: 0.134337 LBFGS: function start/end, n_calls: 43.376856 43.312495 53
cycle:  51 max_shift: 0.006373 LBFGS: function start/end, n_calls: 43.312495 43.261536 52
cycle:  52 max_shift: 0.054617 LBFGS: function start/end, n_calls: 43.261536 43.224308 52
cycle:  53 max_shift: 0.011790 LBFGS: function start/end, n_calls: 43.224308 43.195398 52
cycle:  54 max_shift: 0.054654 LBFGS: function start/end, n_calls: 43.195398 43.153319 52
cycle:  55 max_shift: 0.014582 LBFGS: function start/end, n_calls: 43.153319 43.125590 53
cycle:  56 max_shift: 0.028478 LBFGS: function start/end, n_calls: 43.125590 43.102252 52
cycle:  57 max_shift: 0.021365 LBFGS: function start/end, n_calls: 43.102252 43.079991 52
cycle:  58 max_shift: 0.027646 LBFGS: function start/end, n_calls: 43.079991 43.055794 52
cycle:  59 max_shift: 0.021978 LBFGS: function start/end, n_calls: 43.055794 43.032841 52
cycle:  60 max_shift: 0.022906 LBFGS: function start/end, n_calls: 43.032841 43.008548 52
cycle:  61 max_shift: 0.048283 LBFGS: function start/end, n_calls: 43.008548 42.973942 52
cycle:  62 max_shift: 0.021124 LBFGS: function start/end, n_calls: 42.973942 42.941912 52
cycle:  63 max_shift: 0.031103 LBFGS: function start/end, n_calls: 42.941912 42.919067 52
cycle:  64 max_shift: 0.016530 LBFGS: function start/end, n_calls: 42.919067 42.900964 53
cycle:  65 max_shift: 0.043200 LBFGS: function start/end, n_calls: 42.900964 42.875789 52
cycle:  66 max_shift: 0.014639 LBFGS: function start/end, n_calls: 42.875789 42.850967 52
cycle:  67 max_shift: 0.071266 LBFGS: function start/end, n_calls: 42.850967 42.807586 52
cycle:  68 max_shift: 0.014270 LBFGS: function start/end, n_calls: 42.807586 42.778538 52
cycle:  69 max_shift: 0.072035 LBFGS: function start/end, n_calls: 42.778538 42.744991 52
cycle:  70 max_shift: 0.014162 LBFGS: function start/end, n_calls: 42.744991 42.717763 52
cycle:  71 max_shift: 0.050868 LBFGS: function start/end, n_calls: 42.717763 42.697362 52
cycle:  72 max_shift: 0.010897 LBFGS: function start/end, n_calls: 42.697362 42.681117 52
cycle:  73 max_shift: 0.031400 LBFGS: function start/end, n_calls: 42.681117 42.668415 52
cycle:  74 max_shift: 0.008093 LBFGS: function start/end, n_calls: 42.668415 42.656422 52
cycle:  75 max_shift: 0.039430 LBFGS: function start/end, n_calls: 42.656422 42.643428 52
cycle:  76 max_shift: 0.011834 LBFGS: function start/end, n_calls: 42.643428 42.626702 52
cycle:  77 max_shift: 0.036406 LBFGS: function start/end, n_calls: 42.626702 42.612762 52
cycle:  78 max_shift: 0.008783 LBFGS: function start/end, n_calls: 42.612762 42.596321 52
cycle:  79 max_shift: 0.116751 LBFGS: function start/end, n_calls: 42.596321 42.535545 52
cycle:  80 max_shift: 0.018459 LBFGS: function start/end, n_calls: 42.535545 42.458470 52
cycle:  81 max_shift: 0.294737 LBFGS: function start/end, n_calls: 42.458470 42.132343 52
cycle:  82 max_shift: 0.031813 LBFGS: function start/end, n_calls: 42.132343 41.694225 52
cycle:  83 max_shift: 0.467318 LBFGS: function start/end, n_calls: 41.694225 40.644305 52
cycle:  84 max_shift: 0.028705 LBFGS: function start/end, n_calls: 40.644305 40.134235 53
cycle:  85 max_shift: 0.067059 LBFGS: function start/end, n_calls: 40.134235 40.035276 52
cycle:  86 max_shift: 0.016613 LBFGS: function start/end, n_calls: 40.035276 39.982411 52
cycle:  87 max_shift: 0.028618 LBFGS: function start/end, n_calls: 39.982411 39.958581 52
cycle:  88 max_shift: 0.009685 LBFGS: function start/end, n_calls: 39.958581 39.942177 53
cycle:  89 max_shift: 0.025902 LBFGS: function start/end, n_calls: 39.942177 39.927823 52
cycle:  90 max_shift: 0.006566 LBFGS: function start/end, n_calls: 39.927823 39.916736 52
cycle:  91 max_shift: 0.017691 LBFGS: function start/end, n_calls: 39.916736 39.907089 52
cycle:  92 max_shift: 0.005301 LBFGS: function start/end, n_calls: 39.907089 39.897932 52
cycle:  93 max_shift: 0.038919 LBFGS: function start/end, n_calls: 39.897932 39.880554 52
cycle:  94 max_shift: 0.006924 LBFGS: function start/end, n_calls: 39.880554 39.861148 52
cycle:  95 max_shift: 0.063473 LBFGS: function start/end, n_calls: 39.861148 39.832243 52
cycle:  96 max_shift: 0.006910 LBFGS: function start/end, n_calls: 39.832243 39.805585 52
cycle:  97 max_shift: 0.098650 LBFGS: function start/end, n_calls: 39.805585 39.766516 52
cycle:  98 max_shift: 0.012239 LBFGS: function start/end, n_calls: 39.766516 39.737410 52
cycle:  99 max_shift: 0.025161 LBFGS: function start/end, n_calls: 39.737410 39.729562 52
final: bond:  0.000 angle:   0.26 clash:   0.0 rota:  0.00 rama: f:  81.82 o:   9.09 Z:  -5.26 cb:   0.00
See 7_refined.pdb in pdb folder.
Time: 4.9322
