Starting Q|R
version:   v1.0-208-g2886d5-dirty  
Running refinement
   input {
     xray_data {
       file_name = None
       labels = None
       high_resolution = None
       low_resolution = None
       outliers_rejection = True
       french_wilson_scale = True
       french_wilson {
         max_bins = 60
         min_bin_size = 40
       }
       sigma_fobs_rejection_criterion = None
       sigma_iobs_rejection_criterion = None
       ignore_all_zeros = True
       force_anomalous_flag_to_be_equal_to = None
       convert_to_non_anomalous_if_ratio_pairs_lone_less_than_threshold = 0.5
       r_free_flags {
         file_name = None
         label = None
         test_flag_value = None
         ignore_r_free_flags = False
         disable_suitability_test = False
         ignore_pdb_hexdigest = False
         generate = False
         fraction = 0.1
         max_free = 2000
         lattice_symmetry_max_delta = 5
         use_lattice_symmetry = True
         use_dataman_shells = False
         n_shells = 20
       }
     }
     pdb {
       file_name = None
     }
     monomers {
       file_name = None
     }
     maps {
       map_file_name = None
       d_min = None
       map_coefficients_file_name = None
       map_coefficients_label = None
     }
     sequence = None
     scattering_table = wk1995 it1992 *n_gaussian neutron electron
     wavelength = None
     energy = None
     twin_law = Auto
   }
   max_atoms = 15000
   debug = False
   cluster {
     fast_interaction = True
     charge_cutoff = 8.0
     clustering = false
     charge_embedding = False
     two_buffers = False
     maxnum_residues_in_cluster = 15
     select_within_radius = 10
     clustering_method = gnc *bcc
     altloc_method = average *subtract
     g_scan = 10 15 20
     g_mode = None
     save_clusters = True
     bond_with_altloc = True
     re_calculate_rmsd_tolerance = 0.5
   }
   restraints = *cctbx qm
   expansion = False
   quantum {
     engine_name = *mopac ani torchani terachem turbomole pyscf orca gaussian \
                   xtb
     basis = Auto
     charge = None
     method = Auto
     memory = None
     nproc = None
     qm_addon = gcp dftd3 gcp-d3
     qm_addon_method = None
   }
   refine {
     dry_run = False
     sf_algorithm = *direct fft
     refinement_target_name = *ml ls_wunit_k1
     mode = *opt refine gtest
     number_of_macro_cycles = 1
     number_of_weight_search_cycles = 50
     number_of_refine_cycles = 5
     number_of_micro_cycles = 100
     data_weight = None
     choose_best_use_r_work = False
     skip_weight_search = False
     adjust_restraints_weight_scale_value = 2
     max_iterations_weight = 50
     max_iterations_refine = 50
     use_ase_lbfgs = False
     line_search = True
     stpmax = 0.2
     gradient_only = true
     update_all_scales = True
     refine_sites = True
     refine_adp = False
     restraints_weight_scale = 1.0
     shake_sites = False
     use_convergence_test = True
     max_bond_rmsd = 0.03
     max_r_work_r_free_gap = 5.0
     r_tolerance = 0.001
     rmsd_tolerance = 0.01
     opt_log = False
     pre_opt = False
     pre_opt_stpmax = 0.1
     pre_opt_iter = 10
     pre_opt_switch = 2
     pre_opt_gconv = 3000
     minimizer = *lbfgs lbfgsb
   }
   parallel {
     method = *multiprocessing slurm pbs sge lsf threading
     nproc = None
     qsub_command = None
   }
   output_file_name_prefix = None
   output_folder_name = "pdb"
   rst_file = None
   dump_gradients = None

Setting QM defaults
  Setting QM method to PM7


***********************************************************
restart info will be stored in /home/yanting/work/aniserver_1_qr/ani_qr_test/cctbx_lbfgs/qr-ani-test/qr-cctbx/lbfgs/1.2/pdb/2.rst.pickle
***********************************************************

start: bond:  0.016 angle:   1.63 clash:   0.0 rota:  0.00 rama: f:  90.91 o:   0.00 Z:  -5.46 cb:   0.00
cycle:   0 max_shift: 0.201783 LBFGS: function start/end, n_calls: 320.234285 49.247033 52
cycle:   1 max_shift: 0.101651 LBFGS: function start/end, n_calls: 49.247033 46.798042 52
cycle:   2 max_shift: 0.060349 LBFGS: function start/end, n_calls: 46.798042 45.720292 52
cycle:   3 max_shift: 0.077062 LBFGS: function start/end, n_calls: 45.720292 45.177088 52
cycle:   4 max_shift: 0.053864 LBFGS: function start/end, n_calls: 45.177088 44.796964 52
cycle:   5 max_shift: 0.169450 LBFGS: function start/end, n_calls: 44.796964 44.234676 52
cycle:   6 max_shift: 0.044349 LBFGS: function start/end, n_calls: 44.234676 43.759537 52
cycle:   7 max_shift: 0.174500 LBFGS: function start/end, n_calls: 43.759537 43.353989 53
cycle:   8 max_shift: 0.034059 LBFGS: function start/end, n_calls: 43.353989 42.905315 52
cycle:   9 max_shift: 0.430101 LBFGS: function start/end, n_calls: 42.905315 41.655999 52
cycle:  10 max_shift: 0.025321 LBFGS: function start/end, n_calls: 41.655999 41.409398 52
cycle:  11 max_shift: 0.321681 LBFGS: function start/end, n_calls: 41.409398 40.946462 52
cycle:  12 max_shift: 0.029422 LBFGS: function start/end, n_calls: 40.946462 40.693539 52
cycle:  13 max_shift: 0.129778 LBFGS: function start/end, n_calls: 40.693539 40.567311 53
cycle:  14 max_shift: 0.016169 LBFGS: function start/end, n_calls: 40.567311 40.475665 52
cycle:  15 max_shift: 0.045195 LBFGS: function start/end, n_calls: 40.475665 40.428797 52
cycle:  16 max_shift: 0.010821 LBFGS: function start/end, n_calls: 40.428797 40.392505 52
cycle:  17 max_shift: 0.039897 LBFGS: function start/end, n_calls: 40.392505 40.348268 52
cycle:  18 max_shift: 0.014970 LBFGS: function start/end, n_calls: 40.348268 40.316629 52
cycle:  19 max_shift: 0.009857 LBFGS: function start/end, n_calls: 40.316629 40.299570 52
cycle:  20 max_shift: 0.018059 LBFGS: function start/end, n_calls: 40.299570 40.284279 53
cycle:  21 max_shift: 0.010357 LBFGS: function start/end, n_calls: 40.284279 40.268758 52
cycle:  22 max_shift: 0.016639 LBFGS: function start/end, n_calls: 40.268758 40.253978 52
cycle:  23 max_shift: 0.009715 LBFGS: function start/end, n_calls: 40.253978 40.242382 52
cycle:  24 max_shift: 0.012937 LBFGS: function start/end, n_calls: 40.242382 40.231517 52
cycle:  25 max_shift: 0.009008 LBFGS: function start/end, n_calls: 40.231517 40.222990 53
cycle:  26 max_shift: 0.010716 LBFGS: function start/end, n_calls: 40.222990 40.215232 53
cycle:  27 max_shift: 0.008371 LBFGS: function start/end, n_calls: 40.215232 40.206356 52
cycle:  28 max_shift: 0.011085 LBFGS: function start/end, n_calls: 40.206356 40.197546 52
cycle:  29 max_shift: 0.007437 LBFGS: function start/end, n_calls: 40.197546 40.189118 52
cycle:  30 max_shift: 0.021409 LBFGS: function start/end, n_calls: 40.189118 40.175696 52
cycle:  31 max_shift: 0.007015 LBFGS: function start/end, n_calls: 40.175696 40.164177 52
cycle:  32 max_shift: 0.018084 LBFGS: function start/end, n_calls: 40.164177 40.153857 52
cycle:  33 max_shift: 0.005033 LBFGS: function start/end, n_calls: 40.153857 40.145404 52
cycle:  34 max_shift: 0.009682 LBFGS: function start/end, n_calls: 40.145404 40.140208 53
cycle:  35 max_shift: 0.004931 LBFGS: function start/end, n_calls: 40.140208 40.134133 52
cycle:  36 max_shift: 0.028608 LBFGS: function start/end, n_calls: 40.134133 40.120840 52
cycle:  37 max_shift: 0.007807 LBFGS: function start/end, n_calls: 40.120840 40.109368 52
cycle:  38 max_shift: 0.016934 LBFGS: function start/end, n_calls: 40.109368 40.101943 52
cycle:  39 max_shift: 0.004781 LBFGS: function start/end, n_calls: 40.101943 40.094886 53
cycle:  40 max_shift: 0.019215 LBFGS: function start/end, n_calls: 40.094886 40.088682 52
cycle:  41 max_shift: 0.004289 LBFGS: function start/end, n_calls: 40.088682 40.081564 52
cycle:  42 max_shift: 0.008665 LBFGS: function start/end, n_calls: 40.081564 40.078832 53
cycle:  43 max_shift: 0.003810 LBFGS: function start/end, n_calls: 40.078832 40.075495 52
cycle:  44 max_shift: 0.010593 LBFGS: function start/end, n_calls: 40.075495 40.071189 52
cycle:  45 max_shift: 0.005403 LBFGS: function start/end, n_calls: 40.071189 40.068259 52
cycle:  46 max_shift: 0.008685 LBFGS: function start/end, n_calls: 40.068259 40.065033 52
cycle:  47 max_shift: 0.005994 LBFGS: function start/end, n_calls: 40.065033 40.061642 52
cycle:  48 max_shift: 0.005062 LBFGS: function start/end, n_calls: 40.061642 40.059197 52
cycle:  49 max_shift: 0.007186 LBFGS: function start/end, n_calls: 40.059197 40.056570 52
cycle:  50 max_shift: 0.003718 LBFGS: function start/end, n_calls: 40.056570 40.054269 54
cycle:  51 max_shift: 0.012455 LBFGS: function start/end, n_calls: 40.054269 40.050695 52
cycle:  52 max_shift: 0.007204 LBFGS: function start/end, n_calls: 40.050695 40.046222 52
cycle:  53 max_shift: 0.004851 LBFGS: function start/end, n_calls: 40.046222 40.043660 52
cycle:  54 max_shift: 0.012787 LBFGS: function start/end, n_calls: 40.043660 40.039808 52
cycle:  55 max_shift: 0.004311 LBFGS: function start/end, n_calls: 40.039808 40.035583 52
cycle:  56 max_shift: 0.026155 LBFGS: function start/end, n_calls: 40.035583 40.029236 52
cycle:  57 max_shift: 0.005800 LBFGS: function start/end, n_calls: 40.029236 40.020806 52
cycle:  58 max_shift: 0.046514 LBFGS: function start/end, n_calls: 40.020806 40.008992 52
cycle:  59 max_shift: 0.009372 LBFGS: function start/end, n_calls: 40.008992 39.994614 52
cycle:  60 max_shift: 0.035579 LBFGS: function start/end, n_calls: 39.994614 39.983753 52
cycle:  61 max_shift: 0.007123 LBFGS: function start/end, n_calls: 39.983753 39.973023 52
cycle:  62 max_shift: 0.022712 LBFGS: function start/end, n_calls: 39.973023 39.966245 52
cycle:  63 max_shift: 0.006586 LBFGS: function start/end, n_calls: 39.966245 39.957032 52
cycle:  64 max_shift: 0.158517 LBFGS: function start/end, n_calls: 39.957032 39.900080 52
cycle:  65 max_shift: 0.009115 LBFGS: function start/end, n_calls: 39.900080 39.863599 52
cycle:  66 max_shift: 0.038474 LBFGS: function start/end, n_calls: 39.863599 39.848867 52
cycle:  67 max_shift: 0.007449 LBFGS: function start/end, n_calls: 39.848867 39.837544 52
cycle:  68 max_shift: 0.010955 LBFGS: function start/end, n_calls: 39.837544 39.833780 53
cycle:  69 max_shift: 0.007592 LBFGS: function start/end, n_calls: 39.833780 39.829458 52
cycle:  70 max_shift: 0.007794 LBFGS: function start/end, n_calls: 39.829458 39.825493 52
cycle:  71 max_shift: 0.006124 LBFGS: function start/end, n_calls: 39.825493 39.821872 52
cycle:  72 max_shift: 0.012760 LBFGS: function start/end, n_calls: 39.821872 39.817496 52
cycle:  73 max_shift: 0.004446 LBFGS: function start/end, n_calls: 39.817496 39.813307 52
cycle:  74 max_shift: 0.036749 LBFGS: function start/end, n_calls: 39.813307 39.803512 52
cycle:  75 max_shift: 0.006816 LBFGS: function start/end, n_calls: 39.803512 39.795292 52
cycle:  76 max_shift: 0.016743 LBFGS: function start/end, n_calls: 39.795292 39.791531 52
cycle:  77 max_shift: 0.002870 LBFGS: function start/end, n_calls: 39.791531 39.787168 52
cycle:  78 max_shift: 0.019312 LBFGS: function start/end, n_calls: 39.787168 39.782532 52
cycle:  79 max_shift: 0.004386 LBFGS: function start/end, n_calls: 39.782532 39.778141 52
cycle:  80 max_shift: 0.008990 LBFGS: function start/end, n_calls: 39.778141 39.775855 53
cycle:  81 max_shift: 0.003653 LBFGS: function start/end, n_calls: 39.775855 39.773506 53
cycle:  82 max_shift: 0.007262 LBFGS: function start/end, n_calls: 39.773506 39.771566 52
cycle:  83 max_shift: 0.003434 LBFGS: function start/end, n_calls: 39.771566 39.769504 52
cycle:  84 max_shift: 0.004658 LBFGS: function start/end, n_calls: 39.769504 39.768112 53
cycle:  85 max_shift: 0.002747 LBFGS: function start/end, n_calls: 39.768112 39.766572 52
cycle:  86 max_shift: 0.008254 LBFGS: function start/end, n_calls: 39.766572 39.764398 52
cycle:  87 max_shift: 0.003168 LBFGS: function start/end, n_calls: 39.764398 39.762102 52
cycle:  88 max_shift: 0.019528 LBFGS: function start/end, n_calls: 39.762102 39.757892 52
cycle:  89 max_shift: 0.004819 LBFGS: function start/end, n_calls: 39.757892 39.753416 52
cycle:  90 max_shift: 0.018208 LBFGS: function start/end, n_calls: 39.753416 39.750082 52
cycle:  91 max_shift: 0.003321 LBFGS: function start/end, n_calls: 39.750082 39.746246 52
cycle:  92 max_shift: 0.003422 LBFGS: function start/end, n_calls: 39.746246 39.745476 52
cycle:  93 max_shift: 0.002072 LBFGS: function start/end, n_calls: 39.745476 39.744557 52
cycle:  94 max_shift: 0.003538 LBFGS: function start/end, n_calls: 39.744557 39.743655 52
cycle:  95 max_shift: 0.002179 LBFGS: function start/end, n_calls: 39.743655 39.742766 53
cycle:  96 max_shift: 0.004530 LBFGS: function start/end, n_calls: 39.742766 39.741675 52
cycle:  97 max_shift: 0.002152 LBFGS: function start/end, n_calls: 39.741675 39.740696 53
cycle:  98 max_shift: 0.002598 LBFGS: function start/end, n_calls: 39.740696 39.740012 52
cycle:  99 max_shift: 0.005411 LBFGS: function start/end, n_calls: 39.740012 39.738785 52
final: bond:  0.000 angle:   0.24 clash:   0.0 rota:  0.00 rama: f:  90.91 o:   0.00 Z:  -4.50 cb:   0.00
See 2_refined.pdb in pdb folder.
Time: 4.9979
