Starting Q|R
version:   v1.0-208-g2886d5-dirty  
Running refinement
   input {
     xray_data {
       file_name = None
       labels = None
       high_resolution = None
       low_resolution = None
       outliers_rejection = True
       french_wilson_scale = True
       french_wilson {
         max_bins = 60
         min_bin_size = 40
       }
       sigma_fobs_rejection_criterion = None
       sigma_iobs_rejection_criterion = None
       ignore_all_zeros = True
       force_anomalous_flag_to_be_equal_to = None
       convert_to_non_anomalous_if_ratio_pairs_lone_less_than_threshold = 0.5
       r_free_flags {
         file_name = None
         label = None
         test_flag_value = None
         ignore_r_free_flags = False
         disable_suitability_test = False
         ignore_pdb_hexdigest = False
         generate = False
         fraction = 0.1
         max_free = 2000
         lattice_symmetry_max_delta = 5
         use_lattice_symmetry = True
         use_dataman_shells = False
         n_shells = 20
       }
     }
     pdb {
       file_name = None
     }
     monomers {
       file_name = None
     }
     maps {
       map_file_name = None
       d_min = None
       map_coefficients_file_name = None
       map_coefficients_label = None
     }
     sequence = None
     scattering_table = wk1995 it1992 *n_gaussian neutron electron
     wavelength = None
     energy = None
     twin_law = Auto
   }
   max_atoms = 15000
   debug = False
   cluster {
     fast_interaction = True
     charge_cutoff = 8.0
     clustering = false
     charge_embedding = False
     two_buffers = False
     maxnum_residues_in_cluster = 15
     select_within_radius = 10
     clustering_method = gnc *bcc
     altloc_method = average *subtract
     g_scan = 10 15 20
     g_mode = None
     save_clusters = True
     bond_with_altloc = True
     re_calculate_rmsd_tolerance = 0.5
   }
   restraints = *cctbx qm
   expansion = False
   quantum {
     engine_name = *mopac ani torchani terachem turbomole pyscf orca gaussian \
                   xtb
     basis = Auto
     charge = None
     method = Auto
     memory = None
     nproc = None
     qm_addon = gcp dftd3 gcp-d3
     qm_addon_method = None
   }
   refine {
     dry_run = False
     sf_algorithm = *direct fft
     refinement_target_name = *ml ls_wunit_k1
     mode = *opt refine gtest
     number_of_macro_cycles = 1
     number_of_weight_search_cycles = 50
     number_of_refine_cycles = 5
     number_of_micro_cycles = 100
     data_weight = None
     choose_best_use_r_work = False
     skip_weight_search = False
     adjust_restraints_weight_scale_value = 2
     max_iterations_weight = 50
     max_iterations_refine = 50
     use_ase_lbfgs = False
     line_search = True
     stpmax = 0.2
     gradient_only = true
     update_all_scales = True
     refine_sites = True
     refine_adp = False
     restraints_weight_scale = 1.0
     shake_sites = False
     use_convergence_test = True
     max_bond_rmsd = 0.03
     max_r_work_r_free_gap = 5.0
     r_tolerance = 0.001
     rmsd_tolerance = 0.01
     opt_log = False
     pre_opt = False
     pre_opt_stpmax = 0.1
     pre_opt_iter = 10
     pre_opt_switch = 2
     pre_opt_gconv = 3000
     minimizer = *lbfgs lbfgsb
   }
   parallel {
     method = *multiprocessing slurm pbs sge lsf threading
     nproc = None
     qsub_command = None
   }
   output_file_name_prefix = None
   output_folder_name = "pdb"
   rst_file = None
   dump_gradients = None

Setting QM defaults
  Setting QM method to PM7


***********************************************************
restart info will be stored in /home/yanting/work/aniserver_1_qr/ani_qr_test/cctbx_lbfgs/qr-ani-test/qr-cctbx/lbfgs/1.2/pdb/3.rst.pickle
***********************************************************

start: bond:  0.015 angle:   1.27 clash:   0.0 rota:  0.00 rama: f:  90.91 o:   0.00 Z:  -6.30 cb:   0.00
cycle:   0 max_shift: 0.220598 LBFGS: function start/end, n_calls: 277.431735 47.768917 52
cycle:   1 max_shift: 0.100590 LBFGS: function start/end, n_calls: 47.768917 44.614509 52
cycle:   2 max_shift: 0.063736 LBFGS: function start/end, n_calls: 44.614509 43.177577 53
cycle:   3 max_shift: 0.061560 LBFGS: function start/end, n_calls: 43.177577 42.559330 52
cycle:   4 max_shift: 0.034847 LBFGS: function start/end, n_calls: 42.559330 42.230234 52
cycle:   5 max_shift: 0.027721 LBFGS: function start/end, n_calls: 42.230234 42.031594 52
cycle:   6 max_shift: 0.037132 LBFGS: function start/end, n_calls: 42.031594 41.873614 52
cycle:   7 max_shift: 0.015978 LBFGS: function start/end, n_calls: 41.873614 41.769403 52
cycle:   8 max_shift: 0.071323 LBFGS: function start/end, n_calls: 41.769403 41.591403 52
cycle:   9 max_shift: 0.023053 LBFGS: function start/end, n_calls: 41.591403 41.488500 52
cycle:  10 max_shift: 0.018475 LBFGS: function start/end, n_calls: 41.488500 41.438098 52
cycle:  11 max_shift: 0.086558 LBFGS: function start/end, n_calls: 41.438098 41.319538 52
cycle:  12 max_shift: 0.019783 LBFGS: function start/end, n_calls: 41.319538 41.202581 52
cycle:  13 max_shift: 0.184972 LBFGS: function start/end, n_calls: 41.202581 40.913467 52
cycle:  14 max_shift: 0.010725 LBFGS: function start/end, n_calls: 40.913467 40.787206 52
cycle:  15 max_shift: 0.068584 LBFGS: function start/end, n_calls: 40.787206 40.706066 52
cycle:  16 max_shift: 0.013278 LBFGS: function start/end, n_calls: 40.706066 40.637263 52
cycle:  17 max_shift: 0.129587 LBFGS: function start/end, n_calls: 40.637263 40.524789 52
cycle:  18 max_shift: 0.013706 LBFGS: function start/end, n_calls: 40.524789 40.456755 52
cycle:  19 max_shift: 0.025343 LBFGS: function start/end, n_calls: 40.456755 40.433089 53
cycle:  20 max_shift: 0.008927 LBFGS: function start/end, n_calls: 40.433089 40.417381 53
cycle:  21 max_shift: 0.038732 LBFGS: function start/end, n_calls: 40.417381 40.393147 52
cycle:  22 max_shift: 0.007566 LBFGS: function start/end, n_calls: 40.393147 40.368310 52
cycle:  23 max_shift: 0.045260 LBFGS: function start/end, n_calls: 40.368310 40.337836 52
cycle:  24 max_shift: 0.008291 LBFGS: function start/end, n_calls: 40.337836 40.312921 52
cycle:  25 max_shift: 0.031252 LBFGS: function start/end, n_calls: 40.312921 40.294443 52
cycle:  26 max_shift: 0.007176 LBFGS: function start/end, n_calls: 40.294443 40.278342 52
cycle:  27 max_shift: 0.014210 LBFGS: function start/end, n_calls: 40.278342 40.267409 52
cycle:  28 max_shift: 0.005003 LBFGS: function start/end, n_calls: 40.267409 40.258848 53
cycle:  29 max_shift: 0.017794 LBFGS: function start/end, n_calls: 40.258848 40.246762 52
cycle:  30 max_shift: 0.008294 LBFGS: function start/end, n_calls: 40.246762 40.233548 52
cycle:  31 max_shift: 0.019584 LBFGS: function start/end, n_calls: 40.233548 40.220137 52
cycle:  32 max_shift: 0.007234 LBFGS: function start/end, n_calls: 40.220137 40.208992 52
cycle:  33 max_shift: 0.009521 LBFGS: function start/end, n_calls: 40.208992 40.202924 52
cycle:  34 max_shift: 0.006972 LBFGS: function start/end, n_calls: 40.202924 40.197361 52
cycle:  35 max_shift: 0.008119 LBFGS: function start/end, n_calls: 40.197361 40.192903 52
cycle:  36 max_shift: 0.007324 LBFGS: function start/end, n_calls: 40.192903 40.188073 53
cycle:  37 max_shift: 0.007589 LBFGS: function start/end, n_calls: 40.188073 40.183325 52
cycle:  38 max_shift: 0.007264 LBFGS: function start/end, n_calls: 40.183325 40.178915 53
cycle:  39 max_shift: 0.007859 LBFGS: function start/end, n_calls: 40.178915 40.173583 53
cycle:  40 max_shift: 0.009438 LBFGS: function start/end, n_calls: 40.173583 40.168054 52
cycle:  41 max_shift: 0.007079 LBFGS: function start/end, n_calls: 40.168054 40.162950 52
cycle:  42 max_shift: 0.014207 LBFGS: function start/end, n_calls: 40.162950 40.154538 52
cycle:  43 max_shift: 0.007902 LBFGS: function start/end, n_calls: 40.154538 40.147302 53
cycle:  44 max_shift: 0.010434 LBFGS: function start/end, n_calls: 40.147302 40.142140 53
cycle:  45 max_shift: 0.007396 LBFGS: function start/end, n_calls: 40.142140 40.135801 52
cycle:  46 max_shift: 0.031047 LBFGS: function start/end, n_calls: 40.135801 40.120115 52
cycle:  47 max_shift: 0.010612 LBFGS: function start/end, n_calls: 40.120115 40.105462 52
cycle:  48 max_shift: 0.023399 LBFGS: function start/end, n_calls: 40.105462 40.094967 52
cycle:  49 max_shift: 0.008291 LBFGS: function start/end, n_calls: 40.094967 40.084157 52
cycle:  50 max_shift: 0.012972 LBFGS: function start/end, n_calls: 40.084157 40.078243 52
cycle:  51 max_shift: 0.005089 LBFGS: function start/end, n_calls: 40.078243 40.071761 52
cycle:  52 max_shift: 0.016806 LBFGS: function start/end, n_calls: 40.071761 40.064816 53
cycle:  53 max_shift: 0.004100 LBFGS: function start/end, n_calls: 40.064816 40.056856 52
cycle:  54 max_shift: 0.025285 LBFGS: function start/end, n_calls: 40.056856 40.046248 52
cycle:  55 max_shift: 0.005069 LBFGS: function start/end, n_calls: 40.046248 40.036225 52
cycle:  56 max_shift: 0.022207 LBFGS: function start/end, n_calls: 40.036225 40.027775 52
cycle:  57 max_shift: 0.003594 LBFGS: function start/end, n_calls: 40.027775 40.018903 52
cycle:  58 max_shift: 0.018471 LBFGS: function start/end, n_calls: 40.018903 40.011990 52
cycle:  59 max_shift: 0.004660 LBFGS: function start/end, n_calls: 40.011990 40.004898 52
cycle:  60 max_shift: 0.042396 LBFGS: function start/end, n_calls: 40.004898 39.991007 52
cycle:  61 max_shift: 0.006377 LBFGS: function start/end, n_calls: 39.991007 39.976540 52
cycle:  62 max_shift: 0.009811 LBFGS: function start/end, n_calls: 39.976540 39.972364 52
cycle:  63 max_shift: 0.003132 LBFGS: function start/end, n_calls: 39.972364 39.968964 52
cycle:  64 max_shift: 0.014773 LBFGS: function start/end, n_calls: 39.968964 39.963736 52
cycle:  65 max_shift: 0.002710 LBFGS: function start/end, n_calls: 39.963736 39.959413 52
cycle:  66 max_shift: 0.010335 LBFGS: function start/end, n_calls: 39.959413 39.955700 52
cycle:  67 max_shift: 0.003044 LBFGS: function start/end, n_calls: 39.955700 39.951714 52
cycle:  68 max_shift: 0.005035 LBFGS: function start/end, n_calls: 39.951714 39.949564 52
cycle:  69 max_shift: 0.002714 LBFGS: function start/end, n_calls: 39.949564 39.947460 52
cycle:  70 max_shift: 0.004985 LBFGS: function start/end, n_calls: 39.947460 39.945346 52
cycle:  71 max_shift: 0.002578 LBFGS: function start/end, n_calls: 39.945346 39.942998 52
cycle:  72 max_shift: 0.031237 LBFGS: function start/end, n_calls: 39.942998 39.933906 52
cycle:  73 max_shift: 0.006147 LBFGS: function start/end, n_calls: 39.933906 39.924346 52
cycle:  74 max_shift: 0.010566 LBFGS: function start/end, n_calls: 39.924346 39.920949 52
cycle:  75 max_shift: 0.003224 LBFGS: function start/end, n_calls: 39.920949 39.917682 52
cycle:  76 max_shift: 0.012447 LBFGS: function start/end, n_calls: 39.917682 39.913659 52
cycle:  77 max_shift: 0.003465 LBFGS: function start/end, n_calls: 39.913659 39.910252 52
cycle:  78 max_shift: 0.010994 LBFGS: function start/end, n_calls: 39.910252 39.906903 54
cycle:  79 max_shift: 0.002803 LBFGS: function start/end, n_calls: 39.906903 39.903437 52
cycle:  80 max_shift: 0.009140 LBFGS: function start/end, n_calls: 39.903437 39.900960 52
cycle:  81 max_shift: 0.003136 LBFGS: function start/end, n_calls: 39.900960 39.898160 52
cycle:  82 max_shift: 0.006180 LBFGS: function start/end, n_calls: 39.898160 39.896430 52
cycle:  83 max_shift: 0.003078 LBFGS: function start/end, n_calls: 39.896430 39.894520 53
cycle:  84 max_shift: 0.007467 LBFGS: function start/end, n_calls: 39.894520 39.892227 52
cycle:  85 max_shift: 0.002793 LBFGS: function start/end, n_calls: 39.892227 39.890102 52
cycle:  86 max_shift: 0.003117 LBFGS: function start/end, n_calls: 39.890102 39.889065 53
cycle:  87 max_shift: 0.002666 LBFGS: function start/end, n_calls: 39.889065 39.887809 52
cycle:  88 max_shift: 0.004905 LBFGS: function start/end, n_calls: 39.887809 39.886247 52
cycle:  89 max_shift: 0.003184 LBFGS: function start/end, n_calls: 39.886247 39.884541 52
cycle:  90 max_shift: 0.013627 LBFGS: function start/end, n_calls: 39.884541 39.880743 52
cycle:  91 max_shift: 0.003354 LBFGS: function start/end, n_calls: 39.880743 39.877086 52
cycle:  92 max_shift: 0.002281 LBFGS: function start/end, n_calls: 39.877086 39.876145 53
cycle:  93 max_shift: 0.002082 LBFGS: function start/end, n_calls: 39.876145 39.875184 52
cycle:  94 max_shift: 0.003691 LBFGS: function start/end, n_calls: 39.875184 39.873908 52
cycle:  95 max_shift: 0.002768 LBFGS: function start/end, n_calls: 39.873908 39.872687 52
cycle:  96 max_shift: 0.003851 LBFGS: function start/end, n_calls: 39.872687 39.871402 52
cycle:  97 max_shift: 0.002882 LBFGS: function start/end, n_calls: 39.871402 39.870109 53
cycle:  98 max_shift: 0.008084 LBFGS: function start/end, n_calls: 39.870109 39.867274 52
cycle:  99 max_shift: 0.002849 LBFGS: function start/end, n_calls: 39.867274 39.865690 52
final: bond:  0.000 angle:   0.25 clash:   0.0 rota:  0.00 rama: f:  90.91 o:   0.00 Z:  -5.86 cb:   0.00
See 3_refined.pdb in pdb folder.
Time: 5.0133
