Starting Q|R
version:   v1.0-208-g2886d5-dirty  
Running refinement
   input {
     xray_data {
       file_name = None
       labels = None
       high_resolution = None
       low_resolution = None
       outliers_rejection = True
       french_wilson_scale = True
       french_wilson {
         max_bins = 60
         min_bin_size = 40
       }
       sigma_fobs_rejection_criterion = None
       sigma_iobs_rejection_criterion = None
       ignore_all_zeros = True
       force_anomalous_flag_to_be_equal_to = None
       convert_to_non_anomalous_if_ratio_pairs_lone_less_than_threshold = 0.5
       r_free_flags {
         file_name = None
         label = None
         test_flag_value = None
         ignore_r_free_flags = False
         disable_suitability_test = False
         ignore_pdb_hexdigest = False
         generate = False
         fraction = 0.1
         max_free = 2000
         lattice_symmetry_max_delta = 5
         use_lattice_symmetry = True
         use_dataman_shells = False
         n_shells = 20
       }
     }
     pdb {
       file_name = None
     }
     monomers {
       file_name = None
     }
     maps {
       map_file_name = None
       d_min = None
       map_coefficients_file_name = None
       map_coefficients_label = None
     }
     sequence = None
     scattering_table = wk1995 it1992 *n_gaussian neutron electron
     wavelength = None
     energy = None
     twin_law = Auto
   }
   max_atoms = 15000
   debug = False
   cluster {
     fast_interaction = True
     charge_cutoff = 8.0
     clustering = false
     charge_embedding = False
     two_buffers = False
     maxnum_residues_in_cluster = 15
     select_within_radius = 10
     clustering_method = gnc *bcc
     altloc_method = average *subtract
     g_scan = 10 15 20
     g_mode = None
     save_clusters = True
     bond_with_altloc = True
     re_calculate_rmsd_tolerance = 0.5
   }
   restraints = *cctbx qm
   expansion = False
   quantum {
     engine_name = *mopac ani torchani terachem turbomole pyscf orca gaussian \
                   xtb
     basis = Auto
     charge = None
     method = Auto
     memory = None
     nproc = None
     qm_addon = gcp dftd3 gcp-d3
     qm_addon_method = None
   }
   refine {
     dry_run = False
     sf_algorithm = *direct fft
     refinement_target_name = *ml ls_wunit_k1
     mode = *opt refine gtest
     number_of_macro_cycles = 1
     number_of_weight_search_cycles = 50
     number_of_refine_cycles = 5
     number_of_micro_cycles = 100
     data_weight = None
     choose_best_use_r_work = False
     skip_weight_search = False
     adjust_restraints_weight_scale_value = 2
     max_iterations_weight = 50
     max_iterations_refine = 50
     use_ase_lbfgs = False
     line_search = True
     stpmax = 0.2
     gradient_only = true
     update_all_scales = True
     refine_sites = True
     refine_adp = False
     restraints_weight_scale = 1.0
     shake_sites = False
     use_convergence_test = True
     max_bond_rmsd = 0.03
     max_r_work_r_free_gap = 5.0
     r_tolerance = 0.001
     rmsd_tolerance = 0.01
     opt_log = False
     pre_opt = False
     pre_opt_stpmax = 0.1
     pre_opt_iter = 10
     pre_opt_switch = 2
     pre_opt_gconv = 3000
     minimizer = *lbfgs lbfgsb
   }
   parallel {
     method = *multiprocessing slurm pbs sge lsf threading
     nproc = None
     qsub_command = None
   }
   output_file_name_prefix = None
   output_folder_name = "pdb"
   rst_file = None
   dump_gradients = None

Setting QM defaults
  Setting QM method to PM7


***********************************************************
restart info will be stored in /home/yanting/work/aniserver_1_qr/ani_qr_test/cctbx_lbfgs/qr-ani-test/qr-cctbx/lbfgs/1.2/pdb/6.rst.pickle
***********************************************************

start: bond:  0.010 angle:   1.70 clash:  11.0 rota:  0.00 rama: f:  72.73 o:   9.09 Z:  -3.44 cb:   0.00
cycle:   0 max_shift: 0.216621 LBFGS: function start/end, n_calls: 272.649002 48.614770 52
cycle:   1 max_shift: 0.139477 LBFGS: function start/end, n_calls: 48.614770 44.863070 52
cycle:   2 max_shift: 0.152792 LBFGS: function start/end, n_calls: 44.863070 42.705069 52
cycle:   3 max_shift: 0.043123 LBFGS: function start/end, n_calls: 42.705069 41.916291 53
cycle:   4 max_shift: 0.176931 LBFGS: function start/end, n_calls: 41.916291 41.196136 52
cycle:   5 max_shift: 0.030509 LBFGS: function start/end, n_calls: 41.196136 40.729875 52
cycle:   6 max_shift: 0.100675 LBFGS: function start/end, n_calls: 40.729875 40.505141 52
cycle:   7 max_shift: 0.032039 LBFGS: function start/end, n_calls: 40.505141 40.361749 52
cycle:   8 max_shift: 0.133409 LBFGS: function start/end, n_calls: 40.361749 40.144613 52
cycle:   9 max_shift: 0.014286 LBFGS: function start/end, n_calls: 40.144613 40.058682 52
cycle:  10 max_shift: 0.052973 LBFGS: function start/end, n_calls: 40.058682 40.008102 53
cycle:  11 max_shift: 0.013311 LBFGS: function start/end, n_calls: 40.008102 39.967581 52
cycle:  12 max_shift: 0.058944 LBFGS: function start/end, n_calls: 39.967581 39.922378 52
cycle:  13 max_shift: 0.010376 LBFGS: function start/end, n_calls: 39.922378 39.892437 52
cycle:  14 max_shift: 0.022452 LBFGS: function start/end, n_calls: 39.892437 39.876143 53
cycle:  15 max_shift: 0.007608 LBFGS: function start/end, n_calls: 39.876143 39.859457 52
cycle:  16 max_shift: 0.020114 LBFGS: function start/end, n_calls: 39.859457 39.844672 52
cycle:  17 max_shift: 0.007822 LBFGS: function start/end, n_calls: 39.844672 39.827855 52
cycle:  18 max_shift: 0.031895 LBFGS: function start/end, n_calls: 39.827855 39.805906 52
cycle:  19 max_shift: 0.008497 LBFGS: function start/end, n_calls: 39.805906 39.787505 52
cycle:  20 max_shift: 0.038500 LBFGS: function start/end, n_calls: 39.787505 39.766988 52
cycle:  21 max_shift: 0.006462 LBFGS: function start/end, n_calls: 39.766988 39.747114 52
cycle:  22 max_shift: 0.029693 LBFGS: function start/end, n_calls: 39.747114 39.731739 52
cycle:  23 max_shift: 0.006916 LBFGS: function start/end, n_calls: 39.731739 39.715180 52
cycle:  24 max_shift: 0.136334 LBFGS: function start/end, n_calls: 39.715180 39.649229 52
cycle:  25 max_shift: 0.016128 LBFGS: function start/end, n_calls: 39.649229 39.593586 52
cycle:  26 max_shift: 0.037681 LBFGS: function start/end, n_calls: 39.593586 39.577199 52
cycle:  27 max_shift: 0.009172 LBFGS: function start/end, n_calls: 39.577199 39.559431 53
cycle:  28 max_shift: 0.032617 LBFGS: function start/end, n_calls: 39.559431 39.540570 52
cycle:  29 max_shift: 0.006607 LBFGS: function start/end, n_calls: 39.540570 39.526327 52
cycle:  30 max_shift: 0.010551 LBFGS: function start/end, n_calls: 39.526327 39.518626 52
cycle:  31 max_shift: 0.015083 LBFGS: function start/end, n_calls: 39.518626 39.508839 52
cycle:  32 max_shift: 0.008528 LBFGS: function start/end, n_calls: 39.508839 39.498371 52
cycle:  33 max_shift: 0.009827 LBFGS: function start/end, n_calls: 39.498371 39.489813 52
cycle:  34 max_shift: 0.008002 LBFGS: function start/end, n_calls: 39.489813 39.482548 52
cycle:  35 max_shift: 0.005455 LBFGS: function start/end, n_calls: 39.482548 39.475862 52
cycle:  36 max_shift: 0.040455 LBFGS: function start/end, n_calls: 39.475862 39.453366 52
cycle:  37 max_shift: 0.006384 LBFGS: function start/end, n_calls: 39.453366 39.437920 52
cycle:  38 max_shift: 0.011439 LBFGS: function start/end, n_calls: 39.437920 39.431320 52
cycle:  39 max_shift: 0.004397 LBFGS: function start/end, n_calls: 39.431320 39.424544 52
cycle:  40 max_shift: 0.015150 LBFGS: function start/end, n_calls: 39.424544 39.415199 52
cycle:  41 max_shift: 0.004435 LBFGS: function start/end, n_calls: 39.415199 39.407443 52
cycle:  42 max_shift: 0.007443 LBFGS: function start/end, n_calls: 39.407443 39.401502 52
cycle:  43 max_shift: 0.023849 LBFGS: function start/end, n_calls: 39.401502 39.387567 52
cycle:  44 max_shift: 0.007519 LBFGS: function start/end, n_calls: 39.387567 39.376760 53
cycle:  45 max_shift: 0.034514 LBFGS: function start/end, n_calls: 39.376760 39.361201 52
cycle:  46 max_shift: 0.009588 LBFGS: function start/end, n_calls: 39.361201 39.343717 52
cycle:  47 max_shift: 0.025261 LBFGS: function start/end, n_calls: 39.343717 39.332332 52
cycle:  48 max_shift: 0.005255 LBFGS: function start/end, n_calls: 39.332332 39.320586 52
cycle:  49 max_shift: 0.011128 LBFGS: function start/end, n_calls: 39.320586 39.314459 52
cycle:  50 max_shift: 0.004171 LBFGS: function start/end, n_calls: 39.314459 39.310072 52
cycle:  51 max_shift: 0.009978 LBFGS: function start/end, n_calls: 39.310072 39.305516 52
cycle:  52 max_shift: 0.003784 LBFGS: function start/end, n_calls: 39.305516 39.301087 52
cycle:  53 max_shift: 0.015507 LBFGS: function start/end, n_calls: 39.301087 39.292391 52
cycle:  54 max_shift: 0.003715 LBFGS: function start/end, n_calls: 39.292391 39.286336 52
cycle:  55 max_shift: 0.006910 LBFGS: function start/end, n_calls: 39.286336 39.282950 52
cycle:  56 max_shift: 0.003671 LBFGS: function start/end, n_calls: 39.282950 39.279369 52
cycle:  57 max_shift: 0.010028 LBFGS: function start/end, n_calls: 39.279369 39.274729 52
cycle:  58 max_shift: 0.004265 LBFGS: function start/end, n_calls: 39.274729 39.269895 52
cycle:  59 max_shift: 0.039387 LBFGS: function start/end, n_calls: 39.269895 39.252113 52
cycle:  60 max_shift: 0.004619 LBFGS: function start/end, n_calls: 39.252113 39.234885 52
cycle:  61 max_shift: 0.064949 LBFGS: function start/end, n_calls: 39.234885 39.204423 52
cycle:  62 max_shift: 0.005802 LBFGS: function start/end, n_calls: 39.204423 39.186341 52
cycle:  63 max_shift: 0.004572 LBFGS: function start/end, n_calls: 39.186341 39.184100 52
cycle:  64 max_shift: 0.003197 LBFGS: function start/end, n_calls: 39.184100 39.182197 52
cycle:  65 max_shift: 0.002737 LBFGS: function start/end, n_calls: 39.182197 39.180912 52
cycle:  66 max_shift: 0.003120 LBFGS: function start/end, n_calls: 39.180912 39.179526 52
cycle:  67 max_shift: 0.002644 LBFGS: function start/end, n_calls: 39.179526 39.178220 53
cycle:  68 max_shift: 0.006786 LBFGS: function start/end, n_calls: 39.178220 39.175186 52
cycle:  69 max_shift: 0.002926 LBFGS: function start/end, n_calls: 39.175186 39.173055 52
cycle:  70 max_shift: 0.005092 LBFGS: function start/end, n_calls: 39.173055 39.171273 52
cycle:  71 max_shift: 0.002233 LBFGS: function start/end, n_calls: 39.171273 39.169367 52
cycle:  72 max_shift: 0.005433 LBFGS: function start/end, n_calls: 39.169367 39.167480 52
cycle:  73 max_shift: 0.002243 LBFGS: function start/end, n_calls: 39.167480 39.165358 52
cycle:  74 max_shift: 0.011951 LBFGS: function start/end, n_calls: 39.165358 39.161367 52
cycle:  75 max_shift: 0.002673 LBFGS: function start/end, n_calls: 39.161367 39.157269 52
cycle:  76 max_shift: 0.015251 LBFGS: function start/end, n_calls: 39.157269 39.151418 52
cycle:  77 max_shift: 0.002415 LBFGS: function start/end, n_calls: 39.151418 39.147416 52
cycle:  78 max_shift: 0.006209 LBFGS: function start/end, n_calls: 39.147416 39.145440 52
cycle:  79 max_shift: 0.003351 LBFGS: function start/end, n_calls: 39.145440 39.142987 52
cycle:  80 max_shift: 0.012560 LBFGS: function start/end, n_calls: 39.142987 39.138920 52
cycle:  81 max_shift: 0.003400 LBFGS: function start/end, n_calls: 39.138920 39.135145 52
cycle:  82 max_shift: 0.006782 LBFGS: function start/end, n_calls: 39.135145 39.133295 52
cycle:  83 max_shift: 0.002926 LBFGS: function start/end, n_calls: 39.133295 39.131198 53
cycle:  84 max_shift: 0.008073 LBFGS: function start/end, n_calls: 39.131198 39.128846 52
cycle:  85 max_shift: 0.002106 LBFGS: function start/end, n_calls: 39.128846 39.126657 52
cycle:  86 max_shift: 0.003890 LBFGS: function start/end, n_calls: 39.126657 39.125617 53
cycle:  87 max_shift: 0.002403 LBFGS: function start/end, n_calls: 39.125617 39.124387 52
cycle:  88 max_shift: 0.026416 LBFGS: function start/end, n_calls: 39.124387 39.117949 52
cycle:  89 max_shift: 0.003154 LBFGS: function start/end, n_calls: 39.117949 39.111155 52
cycle:  90 max_shift: 0.006943 LBFGS: function start/end, n_calls: 39.111155 39.109573 52
cycle:  91 max_shift: 0.001566 LBFGS: function start/end, n_calls: 39.109573 39.107643 52
cycle:  92 max_shift: 0.004116 LBFGS: function start/end, n_calls: 39.107643 39.106606 52
cycle:  93 max_shift: 0.001442 LBFGS: function start/end, n_calls: 39.106606 39.105444 52
cycle:  94 max_shift: 0.002109 LBFGS: function start/end, n_calls: 39.105444 39.104630 52
cycle:  95 max_shift: 0.001229 LBFGS: function start/end, n_calls: 39.104630 39.104058 53
cycle:  96 max_shift: 0.000965 LBFGS: function start/end, n_calls: 39.104058 39.103694 53
cycle:  97 max_shift: 0.002725 LBFGS: function start/end, n_calls: 39.103694 39.103077 52
cycle:  98 max_shift: 0.001669 LBFGS: function start/end, n_calls: 39.103077 39.102233 52
cycle:  99 max_shift: 0.001269 LBFGS: function start/end, n_calls: 39.102233 39.101739 52
final: bond:  0.000 angle:   0.25 clash:   0.0 rota:  0.00 rama: f:  90.91 o:   0.00 Z:  -5.25 cb:   0.00
See 6_refined.pdb in pdb folder.
Time: 5.0192
