Starting Q|R
version:   v1.0-208-g2886d5-dirty  
Running refinement
   input {
     xray_data {
       file_name = None
       labels = None
       high_resolution = None
       low_resolution = None
       outliers_rejection = True
       french_wilson_scale = True
       french_wilson {
         max_bins = 60
         min_bin_size = 40
       }
       sigma_fobs_rejection_criterion = None
       sigma_iobs_rejection_criterion = None
       ignore_all_zeros = True
       force_anomalous_flag_to_be_equal_to = None
       convert_to_non_anomalous_if_ratio_pairs_lone_less_than_threshold = 0.5
       r_free_flags {
         file_name = None
         label = None
         test_flag_value = None
         ignore_r_free_flags = False
         disable_suitability_test = False
         ignore_pdb_hexdigest = False
         generate = False
         fraction = 0.1
         max_free = 2000
         lattice_symmetry_max_delta = 5
         use_lattice_symmetry = True
         use_dataman_shells = False
         n_shells = 20
       }
     }
     pdb {
       file_name = None
     }
     monomers {
       file_name = None
     }
     maps {
       map_file_name = None
       d_min = None
       map_coefficients_file_name = None
       map_coefficients_label = None
     }
     sequence = None
     scattering_table = wk1995 it1992 *n_gaussian neutron electron
     wavelength = None
     energy = None
     twin_law = Auto
   }
   max_atoms = 15000
   debug = False
   cluster {
     fast_interaction = True
     charge_cutoff = 8.0
     clustering = false
     charge_embedding = False
     two_buffers = False
     maxnum_residues_in_cluster = 15
     select_within_radius = 10
     clustering_method = gnc *bcc
     altloc_method = average *subtract
     g_scan = 10 15 20
     g_mode = None
     save_clusters = True
     bond_with_altloc = True
     re_calculate_rmsd_tolerance = 0.5
   }
   restraints = *cctbx qm
   expansion = False
   quantum {
     engine_name = *mopac ani torchani terachem turbomole pyscf orca gaussian \
                   xtb
     basis = Auto
     charge = None
     method = Auto
     memory = None
     nproc = None
     qm_addon = gcp dftd3 gcp-d3
     qm_addon_method = None
   }
   refine {
     dry_run = False
     sf_algorithm = *direct fft
     refinement_target_name = *ml ls_wunit_k1
     mode = *opt refine gtest
     number_of_macro_cycles = 1
     number_of_weight_search_cycles = 50
     number_of_refine_cycles = 5
     number_of_micro_cycles = 100
     data_weight = None
     choose_best_use_r_work = False
     skip_weight_search = False
     adjust_restraints_weight_scale_value = 2
     max_iterations_weight = 50
     max_iterations_refine = 50
     use_ase_lbfgs = False
     line_search = True
     stpmax = 0.2
     gradient_only = true
     update_all_scales = True
     refine_sites = True
     refine_adp = False
     restraints_weight_scale = 1.0
     shake_sites = False
     use_convergence_test = True
     max_bond_rmsd = 0.03
     max_r_work_r_free_gap = 5.0
     r_tolerance = 0.001
     rmsd_tolerance = 0.01
     opt_log = False
     pre_opt = False
     pre_opt_stpmax = 0.1
     pre_opt_iter = 10
     pre_opt_switch = 2
     pre_opt_gconv = 3000
     minimizer = *lbfgs lbfgsb
   }
   parallel {
     method = *multiprocessing slurm pbs sge lsf threading
     nproc = None
     qsub_command = None
   }
   output_file_name_prefix = None
   output_folder_name = "pdb"
   rst_file = None
   dump_gradients = None

Setting QM defaults
  Setting QM method to PM7


***********************************************************
restart info will be stored in /home/yanting/work/aniserver_1_qr/ani_qr_test/cctbx_lbfgs/qr-ani-test/qr-cctbx/lbfgs/1.2/pdb/7.rst.pickle
***********************************************************

start: bond:  0.016 angle:   1.33 clash:   0.0 rota:  0.00 rama: f:  81.82 o:   0.00 Z:  -3.94 cb:   0.00
cycle:   0 max_shift: 0.160162 LBFGS: function start/end, n_calls: 257.686983 49.566225 52
cycle:   1 max_shift: 0.167246 LBFGS: function start/end, n_calls: 49.566225 45.367839 52
cycle:   2 max_shift: 0.085878 LBFGS: function start/end, n_calls: 45.367839 44.002335 52
cycle:   3 max_shift: 0.035098 LBFGS: function start/end, n_calls: 44.002335 43.438725 52
cycle:   4 max_shift: 0.160414 LBFGS: function start/end, n_calls: 43.438725 42.613686 52
cycle:   5 max_shift: 0.034732 LBFGS: function start/end, n_calls: 42.613686 41.998486 52
cycle:   6 max_shift: 0.081789 LBFGS: function start/end, n_calls: 41.998486 41.659300 52
cycle:   7 max_shift: 0.025787 LBFGS: function start/end, n_calls: 41.659300 41.479892 53
cycle:   8 max_shift: 0.024495 LBFGS: function start/end, n_calls: 41.479892 41.365839 52
cycle:   9 max_shift: 0.025153 LBFGS: function start/end, n_calls: 41.365839 41.261257 52
cycle:  10 max_shift: 0.020858 LBFGS: function start/end, n_calls: 41.261257 41.186520 52
cycle:  11 max_shift: 0.056104 LBFGS: function start/end, n_calls: 41.186520 41.063779 52
cycle:  12 max_shift: 0.013452 LBFGS: function start/end, n_calls: 41.063779 40.996100 52
cycle:  13 max_shift: 0.032770 LBFGS: function start/end, n_calls: 40.996100 40.938738 52
cycle:  14 max_shift: 0.014899 LBFGS: function start/end, n_calls: 40.938738 40.903618 52
cycle:  15 max_shift: 0.024747 LBFGS: function start/end, n_calls: 40.903618 40.865050 52
cycle:  16 max_shift: 0.021037 LBFGS: function start/end, n_calls: 40.865050 40.827425 52
cycle:  17 max_shift: 0.014037 LBFGS: function start/end, n_calls: 40.827425 40.797922 52
cycle:  18 max_shift: 0.028871 LBFGS: function start/end, n_calls: 40.797922 40.762015 52
cycle:  19 max_shift: 0.010178 LBFGS: function start/end, n_calls: 40.762015 40.738089 52
cycle:  20 max_shift: 0.097090 LBFGS: function start/end, n_calls: 40.738089 40.654291 52
cycle:  21 max_shift: 0.011918 LBFGS: function start/end, n_calls: 40.654291 40.564866 52
cycle:  22 max_shift: 0.060178 LBFGS: function start/end, n_calls: 40.564866 40.513973 52
cycle:  23 max_shift: 0.011441 LBFGS: function start/end, n_calls: 40.513973 40.464057 52
cycle:  24 max_shift: 0.140201 LBFGS: function start/end, n_calls: 40.464057 40.350412 52
cycle:  25 max_shift: 0.017023 LBFGS: function start/end, n_calls: 40.350412 40.244749 54
cycle:  26 max_shift: 0.026941 LBFGS: function start/end, n_calls: 40.244749 40.220084 52
cycle:  27 max_shift: 0.012319 LBFGS: function start/end, n_calls: 40.220084 40.199038 52
cycle:  28 max_shift: 0.023790 LBFGS: function start/end, n_calls: 40.199038 40.178404 52
cycle:  29 max_shift: 0.009667 LBFGS: function start/end, n_calls: 40.178404 40.159751 53
cycle:  30 max_shift: 0.030571 LBFGS: function start/end, n_calls: 40.159751 40.133603 52
cycle:  31 max_shift: 0.010505 LBFGS: function start/end, n_calls: 40.133603 40.109105 52
cycle:  32 max_shift: 0.024585 LBFGS: function start/end, n_calls: 40.109105 40.087968 52
cycle:  33 max_shift: 0.008876 LBFGS: function start/end, n_calls: 40.087968 40.068960 52
cycle:  34 max_shift: 0.022223 LBFGS: function start/end, n_calls: 40.068960 40.046959 52
cycle:  35 max_shift: 0.022612 LBFGS: function start/end, n_calls: 40.046959 40.022885 52
cycle:  36 max_shift: 0.009457 LBFGS: function start/end, n_calls: 40.022885 40.003879 52
cycle:  37 max_shift: 0.009848 LBFGS: function start/end, n_calls: 40.003879 39.993751 52
cycle:  38 max_shift: 0.009659 LBFGS: function start/end, n_calls: 39.993751 39.982504 52
cycle:  39 max_shift: 0.010864 LBFGS: function start/end, n_calls: 39.982504 39.971821 52
cycle:  40 max_shift: 0.007760 LBFGS: function start/end, n_calls: 39.971821 39.960783 52
cycle:  41 max_shift: 0.026671 LBFGS: function start/end, n_calls: 39.960783 39.942640 52
cycle:  42 max_shift: 0.008419 LBFGS: function start/end, n_calls: 39.942640 39.922696 52
cycle:  43 max_shift: 0.022531 LBFGS: function start/end, n_calls: 39.922696 39.905696 52
cycle:  44 max_shift: 0.006557 LBFGS: function start/end, n_calls: 39.905696 39.893479 52
cycle:  45 max_shift: 0.011660 LBFGS: function start/end, n_calls: 39.893479 39.885364 52
cycle:  46 max_shift: 0.005749 LBFGS: function start/end, n_calls: 39.885364 39.876800 52
cycle:  47 max_shift: 0.016233 LBFGS: function start/end, n_calls: 39.876800 39.867230 53
cycle:  48 max_shift: 0.006543 LBFGS: function start/end, n_calls: 39.867230 39.856133 52
cycle:  49 max_shift: 0.029172 LBFGS: function start/end, n_calls: 39.856133 39.840494 52
cycle:  50 max_shift: 0.007644 LBFGS: function start/end, n_calls: 39.840494 39.825665 52
cycle:  51 max_shift: 0.034605 LBFGS: function start/end, n_calls: 39.825665 39.808185 52
cycle:  52 max_shift: 0.006249 LBFGS: function start/end, n_calls: 39.808185 39.793984 52
cycle:  53 max_shift: 0.014607 LBFGS: function start/end, n_calls: 39.793984 39.786408 52
cycle:  54 max_shift: 0.004731 LBFGS: function start/end, n_calls: 39.786408 39.779834 52
cycle:  55 max_shift: 0.009411 LBFGS: function start/end, n_calls: 39.779834 39.774936 52
cycle:  56 max_shift: 0.004313 LBFGS: function start/end, n_calls: 39.774936 39.770246 52
cycle:  57 max_shift: 0.009407 LBFGS: function start/end, n_calls: 39.770246 39.765670 52
cycle:  58 max_shift: 0.003592 LBFGS: function start/end, n_calls: 39.765670 39.760667 52
cycle:  59 max_shift: 0.014837 LBFGS: function start/end, n_calls: 39.760667 39.754622 52
cycle:  60 max_shift: 0.005616 LBFGS: function start/end, n_calls: 39.754622 39.748635 52
cycle:  61 max_shift: 0.108488 LBFGS: function start/end, n_calls: 39.748635 39.708521 52
cycle:  62 max_shift: 0.007371 LBFGS: function start/end, n_calls: 39.708521 39.687610 52
cycle:  63 max_shift: 0.011866 LBFGS: function start/end, n_calls: 39.687610 39.684689 52
cycle:  64 max_shift: 0.002764 LBFGS: function start/end, n_calls: 39.684689 39.681693 52
cycle:  65 max_shift: 0.006080 LBFGS: function start/end, n_calls: 39.681693 39.679974 52
cycle:  66 max_shift: 0.003767 LBFGS: function start/end, n_calls: 39.679974 39.678268 52
cycle:  67 max_shift: 0.002593 LBFGS: function start/end, n_calls: 39.678268 39.677214 52
cycle:  68 max_shift: 0.002797 LBFGS: function start/end, n_calls: 39.677214 39.676167 52
cycle:  69 max_shift: 0.002598 LBFGS: function start/end, n_calls: 39.676167 39.675149 52
cycle:  70 max_shift: 0.002796 LBFGS: function start/end, n_calls: 39.675149 39.674181 52
cycle:  71 max_shift: 0.002154 LBFGS: function start/end, n_calls: 39.674181 39.673218 52
cycle:  72 max_shift: 0.003850 LBFGS: function start/end, n_calls: 39.673218 39.671971 52
cycle:  73 max_shift: 0.002006 LBFGS: function start/end, n_calls: 39.671971 39.670911 52
cycle:  74 max_shift: 0.006133 LBFGS: function start/end, n_calls: 39.670911 39.669434 52
cycle:  75 max_shift: 0.002687 LBFGS: function start/end, n_calls: 39.669434 39.667772 52
cycle:  76 max_shift: 0.008321 LBFGS: function start/end, n_calls: 39.667772 39.665961 52
cycle:  77 max_shift: 0.002709 LBFGS: function start/end, n_calls: 39.665961 39.663959 52
cycle:  78 max_shift: 0.011540 LBFGS: function start/end, n_calls: 39.663959 39.661617 52
cycle:  79 max_shift: 0.003166 LBFGS: function start/end, n_calls: 39.661617 39.659153 52
cycle:  80 max_shift: 0.009423 LBFGS: function start/end, n_calls: 39.659153 39.657231 52
cycle:  81 max_shift: 0.002493 LBFGS: function start/end, n_calls: 39.657231 39.655313 52
cycle:  82 max_shift: 0.007629 LBFGS: function start/end, n_calls: 39.655313 39.653802 52
cycle:  83 max_shift: 0.002768 LBFGS: function start/end, n_calls: 39.653802 39.652291 53
cycle:  84 max_shift: 0.006026 LBFGS: function start/end, n_calls: 39.652291 39.650970 52
cycle:  85 max_shift: 0.001669 LBFGS: function start/end, n_calls: 39.650970 39.649724 52
cycle:  86 max_shift: 0.004591 LBFGS: function start/end, n_calls: 39.649724 39.648750 52
cycle:  87 max_shift: 0.001792 LBFGS: function start/end, n_calls: 39.648750 39.647727 52
cycle:  88 max_shift: 0.004041 LBFGS: function start/end, n_calls: 39.647727 39.646932 53
cycle:  89 max_shift: 0.001955 LBFGS: function start/end, n_calls: 39.646932 39.645994 52
cycle:  90 max_shift: 0.003170 LBFGS: function start/end, n_calls: 39.645994 39.645322 52
cycle:  91 max_shift: 0.001614 LBFGS: function start/end, n_calls: 39.645322 39.644447 52
cycle:  92 max_shift: 0.020575 LBFGS: function start/end, n_calls: 39.644447 39.640349 52
cycle:  93 max_shift: 0.003089 LBFGS: function start/end, n_calls: 39.640349 39.637022 52
cycle:  94 max_shift: 0.008730 LBFGS: function start/end, n_calls: 39.637022 39.635432 52
cycle:  95 max_shift: 0.002559 LBFGS: function start/end, n_calls: 39.635432 39.633633 52
cycle:  96 max_shift: 0.007009 LBFGS: function start/end, n_calls: 39.633633 39.632191 52
cycle:  97 max_shift: 0.001320 LBFGS: function start/end, n_calls: 39.632191 39.631061 52
cycle:  98 max_shift: 0.003311 LBFGS: function start/end, n_calls: 39.631061 39.630442 52
cycle:  99 max_shift: 0.001524 LBFGS: function start/end, n_calls: 39.630442 39.629695 52
final: bond:  0.000 angle:   0.25 clash:   0.0 rota:  0.00 rama: f:  90.91 o:   9.09 Z:  -3.76 cb:   0.00
See 7_refined.pdb in pdb folder.
Time: 4.8403
